{"meta": {"format": 2, "version": "7.4.4", "timestamp": "2024-05-03T12:18:04.420526", "branch_coverage": false, "show_contexts": false}, "files": {"client/python/test/conftest.py": {"executed_lines": [1, 2, 3, 5, 6, 7, 10, 11, 16, 17, 44, 45, 76, 77, 87, 88, 120, 121, 131, 132, 141, 142, 165, 166, 191, 192, 216, 217, 241, 242, 267, 268, 278, 279, 297, 298, 319, 320, 359, 360, 384, 385, 389, 390, 410, 411, 419, 420, 434, 435, 451, 452], "summary": {"covered_lines": 52, "num_statements": 284, "percent_covered": 18.309859154929576, "percent_covered_display": "18", "missing_lines": 232, "excluded_lines": 0}, "missing_lines": [18, 19, 20, 21, 22, 23, 24, 25, 26, 27, 28, 30, 41, 46, 47, 48, 49, 50, 51, 52, 53, 54, 55, 56, 58, 73, 78, 79, 84, 89, 90, 91, 92, 93, 95, 97, 103, 110, 117, 122, 123, 124, 125, 126, 128, 133, 134, 135, 136, 138, 143, 144, 145, 146, 147, 149, 150, 151, 152, 154, 155, 157, 158, 159, 160, 162, 167, 168, 169, 171, 172, 173, 175, 176, 177, 178, 179, 180, 181, 182, 183, 184, 185, 186, 188, 193, 194, 195, 196, 198, 199, 201, 202, 203, 204, 205, 206, 207, 208, 210, 211, 213, 218, 219, 220, 221, 223, 224, 226, 227, 228, 229, 230, 231, 232, 233, 235, 236, 238, 243, 244, 245, 246, 247, 248, 250, 251, 253, 254, 255, 256, 257, 258, 259, 260, 262, 263, 264, 269, 275, 280, 281, 282, 283, 284, 286, 287, 288, 289, 290, 292, 293, 294, 299, 300, 301, 302, 303, 304, 305, 307, 308, 310, 313, 316, 321, 322, 323, 324, 325, 326, 327, 328, 329, 330, 331, 332, 334, 335, 336, 338, 344, 350, 356, 361, 362, 364, 365, 366, 367, 369, 370, 371, 372, 373, 374, 375, 377, 386, 391, 392, 394, 395, 396, 398, 399, 400, 405, 407, 415, 416, 421, 422, 423, 424, 425, 427, 436, 438, 439, 441, 442, 443, 444, 445, 446, 448, 453, 454, 455, 457, 461], "excluded_lines": []}, "client/python/test/test_client.py": {"executed_lines": [1, 2, 3, 4, 5, 6, 7, 8, 9, 10, 11, 13, 14, 15, 16, 17, 18, 19, 20, 21, 23, 24, 25, 26, 34, 37, 38, 55, 56, 57, 76, 85, 86, 87, 91, 103, 104, 121, 122, 127, 128, 136, 137, 147, 148, 158, 159, 180, 199, 216, 217, 231, 232, 242, 248, 249, 255, 256, 262, 268, 274, 306, 326, 338, 375, 393, 394, 411, 412, 464, 465, 503, 504, 519, 526, 533, 564, 565, 570, 575, 588, 594, 608, 622, 632, 633, 643, 651, 659, 660, 661, 743, 744, 824, 825, 826, 827, 832, 833, 961, 968, 969, 1003, 1058, 1064, 1069, 1074, 1105, 1137, 1199, 1200, 1201, 1237, 1238, 1246, 1247, 1259, 1262, 1263, 1264, 1265, 1266, 1282, 1283, 1284, 1285, 1286, 1295, 1296, 1297, 1298, 1302, 1303, 1317, 1318, 1319, 1320, 1321, 1322], "summary": {"covered_lines": 139, "num_statements": 594, "percent_covered": 23.4006734006734, "percent_covered_display": "23", "missing_lines": 455, "excluded_lines": 0}, "missing_lines": [44, 45, 46, 52, 58, 59, 60, 65, 69, 74, 77, 79, 80, 81, 82, 88, 89, 92, 93, 94, 98, 105, 106, 109, 110, 114, 115, 119, 123, 124, 125, 129, 130, 131, 132, 133, 134, 138, 139, 140, 141, 144, 145, 149, 150, 151, 152, 155, 156, 160, 161, 162, 170, 171, 172, 175, 181, 182, 183, 184, 185, 186, 187, 188, 189, 190, 191, 192, 193, 194, 195, 196, 197, 200, 201, 202, 203, 204, 205, 207, 209, 212, 218, 219, 221, 222, 224, 226, 227, 228, 229, 233, 234, 235, 237, 240, 243, 244, 245, 246, 250, 251, 252, 253, 257, 258, 259, 260, 263, 264, 265, 266, 269, 270, 271, 272, 275, 276, 284, 285, 290, 291, 292, 300, 301, 307, 308, 309, 310, 311, 312, 313, 314, 315, 318, 319, 320, 323, 324, 327, 328, 329, 330, 331, 332, 333, 334, 335, 336, 339, 340, 341, 342, 343, 344, 345, 346, 347, 351, 352, 354, 355, 356, 357, 358, 359, 360, 361, 362, 364, 365, 369, 372, 373, 376, 377, 378, 379, 381, 382, 383, 385, 386, 387, 388, 390, 391, 395, 396, 400, 402, 408, 409, 413, 417, 420, 423, 424, 426, 429, 430, 431, 432, 434, 437, 438, 440, 441, 442, 444, 448, 449, 450, 451, 452, 458, 459, 460, 461, 462, 466, 471, 474, 475, 477, 478, 479, 480, 482, 483, 485, 486, 488, 489, 490, 491, 492, 498, 499, 500, 501, 505, 510, 513, 514, 516, 517, 520, 521, 522, 523, 524, 527, 528, 529, 530, 531, 534, 535, 537, 543, 544, 545, 550, 555, 556, 557, 558, 559, 560, 562, 566, 567, 568, 571, 572, 573, 578, 579, 580, 584, 585, 586, 591, 592, 595, 598, 599, 600, 601, 602, 603, 604, 605, 606, 609, 614, 615, 617, 618, 619, 620, 623, 624, 625, 626, 627, 628, 629, 634, 635, 638, 640, 641, 644, 645, 646, 648, 649, 652, 653, 656, 662, 664, 721, 722, 723, 725, 726, 727, 728, 729, 731, 733, 734, 736, 737, 738, 739, 741, 747, 749, 770, 791, 792, 794, 795, 796, 799, 801, 802, 803, 804, 805, 806, 808, 810, 811, 812, 814, 815, 816, 817, 818, 819, 821, 828, 829, 830, 834, 835, 962, 963, 964, 965, 966, 970, 973, 974, 975, 976, 1004, 1005, 1006, 1007, 1056, 1059, 1060, 1061, 1062, 1065, 1066, 1067, 1070, 1071, 1072, 1075, 1076, 1077, 1078, 1080, 1081, 1085, 1086, 1088, 1092, 1094, 1098, 1100, 1106, 1107, 1108, 1140, 1141, 1142, 1202, 1205, 1206, 1215, 1216, 1217, 1218, 1219, 1223, 1224, 1225, 1226, 1228, 1230, 1239, 1242, 1243, 1244, 1250, 1253, 1254, 1255, 1256, 1267, 1272, 1273, 1274, 1279, 1280, 1289, 1293, 1306, 1313, 1314, 1315, 1323, 1324, 1325, 1331, 1337], "excluded_lines": []}, "client/python/test/test_documentation.py": {"executed_lines": [1, 4, 5], "summary": {"covered_lines": 3, "num_statements": 5, "percent_covered": 60.0, "percent_covered_display": "60", "missing_lines": 2, "excluded_lines": 0}, "missing_lines": [6, 7], "excluded_lines": []}, "client/python/test/test_utils.py": {"executed_lines": [1, 2, 3, 4, 5, 6, 7, 9, 10, 11, 13, 15, 16, 20, 23, 26, 33, 40, 41, 48, 56, 69, 74, 88, 92, 93, 97, 98, 114, 115, 125, 126, 130, 134, 139, 140, 172, 173, 176, 179, 185, 196, 200, 206, 213, 230, 237, 244], "summary": {"covered_lines": 48, "num_statements": 138, "percent_covered": 34.78260869565217, "percent_covered_display": "35", "missing_lines": 90, "excluded_lines": 0}, "missing_lines": [27, 30, 34, 37, 42, 45, 49, 50, 51, 52, 53, 57, 58, 60, 61, 65, 66, 70, 71, 89, 94, 99, 100, 106, 107, 108, 109, 110, 111, 116, 117, 118, 119, 120, 121, 122, 127, 135, 136, 141, 142, 143, 144, 145, 146, 147, 148, 149, 150, 151, 152, 153, 154, 155, 156, 157, 158, 159, 160, 161, 162, 163, 164, 165, 166, 168, 169, 174, 177, 180, 183, 186, 194, 197, 198, 201, 204, 207, 211, 214, 228, 231, 232, 235, 238, 239, 242, 245, 246, 249], "excluded_lines": []}, "demo/__init__.py": {"executed_lines": [], "summary": {"covered_lines": 0, "num_statements": 0, "percent_covered": 100.0, "percent_covered_display": "100", "missing_lines": 0, "excluded_lines": 0}, "missing_lines": [], "excluded_lines": []}, "demo/clear_components/__init__.py": {"executed_lines": [], "summary": {"covered_lines": 0, "num_statements": 0, "percent_covered": 100.0, "percent_covered_display": "100", "missing_lines": 0, "excluded_lines": 0}, "missing_lines": [], "excluded_lines": []}, "demo/clear_components/run.py": {"executed_lines": [], "summary": {"covered_lines": 0, "num_statements": 54, "percent_covered": 0.0, "percent_covered_display": "0", "missing_lines": 54, "excluded_lines": 0}, "missing_lines": [1, 2, 3, 4, 5, 6, 8, 9, 13, 14, 15, 16, 17, 18, 19, 20, 21, 22, 23, 24, 27, 32, 33, 34, 52, 71, 74, 75, 78, 82, 147, 148, 149, 150, 151, 152, 153, 155, 156, 159, 160, 161, 162, 163, 164, 165, 166, 167, 168, 173, 178, 179, 182, 183], "excluded_lines": []}, "demo/kitchen_sink_random/__init__.py": {"executed_lines": [], "summary": {"covered_lines": 0, "num_statements": 0, "percent_covered": 100.0, "percent_covered_display": "100", "missing_lines": 0, "excluded_lines": 0}, "missing_lines": [], "excluded_lines": []}, "demo/kitchen_sink_random/constants.py": {"executed_lines": [], "summary": {"covered_lines": 0, "num_statements": 25, "percent_covered": 0.0, "percent_covered_display": "0", "missing_lines": 25, "excluded_lines": 0}, "missing_lines": [1, 2, 3, 4, 7, 8, 9, 10, 11, 12, 13, 14, 15, 16, 17, 18, 21, 22, 23, 24, 42, 61, 64, 65, 68], "excluded_lines": []}, "demo/kitchen_sink_random/run.py": {"executed_lines": [], "summary": {"covered_lines": 0, "num_statements": 10, "percent_covered": 0.0, "percent_covered_display": "0", "missing_lines": 10, "excluded_lines": 0}, "missing_lines": [1, 2, 3, 4, 5, 6, 8, 19, 97, 98], "excluded_lines": []}, "demo/random_demos.py": {"executed_lines": [], "summary": {"covered_lines": 0, "num_statements": 20, "percent_covered": 0.0, "percent_covered_display": "0", "missing_lines": 20, "excluded_lines": 0}, "missing_lines": [10, 12, 13, 14, 15, 17, 19, 20, 21, 24, 27, 28, 29, 31, 32, 34, 35, 36, 37, 39], "excluded_lines": []}, "gradio/__init__.py": {"executed_lines": [1, 3, 4, 5, 6, 7, 8, 9, 10, 60, 61, 62, 63, 64, 65, 66, 72, 80, 81, 82, 83, 84, 85, 98, 99, 100, 102, 103, 104, 106], "summary": {"covered_lines": 30, "num_statements": 30, "percent_covered": 100.0, "percent_covered_display": "100", "missing_lines": 0, "excluded_lines": 0}, "missing_lines": [], "excluded_lines": []}, "gradio/_simple_templates/__init__.py": {"executed_lines": [1, 2, 3, 5], "summary": {"covered_lines": 4, "num_statements": 4, "percent_covered": 100.0, "percent_covered_display": "100", "missing_lines": 0, "excluded_lines": 0}, "missing_lines": [], "excluded_lines": []}, "gradio/_simple_templates/simpledropdown.py": {"executed_lines": [1, 3, 4, 6, 7, 10, 11, 15, 17, 70, 76, 79, 82, 91, 97, 109], "summary": {"covered_lines": 15, "num_statements": 28, "percent_covered": 53.57142857142857, "percent_covered_display": "54", "missing_lines": 13, "excluded_lines": 0}, "missing_lines": [50, 55, 71, 77, 80, 89, 92, 93, 104, 105, 106, 107, 110], "excluded_lines": []}, "gradio/_simple_templates/simpleimage.py": {"executed_lines": [1, 3, 5, 6, 8, 9, 11, 12, 13, 16, 17, 18, 22, 28, 30, 79, 90, 101, 106], "summary": {"covered_lines": 17, "num_statements": 27, "percent_covered": 62.96296296296296, "percent_covered_display": "63", "missing_lines": 10, "excluded_lines": 0}, "missing_lines": [63, 64, 86, 87, 88, 97, 98, 99, 102, 107], "excluded_lines": []}, "gradio/_simple_templates/simpletextbox.py": {"executed_lines": [1, 3, 5, 6, 9, 10, 14, 20, 69, 78, 87, 90, 93], "summary": {"covered_lines": 12, "num_statements": 20, "percent_covered": 60.0, "percent_covered_display": "60", "missing_lines": 8, "excluded_lines": 0}, "missing_lines": [53, 54, 55, 76, 85, 88, 91, 94], "excluded_lines": []}, "gradio/analytics.py": {"executed_lines": [1, 3, 5, 6, 7, 8, 9, 10, 11, 13, 14, 15, 17, 18, 19, 20, 23, 24, 25, 27, 33, 34, 37, 44, 51, 69, 82, 101, 119, 142, 166, 181, 265, 298, 313], "summary": {"covered_lines": 34, "num_statements": 126, "percent_covered": 26.984126984126984, "percent_covered_display": "27", "missing_lines": 92, "excluded_lines": 0}, "missing_lines": [28, 41, 48, 52, 53, 60, 70, 71, 72, 78, 79, 83, 87, 88, 92, 93, 97, 98, 102, 103, 104, 105, 106, 110, 111, 112, 113, 114, 115, 116, 126, 127, 129, 130, 131, 134, 135, 136, 138, 139, 144, 145, 147, 148, 149, 156, 157, 158, 159, 160, 162, 163, 167, 168, 170, 175, 182, 183, 185, 199, 200, 201, 202, 208, 211, 214, 218, 223, 224, 225, 227, 229, 249, 250, 251, 252, 254, 256, 262, 277, 289, 290, 292, 299, 300, 302, 307, 319, 320, 322, 323, 328], "excluded_lines": []}, "gradio/blocks.py": {"executed_lines": [1, 3, 4, 5, 6, 7, 8, 9, 10, 11, 12, 13, 14, 15, 16, 17, 18, 19, 20, 22, 23, 24, 25, 26, 27, 29, 41, 42, 43, 44, 49, 54, 55, 56, 57, 58, 65, 75, 76, 77, 78, 81, 86, 98, 99, 131, 132, 135, 136, 139, 140, 149, 150, 155, 172, 190, 202, 215, 218, 235, 236, 250, 290, 330, 361, 362, 385, 386, 388, 389, 392, 393, 399, 400, 403, 406, 411, 415, 438, 445, 452, 453, 516, 523, 532, 535, 563, 588, 615, 616, 622, 658, 665, 666, 667, 701, 830, 831, 834, 835, 838, 839, 842, 843, 846, 852, 853, 863, 864, 1021, 1024, 1041, 1042, 1049, 1086, 1264, 1314, 1330, 1380, 1465, 1491, 1508, 1544, 1583, 1618, 1695, 1732, 1766, 1888, 1895, 1898, 1937, 1945, 1963, 1970, 1971, 2019, 2033, 2450, 2506, 2535, 2549, 2575, 2583, 2586], "summary": {"covered_lines": 144, "num_statements": 1213, "percent_covered": 11.87139323990107, "percent_covered_display": "12", "missing_lines": 1069, "excluded_lines": 0}, "missing_lines": [82, 84, 108, 109, 110, 111, 112, 115, 116, 117, 118, 119, 120, 121, 122, 123, 126, 128, 129, 133, 137, 147, 153, 159, 160, 163, 164, 165, 166, 167, 168, 169, 170, 177, 178, 179, 180, 181, 182, 183, 184, 185, 186, 187, 188, 196, 209, 216, 219, 220, 221, 222, 223, 224, 225, 226, 227, 228, 229, 230, 231, 232, 233, 242, 243, 244, 245, 246, 247, 248, 260, 261, 262, 263, 265, 266, 270, 272, 273, 274, 275, 278, 283, 285, 286, 288, 300, 301, 302, 303, 305, 306, 310, 312, 313, 314, 315, 318, 323, 325, 326, 328, 343, 344, 345, 346, 347, 348, 349, 350, 352, 353, 354, 357, 358, 376, 377, 390, 394, 395, 396, 397, 401, 404, 407, 408, 409, 412, 413, 416, 417, 418, 419, 420, 421, 422, 424, 427, 429, 430, 431, 432, 433, 434, 435, 436, 439, 440, 441, 442, 443, 449, 480, 481, 482, 483, 484, 485, 486, 487, 488, 489, 490, 491, 492, 493, 494, 495, 496, 497, 498, 499, 500, 501, 502, 503, 504, 505, 506, 507, 508, 509, 514, 517, 518, 519, 520, 521, 524, 533, 536, 575, 576, 577, 578, 579, 580, 581, 583, 584, 585, 597, 598, 599, 600, 601, 602, 605, 606, 607, 608, 609, 612, 617, 618, 619, 620, 623, 625, 626, 627, 628, 629, 630, 631, 633, 635, 636, 637, 638, 646, 647, 651, 652, 654, 656, 659, 660, 661, 662, 726, 727, 728, 729, 730, 731, 733, 734, 735, 736, 737, 738, 739, 740, 741, 742, 743, 744, 745, 746, 747, 748, 749, 750, 751, 752, 753, 754, 755, 756, 758, 759, 760, 761, 763, 767, 772, 773, 774, 775, 777, 779, 780, 782, 783, 784, 785, 786, 787, 788, 790, 791, 792, 793, 794, 795, 796, 797, 798, 801, 802, 803, 804, 805, 807, 808, 809, 810, 811, 812, 814, 815, 819, 826, 828, 832, 836, 840, 844, 847, 848, 849, 850, 854, 857, 859, 861, 879, 880, 881, 882, 883, 885, 886, 887, 888, 890, 891, 896, 897, 898, 900, 901, 902, 903, 905, 906, 907, 908, 911, 913, 915, 916, 917, 918, 920, 922, 923, 924, 925, 928, 929, 931, 933, 935, 937, 939, 942, 948, 949, 950, 951, 955, 956, 957, 962, 963, 964, 967, 969, 970, 971, 974, 977, 978, 979, 980, 981, 982, 983, 984, 987, 989, 998, 1005, 1008, 1009, 1012, 1013, 1014, 1015, 1016, 1017, 1018, 1019, 1022, 1025, 1026, 1027, 1028, 1029, 1030, 1031, 1032, 1033, 1034, 1035, 1036, 1037, 1038, 1039, 1044, 1061, 1141, 1148, 1149, 1150, 1152, 1153, 1154, 1155, 1156, 1158, 1159, 1160, 1161, 1162, 1163, 1165, 1166, 1167, 1168, 1169, 1170, 1175, 1176, 1177, 1178, 1179, 1180, 1181, 1183, 1187, 1188, 1189, 1190, 1191, 1192, 1196, 1201, 1202, 1203, 1204, 1205, 1207, 1209, 1210, 1213, 1214, 1215, 1217, 1218, 1220, 1221, 1226, 1231, 1232, 1234, 1261, 1262, 1265, 1266, 1267, 1270, 1271, 1273, 1274, 1278, 1279, 1280, 1285, 1286, 1287, 1288, 1292, 1293, 1294, 1295, 1296, 1300, 1301, 1305, 1306, 1307, 1308, 1310, 1311, 1312, 1316, 1317, 1319, 1320, 1321, 1322, 1323, 1324, 1325, 1326, 1328, 1341, 1342, 1346, 1347, 1350, 1351, 1352, 1356, 1357, 1358, 1359, 1360, 1362, 1370, 1372, 1373, 1375, 1376, 1378, 1400, 1401, 1402, 1403, 1404, 1405, 1407, 1415, 1416, 1417, 1419, 1422, 1426, 1427, 1428, 1430, 1431, 1433, 1437, 1439, 1440, 1441, 1442, 1443, 1444, 1445, 1446, 1447, 1448, 1449, 1454, 1456, 1458, 1466, 1467, 1469, 1470, 1472, 1473, 1474, 1477, 1478, 1479, 1486, 1487, 1489, 1492, 1493, 1495, 1496, 1497, 1501, 1504, 1506, 1509, 1511, 1516, 1517, 1523, 1524, 1525, 1526, 1527, 1528, 1529, 1531, 1532, 1535, 1551, 1552, 1554, 1556, 1557, 1558, 1559, 1560, 1563, 1564, 1566, 1567, 1568, 1573, 1574, 1575, 1576, 1577, 1578, 1580, 1581, 1584, 1585, 1587, 1589, 1590, 1592, 1593, 1599, 1600, 1601, 1602, 1603, 1604, 1605, 1607, 1608, 1610, 1621, 1622, 1624, 1625, 1629, 1630, 1634, 1636, 1637, 1638, 1639, 1640, 1641, 1642, 1643, 1648, 1649, 1650, 1651, 1653, 1654, 1657, 1661, 1662, 1663, 1664, 1665, 1666, 1667, 1668, 1669, 1670, 1672, 1677, 1678, 1679, 1682, 1683, 1684, 1686, 1691, 1693, 1703, 1704, 1705, 1706, 1707, 1709, 1710, 1711, 1712, 1713, 1716, 1717, 1718, 1719, 1724, 1725, 1728, 1730, 1741, 1742, 1743, 1744, 1745, 1746, 1748, 1749, 1750, 1751, 1753, 1754, 1756, 1757, 1758, 1759, 1761, 1762, 1764, 1797, 1798, 1800, 1801, 1802, 1803, 1804, 1807, 1808, 1809, 1812, 1813, 1816, 1820, 1829, 1830, 1834, 1835, 1836, 1837, 1839, 1840, 1841, 1843, 1846, 1847, 1856, 1857, 1858, 1859, 1860, 1861, 1862, 1869, 1878, 1879, 1880, 1889, 1896, 1899, 1933, 1935, 1938, 1939, 1940, 1941, 1942, 1943, 1946, 1947, 1948, 1949, 1950, 1951, 1953, 1954, 1955, 1957, 1958, 1959, 1960, 1961, 1965, 1966, 1967, 1968, 1999, 2000, 2003, 2004, 2005, 2006, 2007, 2015, 2016, 2017, 2020, 2021, 2022, 2023, 2030, 2031, 2120, 2122, 2124, 2126, 2127, 2129, 2130, 2133, 2139, 2141, 2142, 2143, 2144, 2145, 2146, 2147, 2148, 2149, 2150, 2152, 2154, 2156, 2157, 2159, 2160, 2161, 2162, 2164, 2165, 2167, 2168, 2169, 2170, 2172, 2173, 2174, 2176, 2180, 2181, 2182, 2183, 2184, 2188, 2189, 2190, 2191, 2192, 2196, 2198, 2200, 2213, 2214, 2215, 2216, 2217, 2218, 2219, 2220, 2221, 2225, 2230, 2231, 2237, 2239, 2242, 2252, 2254, 2255, 2256, 2257, 2258, 2259, 2262, 2263, 2264, 2265, 2268, 2269, 2270, 2271, 2274, 2276, 2279, 2280, 2281, 2283, 2287, 2293, 2297, 2298, 2299, 2301, 2302, 2303, 2305, 2306, 2307, 2310, 2311, 2312, 2315, 2317, 2318, 2319, 2320, 2326, 2327, 2330, 2331, 2332, 2333, 2334, 2335, 2336, 2337, 2338, 2339, 2341, 2350, 2351, 2352, 2354, 2355, 2356, 2359, 2360, 2361, 2362, 2363, 2365, 2366, 2367, 2368, 2372, 2374, 2406, 2408, 2411, 2412, 2413, 2414, 2416, 2417, 2428, 2430, 2433, 2446, 2448, 2463, 2464, 2465, 2466, 2467, 2468, 2469, 2470, 2471, 2472, 2474, 2475, 2476, 2477, 2478, 2492, 2496, 2497, 2498, 2499, 2501, 2502, 2503, 2504, 2510, 2511, 2519, 2520, 2521, 2523, 2524, 2525, 2526, 2529, 2530, 2531, 2532, 2533, 2539, 2540, 2541, 2542, 2543, 2544, 2545, 2546, 2547, 2551, 2552, 2553, 2557, 2560, 2573, 2577, 2579, 2580, 2581, 2584, 2590, 2591, 2593, 2594, 2595, 2597, 2598, 2599, 2601, 2602, 2603, 2604, 2605, 2607, 2608, 2609, 2610, 2611, 2612, 2613, 2614, 2615, 2616, 2617, 2618, 2623, 2629, 2631, 2637, 2638, 2639, 2640, 2646, 2647, 2649, 2650, 2652, 2668, 2669, 2670, 2671, 2672, 2674, 2675, 2676, 2677, 2678, 2679, 2680, 2681, 2682, 2683, 2684, 2685, 2686, 2698, 2699, 2701], "excluded_lines": []}, "gradio/blocks_events.py": {"executed_lines": [1, 3, 4, 6, 9, 10, 11, 12, 17, 18, 19, 20, 21, 24, 25, 30], "summary": {"covered_lines": 15, "num_statements": 15, "percent_covered": 100.0, "percent_covered_display": "100", "missing_lines": 0, "excluded_lines": 0}, "missing_lines": [], "excluded_lines": []}, "gradio/chat_interface.py": {"executed_lines": [1, 5, 7, 8, 10, 11, 13, 14, 24, 25, 26, 27, 28, 29, 30, 33, 34, 35, 53, 311, 398, 447, 460, 466, 481, 490, 523, 575, 591, 613, 624, 641], "summary": {"covered_lines": 30, "num_statements": 235, "percent_covered": 12.76595744680851, "percent_covered_display": "13", "missing_lines": 205, "excluded_lines": 0}, "missing_lines": [110, 121, 122, 123, 124, 127, 130, 132, 133, 135, 136, 137, 138, 143, 144, 145, 148, 151, 152, 156, 157, 160, 161, 167, 171, 172, 173, 176, 177, 179, 180, 182, 186, 187, 188, 189, 190, 191, 192, 196, 199, 201, 202, 203, 204, 205, 207, 208, 209, 210, 211, 214, 215, 216, 217, 225, 233, 234, 235, 236, 237, 244, 247, 248, 249, 250, 251, 252, 260, 263, 265, 266, 267, 275, 276, 277, 279, 281, 290, 293, 294, 295, 296, 297, 300, 301, 303, 304, 308, 309, 312, 313, 318, 344, 346, 347, 372, 374, 375, 389, 390, 401, 402, 403, 404, 416, 424, 425, 432, 439, 448, 450, 461, 462, 464, 472, 473, 474, 475, 476, 477, 479, 484, 485, 486, 487, 488, 497, 498, 503, 505, 506, 510, 511, 513, 517, 518, 519, 520, 521, 530, 531, 536, 538, 539, 543, 544, 546, 549, 550, 551, 552, 553, 554, 555, 556, 558, 559, 560, 561, 562, 563, 565, 566, 567, 568, 569, 570, 572, 573, 578, 582, 583, 585, 588, 589, 594, 598, 599, 601, 604, 605, 606, 607, 608, 609, 610, 611, 614, 616, 617, 619, 622, 629, 631, 632, 634, 637, 638, 639, 650, 651, 656, 658, 659], "excluded_lines": []}, "gradio/cli/__init__.py": {"executed_lines": [1, 2, 4], "summary": {"covered_lines": 3, "num_statements": 3, "percent_covered": 100.0, "percent_covered_display": "100", "missing_lines": 0, "excluded_lines": 0}, "missing_lines": [], "excluded_lines": []}, "gradio/cli/cli.py": {"executed_lines": [1, 3, 4, 5, 7, 9, 10, 13, 17, 22], "summary": {"covered_lines": 10, "num_statements": 26, "percent_covered": 38.46153846153846, "percent_covered_display": "38", "missing_lines": 16, "excluded_lines": 0}, "missing_lines": [23, 24, 25, 26, 27, 28, 29, 30, 31, 32, 33, 34, 35, 36, 37, 39], "excluded_lines": []}, "gradio/cli/commands/__init__.py": {"executed_lines": [1, 2, 3, 4, 6], "summary": {"covered_lines": 5, "num_statements": 5, "percent_covered": 100.0, "percent_covered_display": "100", "missing_lines": 0, "excluded_lines": 0}, "missing_lines": [], "excluded_lines": []}, "gradio/cli/commands/cli_env_info.py": {"executed_lines": [1, 5, 7, 8, 10, 13], "summary": {"covered_lines": 5, "num_statements": 28, "percent_covered": 17.857142857142858, "percent_covered_display": "18", "missing_lines": 23, "excluded_lines": 0}, "missing_lines": [15, 16, 18, 19, 20, 21, 22, 23, 24, 25, 26, 27, 28, 29, 30, 31, 38, 39, 40, 41, 42, 43, 44], "excluded_lines": []}, "gradio/cli/commands/components/__init__.py": {"executed_lines": [1, 3], "summary": {"covered_lines": 2, "num_statements": 2, "percent_covered": 100.0, "percent_covered_display": "100", "missing_lines": 0, "excluded_lines": 0}, "missing_lines": [], "excluded_lines": []}, "gradio/cli/commands/components/_create_utils.py": {"executed_lines": [1, 3, 4, 5, 6, 7, 8, 9, 10, 12, 15, 20, 31, 40, 47, 54, 55, 58, 59, 60, 61, 62, 63, 65, 66, 67, 70, 210, 222, 229, 243, 253, 294, 299, 305], "summary": {"covered_lines": 35, "num_statements": 123, "percent_covered": 28.45528455284553, "percent_covered_display": "28", "missing_lines": 88, "excluded_lines": 0}, "missing_lines": [17, 211, 212, 213, 215, 223, 226, 234, 236, 237, 240, 245, 246, 247, 248, 249, 250, 259, 260, 262, 264, 265, 266, 267, 274, 275, 277, 283, 284, 285, 286, 287, 288, 295, 296, 300, 308, 309, 310, 311, 312, 314, 320, 321, 323, 324, 325, 326, 327, 329, 330, 335, 336, 339, 352, 354, 355, 357, 358, 359, 360, 362, 363, 364, 365, 368, 370, 371, 373, 384, 386, 387, 395, 396, 398, 403, 404, 405, 406, 408, 409, 410, 411, 412, 413, 414, 415, 416], "excluded_lines": []}, "gradio/cli/commands/components/_docs_assets.py": {"executed_lines": [1], "summary": {"covered_lines": 1, "num_statements": 1, "percent_covered": 100.0, "percent_covered_display": "100", "missing_lines": 0, "excluded_lines": 0}, "missing_lines": [], "excluded_lines": []}, "gradio/cli/commands/components/_docs_utils.py": {"executed_lines": [1, 3, 4, 5, 6, 7, 10, 18, 50, 72, 79, 88, 99, 110, 119, 126, 136, 146, 177, 201, 293, 425, 426, 427, 430, 485, 500, 514, 522, 530, 538, 551, 607, 613, 665, 683, 724, 744, 778, 813, 902], "summary": {"covered_lines": 41, "num_statements": 329, "percent_covered": 12.462006079027356, "percent_covered_display": "12", "missing_lines": 288, "excluded_lines": 0}, "missing_lines": [12, 13, 14, 15, 20, 21, 23, 25, 33, 35, 36, 40, 42, 43, 44, 45, 47, 53, 54, 55, 56, 57, 58, 59, 61, 62, 64, 66, 67, 69, 74, 75, 76, 81, 82, 83, 84, 85, 90, 92, 93, 94, 96, 101, 103, 104, 105, 107, 112, 114, 116, 121, 122, 123, 128, 129, 130, 131, 132, 133, 138, 139, 140, 141, 143, 150, 151, 152, 153, 154, 158, 164, 165, 166, 167, 168, 169, 170, 171, 174, 180, 181, 182, 183, 184, 185, 187, 188, 189, 190, 192, 193, 194, 195, 196, 198, 204, 213, 214, 217, 220, 221, 225, 226, 228, 229, 230, 231, 233, 235, 236, 238, 240, 249, 250, 252, 253, 254, 255, 256, 257, 258, 259, 260, 269, 270, 272, 273, 274, 276, 277, 278, 280, 288, 290, 294, 295, 296, 298, 299, 301, 302, 304, 305, 310, 311, 312, 313, 314, 316, 317, 319, 321, 322, 323, 324, 325, 326, 327, 328, 330, 333, 334, 337, 339, 340, 341, 342, 344, 351, 355, 357, 358, 360, 364, 370, 371, 372, 373, 379, 384, 385, 390, 393, 394, 400, 401, 402, 407, 408, 409, 410, 411, 418, 419, 420, 422, 435, 436, 437, 438, 440, 442, 443, 444, 445, 448, 450, 488, 489, 490, 497, 503, 504, 505, 511, 516, 517, 519, 524, 525, 527, 532, 533, 535, 540, 541, 544, 559, 565, 567, 581, 587, 593, 594, 602, 608, 609, 610, 620, 626, 628, 640, 646, 652, 653, 662, 667, 668, 670, 677, 678, 680, 685, 686, 687, 690, 693, 696, 700, 702, 721, 746, 760, 761, 775, 780, 781, 782, 785, 788, 791, 794, 810, 824, 826, 830, 840, 842, 848, 850, 899, 905, 907, 926, 928, 930, 934], "excluded_lines": []}, "gradio/cli/commands/components/app.py": {"executed_lines": [1, 3, 4, 5, 6, 7, 8, 9, 11, 13, 14, 18, 19, 20, 23, 24], "summary": {"covered_lines": 16, "num_statements": 16, "percent_covered": 100.0, "percent_covered_display": "100", "missing_lines": 0, "excluded_lines": 0}, "missing_lines": [], "excluded_lines": []}, "gradio/cli/commands/components/build.py": {"executed_lines": [1, 3, 4, 5, 6, 7, 9, 10, 11, 12, 14, 15, 16, 19, 20, 21, 23, 26], "summary": {"covered_lines": 18, "num_statements": 74, "percent_covered": 24.324324324324323, "percent_covered_display": "24", "missing_lines": 56, "excluded_lines": 0}, "missing_lines": [46, 55, 56, 57, 59, 60, 63, 64, 66, 70, 71, 74, 75, 76, 77, 81, 82, 83, 86, 90, 91, 92, 94, 95, 100, 101, 102, 103, 104, 106, 122, 123, 124, 126, 127, 128, 132, 139, 140, 144, 146, 158, 161, 162, 163, 164, 165, 167, 169, 170, 171, 172, 173, 174, 176, 177], "excluded_lines": []}, "gradio/cli/commands/components/create.py": {"executed_lines": [1, 3, 4, 5, 7, 8, 9, 10, 11, 12, 14, 16, 17, 18, 21], "summary": {"covered_lines": 15, "num_statements": 77, "percent_covered": 19.48051948051948, "percent_covered_display": "19", "missing_lines": 62, "excluded_lines": 0}, "missing_lines": [71, 79, 80, 81, 82, 84, 85, 90, 91, 93, 95, 96, 98, 100, 101, 105, 106, 108, 110, 112, 113, 115, 118, 120, 121, 123, 125, 126, 128, 129, 136, 138, 140, 141, 143, 146, 147, 149, 155, 156, 158, 161, 162, 165, 169, 172, 173, 174, 175, 177, 178, 179, 180, 181, 183, 184, 186, 187, 188, 189, 195, 197], "excluded_lines": []}, "gradio/cli/commands/components/dev.py": {"executed_lines": [1, 3, 4, 5, 6, 8, 9, 10, 12, 13, 14, 16, 19], "summary": {"covered_lines": 13, "num_statements": 43, "percent_covered": 30.232558139534884, "percent_covered_display": "30", "missing_lines": 30, "excluded_lines": 0}, "missing_lines": [51, 60, 62, 64, 65, 66, 68, 71, 75, 82, 83, 87, 89, 111, 112, 113, 114, 115, 116, 118, 125, 126, 127, 128, 129, 130, 131, 133, 134, 135], "excluded_lines": []}, "gradio/cli/commands/components/docs.py": {"executed_lines": [1, 3, 4, 5, 6, 8, 9, 10, 11, 13, 14, 16, 17, 20, 110], "summary": {"covered_lines": 15, "num_statements": 74, "percent_covered": 20.27027027027027, "percent_covered_display": "20", "missing_lines": 59, "excluded_lines": 0}, "missing_lines": [53, 61, 62, 63, 64, 65, 69, 70, 72, 73, 77, 81, 82, 86, 87, 89, 91, 92, 94, 125, 126, 128, 130, 132, 133, 134, 135, 141, 142, 145, 146, 148, 149, 150, 152, 166, 167, 168, 169, 172, 173, 175, 176, 177, 178, 182, 184, 185, 188, 189, 190, 191, 192, 195, 196, 197, 198, 202, 203], "excluded_lines": []}, "gradio/cli/commands/components/install_component.py": {"executed_lines": [1, 3, 4, 5, 6, 8, 9, 10, 12, 13, 16, 30, 59, 92], "summary": {"covered_lines": 14, "num_statements": 50, "percent_covered": 28.0, "percent_covered_display": "28", "missing_lines": 36, "excluded_lines": 0}, "missing_lines": [17, 18, 19, 20, 21, 26, 27, 43, 44, 45, 48, 49, 50, 51, 52, 53, 56, 62, 65, 66, 69, 71, 72, 73, 75, 77, 80, 81, 84, 85, 86, 87, 89, 106, 107, 108], "excluded_lines": []}, "gradio/cli/commands/components/publish.py": {"executed_lines": [1, 3, 4, 5, 6, 7, 9, 10, 11, 12, 13, 14, 15, 16, 17, 19, 21, 23, 26, 34, 40, 54, 271], "summary": {"covered_lines": 23, "num_statements": 133, "percent_covered": 17.293233082706767, "percent_covered_display": "17", "missing_lines": 110, "excluded_lines": 0}, "missing_lines": [27, 28, 29, 30, 31, 35, 36, 37, 41, 42, 43, 46, 47, 48, 49, 50, 51, 91, 98, 99, 101, 102, 105, 106, 107, 110, 114, 115, 119, 120, 121, 126, 127, 128, 129, 130, 131, 132, 135, 136, 139, 140, 141, 142, 143, 144, 145, 149, 150, 151, 152, 154, 157, 159, 160, 165, 166, 167, 168, 169, 173, 174, 175, 176, 180, 181, 182, 183, 189, 190, 193, 194, 196, 197, 200, 201, 202, 203, 209, 210, 211, 213, 214, 215, 216, 217, 219, 220, 222, 223, 224, 229, 233, 234, 241, 245, 246, 252, 253, 258, 259, 265, 267, 268, 272, 273, 274, 275, 276, 278], "excluded_lines": []}, "gradio/cli/commands/components/show.py": {"executed_lines": [1, 3, 5, 6, 8, 9, 10, 11, 12, 13, 15, 31, 34, 58], "summary": {"covered_lines": 14, "num_statements": 42, "percent_covered": 33.333333333333336, "percent_covered_display": "33", "missing_lines": 28, "excluded_lines": 0}, "missing_lines": [35, 36, 37, 38, 41, 42, 43, 44, 45, 46, 47, 48, 49, 50, 51, 52, 53, 55, 59, 66, 71, 72, 73, 75, 76, 78, 79, 80], "excluded_lines": []}, "gradio/cli/commands/deploy_space.py": {"executed_lines": [1, 3, 4, 5, 7, 8, 9, 10, 12, 14, 15, 16, 21, 112, 121], "summary": {"covered_lines": 15, "num_statements": 105, "percent_covered": 14.285714285714286, "percent_covered_display": "14", "missing_lines": 90, "excluded_lines": 0}, "missing_lines": [25, 27, 28, 29, 30, 31, 32, 33, 35, 36, 37, 38, 39, 41, 42, 43, 44, 45, 47, 51, 52, 53, 55, 56, 57, 59, 66, 67, 68, 69, 70, 71, 72, 73, 74, 76, 77, 81, 82, 83, 84, 85, 86, 88, 94, 95, 98, 99, 100, 101, 102, 103, 105, 109, 113, 114, 115, 116, 117, 118, 127, 130, 132, 133, 134, 135, 136, 137, 138, 139, 140, 141, 142, 143, 144, 146, 147, 148, 149, 150, 151, 153, 154, 157, 162, 169, 174, 175, 176, 177], "excluded_lines": []}, "gradio/cli/commands/display.py": {"executed_lines": [1, 3, 4, 5, 7, 8, 11, 12, 16, 22, 26], "summary": {"covered_lines": 11, "num_statements": 20, "percent_covered": 55.0, "percent_covered_display": "55", "missing_lines": 9, "excluded_lines": 0}, "missing_lines": [13, 14, 17, 18, 19, 20, 23, 24, 32], "excluded_lines": []}, "gradio/cli/commands/reload.py": {"executed_lines": [1, 9, 11, 12, 13, 14, 15, 16, 17, 18, 19, 21, 22, 24, 25, 27, 30, 106, 136], "summary": {"covered_lines": 18, "num_statements": 67, "percent_covered": 26.865671641791046, "percent_covered_display": "27", "missing_lines": 49, "excluded_lines": 0}, "missing_lines": [36, 37, 39, 47, 48, 53, 55, 56, 58, 59, 61, 63, 64, 66, 67, 68, 71, 73, 74, 75, 77, 78, 79, 80, 81, 82, 84, 85, 86, 87, 88, 89, 91, 92, 93, 95, 96, 97, 99, 102, 103, 113, 119, 129, 130, 131, 132, 133, 137], "excluded_lines": []}, "gradio/cli/commands/utils.py": {"executed_lines": [], "summary": {"covered_lines": 0, "num_statements": 0, "percent_covered": 100.0, "percent_covered_display": "100", "missing_lines": 0, "excluded_lines": 0}, "missing_lines": [], "excluded_lines": []}, "gradio/component_meta.py": {"executed_lines": [1, 3, 4, 5, 6, 7, 9, 11, 12, 13, 15, 64, 65, 66, 67, 70, 73, 74, 77, 78, 79, 80, 81, 83, 87, 90, 92, 94, 96, 99, 101, 102, 117, 118, 123, 124, 125, 126, 131, 137, 138, 139, 161, 164, 165, 166, 167, 168, 169, 170, 171, 172, 173, 174, 179, 180, 185, 186, 187, 192, 193, 194, 195, 196, 197, 198, 199], "summary": {"covered_lines": 67, "num_statements": 104, "percent_covered": 64.42307692307692, "percent_covered_display": "64", "missing_lines": 37, "excluded_lines": 0}, "missing_lines": [75, 82, 84, 97, 103, 104, 105, 106, 107, 108, 109, 110, 115, 116, 119, 120, 121, 127, 128, 132, 134, 140, 141, 147, 148, 149, 150, 151, 152, 153, 154, 155, 156, 157, 159, 175, 181], "excluded_lines": []}, "gradio/components/__init__.py": {"executed_lines": [1, 2, 3, 4, 13, 14, 15, 16, 17, 18, 19, 20, 21, 22, 23, 24, 25, 26, 27, 28, 29, 30, 31, 32, 33, 34, 35, 36, 37, 38, 39, 40, 41, 42, 43, 44, 45, 46, 47, 48, 49, 50, 51, 53, 54, 55, 56, 57, 58, 59, 61], "summary": {"covered_lines": 51, "num_statements": 51, "percent_covered": 100.0, "percent_covered_display": "100", "missing_lines": 0, "excluded_lines": 0}, "missing_lines": [], "excluded_lines": []}, "gradio/components/annotated_image.py": {"executed_lines": [1, 3, 5, 7, 8, 9, 10, 11, 13, 14, 15, 16, 18, 21, 22, 23, 26, 27, 28, 31, 32, 33, 40, 42, 44, 108, 123, 215, 223], "summary": {"covered_lines": 27, "num_statements": 88, "percent_covered": 30.681818181818183, "percent_covered_display": "31", "missing_lines": 61, "excluded_lines": 0}, "missing_lines": [89, 90, 91, 92, 93, 94, 117, 118, 119, 120, 121, 139, 140, 141, 142, 143, 144, 147, 148, 149, 150, 153, 154, 155, 158, 159, 161, 165, 166, 168, 169, 170, 171, 173, 174, 175, 176, 178, 179, 180, 181, 182, 183, 184, 186, 187, 189, 190, 191, 192, 194, 195, 196, 197, 199, 202, 205, 206, 210, 216, 224], "excluded_lines": []}, "gradio/components/audio.py": {"executed_lines": [1, 3, 5, 6, 7, 9, 10, 11, 12, 13, 15, 16, 17, 18, 19, 22, 23, 24, 36, 37, 38, 39, 40, 41, 42, 45, 46, 51, 57, 71, 73, 185, 190, 193, 242, 274, 307, 316], "summary": {"covered_lines": 35, "num_statements": 130, "percent_covered": 26.923076923076923, "percent_covered_display": "27", "missing_lines": 95, "excluded_lines": 0}, "missing_lines": [126, 127, 128, 129, 130, 131, 132, 134, 137, 138, 139, 142, 143, 144, 147, 148, 149, 150, 153, 154, 155, 156, 161, 162, 163, 164, 165, 167, 168, 169, 170, 186, 191, 202, 203, 205, 206, 210, 211, 215, 217, 218, 219, 222, 223, 227, 228, 229, 230, 231, 234, 236, 251, 252, 253, 254, 255, 256, 257, 260, 261, 262, 263, 266, 268, 269, 270, 271, 272, 277, 281, 282, 283, 284, 285, 286, 287, 289, 290, 291, 292, 293, 294, 296, 297, 300, 304, 305, 310, 311, 312, 313, 314, 317, 322], "excluded_lines": []}, "gradio/components/bar_plot.py": {"executed_lines": [1, 3, 5, 7, 9, 11, 15, 16, 17, 24, 26, 141, 144, 145, 259, 268, 305, 308], "summary": {"covered_lines": 16, "num_statements": 84, "percent_covered": 19.047619047619047, "percent_covered_display": "19", "missing_lines": 68, "excluded_lines": 0}, "missing_lines": [12, 105, 106, 107, 108, 109, 110, 111, 112, 113, 114, 115, 116, 117, 118, 119, 120, 121, 122, 123, 124, 125, 126, 127, 142, 179, 181, 182, 188, 189, 192, 193, 194, 195, 196, 197, 198, 200, 201, 202, 204, 225, 226, 227, 228, 229, 230, 231, 233, 234, 235, 236, 245, 246, 248, 254, 255, 257, 266, 276, 277, 278, 279, 280, 303, 306, 309, 311], "excluded_lines": []}, "gradio/components/base.py": {"executed_lines": [1, 5, 7, 8, 9, 10, 11, 12, 13, 14, 15, 17, 19, 20, 21, 22, 23, 24, 25, 27, 35, 36, 37, 40, 41, 43, 44, 54, 55, 65, 66, 75, 76, 83, 84, 90, 91, 97, 98, 104, 105, 106, 109, 110, 113, 114, 121, 122, 123, 126, 127, 131, 214, 215, 217, 226, 227, 230, 231, 240, 244, 258, 262, 266, 273, 280, 291, 303, 312, 313, 318, 321, 325, 326, 330, 331, 337, 338, 341, 342, 347, 356], "summary": {"covered_lines": 80, "num_statements": 197, "percent_covered": 40.609137055837564, "percent_covered_display": "41", "missing_lines": 117, "excluded_lines": 0}, "missing_lines": [28, 30, 31, 32, 52, 63, 73, 81, 88, 95, 102, 111, 115, 116, 117, 118, 149, 159, 160, 163, 164, 165, 167, 174, 175, 177, 178, 179, 180, 181, 182, 183, 184, 185, 186, 187, 188, 191, 192, 193, 196, 197, 198, 199, 200, 206, 207, 209, 210, 212, 218, 219, 220, 221, 222, 223, 224, 228, 232, 233, 234, 236, 237, 238, 242, 256, 260, 264, 271, 278, 285, 286, 287, 295, 296, 297, 298, 299, 300, 301, 307, 308, 309, 314, 315, 316, 319, 322, 327, 328, 334, 339, 344, 348, 349, 350, 351, 352, 353, 366, 367, 368, 369, 370, 371, 372, 373, 374, 375, 377, 381, 382, 383, 384, 385, 386, 389], "excluded_lines": []}, "gradio/components/button.py": {"executed_lines": [1, 3, 5, 7, 9, 10, 13, 14, 15, 19, 21, 70, 71, 74, 83, 92, 95], "summary": {"covered_lines": 15, "num_statements": 25, "percent_covered": 60.0, "percent_covered_display": "60", "missing_lines": 10, "excluded_lines": 0}, "missing_lines": [54, 65, 66, 67, 68, 72, 81, 90, 93, 96], "excluded_lines": []}, "gradio/components/chatbot.py": {"executed_lines": [1, 3, 5, 6, 7, 9, 10, 12, 13, 14, 15, 18, 19, 20, 23, 24, 27, 28, 29, 38, 39, 41, 138, 153, 183, 202, 232, 235], "summary": {"covered_lines": 26, "num_statements": 86, "percent_covered": 30.232558139534884, "percent_covered_display": "30", "missing_lines": 60, "excluded_lines": 0}, "missing_lines": [98, 99, 100, 101, 102, 103, 104, 109, 110, 111, 112, 113, 114, 115, 128, 129, 130, 132, 136, 141, 142, 143, 144, 145, 147, 148, 149, 151, 163, 164, 165, 166, 167, 168, 171, 172, 175, 181, 186, 187, 188, 189, 191, 192, 196, 197, 198, 200, 212, 213, 214, 215, 216, 217, 220, 221, 224, 230, 233, 236], "excluded_lines": []}, "gradio/components/checkbox.py": {"executed_lines": [1, 3, 5, 7, 9, 10, 13, 14, 15, 22, 24, 73, 76, 79, 82, 91], "summary": {"covered_lines": 14, "num_statements": 20, "percent_covered": 70.0, "percent_covered_display": "70", "missing_lines": 6, "excluded_lines": 0}, "missing_lines": [57, 74, 77, 80, 89, 98], "excluded_lines": []}, "gradio/components/checkboxgroup.py": {"executed_lines": [1, 3, 5, 7, 9, 10, 13, 14, 15, 20, 22, 88, 91, 94, 101, 123], "summary": {"covered_lines": 14, "num_statements": 34, "percent_covered": 41.1764705882353, "percent_covered_display": "41", "missing_lines": 20, "excluded_lines": 0}, "missing_lines": [59, 66, 67, 68, 71, 72, 89, 92, 95, 110, 111, 112, 113, 114, 119, 132, 133, 134, 135, 136], "excluded_lines": []}, "gradio/components/clear_button.py": {"executed_lines": [1, 3, 5, 6, 7, 9, 11, 12, 13, 14, 17, 18, 19, 25, 27, 68, 112, 121, 130, 133], "summary": {"covered_lines": 18, "num_statements": 48, "percent_covered": 37.5, "percent_covered_display": "38", "missing_lines": 30, "excluded_lines": 0}, "missing_lines": [47, 62, 63, 65, 66, 72, 74, 78, 80, 81, 82, 83, 84, 85, 86, 87, 88, 89, 90, 91, 92, 93, 94, 102, 103, 110, 119, 128, 131, 134], "excluded_lines": []}, "gradio/components/code.py": {"executed_lines": [1, 3, 5, 6, 8, 10, 11, 14, 15, 16, 20, 48, 55, 135, 144, 159, 162, 165, 168], "summary": {"covered_lines": 17, "num_statements": 35, "percent_covered": 48.57142857142857, "percent_covered_display": "49", "missing_lines": 18, "excluded_lines": 0}, "missing_lines": [115, 116, 118, 119, 120, 142, 151, 152, 153, 154, 155, 157, 160, 163, 166, 169, 170, 171], "excluded_lines": []}, "gradio/components/color_picker.py": {"executed_lines": [1, 3, 5, 7, 9, 10, 13, 14, 15, 20, 22, 71, 74, 77, 80, 92], "summary": {"covered_lines": 14, "num_statements": 24, "percent_covered": 58.333333333333336, "percent_covered_display": "58", "missing_lines": 10, "excluded_lines": 0}, "missing_lines": [55, 72, 75, 78, 87, 88, 90, 99, 100, 102], "excluded_lines": []}, "gradio/components/dataframe.py": {"executed_lines": [1, 3, 5, 6, 18, 19, 20, 22, 23, 24, 26, 32, 39, 45, 46, 47, 48, 51, 52, 53, 58, 60, 62, 185, 223, 315, 316, 324, 325, 343, 344, 352, 353, 361, 381, 384], "summary": {"covered_lines": 34, "num_statements": 160, "percent_covered": 21.25, "percent_covered_display": "21", "missing_lines": 126, "excluded_lines": 0}, "missing_lines": [27, 28, 29, 33, 35, 36, 40, 42, 121, 122, 123, 126, 128, 133, 134, 135, 136, 139, 140, 143, 144, 152, 155, 163, 164, 165, 166, 167, 168, 171, 194, 196, 197, 198, 203, 204, 205, 206, 207, 211, 212, 213, 214, 215, 217, 241, 242, 244, 245, 246, 247, 248, 249, 252, 253, 254, 255, 256, 260, 264, 265, 268, 271, 272, 275, 276, 277, 282, 287, 288, 289, 290, 291, 292, 293, 294, 295, 296, 297, 298, 299, 300, 302, 303, 304, 308, 309, 311, 313, 317, 318, 319, 320, 321, 322, 326, 327, 328, 329, 330, 331, 332, 333, 334, 335, 336, 337, 338, 339, 340, 341, 345, 346, 347, 348, 350, 354, 355, 373, 375, 376, 377, 378, 379, 382, 385], "excluded_lines": []}, "gradio/components/dataset.py": {"executed_lines": [1, 3, 5, 7, 9, 10, 14, 17, 18, 19, 23, 25, 114, 117, 131, 143, 155, 158], "summary": {"covered_lines": 16, "num_statements": 60, "percent_covered": 26.666666666666668, "percent_covered_display": "27", "missing_lines": 44, "excluded_lines": 0}, "missing_lines": [61, 67, 68, 69, 70, 71, 72, 80, 83, 84, 87, 88, 89, 90, 91, 92, 93, 96, 100, 101, 104, 105, 106, 107, 108, 109, 111, 112, 115, 118, 120, 121, 122, 124, 125, 127, 129, 138, 139, 140, 141, 150, 156, 159], "excluded_lines": []}, "gradio/components/download_button.py": {"executed_lines": [1, 3, 5, 6, 7, 9, 10, 12, 13, 14, 17, 18, 19, 25, 27, 78, 92, 103, 108, 111, 112], "summary": {"covered_lines": 19, "num_statements": 37, "percent_covered": 51.351351351351354, "percent_covered_display": "51", "missing_lines": 18, "excluded_lines": 0}, "missing_lines": [60, 61, 62, 63, 64, 76, 85, 86, 87, 88, 89, 90, 99, 100, 101, 104, 109, 113], "excluded_lines": []}, "gradio/components/dropdown.py": {"executed_lines": [1, 3, 5, 6, 8, 10, 11, 14, 15, 16, 22, 31, 120, 133, 139, 145, 176, 183], "summary": {"covered_lines": 16, "num_statements": 66, "percent_covered": 24.242424242424242, "percent_covered_display": "24", "missing_lines": 50, "excluded_lines": 0}, "missing_lines": [76, 83, 84, 85, 88, 89, 90, 91, 92, 93, 96, 97, 98, 101, 102, 103, 104, 121, 122, 127, 131, 134, 135, 137, 140, 141, 143, 154, 155, 156, 157, 158, 159, 160, 161, 162, 163, 168, 172, 177, 178, 179, 192, 193, 194, 195, 196, 197, 199, 200], "excluded_lines": []}, "gradio/components/duplicate_button.py": {"executed_lines": [1, 3, 5, 7, 9, 10, 11, 14, 15, 16, 20, 22, 74], "summary": {"covered_lines": 11, "num_statements": 17, "percent_covered": 64.70588235294117, "percent_covered_display": "65", "missing_lines": 6, "excluded_lines": 0}, "missing_lines": [56, 71, 72, 75, 76, 77], "excluded_lines": []}, "gradio/components/fallback.py": {"executed_lines": [1, 4, 5, 15, 25, 28, 31], "summary": {"covered_lines": 7, "num_statements": 12, "percent_covered": 58.333333333333336, "percent_covered_display": "58", "missing_lines": 5, "excluded_lines": 0}, "missing_lines": [13, 23, 26, 29, 32], "excluded_lines": []}, "gradio/components/file.py": {"executed_lines": [1, 3, 5, 6, 7, 8, 10, 11, 12, 14, 15, 16, 17, 18, 21, 22, 23, 29, 31, 109, 125, 145, 165, 193, 201, 213], "summary": {"covered_lines": 24, "num_statements": 86, "percent_covered": 27.906976744186046, "percent_covered_display": "28", "missing_lines": 62, "excluded_lines": 0}, "missing_lines": [70, 71, 72, 74, 75, 76, 77, 80, 84, 85, 88, 89, 92, 106, 107, 110, 111, 112, 113, 114, 115, 116, 117, 119, 134, 135, 137, 138, 139, 140, 141, 142, 143, 146, 147, 148, 149, 150, 153, 155, 156, 157, 158, 161, 163, 172, 173, 174, 175, 176, 187, 194, 195, 196, 197, 199, 202, 203, 207, 214, 215, 217], "excluded_lines": []}, "gradio/components/file_explorer.py": {"executed_lines": [1, 3, 5, 6, 7, 8, 9, 11, 13, 14, 17, 18, 21, 22, 23, 30, 31, 33, 107, 110, 113, 138, 143, 160, 161, 196], "summary": {"covered_lines": 24, "num_statements": 86, "percent_covered": 27.906976744186046, "percent_covered_display": "28", "missing_lines": 62, "excluded_lines": 0}, "missing_lines": [75, 76, 79, 80, 81, 82, 83, 84, 85, 86, 89, 90, 92, 108, 111, 120, 121, 123, 124, 125, 128, 129, 131, 132, 133, 134, 135, 136, 139, 140, 141, 150, 151, 153, 154, 155, 156, 158, 166, 167, 169, 171, 172, 173, 174, 176, 177, 178, 179, 180, 181, 182, 183, 184, 185, 186, 194, 197, 198, 199, 202, 203], "excluded_lines": []}, "gradio/components/gallery.py": {"executed_lines": [1, 3, 5, 6, 7, 8, 10, 11, 12, 13, 14, 16, 17, 18, 19, 21, 22, 25, 26, 27, 30, 31, 34, 35, 36, 43, 45, 47, 139, 161, 218, 219, 228, 237], "summary": {"covered_lines": 32, "num_statements": 93, "percent_covered": 34.40860215053763, "percent_covered_display": "34", "missing_lines": 61, "excluded_lines": 0}, "missing_lines": [104, 105, 106, 107, 108, 109, 110, 111, 116, 117, 119, 124, 153, 154, 155, 156, 157, 158, 159, 171, 172, 173, 175, 176, 177, 178, 179, 180, 181, 182, 185, 186, 187, 190, 191, 192, 193, 194, 195, 197, 198, 199, 200, 201, 203, 204, 209, 210, 211, 213, 214, 215, 216, 220, 221, 223, 224, 225, 226, 229, 238], "excluded_lines": []}, "gradio/components/highlighted_text.py": {"executed_lines": [1, 3, 5, 7, 9, 10, 11, 14, 15, 16, 19, 20, 23, 24, 25, 32, 33, 35, 94, 100, 103, 116], "summary": {"covered_lines": 20, "num_statements": 68, "percent_covered": 29.41176470588235, "percent_covered_display": "29", "missing_lines": 48, "excluded_lines": 0}, "missing_lines": [75, 76, 77, 78, 79, 95, 101, 112, 113, 114, 125, 126, 127, 128, 129, 130, 131, 132, 136, 137, 139, 140, 141, 142, 143, 144, 145, 148, 149, 150, 151, 152, 153, 154, 155, 156, 157, 158, 159, 160, 163, 165, 166, 167, 168, 169, 170, 177], "excluded_lines": []}, "gradio/components/html.py": {"executed_lines": [1, 3, 5, 7, 9, 10, 13, 14, 15, 22, 24, 58, 61, 64, 73, 82], "summary": {"covered_lines": 14, "num_statements": 20, "percent_covered": 70.0, "percent_covered_display": "70", "missing_lines": 6, "excluded_lines": 0}, "missing_lines": [47, 59, 62, 71, 80, 83], "excluded_lines": []}, "gradio/components/image.py": {"executed_lines": [1, 3, 5, 6, 7, 9, 10, 11, 12, 13, 15, 16, 17, 18, 20, 23, 24, 25, 32, 40, 42, 146, 192, 209, 215, 220], "summary": {"covered_lines": 24, "num_statements": 83, "percent_covered": 28.91566265060241, "percent_covered_display": "29", "missing_lines": 59, "excluded_lines": 0}, "missing_lines": [95, 96, 97, 98, 99, 102, 103, 104, 105, 106, 107, 108, 111, 112, 114, 115, 116, 117, 120, 121, 122, 123, 126, 131, 155, 156, 157, 158, 159, 160, 161, 162, 163, 165, 166, 168, 169, 171, 172, 174, 175, 176, 177, 178, 181, 182, 183, 184, 201, 202, 203, 204, 205, 206, 207, 210, 211, 216, 221], "excluded_lines": []}, "gradio/components/image_editor.py": {"executed_lines": [1, 3, 5, 6, 7, 8, 9, 11, 12, 13, 14, 15, 17, 18, 19, 20, 22, 25, 26, 27, 28, 31, 32, 33, 34, 37, 38, 39, 40, 41, 44, 45, 46, 47, 50, 51, 52, 53, 54, 57, 58, 59, 62, 63, 64, 70, 73, 74, 75, 84, 89, 90, 92, 107, 108, 109, 116, 125, 127, 246, 284, 332, 391, 400, 407, 408], "summary": {"covered_lines": 62, "num_statements": 154, "percent_covered": 40.25974025974026, "percent_covered_display": "40", "missing_lines": 92, "excluded_lines": 0}, "missing_lines": [93, 94, 101, 102, 194, 195, 196, 197, 198, 201, 202, 203, 204, 205, 206, 207, 208, 209, 210, 213, 215, 217, 223, 224, 225, 226, 227, 228, 229, 231, 250, 251, 252, 257, 258, 259, 260, 261, 262, 263, 264, 265, 267, 268, 269, 270, 271, 272, 273, 276, 291, 293, 294, 295, 305, 306, 308, 310, 311, 312, 314, 315, 316, 321, 323, 324, 326, 339, 340, 341, 342, 343, 344, 346, 350, 365, 392, 401, 413, 414, 419, 420, 422, 426, 427, 428, 429, 430, 431, 432, 433, 435], "excluded_lines": []}, "gradio/components/json_component.py": {"executed_lines": [1, 3, 5, 6, 8, 9, 11, 12, 15, 16, 17, 23, 25, 68, 77, 100, 103, 106, 109], "summary": {"covered_lines": 17, "num_statements": 28, "percent_covered": 60.714285714285715, "percent_covered_display": "61", "missing_lines": 11, "excluded_lines": 0}, "missing_lines": [54, 75, 84, 85, 86, 87, 92, 101, 104, 107, 110], "excluded_lines": []}, "gradio/components/label.py": {"executed_lines": [1, 3, 5, 6, 7, 8, 10, 12, 13, 14, 17, 18, 19, 22, 23, 24, 27, 28, 29, 36, 37, 38, 40, 89, 106, 143, 152], "summary": {"covered_lines": 25, "num_statements": 50, "percent_covered": 50.0, "percent_covered_display": "50", "missing_lines": 25, "excluded_lines": 0}, "missing_lines": [73, 74, 75, 98, 99, 100, 101, 102, 115, 116, 117, 118, 119, 120, 121, 122, 123, 124, 125, 128, 129, 130, 137, 144, 153], "excluded_lines": []}, "gradio/components/line_plot.py": {"executed_lines": [1, 3, 5, 7, 9, 11, 15, 16, 17, 24, 26, 154, 157, 158, 288, 297, 337, 340], "summary": {"covered_lines": 16, "num_statements": 83, "percent_covered": 19.27710843373494, "percent_covered_display": "19", "missing_lines": 67, "excluded_lines": 0}, "missing_lines": [12, 118, 119, 120, 121, 122, 123, 124, 125, 126, 127, 128, 129, 130, 131, 132, 133, 134, 135, 136, 137, 138, 139, 140, 155, 204, 206, 207, 225, 226, 227, 228, 229, 230, 231, 233, 234, 235, 236, 245, 246, 247, 254, 255, 263, 265, 266, 268, 270, 273, 275, 276, 278, 282, 283, 284, 286, 295, 307, 308, 309, 310, 311, 335, 338, 341, 343], "excluded_lines": []}, "gradio/components/login_button.py": {"executed_lines": [1, 3, 5, 6, 7, 8, 10, 12, 13, 14, 17, 18, 19, 23, 25, 76, 87, 112], "summary": {"covered_lines": 16, "num_statements": 36, "percent_covered": 44.44444444444444, "percent_covered_display": "44", "missing_lines": 20, "excluded_lines": 0}, "missing_lines": [49, 50, 53, 54, 69, 70, 72, 80, 83, 85, 89, 93, 95, 97, 98, 99, 101, 102, 105, 106], "excluded_lines": []}, "gradio/components/logout_button.py": {"executed_lines": [1, 3, 5, 6, 8, 10, 13, 14, 15, 22, 24], "summary": {"covered_lines": 9, "num_statements": 11, "percent_covered": 81.81818181818181, "percent_covered_display": "82", "missing_lines": 2, "excluded_lines": 0}, "missing_lines": [43, 46], "excluded_lines": []}, "gradio/components/markdown.py": {"executed_lines": [1, 3, 5, 6, 8, 10, 11, 14, 15, 16, 24, 26, 78, 87, 99, 102, 105], "summary": {"covered_lines": 15, "num_statements": 31, "percent_covered": 48.38709677419355, "percent_covered_display": "48", "missing_lines": 16, "excluded_lines": 0}, "missing_lines": [59, 60, 61, 62, 63, 64, 65, 67, 85, 94, 95, 96, 97, 100, 103, 106], "excluded_lines": []}, "gradio/components/model3d.py": {"executed_lines": [1, 3, 5, 6, 8, 9, 11, 12, 13, 16, 17, 18, 24, 26, 28, 95, 106, 117, 120, 125], "summary": {"covered_lines": 18, "num_statements": 33, "percent_covered": 54.54545454545455, "percent_covered_display": "55", "missing_lines": 15, "excluded_lines": 0}, "missing_lines": [75, 76, 77, 78, 79, 80, 102, 103, 104, 113, 114, 115, 118, 121, 126], "excluded_lines": []}, "gradio/components/multimodal_textbox.py": {"executed_lines": [1, 3, 5, 6, 8, 9, 10, 11, 13, 14, 15, 18, 19, 20, 23, 24, 25, 28, 29, 30, 33, 34, 35, 42, 44, 53, 136, 150, 187], "summary": {"covered_lines": 27, "num_statements": 58, "percent_covered": 46.55172413793103, "percent_covered_display": "47", "missing_lines": 31, "excluded_lines": 0}, "missing_lines": [104, 105, 106, 107, 108, 111, 112, 113, 114, 115, 116, 118, 133, 134, 143, 144, 145, 157, 158, 159, 160, 163, 164, 165, 176, 177, 178, 181, 182, 185, 188], "excluded_lines": []}, "gradio/components/number.py": {"executed_lines": [1, 3, 5, 7, 9, 10, 11, 14, 15, 16, 22, 24, 86, 87, 106, 123, 134, 137, 140], "summary": {"covered_lines": 17, "num_statements": 40, "percent_covered": 42.5, "percent_covered_display": "42", "missing_lines": 23, "excluded_lines": 0}, "missing_lines": [65, 66, 67, 68, 70, 99, 100, 101, 102, 104, 113, 114, 115, 116, 117, 118, 121, 130, 131, 132, 135, 138, 141], "excluded_lines": []}, "gradio/components/paramviewer.py": {"executed_lines": [1, 3, 5, 7, 8, 11, 12, 13, 14, 17, 18, 19, 26, 31, 56, 65, 74, 83, 92], "summary": {"covered_lines": 18, "num_statements": 27, "percent_covered": 66.66666666666667, "percent_covered_display": "67", "missing_lines": 9, "excluded_lines": 0}, "missing_lines": [47, 48, 49, 50, 63, 72, 75, 84, 93], "excluded_lines": []}, "gradio/components/plot.py": {"executed_lines": [1, 3, 5, 6, 7, 9, 11, 12, 13, 14, 17, 18, 19, 22, 23, 24, 27, 28, 29, 37, 38, 40, 86, 98, 107, 110, 113, 139, 140, 141, 150, 151], "summary": {"covered_lines": 30, "num_statements": 64, "percent_covered": 46.875, "percent_covered_display": "47", "missing_lines": 34, "excluded_lines": 0}, "missing_lines": [71, 72, 87, 88, 90, 91, 92, 94, 95, 96, 105, 108, 111, 120, 122, 123, 124, 125, 126, 127, 128, 129, 131, 133, 134, 135, 136, 142, 143, 145, 146, 148, 152, 154], "excluded_lines": []}, "gradio/components/radio.py": {"executed_lines": [1, 3, 5, 7, 9, 10, 13, 14, 15, 21, 23, 89, 92, 95, 117, 126], "summary": {"covered_lines": 14, "num_statements": 32, "percent_covered": 43.75, "percent_covered_display": "44", "missing_lines": 18, "excluded_lines": 0}, "missing_lines": [60, 67, 68, 69, 72, 73, 90, 93, 102, 103, 104, 105, 106, 108, 109, 113, 124, 127], "excluded_lines": []}, "gradio/components/scatter_plot.py": {"executed_lines": [1, 3, 5, 7, 9, 11, 15, 16, 17, 24, 26, 171, 174, 175, 310, 319, 361, 364], "summary": {"covered_lines": 16, "num_statements": 83, "percent_covered": 19.27710843373494, "percent_covered_display": "19", "missing_lines": 67, "excluded_lines": 0}, "missing_lines": [12, 133, 134, 135, 136, 137, 138, 139, 140, 141, 142, 143, 144, 145, 146, 147, 148, 149, 150, 151, 152, 153, 154, 155, 156, 157, 172, 234, 235, 237, 238, 256, 257, 258, 259, 260, 261, 262, 263, 264, 265, 266, 267, 269, 270, 271, 273, 281, 282, 283, 284, 291, 292, 299, 305, 306, 308, 317, 329, 330, 331, 332, 333, 359, 362, 365, 367], "excluded_lines": []}, "gradio/components/slider.py": {"executed_lines": [1, 3, 5, 6, 7, 9, 11, 12, 15, 16, 17, 24, 26, 93, 99, 102, 105, 115, 124], "summary": {"covered_lines": 17, "num_statements": 39, "percent_covered": 43.58974358974359, "percent_covered_display": "44", "missing_lines": 22, "excluded_lines": 0}, "missing_lines": [67, 68, 69, 70, 71, 72, 74, 75, 76, 77, 94, 100, 103, 106, 107, 108, 110, 111, 112, 113, 122, 131], "excluded_lines": []}, "gradio/components/state.py": {"executed_lines": [1, 3, 5, 6, 7, 9, 11, 14, 15, 16, 17, 24, 26, 53, 54, 57, 66, 75, 78, 81, 84, 85], "summary": {"covered_lines": 21, "num_statements": 35, "percent_covered": 60.0, "percent_covered_display": "60", "missing_lines": 14, "excluded_lines": 0}, "missing_lines": [41, 44, 45, 46, 47, 48, 51, 55, 64, 73, 76, 79, 82, 86], "excluded_lines": []}, "gradio/components/textbox.py": {"executed_lines": [1, 3, 5, 7, 9, 10, 13, 14, 15, 22, 31, 113, 122, 131, 134, 137], "summary": {"covered_lines": 14, "num_statements": 33, "percent_covered": 42.42424242424242, "percent_covered_display": "42", "missing_lines": 19, "excluded_lines": 0}, "missing_lines": [82, 83, 85, 86, 87, 89, 90, 91, 92, 93, 94, 109, 110, 111, 120, 129, 132, 135, 138], "excluded_lines": []}, "gradio/components/upload_button.py": {"executed_lines": [1, 3, 5, 6, 7, 8, 10, 11, 12, 14, 15, 16, 17, 18, 21, 22, 23, 29, 31, 110, 116, 128, 136, 152, 173, 193, 221, 222], "summary": {"covered_lines": 26, "num_statements": 90, "percent_covered": 28.88888888888889, "percent_covered_display": "29", "missing_lines": 64, "excluded_lines": 0}, "missing_lines": [70, 74, 75, 78, 79, 80, 81, 84, 85, 88, 89, 91, 92, 93, 94, 95, 96, 108, 111, 112, 114, 117, 118, 122, 129, 130, 132, 137, 138, 139, 140, 141, 142, 143, 144, 146, 161, 162, 164, 165, 166, 167, 169, 170, 171, 174, 175, 176, 177, 178, 181, 183, 184, 185, 186, 189, 191, 200, 201, 202, 203, 204, 215, 223], "excluded_lines": []}, "gradio/components/video.py": {"executed_lines": [1, 3, 5, 6, 7, 8, 10, 11, 12, 14, 15, 16, 17, 18, 20, 22, 25, 26, 27, 30, 31, 32, 42, 44, 56, 160, 227, 266, 316, 355, 362], "summary": {"covered_lines": 29, "num_statements": 150, "percent_covered": 19.333333333333332, "percent_covered_display": "19", "missing_lines": 121, "excluded_lines": 0}, "missing_lines": [113, 114, 115, 116, 117, 118, 119, 121, 124, 125, 126, 129, 130, 131, 132, 133, 134, 137, 142, 143, 144, 145, 167, 168, 169, 170, 171, 172, 173, 174, 176, 179, 180, 181, 184, 185, 189, 190, 191, 192, 193, 194, 197, 198, 199, 200, 201, 204, 208, 209, 210, 211, 212, 213, 214, 215, 218, 222, 223, 225, 236, 237, 238, 239, 241, 242, 243, 247, 250, 253, 254, 255, 261, 262, 263, 264, 270, 271, 272, 273, 274, 275, 277, 279, 282, 283, 286, 287, 290, 294, 297, 299, 300, 301, 302, 305, 306, 311, 312, 314, 321, 323, 326, 327, 328, 329, 330, 331, 332, 334, 335, 337, 339, 340, 345, 346, 350, 351, 353, 356, 363], "excluded_lines": []}, "gradio/context.py": {"executed_lines": [3, 5, 6, 8, 14, 15, 16, 17, 18, 19, 22, 23, 24, 25, 26, 27], "summary": {"covered_lines": 16, "num_statements": 19, "percent_covered": 84.21052631578948, "percent_covered_display": "84", "missing_lines": 3, "excluded_lines": 0}, "missing_lines": [9, 10, 11], "excluded_lines": []}, "gradio/data_classes.py": {"executed_lines": [1, 4, 6, 7, 8, 9, 10, 11, 13, 14, 16, 18, 19, 78, 79, 80, 83, 84, 86, 87, 88, 89, 90, 91, 92, 93, 96, 101, 102, 105, 106, 107, 108, 109, 112, 113, 114, 117, 118, 119, 120, 121, 124, 125, 126, 127, 128, 131, 132, 152, 153, 154, 158, 159, 160, 164, 165, 166, 170, 173, 174, 175, 176, 177, 178, 179, 180, 182, 183, 195, 196, 199, 209, 210, 219, 220, 222, 225, 229, 230, 234, 236, 240, 241], "summary": {"covered_lines": 82, "num_statements": 146, "percent_covered": 56.16438356164384, "percent_covered_display": "56", "missing_lines": 64, "excluded_lines": 0}, "missing_lines": [23, 25, 26, 30, 31, 33, 34, 35, 36, 37, 38, 40, 41, 43, 44, 46, 47, 50, 51, 53, 54, 56, 57, 58, 59, 62, 64, 66, 67, 69, 70, 72, 74, 75, 133, 134, 135, 138, 139, 140, 144, 155, 161, 167, 184, 197, 200, 201, 203, 204, 205, 206, 207, 211, 212, 213, 214, 215, 216, 223, 226, 237, 238, 242], "excluded_lines": []}, "gradio/events.py": {"executed_lines": [1, 4, 6, 7, 8, 10, 11, 13, 16, 17, 20, 44, 45, 73, 77, 78, 79, 99, 108, 109, 125, 126, 140, 141, 142, 143, 146, 147, 148, 150, 161, 162, 163, 164, 165, 166, 167, 168, 169, 170, 178, 179, 181, 182, 183, 184, 186, 187, 198, 199, 207, 325, 326, 327, 330, 451, 452, 456, 460, 461, 465, 469, 473, 477, 481, 485, 489, 493, 497, 501, 504, 508, 512, 516, 521, 528, 534, 538, 542, 548, 549], "summary": {"covered_lines": 79, "num_statements": 156, "percent_covered": 50.64102564102564, "percent_covered_display": "51", "missing_lines": 77, "excluded_lines": 0}, "missing_lines": [14, 24, 25, 26, 27, 29, 30, 32, 46, 47, 48, 57, 60, 69, 74, 104, 105, 110, 111, 112, 115, 116, 119, 120, 127, 128, 129, 132, 133, 250, 252, 253, 275, 276, 277, 279, 281, 283, 285, 286, 287, 288, 290, 291, 295, 317, 321, 322, 323, 374, 376, 377, 378, 379, 381, 383, 384, 406, 407, 408, 410, 412, 414, 415, 416, 417, 423, 427, 447, 448, 550, 551, 552, 555, 556, 559, 560], "excluded_lines": []}, "gradio/exceptions.py": {"executed_lines": [1, 4, 5, 7, 10, 11, 13, 16, 17, 19, 22, 23, 25, 28, 29, 31, 34, 35, 38, 39, 42, 43, 45, 48, 49, 51, 54, 55, 57, 60, 63, 64, 65, 76, 84, 88, 89], "summary": {"covered_lines": 28, "num_statements": 31, "percent_covered": 90.3225806451613, "percent_covered_display": "90", "missing_lines": 3, "excluded_lines": 0}, "missing_lines": [81, 82, 85], "excluded_lines": []}, "gradio/external.py": {"executed_lines": [1, 4, 6, 7, 8, 9, 10, 11, 12, 14, 15, 16, 17, 18, 19, 21, 22, 23, 24, 29, 31, 36, 37, 65, 103, 377, 425, 457], "summary": {"covered_lines": 27, "num_statements": 258, "percent_covered": 10.465116279069768, "percent_covered_display": "10", "missing_lines": 231, "excluded_lines": 0}, "missing_lines": [32, 33, 60, 73, 75, 76, 77, 80, 81, 83, 89, 90, 92, 93, 94, 97, 99, 100, 104, 105, 106, 108, 109, 110, 111, 114, 116, 117, 122, 126, 127, 128, 129, 133, 134, 135, 138, 139, 140, 141, 142, 145, 147, 148, 149, 150, 153, 155, 156, 157, 158, 161, 163, 164, 168, 172, 173, 174, 175, 177, 178, 179, 180, 181, 183, 184, 185, 186, 189, 190, 192, 193, 194, 195, 196, 197, 199, 200, 204, 208, 216, 217, 219, 220, 221, 222, 227, 229, 230, 231, 232, 233, 234, 236, 237, 238, 239, 240, 242, 243, 244, 245, 246, 248, 249, 250, 251, 252, 254, 255, 260, 261, 262, 263, 265, 266, 277, 278, 279, 281, 282, 283, 284, 285, 287, 288, 289, 290, 291, 293, 294, 295, 296, 299, 301, 302, 306, 307, 308, 310, 311, 315, 316, 317, 323, 325, 326, 327, 328, 329, 331, 332, 333, 334, 335, 342, 345, 347, 348, 349, 350, 352, 354, 355, 356, 357, 358, 359, 360, 362, 364, 372, 373, 374, 380, 382, 384, 385, 386, 388, 396, 397, 401, 403, 406, 407, 408, 409, 410, 411, 415, 416, 422, 426, 436, 437, 443, 444, 445, 446, 449, 450, 451, 453, 454, 465, 466, 467, 468, 469, 472, 473, 474, 475, 476, 477, 478, 479, 480, 481, 484, 487, 488, 491, 492, 494, 495, 497, 498, 499, 500], "excluded_lines": []}, "gradio/external_utils.py": {"executed_lines": [1, 3, 5, 6, 7, 8, 10, 11, 12, 14, 21, 51, 69, 81, 85, 89, 93, 97, 106, 113, 120, 146, 164, 172, 192, 202, 212, 233], "summary": {"covered_lines": 27, "num_statements": 126, "percent_covered": 21.428571428571427, "percent_covered_display": "21", "missing_lines": 99, "excluded_lines": 0}, "missing_lines": [22, 23, 24, 25, 27, 30, 31, 33, 36, 37, 38, 44, 45, 46, 47, 48, 54, 55, 56, 57, 58, 59, 60, 61, 62, 64, 65, 66, 70, 71, 72, 73, 82, 86, 90, 94, 98, 99, 103, 107, 108, 110, 114, 115, 117, 122, 123, 125, 126, 128, 130, 131, 132, 133, 134, 135, 136, 141, 142, 143, 147, 148, 150, 151, 152, 154, 155, 156, 157, 158, 160, 161, 165, 166, 167, 169, 173, 174, 175, 187, 189, 193, 194, 195, 203, 209, 216, 217, 218, 219, 220, 221, 223, 225, 235, 239, 243, 251, 252], "excluded_lines": []}, "gradio/flagging.py": {"executed_lines": [1, 3, 4, 5, 6, 7, 8, 9, 10, 11, 12, 14, 15, 16, 17, 19, 20, 22, 26, 27, 31, 32, 42, 43, 63, 64, 65, 77, 80, 85, 116, 117, 118, 130, 133, 142, 193, 194, 195, 208, 230, 286, 313, 374, 375, 392, 393, 400, 464, 465, 470, 483, 497], "summary": {"covered_lines": 48, "num_statements": 199, "percent_covered": 24.12060301507538, "percent_covered_display": "24", "missing_lines": 151, "excluded_lines": 0}, "missing_lines": [23, 40, 60, 78, 81, 82, 83, 91, 92, 94, 95, 96, 99, 100, 107, 108, 109, 111, 112, 113, 131, 138, 139, 140, 148, 149, 150, 151, 160, 161, 162, 167, 168, 170, 175, 176, 177, 178, 179, 180, 182, 183, 184, 185, 186, 188, 189, 190, 224, 225, 226, 227, 228, 237, 244, 245, 261, 262, 265, 266, 269, 270, 272, 274, 275, 276, 283, 284, 292, 294, 295, 296, 297, 300, 301, 302, 304, 323, 328, 329, 330, 334, 342, 344, 345, 346, 347, 348, 358, 359, 362, 372, 377, 379, 380, 383, 384, 387, 389, 390, 395, 396, 397, 398, 412, 415, 416, 417, 419, 420, 421, 422, 427, 428, 429, 430, 431, 432, 433, 434, 435, 439, 440, 441, 442, 443, 444, 445, 448, 456, 457, 458, 459, 460, 461, 477, 478, 479, 480, 481, 484, 485, 488, 489, 490, 491, 492, 493, 494, 495, 498], "excluded_lines": []}, "gradio/helpers.py": {"executed_lines": [1, 5, 7, 8, 9, 10, 11, 12, 13, 14, 15, 16, 17, 19, 20, 21, 22, 23, 25, 26, 27, 28, 29, 30, 32, 35, 38, 78, 79, 80, 90, 276, 316, 331, 340, 367, 392, 410, 428, 525, 555, 588, 589, 608, 609, 610, 627, 640, 643, 646, 670, 700, 729, 745, 759, 760, 768, 826, 839, 953, 985, 989, 990, 1228, 1244, 1245, 1264, 1265], "summary": {"covered_lines": 65, "num_statements": 593, "percent_covered": 10.961214165261383, "percent_covered_display": "11", "missing_lines": 528, "excluded_lines": 0}, "missing_lines": [33, 56, 74, 75, 125, 126, 130, 131, 132, 133, 134, 136, 137, 138, 139, 141, 142, 143, 145, 148, 149, 151, 153, 154, 157, 159, 160, 161, 163, 164, 165, 166, 168, 170, 171, 172, 175, 176, 179, 180, 181, 182, 185, 186, 187, 188, 190, 195, 196, 197, 202, 208, 209, 210, 211, 212, 213, 214, 215, 217, 220, 225, 226, 227, 228, 229, 230, 231, 232, 233, 234, 235, 237, 238, 239, 240, 241, 242, 243, 244, 245, 250, 251, 253, 258, 260, 261, 270, 271, 272, 273, 274, 280, 281, 282, 283, 287, 292, 293, 303, 304, 305, 306, 307, 313, 314, 323, 325, 326, 327, 328, 329, 332, 333, 334, 335, 336, 337, 338, 341, 342, 343, 344, 351, 352, 353, 354, 355, 361, 365, 368, 372, 373, 377, 378, 379, 380, 382, 383, 393, 394, 395, 396, 397, 398, 399, 400, 402, 403, 404, 405, 406, 407, 408, 411, 412, 413, 414, 415, 416, 417, 418, 420, 421, 422, 423, 424, 425, 426, 432, 433, 434, 435, 439, 440, 441, 442, 444, 445, 446, 447, 448, 449, 451, 452, 454, 455, 456, 457, 458, 459, 461, 463, 466, 468, 478, 479, 480, 481, 482, 483, 484, 485, 486, 491, 492, 493, 496, 497, 498, 500, 505, 507, 508, 511, 513, 523, 530, 531, 532, 533, 534, 535, 536, 537, 538, 539, 543, 546, 547, 548, 549, 550, 551, 552, 558, 560, 561, 562, 563, 564, 565, 566, 567, 568, 569, 572, 573, 576, 577, 578, 579, 581, 585, 599, 600, 601, 602, 603, 604, 605, 635, 636, 637, 638, 641, 644, 650, 651, 652, 653, 657, 658, 659, 660, 661, 662, 663, 664, 665, 666, 668, 686, 687, 688, 689, 690, 692, 693, 698, 716, 717, 718, 719, 720, 721, 722, 723, 724, 727, 735, 736, 737, 738, 739, 740, 741, 743, 749, 750, 751, 752, 753, 754, 755, 757, 761, 762, 763, 764, 765, 769, 770, 771, 772, 774, 777, 778, 779, 780, 781, 783, 784, 785, 786, 788, 789, 790, 791, 793, 794, 795, 796, 798, 799, 800, 801, 804, 805, 806, 807, 808, 809, 810, 811, 812, 813, 816, 817, 818, 819, 820, 822, 823, 827, 828, 829, 830, 856, 857, 858, 859, 860, 861, 862, 863, 864, 865, 866, 867, 868, 869, 870, 871, 872, 873, 874, 875, 876, 877, 887, 889, 898, 899, 904, 905, 906, 907, 910, 913, 914, 915, 924, 925, 928, 929, 934, 935, 936, 937, 940, 941, 942, 943, 944, 945, 946, 947, 949, 950, 975, 976, 977, 978, 979, 980, 981, 982, 986, 1015, 1016, 1018, 1019, 1020, 1022, 1023, 1024, 1026, 1027, 1029, 1030, 1031, 1033, 1036, 1037, 1039, 1040, 1041, 1042, 1043, 1044, 1045, 1046, 1052, 1053, 1054, 1055, 1056, 1057, 1058, 1059, 1061, 1062, 1064, 1070, 1071, 1072, 1073, 1074, 1076, 1077, 1086, 1088, 1089, 1090, 1091, 1092, 1094, 1095, 1097, 1098, 1099, 1102, 1103, 1104, 1105, 1107, 1108, 1109, 1110, 1111, 1117, 1118, 1119, 1122, 1123, 1126, 1127, 1129, 1130, 1133, 1134, 1135, 1136, 1137, 1139, 1140, 1148, 1157, 1159, 1160, 1186, 1187, 1208, 1224, 1225, 1229, 1231, 1232, 1233, 1236, 1237, 1238, 1239, 1240, 1241, 1261, 1281], "excluded_lines": []}, "gradio/http_server.py": {"executed_lines": [1, 3, 4, 5, 6, 7, 8, 10, 11, 13, 14, 15, 17, 22, 23, 24, 26, 27, 30, 31, 32, 35, 36, 46, 49, 63, 71], "summary": {"covered_lines": 27, "num_statements": 78, "percent_covered": 34.61538461538461, "percent_covered_display": "35", "missing_lines": 51, "excluded_lines": 0}, "missing_lines": [18, 39, 40, 41, 42, 43, 44, 47, 50, 51, 52, 53, 54, 55, 56, 57, 58, 59, 64, 65, 66, 67, 68, 95, 96, 98, 99, 104, 105, 107, 109, 115, 116, 119, 120, 124, 125, 129, 138, 139, 140, 148, 149, 150, 151, 152, 154, 158, 159, 161, 163], "excluded_lines": []}, "gradio/image_utils.py": {"executed_lines": [1, 3, 4, 6, 7, 9, 11, 14, 50, 79], "summary": {"covered_lines": 10, "num_statements": 48, "percent_covered": 20.833333333333332, "percent_covered_display": "21", "missing_lines": 38, "excluded_lines": 0}, "missing_lines": [22, 23, 24, 25, 26, 27, 28, 29, 30, 34, 35, 41, 43, 53, 54, 57, 58, 59, 63, 64, 67, 68, 69, 70, 72, 76, 80, 81, 83, 84, 85, 87, 88, 90, 91, 93, 97, 99], "excluded_lines": []}, "gradio/interface.py": {"executed_lines": [1, 5, 7, 8, 9, 10, 11, 12, 14, 16, 17, 18, 27, 28, 29, 30, 31, 32, 33, 35, 40, 41, 42, 62, 64, 65, 71, 72, 96, 523, 531, 534, 591, 645, 649, 764, 789, 856, 875, 878, 890, 891, 892, 900, 946], "summary": {"covered_lines": 42, "num_statements": 363, "percent_covered": 11.570247933884298, "percent_covered_display": "12", "missing_lines": 321, "excluded_lines": 0}, "missing_lines": [36, 37, 69, 88, 89, 91, 92, 93, 94, 170, 181, 182, 183, 184, 185, 186, 187, 188, 189, 190, 191, 192, 194, 195, 198, 199, 203, 204, 205, 206, 207, 208, 210, 212, 215, 219, 220, 221, 222, 226, 227, 228, 229, 230, 232, 234, 235, 237, 238, 242, 244, 248, 252, 253, 257, 258, 261, 262, 268, 271, 274, 279, 280, 281, 285, 286, 289, 290, 292, 296, 297, 298, 301, 304, 306, 307, 308, 309, 310, 311, 313, 314, 315, 316, 317, 319, 321, 322, 324, 325, 326, 327, 332, 336, 337, 338, 339, 345, 349, 350, 351, 352, 357, 361, 365, 366, 367, 368, 373, 374, 375, 376, 377, 382, 383, 384, 385, 386, 388, 393, 394, 395, 396, 399, 400, 401, 402, 404, 408, 409, 411, 412, 414, 415, 416, 417, 419, 420, 421, 423, 424, 426, 428, 429, 430, 431, 432, 433, 434, 435, 436, 437, 438, 439, 440, 443, 444, 445, 446, 447, 450, 451, 452, 454, 456, 457, 458, 459, 460, 462, 468, 469, 471, 478, 480, 481, 486, 493, 497, 504, 505, 506, 507, 509, 510, 512, 513, 514, 515, 517, 518, 519, 521, 524, 525, 528, 529, 532, 543, 545, 546, 547, 548, 549, 550, 551, 552, 553, 554, 555, 559, 560, 561, 567, 570, 571, 572, 573, 574, 578, 579, 580, 581, 582, 583, 601, 602, 609, 610, 611, 612, 613, 614, 615, 616, 617, 626, 627, 628, 629, 630, 631, 632, 634, 635, 637, 646, 647, 652, 653, 654, 655, 656, 659, 670, 671, 672, 673, 674, 675, 676, 677, 678, 690, 691, 692, 693, 695, 701, 702, 704, 705, 707, 732, 740, 748, 750, 769, 770, 795, 804, 806, 807, 810, 818, 820, 821, 823, 825, 826, 827, 830, 831, 840, 848, 857, 858, 861, 864, 876, 879, 880, 881, 882, 883, 884, 885, 886, 887, 924, 933, 934, 935, 936, 937, 940, 941, 942, 943, 947, 948], "excluded_lines": []}, "gradio/ipython_ext.py": {"executed_lines": [1, 2, 6, 10, 11, 12, 15, 16, 21, 26, 30, 31, 33, 38, 39, 42, 43, 48, 49, 52, 55, 59], "summary": {"covered_lines": 20, "num_statements": 56, "percent_covered": 35.714285714285715, "percent_covered_display": "36", "missing_lines": 36, "excluded_lines": 0}, "missing_lines": [7, 8, 22, 23, 24, 27, 34, 35, 36, 40, 44, 45, 46, 50, 53, 56, 60, 62, 63, 64, 71, 72, 73, 76, 78, 79, 80, 81, 82, 83, 84, 85, 86, 87, 89, 90], "excluded_lines": []}, "gradio/layouts/__init__.py": {"executed_lines": [1, 2, 3, 4, 5, 6, 8], "summary": {"covered_lines": 7, "num_statements": 7, "percent_covered": 100.0, "percent_covered_display": "100", "missing_lines": 0, "excluded_lines": 0}, "missing_lines": [], "excluded_lines": []}, "gradio/layouts/accordion.py": {"executed_lines": [1, 3, 5, 7, 8, 10, 14, 15, 16, 23, 25], "summary": {"covered_lines": 10, "num_statements": 14, "percent_covered": 71.42857142857143, "percent_covered_display": "71", "missing_lines": 4, "excluded_lines": 0}, "missing_lines": [11, 43, 44, 45], "excluded_lines": []}, "gradio/layouts/column.py": {"executed_lines": [1, 3, 4, 6, 8, 9, 12, 13, 14, 29, 31], "summary": {"covered_lines": 10, "num_statements": 18, "percent_covered": 55.55555555555556, "percent_covered_display": "56", "missing_lines": 8, "excluded_lines": 0}, "missing_lines": [52, 53, 57, 58, 59, 60, 61, 62], "excluded_lines": []}, "gradio/layouts/form.py": {"executed_lines": [1, 3, 5, 6, 7, 9, 13, 14, 16, 36], "summary": {"covered_lines": 10, "num_statements": 22, "percent_covered": 45.45454545454545, "percent_covered_display": "45", "missing_lines": 12, "excluded_lines": 0}, "missing_lines": [10, 29, 30, 31, 37, 38, 39, 40, 41, 42, 43, 44], "excluded_lines": []}, "gradio/layouts/group.py": {"executed_lines": [1, 3, 5, 6, 9, 10, 11, 20, 22], "summary": {"covered_lines": 8, "num_statements": 9, "percent_covered": 88.88888888888889, "percent_covered_display": "89", "missing_lines": 1, "excluded_lines": 0}, "missing_lines": [37], "excluded_lines": []}, "gradio/layouts/row.py": {"executed_lines": [1, 3, 5, 7, 8, 11, 12, 13, 24, 26, 57, 58], "summary": {"covered_lines": 11, "num_statements": 17, "percent_covered": 64.70588235294117, "percent_covered_display": "65", "missing_lines": 6, "excluded_lines": 0}, "missing_lines": [45, 46, 47, 48, 49, 61], "excluded_lines": []}, "gradio/layouts/tabs.py": {"executed_lines": [1, 3, 5, 6, 7, 10, 11, 15, 17, 44, 45, 46, 59, 61, 93, 96, 100], "summary": {"covered_lines": 15, "num_statements": 24, "percent_covered": 62.5, "percent_covered_display": "62", "missing_lines": 9, "excluded_lines": 0}, "missing_lines": [34, 41, 82, 88, 89, 90, 91, 94, 97], "excluded_lines": []}, "gradio/networking.py": {"executed_lines": [1, 6, 8, 9, 10, 12, 14, 15, 17, 18, 21, 49], "summary": {"covered_lines": 11, "num_statements": 38, "percent_covered": 28.94736842105263, "percent_covered_display": "29", "missing_lines": 27, "excluded_lines": 0}, "missing_lines": [24, 29, 30, 31, 32, 33, 34, 35, 39, 40, 41, 42, 43, 44, 45, 46, 50, 51, 52, 53, 54, 55, 56, 57, 58, 59, 60], "excluded_lines": []}, "gradio/oauth.py": {"executed_lines": [1, 3, 4, 5, 6, 7, 8, 10, 11, 12, 14, 16, 17, 18, 19, 22, 53, 132, 169, 187, 194, 195, 196, 225, 226, 227, 228, 230, 238, 239, 240, 270, 271, 272, 275], "summary": {"covered_lines": 33, "num_statements": 117, "percent_covered": 28.205128205128204, "percent_covered_display": "28", "missing_lines": 84, "excluded_lines": 0}, "missing_lines": [23, 24, 25, 26, 34, 35, 37, 42, 45, 55, 56, 57, 58, 59, 65, 69, 70, 71, 72, 73, 74, 75, 76, 79, 80, 89, 90, 93, 94, 96, 97, 99, 100, 101, 107, 108, 109, 115, 117, 118, 119, 122, 123, 125, 126, 128, 129, 138, 143, 146, 147, 150, 151, 155, 156, 158, 159, 161, 162, 164, 165, 166, 170, 172, 175, 177, 180, 181, 183, 184, 190, 191, 231, 232, 233, 234, 235, 276, 277, 278, 285, 286, 287, 293], "excluded_lines": []}, "gradio/pipelines.py": {"executed_lines": [1, 4, 6, 8, 14, 19, 89], "summary": {"covered_lines": 6, "num_statements": 49, "percent_covered": 12.244897959183673, "percent_covered_display": "12", "missing_lines": 43, "excluded_lines": 0}, "missing_lines": [15, 16, 29, 30, 31, 32, 34, 38, 39, 40, 41, 42, 45, 53, 55, 58, 62, 64, 65, 67, 68, 69, 70, 72, 74, 75, 76, 77, 80, 86, 90, 91, 93, 95, 96, 97, 98, 100, 101, 102, 108, 110, 116], "excluded_lines": []}, "gradio/pipelines_utils.py": {"executed_lines": [1, 6, 8, 9, 11, 14, 189, 481], "summary": {"covered_lines": 7, "num_statements": 122, "percent_covered": 5.737704918032787, "percent_covered_display": "6", "missing_lines": 115, "excluded_lines": 0}, "missing_lines": [15, 16, 17, 18, 22, 23, 24, 28, 29, 35, 36, 42, 43, 49, 50, 56, 57, 65, 66, 78, 79, 85, 86, 92, 93, 99, 100, 106, 107, 113, 114, 132, 133, 142, 143, 152, 153, 161, 162, 186, 190, 191, 192, 193, 197, 198, 199, 201, 202, 232, 233, 274, 275, 319, 320, 361, 362, 390, 391, 436, 437, 478, 482, 483, 484, 485, 490, 491, 497, 498, 513, 514, 532, 533, 542, 543, 549, 550, 568, 569, 576, 577, 587, 588, 600, 601, 609, 610, 616, 617, 628, 629, 646, 647, 653, 654, 675, 676, 684, 685, 695, 696, 706, 707, 721, 722, 733, 734, 740, 741, 756, 757, 769, 770, 798], "excluded_lines": []}, "gradio/processing_utils.py": {"executed_lines": [1, 3, 4, 5, 6, 7, 8, 9, 10, 11, 12, 13, 14, 16, 17, 18, 19, 20, 22, 23, 24, 26, 27, 28, 30, 95, 96, 98, 99, 101, 103, 111, 123, 133, 142, 147, 157, 168, 174, 183, 187, 195, 201, 207, 215, 229, 236, 246, 254, 270, 289, 307, 335, 344, 412, 484, 496, 528, 551, 564, 603, 885, 893, 922, 946], "summary": {"covered_lines": 65, "num_statements": 476, "percent_covered": 13.655462184873949, "percent_covered_display": "14", "missing_lines": 411, "excluded_lines": 0}, "missing_lines": [31, 32, 35, 36, 37, 39, 40, 42, 43, 44, 46, 47, 48, 49, 50, 52, 60, 66, 68, 69, 70, 72, 73, 75, 76, 80, 81, 82, 83, 84, 87, 93, 104, 113, 114, 115, 117, 119, 120, 125, 134, 135, 136, 137, 138, 139, 143, 144, 149, 150, 151, 152, 154, 158, 159, 160, 162, 163, 164, 165, 169, 170, 171, 175, 176, 177, 178, 179, 180, 184, 188, 189, 190, 191, 192, 196, 197, 198, 202, 203, 204, 208, 209, 210, 211, 212, 221, 222, 223, 224, 225, 226, 232, 233, 239, 240, 241, 242, 243, 247, 248, 249, 250, 251, 257, 258, 259, 261, 262, 264, 265, 267, 273, 274, 275, 276, 277, 279, 280, 283, 284, 286, 292, 293, 294, 295, 296, 298, 299, 300, 301, 302, 304, 313, 314, 315, 317, 318, 319, 320, 321, 323, 325, 327, 328, 329, 330, 332, 341, 364, 365, 370, 371, 372, 373, 374, 376, 379, 380, 381, 384, 385, 386, 387, 388, 389, 390, 392, 393, 394, 395, 396, 399, 401, 402, 404, 406, 407, 409, 432, 433, 438, 439, 440, 441, 442, 444, 447, 448, 449, 452, 453, 456, 457, 458, 459, 460, 462, 463, 464, 465, 466, 469, 471, 472, 474, 476, 477, 479, 485, 486, 487, 488, 489, 490, 491, 493, 508, 509, 510, 511, 513, 515, 516, 517, 518, 519, 520, 529, 530, 531, 532, 533, 540, 541, 542, 543, 544, 545, 546, 547, 548, 552, 553, 554, 560, 561, 566, 567, 568, 569, 570, 571, 572, 573, 574, 575, 576, 577, 578, 579, 580, 581, 582, 583, 584, 585, 586, 587, 588, 589, 591, 595, 646, 657, 673, 675, 690, 696, 698, 717, 718, 719, 720, 721, 722, 724, 725, 726, 727, 729, 730, 731, 733, 734, 735, 736, 738, 739, 740, 744, 745, 746, 747, 748, 749, 751, 752, 753, 754, 756, 757, 758, 759, 760, 761, 762, 763, 764, 775, 776, 777, 778, 780, 781, 782, 783, 784, 785, 788, 789, 792, 793, 794, 795, 796, 799, 800, 802, 804, 805, 808, 812, 813, 814, 816, 821, 822, 823, 824, 825, 826, 828, 833, 834, 835, 838, 840, 844, 847, 852, 853, 855, 858, 859, 861, 862, 865, 868, 869, 870, 871, 872, 875, 876, 878, 879, 880, 881, 882, 886, 888, 890, 901, 903, 904, 905, 909, 910, 911, 912, 918, 919, 924, 926, 927, 928, 929, 931, 936, 937, 938, 939, 942, 943, 947, 948, 951, 964, 965, 967], "excluded_lines": []}, "gradio/queueing.py": {"executed_lines": [1, 3, 4, 5, 6, 7, 8, 9, 10, 11, 12, 14, 15, 17, 18, 21, 22, 23, 33, 35, 39, 40, 60, 61, 69, 70, 75, 81, 82, 117, 126, 150, 153, 156, 167, 189, 195, 234, 239, 242, 249, 274, 317, 339, 364, 381, 402, 412, 463, 468, 631], "summary": {"covered_lines": 51, "num_statements": 365, "percent_covered": 13.972602739726028, "percent_covered_display": "14", "missing_lines": 314, "excluded_lines": 0}, "missing_lines": [36, 48, 49, 50, 51, 52, 53, 54, 55, 56, 57, 62, 63, 64, 65, 66, 71, 72, 73, 76, 77, 78, 91, 94, 95, 96, 97, 98, 99, 100, 101, 102, 103, 106, 107, 108, 109, 110, 111, 112, 113, 118, 119, 121, 122, 123, 124, 127, 128, 130, 131, 133, 134, 135, 138, 141, 144, 148, 151, 154, 161, 162, 163, 164, 165, 177, 178, 179, 182, 183, 185, 187, 190, 191, 192, 193, 198, 199, 200, 201, 206, 213, 214, 215, 216, 217, 218, 219, 220, 221, 222, 223, 224, 225, 228, 230, 232, 235, 236, 237, 240, 243, 244, 245, 246, 247, 250, 251, 252, 253, 254, 258, 259, 260, 261, 262, 263, 269, 270, 272, 275, 276, 277, 278, 279, 281, 282, 283, 286, 287, 289, 290, 291, 292, 293, 294, 295, 298, 301, 308, 309, 310, 312, 314, 315, 323, 324, 328, 329, 330, 332, 333, 334, 335, 337, 344, 345, 346, 347, 348, 349, 350, 351, 352, 353, 360, 361, 362, 370, 373, 374, 375, 379, 384, 385, 386, 387, 388, 390, 391, 392, 393, 394, 395, 397, 398, 406, 407, 408, 409, 410, 415, 416, 417, 419, 420, 421, 422, 423, 424, 425, 426, 429, 430, 431, 435, 436, 441, 449, 450, 456, 457, 458, 459, 461, 464, 471, 472, 473, 474, 475, 476, 484, 485, 486, 488, 489, 490, 491, 492, 493, 494, 495, 496, 497, 499, 500, 503, 504, 506, 507, 508, 509, 511, 515, 522, 523, 526, 527, 534, 535, 536, 537, 538, 539, 540, 541, 548, 549, 550, 551, 552, 553, 554, 555, 562, 563, 564, 565, 566, 573, 574, 575, 576, 578, 579, 580, 582, 583, 584, 585, 586, 587, 591, 592, 593, 594, 595, 596, 603, 604, 605, 608, 609, 611, 612, 613, 614, 615, 616, 617, 618, 623, 624, 629, 633, 634, 635, 636, 638, 639, 640, 641, 642], "excluded_lines": []}, "gradio/ranged_response.py": {"executed_lines": [3, 5, 6, 7, 8, 9, 11, 12, 13, 14, 15, 16, 17, 19, 22, 23, 24, 26, 29, 33, 34, 35, 37, 47, 48, 50, 84, 95, 147, 148, 168], "summary": {"covered_lines": 31, "num_statements": 103, "percent_covered": 30.097087378640776, "percent_covered_display": "30", "missing_lines": 72, "excluded_lines": 0}, "missing_lines": [27, 30, 38, 39, 41, 42, 44, 60, 61, 64, 65, 66, 67, 68, 69, 70, 71, 72, 73, 74, 75, 76, 80, 81, 82, 85, 86, 87, 88, 89, 92, 93, 96, 97, 98, 99, 100, 101, 105, 106, 107, 109, 110, 112, 113, 114, 121, 122, 126, 128, 129, 132, 134, 135, 136, 137, 138, 155, 157, 158, 162, 165, 166, 174, 175, 177, 179, 180, 181, 183, 185, 187], "excluded_lines": []}, "gradio/route_utils.py": {"executed_lines": [1, 3, 4, 5, 6, 7, 8, 9, 10, 11, 12, 13, 14, 15, 16, 17, 18, 29, 31, 32, 33, 34, 35, 36, 37, 38, 39, 40, 41, 43, 44, 45, 46, 47, 49, 54, 55, 60, 67, 70, 73, 80, 88, 93, 96, 99, 102, 105, 109, 110, 111, 130, 150, 156, 169, 170, 173, 184, 212, 236, 248, 305, 351, 358, 359, 361, 373, 374, 375, 376, 379, 380, 381, 382, 385, 386, 389, 390, 393, 394, 395, 397, 401, 420, 425, 430, 434, 443, 444, 455, 457, 486, 489, 502, 517, 520, 523, 533, 566, 569, 632, 637, 650, 654, 662, 680, 684, 700, 715, 725, 731, 746, 756, 757, 762, 785, 794, 795, 804, 811, 812, 823], "summary": {"covered_lines": 118, "num_statements": 467, "percent_covered": 25.26766595289079, "percent_covered_display": "25", "missing_lines": 349, "excluded_lines": 0}, "missing_lines": [50, 51, 61, 62, 63, 64, 65, 68, 71, 74, 75, 76, 78, 81, 82, 83, 84, 85, 86, 89, 90, 91, 94, 97, 100, 103, 106, 145, 146, 147, 148, 151, 152, 154, 157, 158, 160, 161, 162, 163, 166, 174, 175, 176, 177, 179, 181, 193, 194, 195, 196, 197, 199, 203, 204, 205, 209, 213, 214, 215, 216, 222, 223, 224, 225, 226, 228, 230, 231, 233, 240, 241, 245, 255, 257, 258, 259, 261, 262, 264, 265, 266, 268, 269, 270, 283, 284, 285, 286, 287, 288, 289, 290, 291, 292, 295, 296, 297, 299, 300, 302, 322, 323, 324, 325, 326, 328, 329, 331, 332, 333, 334, 335, 336, 337, 339, 340, 341, 342, 344, 345, 346, 348, 352, 353, 354, 355, 369, 370, 398, 399, 402, 403, 404, 406, 407, 409, 410, 411, 413, 421, 422, 423, 426, 427, 428, 431, 432, 435, 436, 437, 438, 439, 440, 468, 469, 470, 471, 472, 473, 474, 475, 476, 477, 478, 479, 480, 481, 482, 483, 484, 487, 490, 491, 492, 497, 498, 500, 503, 504, 511, 515, 518, 521, 524, 525, 526, 527, 530, 531, 534, 535, 536, 539, 540, 543, 544, 545, 546, 549, 550, 551, 552, 559, 560, 561, 564, 567, 571, 572, 573, 
[...]
37, 2738, 2739, 2741, 2742, 2743, 2745, 2746, 2747, 2748, 2749, 2750, 2751, 2753, 2754, 2755, 2756, 2757, 2758, 2759, 2761, 2762, 2765, 2766, 2767, 2768, 2769, 2773, 2774, 2775, 2777, 2778, 2784, 2785, 2788, 2789, 2790, 2791, 2828, 2829, 2837, 2838, 2839, 2840, 2841, 2842, 2843, 2844, 2845, 2847, 2848, 2849, 2851, 2852, 2853, 2854, 2855, 2856, 2857, 2859, 2860, 2861, 2862, 2863, 2865, 2866, 2877, 2878, 2879, 2880, 2881, 2883, 2884, 2886, 2887, 2892, 2893, 2896, 2897, 2901, 2903, 2904, 2906, 2917, 2918, 2919, 2920, 2921, 2923, 2941, 2942, 2943, 2946, 2947, 2948, 2951, 2952, 2956, 2958, 2959, 2960, 2961, 2962, 2964, 2965, 2966, 2967, 2969, 2970, 2971, 2973, 2975, 2976, 2977, 2978, 2979, 2981, 2982, 2983, 2984, 2986, 2987, 2988, 2990, 2991, 2992, 2993, 2994, 2995, 2996, 2997, 2999, 3000, 3002, 3007, 3010, 3011, 3012, 3013, 3016, 3017, 3018, 3019, 3020, 3021, 3022, 3024, 3025, 3026, 3027, 3028, 3029, 3030, 3033, 3036, 3037, 3038, 3044, 3045, 3046, 3047, 3048, 3049, 3050, 3053, 3054, 3055, 3056, 3057, 3058, 3060, 3061, 3064, 3065, 3066, 3067, 3068, 3069, 3071, 3072, 3073, 3079, 3080, 3081, 3082, 3083, 3084], "excluded_lines": []}, "test/test_custom_component_compatibility.py": {"executed_lines": [1, 6, 8], "summary": {"covered_lines": 2, "num_statements": 6, "percent_covered": 33.333333333333336, "percent_covered_display": "33", "missing_lines": 4, "excluded_lines": 0}, "missing_lines": [11, 12, 13, 14], "excluded_lines": []}, "test/test_events.py": {"executed_lines": [1, 2, 3, 5, 6, 8, 11, 12, 25, 45, 76, 113, 132, 155, 156, 168], "summary": {"covered_lines": 16, "num_statements": 113, "percent_covered": 14.15929203539823, "percent_covered_display": "14", "missing_lines": 97, "excluded_lines": 0}, "missing_lines": [13, 14, 16, 17, 21, 23, 26, 27, 28, 30, 31, 33, 35, 36, 38, 42, 43, 46, 47, 49, 50, 52, 53, 55, 56, 57, 58, 60, 64, 65, 66, 67, 69, 70, 71, 73, 74, 77, 78, 79, 80, 82, 83, 85, 92, 93, 94, 95, 96, 98, 99, 100, 102, 107, 114, 116, 118, 119, 121, 122, 123, 127, 128, 129, 130, 133, 135, 137, 138, 140, 141, 142, 146, 147, 149, 150, 151, 152, 157, 158, 159, 161, 162, 164, 165, 170, 173, 174, 175, 176, 177, 180, 181, 182, 183, 184, 185], "excluded_lines": []}, "test/test_external.py": {"executed_lines": [1, 2, 3, 4, 5, 6, 8, 9, 10, 11, 13, 14, 15, 16, 17, 19, 29, 31, 33, 36, 37, 48, 59, 72, 81, 90, 99, 110, 117, 128, 137, 146, 157, 168, 179, 188, 192, 198, 205, 212, 220, 224, 232, 240, 248, 262, 288, 296, 307, 308, 319, 330, 342, 355, 356, 365, 376, 384, 389, 398, 402, 430, 450, 459, 468, 469, 483, 493, 502, 508, 519], "summary": {"covered_lines": 71, "num_statements": 305, "percent_covered": 23.278688524590162, "percent_covered_display": "23", "missing_lines": 234, "excluded_lines": 0}, "missing_lines": [38, 39, 44, 45, 46, 49, 50, 55, 56, 57, 60, 61, 64, 65, 66, 67, 73, 74, 77, 78, 79, 82, 83, 86, 87, 88, 91, 92, 95, 96, 97, 100, 101, 106, 107, 108, 111, 112, 113, 114, 115, 118, 119, 122, 123, 124, 125, 126, 129, 130, 133, 134, 135, 138, 139, 142, 143, 144, 147, 148, 153, 154, 155, 158, 159, 164, 165, 166, 169, 170, 175, 176, 177, 180, 181, 184, 185, 186, 189, 190, 193, 194, 195, 196, 199, 200, 201, 202, 203, 206, 207, 208, 209, 210, 213, 214, 215, 216, 217, 218, 221, 222, 225, 226, 227, 228, 229, 230, 233, 234, 235, 236, 237, 238, 241, 242, 243, 244, 245, 246, 249, 250, 251, 252, 253, 257, 258, 259, 260, 263, 264, 265, 266, 267, 268, 270, 271, 272, 276, 277, 278, 279, 284, 286, 289, 290, 291, 292, 293, 294, 297, 300, 301, 302, 303, 304, 305, 309, 313, 314, 315, 316, 317, 320, 321, 325, 328, 331, 334, 335, 336, 337, 340, 343, 347, 348, 349, 350, 351, 352, 357, 358, 359, 366, 367, 370, 377, 378, 385, 386, 387, 391, 392, 395, 396, 399, 403, 421, 422, 423, 425, 426, 427, 431, 435, 439, 443, 447, 451, 454, 455, 456, 461, 462, 464, 465, 470, 471, 473, 474, 476, 477, 494, 497, 498, 499, 503, 504, 505, 510, 511, 520, 521, 524], "excluded_lines": []}, "test/test_flagging.py": {"executed_lines": [1, 2, 3, 4, 6, 8, 9, 11, 14, 15, 25, 43, 51, 52, 69, 70, 74, 75, 76, 83, 87, 88, 89, 90, 91, 113, 117, 118, 119, 120, 121, 147, 148, 163, 164, 172, 178, 186], "summary": {"covered_lines": 38, "num_statements": 106, "percent_covered": 35.84905660377358, "percent_covered_display": "36", "missing_lines": 68, "excluded_lines": 0}, "missing_lines": [16, 17, 18, 19, 20, 21, 22, 23, 26, 27, 28, 35, 36, 37, 38, 39, 40, 41, 44, 45, 46, 47, 48, 53, 54, 61, 62, 63, 64, 65, 66, 77, 78, 79, 80, 81, 94, 95, 102, 103, 104, 105, 106, 107, 108, 109, 124, 125, 134, 135, 136, 137, 138, 139, 140, 141, 149, 150, 151, 152, 159, 160, 173, 174, 175, 176, 187, 188], "excluded_lines": []}, "test/test_gradio_component_cli.py": {"executed_lines": [1, 2, 3, 5, 7, 8, 9, 10, 11, 12, 15, 39, 68, 91, 106, 121, 128, 138, 139, 140, 179, 195, 224], "summary": {"covered_lines": 23, "num_statements": 84, "percent_covered": 27.38095238095238, "percent_covered_display": "27", "missing_lines": 61, "excluded_lines": 0}, "missing_lines": [40, 48, 49, 60, 61, 62, 65, 69, 72, 73, 76, 79, 83, 84, 88, 92, 96, 107, 115, 116, 117, 118, 122, 125, 129, 130, 131, 132, 133, 134, 135, 142, 143, 144, 147, 150, 152, 154, 155, 156, 157, 158, 160, 163, 167, 168, 170, 171, 172, 173, 175, 176, 180, 188, 192, 196, 203, 204, 221, 225, 229], "excluded_lines": []}, "test/test_helpers.py": {"executed_lines": [1, 2, 3, 4, 5, 6, 7, 8, 9, 11, 12, 13, 14, 15, 16, 17, 19, 20, 23, 24, 25, 40, 52, 62, 78, 82, 101, 132, 152, 153, 154, 158, 165, 172, 209, 210, 211, 222, 255, 266, 280, 294, 309, 326, 341, 363, 378, 437, 454, 471, 491, 549, 577, 595, 620, 654, 670, 671, 672, 716, 717, 764, 765, 766, 802, 803, 837, 838, 839], "summary": {"covered_lines": 69, "num_statements": 414, "percent_covered": 16.666666666666668, "percent_covered_display": "17", "missing_lines": 345, "excluded_lines": 0}, "missing_lines": [26, 27, 29, 30, 32, 33, 41, 44, 45, 53, 54, 55, 56, 57, 63, 66, 71, 75, 76, 79, 80, 83, 84, 85, 87, 96, 97, 102, 103, 112, 113, 114, 116, 125, 126, 127, 133, 134, 135, 136, 137, 139, 146, 147, 148, 149, 155, 156, 159, 163, 166, 169, 173, 174, 176, 177, 178, 179, 180, 181, 182, 191, 192, 199, 201, 202, 212, 219, 220, 223, 224, 226, 227, 228, 229, 230, 231, 232, 241, 242, 248, 249, 256, 263, 264, 267, 274, 275, 276, 281, 288, 289, 295, 302, 303, 310, 311, 313, 320, 321, 327, 328, 329, 331, 338, 339, 342, 343, 345, 346, 347, 349, 356, 357, 358, 359, 360, 361, 364, 365, 366, 368, 375, 376, 381, 382, 384, 388, 389, 397, 401, 402, 410, 411, 413, 421, 422, 424, 428, 429, 438, 439, 440, 442, 451, 452, 455, 456, 457, 459, 468, 469, 472, 473, 475, 476, 477, 478, 480, 488, 489, 492, 493, 495, 496, 497, 498, 500, 506, 507, 509, 510, 529, 530, 550, 551, 553, 554, 555, 556, 558, 567, 568, 570, 571, 573, 574, 578, 579, 589, 591, 592, 596, 597, 598, 599, 600, 601, 602, 603, 610, 611, 612, 613, 614, 615, 616, 617, 621, 622, 623, 624, 625, 627, 628, 641, 642, 643, 645, 646, 647, 648, 650, 651, 659, 660, 662, 663, 665, 666, 667, 673, 674, 675, 676, 678, 679, 680, 681, 682, 683, 684, 685, 686, 688, 689, 691, 692, 694, 695, 696, 697, 701, 704, 705, 707, 718, 719, 720, 721, 723, 724, 725, 726, 727, 728, 729, 730, 731, 733, 734, 736, 737, 739, 740, 741, 742, 746, 749, 750, 752, 767, 768, 769, 770, 771, 772, 774, 775, 777, 778, 780, 781, 782, 783, 787, 790, 791, 793, 804, 805, 806, 807, 808, 809, 810, 811, 813, 814, 816, 817, 819, 820, 821, 822, 823, 826, 827, 829, 840, 841, 842, 843, 844, 846, 847, 848, 849, 850, 852, 858, 860, 861, 862, 864, 865, 866, 867, 868, 871, 872, 873, 875, 880, 881], "excluded_lines": []}, "test/test_http_server.py": {"executed_lines": [1, 3, 5, 6, 9, 11, 12], "summary": {"covered_lines": 7, "num_statements": 20, "percent_covered": 35.0, "percent_covered_display": "35", "missing_lines": 13, "excluded_lines": 0}, "missing_lines": [13, 14, 15, 16, 17, 18, 19, 21, 22, 23, 24, 25, 30], "excluded_lines": []}, "test/test_interfaces.py": {"executed_lines": [1, 2, 3, 4, 5, 6, 8, 9, 11, 12, 13, 14, 15, 16, 19, 20, 30, 31, 40, 46, 50, 58, 83, 93, 94, 105, 106, 107, 115, 124, 125, 131, 142, 143, 151, 159, 165, 171, 175, 180, 187, 188, 208, 211, 212, 213, 253], "summary": {"covered_lines": 47, "num_statements": 185, "percent_covered": 25.405405405405407, "percent_covered_display": "25", "missing_lines": 138, "excluded_lines": 0}, "missing_lines": [21, 22, 23, 24, 25, 27, 32, 33, 34, 35, 36, 37, 38, 41, 42, 43, 44, 47, 48, 51, 52, 54, 55, 56, 59, 60, 61, 63, 64, 65, 67, 68, 70, 71, 72, 73, 74, 76, 77, 79, 80, 81, 84, 87, 88, 91, 95, 96, 97, 98, 99, 100, 101, 108, 109, 110, 111, 112, 113, 116, 117, 119, 120, 121, 122, 126, 127, 128, 129, 132, 133, 136, 137, 138, 139, 140, 144, 145, 146, 147, 148, 149, 152, 153, 154, 155, 156, 157, 160, 161, 162, 163, 166, 167, 172, 173, 176, 177, 178, 181, 182, 183, 184, 189, 190, 192, 193, 194, 195, 196, 197, 199, 200, 201, 203, 214, 215, 217, 218, 220, 221, 224, 225, 228, 229, 233, 234, 237, 247, 248, 250, 254, 260, 261, 262, 263, 264, 265], "excluded_lines": []}, "test/test_networking.py": {"executed_lines": [1, 3, 5, 7, 9, 12, 13, 22, 31, 32, 37], "summary": {"covered_lines": 10, "num_statements": 30, "percent_covered": 33.333333333333336, "percent_covered_display": "33", "missing_lines": 20, "excluded_lines": 0}, "missing_lines": [14, 15, 16, 17, 18, 19, 20, 23, 24, 25, 26, 27, 28, 33, 34, 41, 42, 49, 50, 51], "excluded_lines": []}, "test/test_pipelines.py": {"executed_lines": [1, 2, 4, 5, 6], "summary": {"covered_lines": 5, "num_statements": 200, "percent_covered": 2.5, "percent_covered_display": "2", "missing_lines": 195, "excluded_lines": 0}, "missing_lines": [15, 34, 35, 41, 42, 43, 44, 45, 46, 49, 50, 51, 52, 53, 54, 57, 58, 59, 60, 61, 62, 63, 64, 65, 66, 67, 70, 71, 72, 74, 75, 76, 77, 78, 79, 82, 83, 84, 85, 86, 87, 88, 90, 91, 92, 93, 94, 95, 97, 98, 99, 100, 101, 102, 104, 105, 106, 107, 108, 109, 111, 112, 113, 114, 115, 116, 118, 119, 120, 121, 122, 123, 125, 126, 127, 128, 129, 130, 131, 132, 134, 135, 136, 137, 138, 139, 141, 142, 143, 144, 145, 146, 148, 149, 150, 151, 152, 153, 155, 156, 157, 158, 159, 160, 162, 163, 164, 165, 166, 167, 169, 170, 171, 172, 173, 174, 177, 178, 180, 181, 182, 183, 184, 185, 186, 188, 189, 190, 191, 192, 193, 194, 196, 197, 198, 199, 200, 201, 203, 204, 205, 206, 209, 210, 211, 212, 213, 214, 215, 216, 218, 219, 220, 221, 222, 223, 224, 226, 227, 228, 229, 230, 231, 232, 234, 235, 236, 237, 238, 239, 240, 242, 243, 244, 245, 246, 247, 249, 250, 251, 252, 253, 254, 255, 257, 258, 259, 260, 261, 262, 263, 265, 266, 267, 268], "excluded_lines": []}, "test/test_processing_utils.py": {"executed_lines": [1, 2, 3, 4, 5, 6, 8, 9, 10, 11, 12, 14, 17, 18, 25, 52, 79, 80, 99, 100, 106, 107, 117, 124, 131, 144, 151, 188, 198, 199, 204, 210, 231, 232, 243, 260, 269, 270, 284, 287, 290, 304, 319, 320, 336, 381], "summary": {"covered_lines": 46, "num_statements": 197, "percent_covered": 23.3502538071066, "percent_covered_display": "23", "missing_lines": 151, "excluded_lines": 0}, "missing_lines": [19, 20, 21, 22, 23, 26, 29, 30, 31, 32, 34, 37, 39, 41, 44, 46, 49, 50, 53, 54, 56, 59, 60, 61, 62, 64, 67, 69, 72, 74, 77, 81, 82, 84, 85, 86, 87, 88, 90, 91, 93, 94, 96, 97, 101, 102, 103, 108, 109, 111, 112, 113, 118, 119, 120, 121, 122, 125, 126, 127, 128, 129, 132, 133, 134, 135, 137, 140, 142, 145, 146, 147, 153, 154, 155, 158, 159, 160, 163, 166, 167, 168, 171, 173, 176, 179, 182, 186, 189, 190, 191, 192, 193, 200, 201, 202, 205, 206, 207, 208, 212, 213, 214, 216, 217, 218, 219, 221, 222, 223, 224, 226, 227, 228, 246, 248, 255, 256, 257, 258, 262, 263, 264, 265, 266, 271, 274, 277, 280, 285, 293, 298, 302, 305, 308, 311, 312, 316, 317, 323, 326, 329, 333, 337, 349, 350, 362, 363, 364, 376, 382], "excluded_lines": []}, "test/test_queueing.py": {"executed_lines": [1, 2, 4, 5, 6, 8, 11, 12, 26, 75, 84, 112, 216], "summary": {"covered_lines": 13, "num_statements": 127, "percent_covered": 10.236220472440944, "percent_covered_display": "10", "missing_lines": 114, "excluded_lines": 0}, "missing_lines": [13, 14, 15, 17, 18, 20, 22, 23, 24, 27, 28, 29, 31, 32, 33, 35, 37, 38, 39, 41, 42, 43, 44, 46, 47, 48, 49, 50, 51, 52, 54, 55, 56, 57, 58, 60, 69, 70, 72, 73, 85, 86, 87, 88, 90, 92, 93, 94, 95, 97, 98, 101, 103, 104, 105, 107, 109, 110, 113, 114, 115, 116, 118, 120, 121, 122, 123, 125, 127, 128, 129, 130, 132, 134, 140, 141, 142, 144, 146, 152, 153, 154, 156, 157, 158, 159, 160, 161, 162, 163, 164, 165, 167, 169, 174, 180, 185, 191, 196, 201, 217, 218, 219, 220, 221, 223, 224, 226, 227, 229, 230, 231, 232, 234], "excluded_lines": []}, "test/test_reload.py": {"executed_lines": [1, 2, 3, 5, 7, 8, 9, 10, 13, 20, 21, 22, 23, 24, 25, 28, 29, 30, 33, 34, 39, 40, 46, 49, 50, 54, 58], "summary": {"covered_lines": 27, "num_statements": 45, "percent_covered": 60.0, "percent_covered_display": "60", "missing_lines": 18, "excluded_lines": 0}, "missing_lines": [14, 15, 17, 31, 35, 36, 37, 41, 42, 43, 44, 47, 51, 52, 55, 56, 59, 60], "excluded_lines": []}, "test/test_routes.py": {"executed_lines": [1, 3, 4, 5, 6, 7, 8, 9, 11, 12, 13, 14, 15, 16, 17, 18, 19, 21, 22, 32, 40, 41, 50, 51, 55, 62, 66, 70, 80, 94, 102, 121, 140, 165, 171, 198, 221, 255, 281, 320, 338, 348, 366, 388, 410, 423, 437, 441, 445, 451, 455, 459, 465, 483, 499, 511, 529, 573, 574, 579, 580, 610, 638, 639, 640, 651, 652, 669, 670, 685, 700, 720, 741, 756, 776, 789, 814, 839, 848, 869, 963, 964, 965, 971, 972, 979, 1010, 1076, 1088, 1129, 1141, 1142, 1167, 1201, 1254, 1262, 1283, 1287], "summary": {"covered_lines": 97, "num_statements": 725, "percent_covered": 13.379310344827585, "percent_covered_display": "13", "missing_lines": 628, "excluded_lines": 0}, "missing_lines": [42, 43, 44, 45, 46, 47, 52, 53, 57, 58, 59, 60, 63, 64, 67, 68, 71, 72, 73, 74, 75, 76, 77, 78, 81, 82, 83, 84, 85, 86, 87, 88, 89, 90, 91, 92, 95, 98, 99, 100, 103, 104, 105, 106, 107, 109, 110, 111, 112, 113, 114, 116, 117, 118, 119, 122, 123, 124, 125, 126, 128, 129, 130, 131, 132, 133, 135, 136, 137, 138, 141, 142, 143, 144, 145, 146, 148, 149, 150, 151, 152, 153, 155, 156, 157, 158, 160, 161, 162, 163, 166, 167, 168, 169, 172, 173, 174, 175, 176, 178, 179, 180, 181, 183, 184, 185, 186, 187, 188, 190, 191, 192, 195, 196, 199, 200, 201, 202, 203, 205, 206, 207, 208, 212, 213, 214, 218, 219, 222, 223, 224, 226, 227, 228, 229, 230, 231, 233, 234, 238, 239, 240, 241, 242, 244, 245, 249, 250, 251, 252, 253, 256, 257, 258, 262, 263, 264, 265, 266, 268, 269, 270, 275, 276, 277, 278, 279, 282, 285, 286, 287, 288, 301, 302, 303, 305, 306, 308, 311, 312, 314, 317, 318, 321, 323, 326, 330, 331, 334, 335, 336, 339, 340, 341, 345, 346, 349, 350, 351, 360, 361, 362, 363, 364, 367, 368, 369, 371, 373, 376, 380, 381, 384, 385, 386, 389, 391, 392, 393, 395, 398, 402, 403, 406, 407, 408, 411, 412, 414, 415, 419, 420, 421, 424, 426, 427, 429, 431, 433, 434, 435, 438, 439, 442, 443, 446, 447, 448, 449, 452, 453, 456, 457, 462, 463, 466, 467, 468, 469, 470, 471, 474, 475, 476, 479, 484, 485, 486, 487, 491, 492, 495, 496, 497, 500, 501, 502, 504, 505, 506, 507, 508, 509, 512, 513, 514, 515, 519, 520, 521, 525, 526, 527, 530, 531, 532, 533, 534, 535, 536, 538, 539, 540, 541, 543, 546, 547, 548, 549, 550, 551, 553, 554, 555, 556, 557, 559, 563, 566, 567, 568, 569, 570, 575, 576, 581, 582, 586, 588, 592, 594, 598, 600, 604, 608, 611, 612, 616, 618, 623, 627, 629, 631, 635, 641, 642, 643, 645, 646, 648, 653, 655, 656, 657, 659, 660, 662, 663, 666, 671, 672, 673, 675, 678, 680, 681, 682, 683, 686, 687, 688, 690, 693, 695, 696, 697, 698, 701, 702, 703, 704, 706, 713, 715, 716, 717, 718, 721, 722, 723, 724, 725, 726, 727, 728, 729, 731, 734, 736, 737, 738, 739, 742, 743, 744, 746, 749, 751, 752, 753, 754, 757, 758, 759, 761, 764, 766, 770, 771, 772, 773, 777, 780, 781, 782, 783, 786, 790, 791, 792, 793, 794, 795, 798, 799, 802, 803, 805, 806, 807, 810, 811, 815, 816, 817, 818, 819, 822, 825, 826, 828, 831, 832, 834, 835, 836, 840, 841, 842, 843, 844, 845, 849, 860, 861, 862, 863, 864, 865, 866, 870, 871, 872, 873, 874, 875, 876, 877, 878, 879, 880, 881, 883, 884, 886, 887, 889, 890, 892, 893, 895, 898, 900, 901, 903, 905, 906, 907, 909, 910, 912, 914, 915, 916, 917, 918, 919, 920, 921, 922, 924, 925, 926, 927, 930, 933, 936, 939, 942, 945, 948, 951, 952, 956, 957, 958, 959, 960, 966, 967, 973, 974, 980, 981, 982, 984, 985, 986, 987, 996, 997, 998, 1007, 1079, 1084, 1085, 1132, 1137, 1138, 1143, 1144, 1145, 1146, 1148, 1149, 1151, 1152, 1153, 1154, 1155, 1156, 1158, 1159, 1161, 1162, 1163, 1164, 1165, 1168, 1169, 1171, 1173, 1174, 1175, 1177, 1178, 1180, 1181, 1182, 1184, 1186, 1188, 1189, 1190, 1192, 1193, 1195, 1196, 1197, 1199, 1202, 1203, 1205, 1207, 1208, 1209, 1211, 1212, 1214, 1215, 1216, 1218, 1233, 1235, 1236, 1237, 1239, 1240, 1242, 1243, 1244, 1246, 1255, 1256, 1257, 1258, 1259, 1284, 1288, 1289, 1291, 1292, 1293, 1294, 1295, 1296, 1297, 1298], "excluded_lines": []}, "test/test_theme_sharing.py": {"executed_lines": [1, 2, 4, 5, 6, 8, 9, 11, 108, 110, 118, 134, 141, 178, 181, 182, 187, 190, 195, 200, 203, 206, 212, 213, 257, 258, 263, 264, 274, 278, 279, 280, 300, 301, 307, 308, 309, 313, 314, 315, 319, 324, 325, 326, 327, 339, 340, 354, 355, 356, 357, 371, 372, 383, 384, 385, 386, 400, 401, 402, 403, 419], "summary": {"covered_lines": 62, "num_statements": 120, "percent_covered": 51.666666666666664, "percent_covered_display": "52", "missing_lines": 58, "excluded_lines": 0}, "missing_lines": [183, 188, 191, 196, 201, 204, 207, 214, 247, 254, 255, 259, 260, 275, 281, 284, 302, 305, 310, 311, 316, 317, 320, 321, 322, 328, 330, 331, 332, 333, 337, 341, 343, 345, 346, 347, 348, 352, 358, 360, 363, 364, 365, 369, 373, 375, 379, 387, 389, 392, 393, 394, 398, 404, 406, 409, 420, 421], "excluded_lines": []}, "test/test_tunneling.py": {"executed_lines": [1, 3, 6, 7, 16, 17], "summary": {"covered_lines": 6, "num_statements": 14, "percent_covered": 42.857142857142854, "percent_covered_display": "43", "missing_lines": 8, "excluded_lines": 0}, "missing_lines": [8, 9, 10, 13, 18, 19, 24, 27], "excluded_lines": []}, "test/test_utils.py": {"executed_lines": [1, 3, 4, 5, 6, 7, 8, 10, 11, 13, 14, 15, 41, 44, 45, 46, 50, 51, 55, 56, 60, 84, 89, 92, 96, 97, 105, 108, 114, 122, 131, 146, 147, 162, 169, 170, 172, 197, 198, 203, 209, 217, 218, 219, 229, 235, 236, 241, 246, 252, 253, 257, 261, 267, 271, 280, 281, 305, 315, 325, 326, 347, 348, 349, 378, 379, 388, 389, 412, 425, 436, 445, 449, 458, 462, 463, 474, 480, 486, 492, 498, 508, 519, 526, 529, 533], "summary": {"covered_lines": 85, "num_statements": 319, "percent_covered": 26.645768025078368, "percent_covered_display": "27", "missing_lines": 234, "excluded_lines": 0}, "missing_lines": [47, 48, 52, 53, 57, 58, 61, 62, 63, 66, 67, 68, 71, 72, 73, 75, 76, 77, 80, 81, 82, 85, 86, 87, 90, 93, 94, 98, 103, 106, 109, 112, 115, 120, 123, 128, 132, 133, 134, 135, 136, 137, 138, 140, 141, 142, 143, 148, 149, 153, 160, 163, 164, 165, 166, 173, 184, 194, 199, 200, 201, 204, 205, 206, 207, 210, 211, 214, 220, 221, 222, 225, 230, 231, 232, 237, 238, 239, 242, 243, 244, 247, 248, 249, 254, 255, 262, 263, 264, 265, 272, 273, 274, 275, 276, 277, 282, 283, 284, 286, 287, 288, 290, 291, 293, 294, 296, 298, 299, 300, 301, 303, 306, 307, 309, 310, 311, 312, 313, 316, 317, 319, 320, 321, 322, 327, 328, 329, 331, 332, 333, 335, 336, 338, 340, 341, 343, 344, 350, 351, 353, 354, 355, 356, 358, 359, 360, 361, 363, 364, 365, 366, 367, 368, 369, 370, 371, 372, 373, 374, 375, 376, 380, 381, 383, 384, 385, 386, 390, 391, 392, 393, 395, 396, 397, 398, 400, 401, 402, 403, 404, 405, 406, 407, 408, 409, 413, 415, 416, 417, 418, 421, 422, 426, 427, 428, 429, 430, 431, 432, 433, 446, 459, 464, 465, 467, 475, 476, 478, 481, 487, 488, 490, 493, 494, 496, 499, 500, 501, 503, 509, 510, 511, 512, 514, 520, 521, 522, 524, 527, 530, 534, 535, 536], "excluded_lines": []}}, "totals": {"covered_lines": 4649, "num_statements": 19512, "percent_covered": 23.826363263632636, "percent_covered_display": "24", "missing_lines": 14863, "excluded_lines": 2}}