{"meta": {"format": 2, "version": "7.4.4", "timestamp": "2024-04-28T19:00:33.729194", "branch_coverage": false, "show_contexts": false}, "files": {"nemo/__init__.py": {"executed_lines": [16], "summary": {"covered_lines": 1, "num_statements": 1, "percent_covered": 100.0, "percent_covered_display": "100", "missing_lines": 0, "excluded_lines": 0}, "missing_lines": [], "excluded_lines": []}, "nemo/collections/__init__.py": {"executed_lines": [1], "summary": {"covered_lines": 0, "num_statements": 0, "percent_covered": 100.0, "percent_covered_display": "100", "missing_lines": 0, "excluded_lines": 0}, "missing_lines": [], "excluded_lines": []}, "nemo/collections/asr/__init__.py": {"executed_lines": [15, 16, 19, 22, 25], "summary": {"covered_lines": 5, "num_statements": 5, "percent_covered": 100.0, "percent_covered_display": "100", "missing_lines": 0, "excluded_lines": 0}, "missing_lines": [], "excluded_lines": []}, "nemo/collections/asr/data/__init__.py": {"executed_lines": [1], "summary": {"covered_lines": 0, "num_statements": 0, "percent_covered": 100.0, "percent_covered_display": "100", "missing_lines": 0, "excluded_lines": 0}, "missing_lines": [], "excluded_lines": []}, "nemo/collections/asr/data/audio_to_audio.py": {"executed_lines": [15, 16, 17, 18, 19, 20, 22, 23, 24, 26, 27, 28, 29, 30, 31, 32, 34, 41, 106, 107, 108, 109, 110, 113, 114, 135, 145, 146, 149, 150, 156, 157, 160, 161, 164, 165, 174, 175, 192, 193, 202, 203, 221, 222, 227, 228, 241, 265, 308, 320, 346, 369, 370, 411, 412, 496, 497, 549, 550, 593, 594, 629, 630, 642, 659, 660, 679, 680, 690, 691, 692, 696, 705, 736, 757, 762, 768, 773, 774, 817, 853, 854, 879, 885, 886, 937, 993, 994, 1023, 1029, 1030, 1068, 1109, 1110], "summary": {"covered_lines": 89, "num_statements": 271, "percent_covered": 32.84132841328413, "percent_covered_display": "33", "missing_lines": 182, "excluded_lines": 0}, "missing_lines": [70, 72, 74, 75, 77, 78, 79, 81, 82, 84, 85, 87, 89, 92, 94, 96, 103, 138, 139, 141, 142, 143, 147, 151, 152, 154, 158, 162, 172, 187, 188, 190, 200, 216, 217, 219, 225, 236, 237, 239, 261, 262, 263, 286, 288, 290, 291, 293, 295, 296, 299, 300, 301, 303, 304, 306, 318, 329, 330, 332, 341, 342, 344, 356, 357, 358, 366, 367, 400, 409, 446, 447, 449, 451, 452, 456, 457, 458, 460, 461, 463, 465, 468, 469, 470, 472, 473, 476, 479, 481, 484, 485, 492, 494, 520, 522, 529, 531, 532, 533, 540, 541, 542, 544, 546, 547, 570, 571, 576, 584, 586, 587, 589, 591, 607, 609, 610, 612, 613, 615, 618, 620, 621, 623, 625, 627, 639, 640, 652, 653, 654, 655, 656, 657, 670, 671, 672, 674, 676, 699, 701, 702, 703, 725, 727, 728, 729, 730, 732, 752, 753, 755, 760, 765, 831, 836, 844, 845, 851, 868, 869, 871, 955, 961, 969, 971, 972, 978, 983, 989, 1010, 1011, 1013, 1083, 1089, 1097, 1098, 1103, 1105, 1126, 1127, 1129], "excluded_lines": []}, "nemo/collections/asr/data/audio_to_audio_dataset.py": {"executed_lines": [15, 18, 43, 72], "summary": {"covered_lines": 4, "num_statements": 10, "percent_covered": 40.0, "percent_covered_display": "40", "missing_lines": 6, "excluded_lines": 0}, "missing_lines": [27, 40, 52, 69, 81, 95], "excluded_lines": []}, "nemo/collections/asr/data/audio_to_audio_lhotse.py": {"executed_lines": [14, 16, 17, 18, 19, 20, 21, 22, 23, 25, 27, 28, 29, 30, 31, 34, 35, 42, 43, 44, 46, 64, 75, 103, 110, 198], "summary": {"covered_lines": 25, "num_statements": 103, "percent_covered": 24.271844660194176, "percent_covered_display": "24", "missing_lines": 78, "excluded_lines": 0}, "missing_lines": [47, 48, 52, 53, 54, 55, 56, 57, 58, 59, 60, 61, 65, 66, 67, 68, 69, 71, 72, 76, 77, 78, 79, 80, 81, 82, 83, 86, 87, 90, 99, 100, 104, 105, 106, 107, 131, 132, 135, 136, 137, 139, 141, 142, 143, 147, 149, 150, 151, 155, 157, 158, 159, 163, 165, 166, 167, 171, 173, 174, 175, 179, 181, 182, 183, 187, 189, 190, 192, 193, 195, 199, 200, 201, 202, 203, 206, 207], "excluded_lines": []}, "nemo/collections/asr/data/audio_to_ctm_dataset.py": {"executed_lines": [], "summary": {"covered_lines": 0, "num_statements": 50, "percent_covered": 0.0, "percent_covered_display": "0", "missing_lines": 50, "excluded_lines": 0}, "missing_lines": [15, 16, 17, 18, 19, 21, 22, 25, 26, 30, 31, 32, 33, 35, 36, 38, 39, 40, 42, 48, 51, 52, 53, 54, 55, 56, 58, 59, 60, 61, 63, 73, 74, 75, 76, 77, 81, 82, 83, 84, 85, 86, 87, 88, 89, 90, 92, 93, 94, 95], "excluded_lines": []}, "nemo/collections/asr/data/audio_to_diar_label.py": {"executed_lines": [15, 16, 17, 18, 20, 22, 23, 24, 25, 26, 29, 65, 102, 142, 143, 177, 178, 192, 230, 233, 271, 313, 349, 371, 409, 424, 425, 461, 462, 474, 507, 510, 539, 575, 609, 683, 728, 729, 761, 786, 790, 791, 827, 852], "summary": {"covered_lines": 40, "num_statements": 284, "percent_covered": 14.084507042253522, "percent_covered_display": "14", "missing_lines": 244, "excluded_lines": 0}, "missing_lines": [54, 55, 56, 57, 58, 59, 60, 61, 62, 85, 86, 87, 88, 89, 90, 91, 92, 93, 94, 95, 96, 97, 98, 99, 122, 123, 124, 126, 127, 128, 129, 130, 134, 135, 136, 137, 138, 139, 180, 190, 206, 207, 213, 214, 215, 216, 217, 218, 219, 220, 221, 222, 223, 224, 225, 226, 231, 255, 256, 257, 258, 259, 260, 261, 262, 263, 265, 266, 267, 268, 269, 292, 293, 294, 295, 296, 297, 300, 301, 302, 303, 305, 306, 307, 308, 309, 310, 311, 339, 340, 341, 342, 345, 346, 347, 365, 366, 367, 368, 369, 385, 386, 387, 388, 389, 390, 391, 394, 398, 399, 402, 403, 404, 405, 406, 407, 410, 411, 412, 413, 414, 415, 416, 417, 418, 419, 420, 421, 464, 472, 487, 488, 495, 496, 497, 498, 499, 500, 501, 502, 503, 504, 505, 508, 527, 528, 529, 530, 531, 532, 533, 536, 537, 561, 562, 564, 565, 566, 567, 570, 571, 572, 573, 576, 577, 578, 580, 581, 582, 584, 585, 587, 589, 590, 594, 595, 596, 597, 598, 599, 601, 602, 604, 606, 637, 638, 639, 640, 648, 649, 650, 652, 653, 654, 655, 656, 657, 658, 659, 660, 661, 662, 663, 665, 666, 667, 668, 669, 670, 671, 673, 674, 675, 676, 677, 678, 679, 680, 701, 702, 703, 704, 705, 707, 708, 709, 710, 711, 712, 713, 714, 715, 716, 718, 719, 721, 722, 723, 724, 725, 774, 787, 840, 853], "excluded_lines": []}, "nemo/collections/asr/data/audio_to_label.py": {"executed_lines": [14, 15, 16, 18, 19, 21, 22, 23, 24, 25, 26, 27, 28, 31, 34, 56, 65, 79, 119, 161, 211, 212, 237, 238, 267, 317, 320, 342, 343, 365, 369, 370, 407, 440, 443, 447, 448, 524, 582, 633, 663, 666, 670, 671, 738, 742, 743, 812, 850, 853, 856, 860, 861, 899, 900, 928, 983, 992, 1003, 1006, 1030, 1034, 1035, 1105, 1176, 1185, 1196, 1247, 1282, 1285, 1288], "summary": {"covered_lines": 63, "num_statements": 416, "percent_covered": 15.14423076923077, "percent_covered_display": "15", "missing_lines": 353, "excluded_lines": 0}, "missing_lines": [43, 44, 45, 46, 47, 48, 49, 50, 52, 53, 61, 62, 72, 73, 74, 75, 76, 87, 88, 89, 90, 91, 92, 94, 95, 96, 97, 98, 99, 100, 101, 102, 103, 104, 105, 106, 108, 109, 110, 112, 113, 114, 116, 127, 129, 130, 132, 133, 134, 135, 136, 138, 139, 140, 141, 142, 143, 144, 146, 148, 150, 151, 152, 154, 155, 156, 158, 170, 171, 172, 173, 174, 176, 178, 179, 180, 181, 182, 183, 184, 185, 186, 188, 189, 190, 191, 192, 193, 194, 196, 197, 198, 200, 201, 202, 204, 206, 207, 208, 242, 252, 253, 261, 265, 279, 280, 281, 282, 283, 291, 292, 293, 295, 296, 297, 298, 299, 301, 302, 303, 304, 305, 307, 308, 310, 311, 314, 315, 318, 321, 323, 325, 326, 328, 329, 331, 332, 334, 336, 338, 366, 422, 423, 424, 426, 427, 429, 441, 444, 540, 541, 548, 550, 551, 553, 554, 556, 557, 558, 559, 561, 562, 564, 571, 590, 591, 592, 593, 594, 595, 597, 598, 599, 601, 602, 603, 604, 606, 607, 609, 611, 619, 620, 622, 623, 624, 625, 626, 628, 629, 631, 636, 638, 640, 641, 643, 644, 645, 648, 649, 653, 656, 658, 659, 661, 664, 667, 739, 830, 831, 832, 833, 834, 836, 851, 854, 857, 904, 914, 915, 922, 926, 944, 945, 946, 948, 949, 951, 960, 961, 962, 963, 964, 966, 967, 968, 969, 970, 971, 972, 973, 974, 975, 977, 978, 980, 981, 984, 985, 986, 987, 988, 989, 990, 993, 995, 996, 997, 999, 1000, 1001, 1004, 1007, 1009, 1011, 1012, 1014, 1022, 1024, 1026, 1028, 1031, 1125, 1126, 1127, 1129, 1130, 1131, 1132, 1134, 1141, 1143, 1145, 1146, 1147, 1148, 1149, 1150, 1151, 1152, 1153, 1155, 1156, 1158, 1165, 1177, 1178, 1179, 1180, 1181, 1182, 1183, 1186, 1188, 1189, 1190, 1192, 1193, 1194, 1204, 1205, 1206, 1207, 1208, 1209, 1211, 1212, 1213, 1215, 1216, 1217, 1218, 1220, 1221, 1223, 1225, 1233, 1234, 1236, 1237, 1238, 1239, 1240, 1242, 1243, 1245, 1250, 1252, 1254, 1255, 1257, 1258, 1259, 1262, 1263, 1271, 1274, 1276, 1278, 1280, 1283, 1286, 1289], "excluded_lines": []}, "nemo/collections/asr/data/audio_to_label_dataset.py": {"executed_lines": [14, 16, 18, 19, 20, 21, 24, 47, 72, 133, 162, 225, 248], "summary": {"covered_lines": 13, "num_statements": 96, "percent_covered": 13.541666666666666, "percent_covered_display": "14", "missing_lines": 83, "excluded_lines": 0}, "missing_lines": [34, 44, 57, 69, 88, 89, 90, 91, 92, 94, 95, 96, 97, 98, 100, 101, 105, 108, 109, 110, 125, 126, 128, 130, 136, 137, 138, 139, 142, 143, 144, 145, 148, 150, 159, 178, 179, 180, 181, 182, 184, 185, 186, 187, 188, 190, 191, 195, 198, 199, 200, 217, 218, 220, 222, 226, 227, 229, 231, 245, 252, 253, 255, 257, 258, 259, 260, 261, 263, 264, 265, 266, 267, 269, 270, 274, 277, 278, 280, 299, 300, 302, 304], "excluded_lines": []}, "nemo/collections/asr/data/audio_to_text.py": {"executed_lines": [14, 15, 16, 17, 18, 19, 20, 22, 23, 24, 25, 26, 27, 29, 30, 31, 32, 33, 34, 35, 36, 37, 45, 46, 48, 55, 58, 112, 113, 131, 158, 162, 167, 180, 234, 355, 367, 396, 397, 422, 423, 434, 472, 475, 481, 507, 510, 514, 515, 547, 548, 559, 604, 605, 641, 642, 653, 719, 720, 811, 887, 912, 943, 946, 992, 995, 998, 1009, 1013, 1014, 1103, 1156, 1157, 1236, 1310, 1311, 1318, 1325, 1328, 1333, 1337, 1338, 1343, 1347, 1360, 1361, 1365], "summary": {"covered_lines": 79, "num_statements": 417, "percent_covered": 18.94484412470024, "percent_covered_display": "19", "missing_lines": 338, "excluded_lines": 0}, "missing_lines": [66, 67, 68, 69, 70, 71, 73, 74, 75, 76, 77, 78, 80, 81, 82, 83, 85, 86, 87, 88, 89, 90, 91, 92, 93, 94, 95, 96, 98, 99, 100, 102, 103, 104, 105, 106, 108, 109, 143, 145, 154, 155, 156, 159, 160, 163, 164, 165, 168, 170, 171, 172, 173, 174, 175, 177, 181, 182, 183, 185, 187, 188, 189, 190, 193, 194, 195, 196, 198, 200, 203, 209, 210, 211, 213, 214, 219, 220, 221, 222, 226, 227, 229, 231, 251, 252, 254, 256, 258, 262, 263, 264, 267, 270, 271, 272, 273, 275, 277, 279, 281, 282, 283, 284, 285, 286, 288, 289, 290, 291, 295, 296, 297, 298, 300, 301, 302, 306, 308, 309, 312, 313, 315, 316, 317, 319, 320, 321, 323, 324, 325, 331, 332, 334, 336, 341, 348, 374, 375, 376, 377, 379, 380, 384, 386, 393, 426, 451, 452, 455, 457, 467, 468, 469, 470, 473, 476, 477, 479, 482, 483, 485, 486, 488, 496, 498, 500, 501, 503, 505, 508, 511, 551, 580, 582, 586, 645, 668, 669, 671, 673, 674, 676, 678, 679, 681, 683, 684, 685, 686, 688, 689, 691, 692, 693, 694, 695, 696, 698, 699, 701, 832, 835, 844, 846, 858, 860, 861, 862, 863, 864, 865, 867, 875, 895, 896, 897, 898, 900, 901, 903, 904, 905, 906, 907, 908, 910, 916, 917, 918, 919, 920, 921, 922, 924, 925, 927, 928, 929, 930, 932, 933, 934, 935, 937, 939, 941, 944, 949, 952, 954, 955, 957, 958, 959, 962, 963, 970, 973, 976, 978, 980, 981, 982, 983, 984, 985, 987, 988, 990, 993, 996, 999, 1000, 1001, 1002, 1003, 1005, 1007, 1010, 1128, 1130, 1134, 1255, 1256, 1258, 1260, 1261, 1263, 1265, 1266, 1268, 1270, 1271, 1272, 1273, 1275, 1276, 1278, 1279, 1280, 1281, 1282, 1283, 1285, 1286, 1288, 1321, 1322, 1323, 1326, 1329, 1334, 1339, 1340, 1341, 1344, 1345, 1348, 1349, 1350, 1351, 1352, 1353, 1354, 1355, 1356, 1357, 1362, 1363, 1366, 1367, 1368, 1369, 1370, 1371, 1374, 1375], "excluded_lines": []}, "nemo/collections/asr/data/audio_to_text_dali.py": {"executed_lines": [15, 16, 17, 18, 19, 20, 22, 23, 25, 26, 27, 29, 30, 36, 37, 39, 44, 48, 50, 57, 82, 83, 103, 104, 107, 110, 114, 115, 147, 508, 511, 514, 517, 518, 521, 524, 568, 569, 605, 666, 667, 702], "summary": {"covered_lines": 39, "num_statements": 260, "percent_covered": 15.0, "percent_covered_display": "15", "missing_lines": 221, "excluded_lines": 0}, "missing_lines": [31, 32, 33, 35, 68, 73, 74, 75, 77, 79, 84, 85, 86, 87, 88, 89, 96, 105, 108, 111, 172, 173, 174, 177, 179, 180, 185, 186, 190, 192, 194, 195, 197, 198, 199, 201, 202, 204, 205, 206, 208, 216, 217, 218, 219, 220, 221, 223, 229, 230, 231, 232, 233, 234, 235, 236, 238, 239, 240, 241, 242, 244, 249, 250, 251, 259, 260, 262, 263, 264, 265, 270, 271, 273, 274, 275, 277, 278, 279, 280, 281, 282, 285, 286, 288, 289, 290, 295, 296, 297, 303, 306, 307, 308, 309, 310, 312, 317, 318, 319, 323, 324, 326, 327, 328, 345, 347, 348, 351, 358, 359, 365, 376, 379, 380, 382, 385, 392, 394, 395, 396, 400, 402, 404, 405, 406, 409, 410, 411, 414, 415, 418, 426, 428, 437, 438, 441, 442, 444, 449, 452, 455, 456, 458, 460, 461, 463, 465, 466, 468, 470, 471, 472, 480, 481, 484, 485, 486, 488, 489, 491, 493, 494, 505, 506, 509, 512, 515, 519, 522, 525, 526, 527, 528, 530, 531, 532, 533, 534, 536, 537, 538, 539, 540, 542, 544, 545, 548, 549, 550, 551, 553, 554, 555, 556, 558, 559, 560, 561, 563, 564, 565, 634, 636, 640, 726, 727, 729, 731, 732, 734, 736, 737, 739, 741, 742, 743, 745, 746, 747, 749], "excluded_lines": []}, "nemo/collections/asr/data/audio_to_text_dataset.py": {"executed_lines": [15, 16, 17, 18, 19, 21, 22, 23, 24, 25, 27, 28, 32, 33, 34, 37, 80, 129, 163, 212, 243, 301, 405, 487, 537, 585, 708, 845, 846, 852, 874, 879, 897, 928], "summary": {"covered_lines": 34, "num_statements": 319, "percent_covered": 10.658307210031348, "percent_covered_display": "11", "missing_lines": 285, "excluded_lines": 0}, "missing_lines": [48, 49, 52, 54, 55, 58, 60, 62, 71, 72, 76, 77, 96, 97, 99, 100, 104, 105, 106, 108, 109, 110, 112, 113, 115, 126, 140, 141, 143, 160, 183, 184, 188, 189, 190, 192, 193, 194, 195, 196, 198, 209, 226, 240, 268, 269, 270, 271, 274, 275, 276, 277, 285, 287, 298, 325, 326, 327, 328, 329, 331, 332, 333, 334, 335, 337, 338, 342, 343, 345, 346, 348, 351, 352, 353, 354, 356, 357, 379, 397, 398, 400, 402, 414, 415, 416, 417, 419, 420, 422, 426, 427, 428, 429, 431, 432, 436, 437, 440, 441, 442, 443, 444, 445, 446, 448, 450, 458, 460, 462, 484, 510, 511, 534, 561, 562, 582, 600, 601, 603, 605, 606, 610, 611, 612, 613, 616, 617, 618, 619, 620, 622, 623, 624, 626, 627, 628, 629, 630, 638, 641, 642, 643, 644, 645, 646, 649, 650, 655, 656, 658, 659, 668, 669, 672, 676, 678, 679, 680, 688, 696, 697, 698, 699, 700, 704, 705, 729, 730, 732, 734, 735, 739, 740, 741, 742, 745, 747, 748, 749, 750, 752, 753, 754, 756, 757, 758, 759, 760, 769, 772, 773, 774, 775, 776, 777, 780, 781, 786, 787, 789, 790, 799, 800, 803, 807, 809, 810, 811, 820, 829, 830, 831, 832, 833, 841, 842, 847, 848, 849, 850, 862, 863, 864, 865, 866, 867, 868, 869, 870, 871, 872, 875, 876, 880, 881, 882, 883, 884, 885, 887, 888, 889, 892, 893, 894, 898, 899, 900, 901, 904, 905, 909, 913, 914, 915, 916, 917, 918, 919, 920, 921, 923, 929, 930, 932, 934, 935, 938, 939, 940, 941, 942, 944, 945, 946, 947, 950, 951, 952, 954, 956, 960, 961, 964], "excluded_lines": []}, "nemo/collections/asr/data/audio_to_text_lhotse.py": {"executed_lines": [15, 17, 18, 19, 21, 22, 23, 26, 27, 36, 37, 46, 51, 59, 60, 64, 73, 76, 80, 83], "summary": {"covered_lines": 18, "num_statements": 38, "percent_covered": 47.36842105263158, "percent_covered_display": "47", "missing_lines": 20, "excluded_lines": 0}, "missing_lines": [38, 47, 48, 49, 52, 53, 54, 55, 56, 65, 66, 67, 68, 69, 71, 74, 77, 78, 81, 84], "excluded_lines": []}, "nemo/collections/asr/data/audio_to_text_lhotse_prompted.py": {"executed_lines": [14, 16, 17, 18, 19, 20, 21, 23, 24, 27, 28, 44, 57, 78, 81, 95, 96, 99, 107, 108, 165, 247, 248], "summary": {"covered_lines": 22, "num_statements": 99, "percent_covered": 22.22222222222222, "percent_covered_display": "22", "missing_lines": 77, "excluded_lines": 0}, "missing_lines": [50, 51, 52, 53, 54, 55, 58, 60, 62, 63, 64, 66, 67, 68, 69, 71, 72, 74, 100, 101, 104, 132, 135, 137, 138, 139, 140, 141, 144, 145, 146, 152, 153, 154, 155, 156, 157, 159, 160, 161, 162, 174, 175, 176, 177, 179, 180, 181, 182, 183, 191, 194, 196, 198, 201, 202, 212, 213, 216, 217, 218, 219, 220, 222, 225, 226, 229, 230, 231, 232, 233, 235, 238, 239, 242, 243, 244], "excluded_lines": []}, "nemo/collections/asr/data/data_simulation.py": {"executed_lines": [], "summary": {"covered_lines": 0, "num_statements": 1624, "percent_covered": 0.0, "percent_covered_display": "0", "missing_lines": 1624, "excluded_lines": 0}, "missing_lines": [15, 16, 17, 18, 19, 20, 21, 23, 24, 25, 26, 27, 28, 29, 30, 31, 32, 33, 34, 36, 37, 38, 39, 56, 57, 58, 60, 61, 62, 64, 65, 66, 67, 68, 70, 71, 72, 75, 198, 199, 200, 201, 203, 204, 205, 206, 207, 208, 209, 211, 212, 214, 216, 218, 219, 220, 221, 223, 224, 225, 226, 227, 229, 233, 237, 239, 243, 247, 250, 253, 261, 262, 263, 265, 283, 284, 287, 289, 290, 291, 292, 294, 295, 296, 298, 299, 301, 302, 304, 305, 306, 308, 314, 316, 320, 321, 322, 326, 327, 331, 332, 336, 339, 340, 341, 343, 344, 348, 349, 351, 355, 356, 360, 361, 362, 363, 369, 370, 371, 373, 374, 375, 381, 382, 383, 385, 389, 390, 394, 395, 399, 401, 406, 408, 412, 414, 415, 417, 421, 422, 423, 424, 425, 427, 435, 436, 441, 443, 444, 445, 446, 448, 453, 454, 455, 458, 459, 461, 475, 476, 477, 478, 480, 482, 483, 484, 486, 487, 489, 490, 491, 492, 494, 495, 496, 498, 502, 503, 504, 505, 510, 516, 526, 527, 528, 530, 534, 536, 537, 538, 539, 540, 541, 542, 544, 555, 556, 557, 558, 559, 560, 562, 564, 567, 568, 570, 572, 582, 583, 585, 586, 587, 588, 589, 590, 592, 594, 596, 610, 611, 615, 616, 617, 618, 619, 621, 622, 623, 624, 625, 627, 629, 636, 637, 638, 639, 640, 646, 672, 673, 675, 677, 678, 679, 680, 683, 685, 686, 687, 688, 689, 690, 691, 696, 699, 701, 703, 705, 706, 708, 709, 715, 716, 717, 718, 719, 720, 722, 724, 725, 726, 727, 730, 731, 732, 733, 734, 741, 746, 751, 754, 757, 765, 766, 767, 768, 769, 770, 772, 773, 775, 793, 802, 803, 804, 805, 808, 809, 816, 824, 835, 836, 838, 843, 844, 851, 859, 883, 885, 888, 891, 892, 893, 896, 897, 898, 899, 902, 903, 904, 905, 907, 908, 909, 912, 913, 914, 915, 917, 918, 919, 923, 924, 925, 927, 928, 930, 941, 949, 951, 967, 968, 969, 970, 972, 973, 974, 975, 976, 977, 979, 995, 996, 997, 998, 999, 1000, 1001, 1003, 1028, 1029, 1031, 1032, 1033, 1034, 1036, 1037, 1038, 1039, 1040, 1041, 1044, 1048, 1050, 1053, 1054, 1056, 1057, 1059, 1062, 1063, 1064, 1065, 1068, 1071, 1072, 1073, 1074, 1078, 1081, 1082, 1085, 1095, 1100, 1108, 1110, 1119, 1121, 1129, 1131, 1132, 1139, 1140, 1141, 1144, 1146, 1149, 1150, 1151, 1152, 1163, 1165, 1167, 1170, 1172, 1173, 1174, 1176, 1181, 1182, 1183, 1185, 1192, 1193, 1194, 1195, 1197, 1199, 1202, 1204, 1205, 1207, 1208, 1212, 1215, 1216, 1217, 1222, 1223, 1225, 1226, 1228, 1229, 1232, 1233, 1234, 1237, 1238, 1239, 1243, 1244, 1245, 1246, 1247, 1249, 1251, 1252, 1254, 1256, 1262, 1263, 1265, 1266, 1268, 1271, 1273, 1274, 1275, 1278, 1311, 1312, 1313, 1315, 1320, 1321, 1322, 1323, 1325, 1326, 1328, 1329, 1330, 1331, 1332, 1333, 1334, 1335, 1336, 1337, 1338, 1339, 1340, 1341, 1343, 1346, 1347, 1350, 1352, 1356, 1357, 1358, 1361, 1362, 1363, 1364, 1366, 1374, 1375, 1376, 1377, 1378, 1380, 1382, 1383, 1384, 1385, 1386, 1387, 1389, 1391, 1392, 1394, 1395, 1396, 1397, 1398, 1399, 1401, 1403, 1404, 1405, 1406, 1407, 1408, 1409, 1410, 1411, 1413, 1414, 1415, 1416, 1417, 1420, 1421, 1423, 1432, 1433, 1435, 1436, 1437, 1438, 1439, 1441, 1443, 1444, 1445, 1446, 1447, 1448, 1450, 1453, 1454, 1456, 1457, 1458, 1459, 1462, 1463, 1464, 1465, 1466, 1468, 1469, 1470, 1471, 1472, 1473, 1475, 1477, 1479, 1480, 1481, 1482, 1483, 1484, 1485, 1487, 1499, 1500, 1501, 1502, 1503, 1504, 1505, 1506, 1507, 1508, 1509, 1511, 1535, 1536, 1538, 1539, 1540, 1541, 1543, 1544, 1545, 1546, 1547, 1550, 1551, 1552, 1553, 1555, 1558, 1562, 1564, 1567, 1568, 1570, 1573, 1574, 1575, 1576, 1579, 1582, 1585, 1586, 1587, 1591, 1594, 1595, 1598, 1608, 1609, 1610, 1611, 1612, 1614, 1615, 1616, 1619, 1627, 1629, 1638, 1640, 1643, 1645, 1646, 1647, 1648, 1651, 1653, 1656, 1657, 1658, 1659, 1670, 1671, 1672, 1673, 1674, 1675, 1677, 1680, 1682, 1683, 1684, 1686, 1690, 1691, 1692, 1695, 1718, 1719, 1721, 1722, 1724, 1725, 1726, 1727, 1728, 1729, 1730, 1731, 1732, 1733, 1735, 1738, 1747, 1750, 1764, 1770, 1771, 1773, 1774, 1778, 1779, 1781, 1782, 1783, 1786, 1788, 1790, 1792, 1793, 1796, 1798, 1799, 1802, 1804, 1805, 1808, 1810, 1811, 1814, 1816, 1817, 1830, 1831, 1832, 1834, 1836, 1844, 1846, 1863, 1866, 1869, 1871, 1882, 1883, 1884, 1886, 1900, 1901, 1903, 1905, 1908, 1910, 1912, 1914, 1915, 1916, 1917, 1919, 1927, 1928, 1931, 1933, 1943, 1946, 1959, 1960, 1961, 1962, 1964, 1965, 1966, 1968, 1970, 1971, 1972, 1974, 1975, 1976, 1977, 1978, 1979, 1982, 1995, 1996, 1998, 1999, 2001, 2002, 2004, 2005, 2007, 2009, 2011, 2012, 2014, 2015, 2016, 2018, 2019, 2020, 2023, 2024, 2026, 2027, 2029, 2031, 2034, 2040, 2045, 2046, 2047, 2049, 2050, 2057, 2059, 2060, 2061, 2063, 2064, 2071, 2073, 2079, 2080, 2081, 2082, 2083, 2086, 2087, 2088, 2090, 2091, 2093, 2094, 2096, 2097, 2099, 2101, 2102, 2104, 2105, 2107, 2109, 2110, 2112, 2113, 2115, 2116, 2118, 2121, 2122, 2123, 2125, 2127, 2129, 2131, 2132, 2133, 2136, 2137, 2138, 2140, 2141, 2142, 2143, 2145, 2146, 2149, 2150, 2152, 2157, 2158, 2160, 2163, 2164, 2166, 2167, 2168, 2169, 2170, 2173, 2175, 2178, 2180, 2183, 2186, 2188, 2191, 2192, 2193, 2194, 2195, 2196, 2197, 2199, 2201, 2203, 2205, 2206, 2207, 2208, 2211, 2212, 2214, 2215, 2218, 2227, 2229, 2238, 2240, 2242, 2243, 2246, 2251, 2252, 2253, 2254, 2255, 2257, 2260, 2263, 2264, 2268, 2269, 2272, 2275, 2276, 2278, 2280, 2281, 2284, 2286, 2287, 2288, 2289, 2291, 2293, 2296, 2298, 2300, 2309, 2310, 2311, 2313, 2315, 2316, 2317, 2318, 2320, 2322, 2328, 2331, 2334, 2335, 2336, 2339, 2342, 2344, 2345, 2347, 2348, 2349, 2350, 2351, 2354, 2357, 2360, 2363, 2366, 2369, 2375, 2378, 2379, 2381, 2382, 2383, 2384, 2387, 2388, 2389, 2390, 2393, 2395, 2396, 2399, 2400, 2402, 2405, 2407, 2408, 2410, 2413, 2414, 2415, 2417, 2420, 2433, 2436, 2453, 2461, 2469, 2471, 2474, 2475, 2478, 2481, 2482, 2483, 2484, 2485, 2486, 2487, 2488, 2491, 2497, 2519, 2521, 2524, 2532, 2533, 2535, 2537, 2539, 2540, 2541, 2545, 2548, 2549, 2552, 2553, 2554, 2557, 2568, 2570, 2573, 2575, 2578, 2589, 2590, 2591, 2592, 2593, 2594, 2595, 2596, 2597, 2598, 2599, 2600, 2601, 2603, 2606, 2615, 2616, 2618, 2620, 2621, 2622, 2623, 2624, 2625, 2627, 2630, 2637, 2640, 2641, 2642, 2643, 2646, 2647, 2648, 2649, 2652, 2654, 2655, 2656, 2657, 2660, 2661, 2662, 2663, 2666, 2668, 2669, 2670, 2671, 2672, 2674, 2675, 2676, 2677, 2678, 2680, 2681, 2682, 2683, 2684, 2686, 2687, 2688, 2689, 2690, 2692, 2693, 2694, 2695, 2696, 2698, 2699, 2700, 2701, 2702, 2704, 2705, 2706, 2707, 2708, 2710, 2711, 2712, 2713, 2714, 2716, 2717, 2718, 2719, 2721, 2723, 2724, 2725, 2726, 2729, 2759, 2767, 2768, 2769, 2771, 2772, 2775, 2776, 2777, 2779, 2780, 2781, 2782, 2783, 2784, 2785, 2786, 2787, 2789, 2791, 2793, 2795, 2796, 2803, 2805, 2806, 2807, 2809, 2810, 2817, 2819, 2825, 2826, 2827, 2828, 2829, 2832, 2833, 2834, 2839, 2840, 2841, 2845, 2846, 2848, 2850, 2851, 2853, 2856, 2857, 2858, 2863, 2864, 2865, 2867, 2868, 2869, 2870, 2871, 2872, 2875, 2876, 2879, 2884, 2885, 2886, 2887, 2888, 2889, 2890, 2892, 2919, 2922, 2924, 2927, 2930, 2932, 2933, 2934, 2936, 2937, 2938, 2940, 2942, 2945, 2947, 2949, 2952, 2953, 2954, 2956, 2957, 2959, 2962, 2963, 2964, 2965, 2967, 2968, 2969, 2970, 2971, 2972, 2975, 2977, 2979, 2980, 2981, 2984, 2987, 2990, 2991, 2992, 2995, 2996, 2997, 2998, 3000, 3017, 3019, 3032, 3034, 3037, 3038, 3040, 3046, 3049, 3052, 3053, 3054, 3056, 3059, 3062, 3063, 3066, 3067, 3070, 3071, 3074, 3075, 3076, 3077, 3079, 3080, 3082, 3083, 3086, 3089, 3099, 3101, 3103, 3124, 3126, 3127, 3129, 3132, 3134, 3135, 3136, 3137, 3138, 3140, 3143, 3145, 3147, 3150, 3152, 3154, 3161, 3164, 3167, 3168, 3169, 3172, 3175, 3177, 3178, 3180, 3181, 3182, 3183, 3184, 3186, 3187, 3190, 3192, 3193, 3194, 3197, 3200, 3208, 3211, 3218, 3219, 3227, 3228, 3230, 3231, 3232, 3233, 3234, 3242, 3243, 3244, 3245, 3248, 3250, 3251, 3254, 3255, 3256, 3257, 3259, 3262, 3264, 3265, 3267, 3270, 3271, 3272, 3274, 3277, 3290, 3291, 3293, 3294, 3295, 3296, 3297, 3298, 3301, 3303, 3306, 3324, 3326, 3327, 3328, 3331, 3332, 3335, 3338, 3341, 3343, 3346, 3357, 3358, 3361, 3383, 3384, 3385, 3386, 3388, 3389, 3391, 3392, 3393, 3396, 3397, 3399, 3401, 3402, 3403, 3405, 3406, 3411, 3412, 3414, 3417, 3439, 3440, 3443, 3446, 3448, 3449, 3452, 3478, 3479, 3481, 3483, 3485, 3487, 3488, 3490, 3491, 3493, 3495, 3497, 3498, 3499, 3502, 3503, 3510, 3511, 3512, 3516, 3518, 3519, 3520, 3521, 3524, 3526, 3530, 3533, 3539, 3540, 3544, 3546, 3548, 3549, 3551, 3552, 3553, 3556, 3557, 3559, 3561, 3563, 3564, 3565, 3568, 3570, 3572, 3573, 3576, 3577, 3582, 3584, 3587, 3588, 3590, 3591, 3592, 3595, 3597, 3601, 3603, 3604, 3606, 3609, 3612, 3613, 3614, 3616, 3617, 3620, 3623, 3624, 3626, 3628, 3630, 3631, 3633, 3634, 3635, 3636, 3638, 3639, 3641, 3643, 3646, 3655, 3656, 3657, 3662, 3697, 3711, 3712, 3713, 3716, 3718, 3723, 3724, 3725, 3726, 3727, 3729, 3741, 3742, 3744, 3746, 3748, 3749, 3751, 3754, 3760, 3767, 3770, 3777, 3780, 3781, 3782, 3785, 3793, 3796, 3797, 3800, 3801, 3802, 3804, 3811, 3813, 3820, 3822, 3825, 3827, 3828, 3836, 3838, 3839, 3847, 3850, 3851, 3852, 3853, 3855, 3856, 3857, 3859, 3866, 3875, 3877, 3879, 3881, 3883, 3894, 3895, 3897, 3900, 3916, 3919, 3928, 3929, 3932, 3939, 3942, 3943, 3944, 3945, 3948, 3949, 3952, 3953, 3956, 3958, 3959, 3960, 3961, 3964, 3965, 3968, 3969, 3971, 3972, 3975, 3977, 3978, 3979, 3980, 3981, 3983, 3984, 3985, 3986, 3987, 3989, 3990, 3991, 3992, 3993, 3995, 3996, 3997, 3998, 3999, 4001, 4002, 4003, 4004, 4005, 4007, 4008, 4009, 4010, 4011, 4013, 4014, 4015, 4016, 4017, 4018, 4020, 4021, 4022, 4023, 4024, 4025, 4027, 4028, 4029, 4030, 4032, 4034, 4035, 4036, 4037], "excluded_lines": []}, "nemo/collections/asr/data/feature_to_label.py": {"executed_lines": [14, 16, 18, 19, 20, 21, 22, 25, 59, 113, 163, 164, 179, 180, 205, 223, 226, 238, 239, 256, 260, 261, 281, 282, 284, 285, 297, 353, 356, 367, 370, 376, 377, 396, 398, 399, 411, 462, 471, 482, 485, 496], "summary": {"covered_lines": 38, "num_statements": 234, "percent_covered": 16.23931623931624, "percent_covered_display": "16", "missing_lines": 196, "excluded_lines": 0}, "missing_lines": [31, 32, 33, 34, 35, 36, 38, 40, 41, 42, 43, 44, 46, 47, 49, 50, 52, 53, 55, 56, 67, 68, 69, 70, 71, 72, 74, 75, 76, 77, 78, 79, 81, 82, 83, 85, 86, 87, 88, 89, 90, 92, 93, 94, 95, 96, 98, 99, 100, 102, 103, 104, 106, 107, 109, 110, 122, 123, 125, 126, 127, 129, 130, 131, 132, 133, 134, 135, 136, 137, 139, 140, 142, 143, 144, 145, 146, 148, 149, 150, 152, 153, 154, 156, 158, 159, 160, 184, 189, 190, 199, 203, 208, 209, 211, 212, 213, 215, 216, 217, 218, 220, 221, 224, 227, 229, 230, 232, 233, 235, 257, 288, 295, 311, 312, 313, 314, 316, 317, 319, 327, 328, 330, 332, 333, 334, 335, 336, 338, 339, 340, 341, 342, 344, 345, 347, 348, 350, 351, 354, 357, 359, 360, 362, 363, 365, 368, 371, 402, 409, 424, 425, 426, 428, 429, 431, 440, 441, 442, 444, 445, 446, 447, 448, 449, 450, 451, 452, 453, 454, 456, 457, 459, 460, 463, 464, 465, 466, 467, 468, 469, 472, 474, 475, 476, 478, 479, 480, 483, 486, 488, 489, 491, 492, 494, 497], "excluded_lines": []}, "nemo/collections/asr/data/feature_to_label_dataset.py": {"executed_lines": [14, 16, 19, 36, 54], "summary": {"covered_lines": 5, "num_statements": 11, "percent_covered": 45.45454545454545, "percent_covered_display": "45", "missing_lines": 6, "excluded_lines": 0}, "missing_lines": [30, 33, 39, 51, 57, 68], "excluded_lines": []}, "nemo/collections/asr/data/feature_to_text.py": {"executed_lines": [], "summary": {"covered_lines": 0, "num_statements": 147, "percent_covered": 0.0, "percent_covered_display": "0", "missing_lines": 147, "excluded_lines": 0}, "missing_lines": [15, 17, 19, 20, 21, 22, 23, 24, 25, 26, 27, 30, 31, 43, 44, 53, 54, 55, 57, 58, 59, 61, 62, 63, 64, 66, 67, 69, 70, 71, 72, 73, 74, 76, 79, 112, 113, 114, 116, 117, 120, 128, 151, 152, 154, 155, 156, 157, 158, 159, 160, 162, 163, 164, 165, 166, 168, 170, 171, 173, 175, 185, 186, 187, 188, 190, 191, 193, 194, 195, 197, 198, 200, 202, 204, 207, 208, 209, 210, 212, 213, 215, 217, 219, 220, 222, 223, 225, 227, 229, 230, 231, 232, 233, 234, 235, 236, 237, 239, 241, 244, 245, 248, 249, 251, 252, 253, 254, 256, 257, 259, 260, 264, 269, 270, 271, 274, 313, 339, 341, 345, 369, 413, 434, 435, 437, 439, 440, 442, 444, 445, 447, 449, 450, 451, 452, 454, 455, 457, 458, 459, 460, 461, 462, 464, 465, 467], "excluded_lines": []}, "nemo/collections/asr/data/feature_to_text_dataset.py": {"executed_lines": [], "summary": {"covered_lines": 0, "num_statements": 11, "percent_covered": 0.0, "percent_covered_display": "0", "missing_lines": 11, "excluded_lines": 0}, "missing_lines": [15, 17, 18, 21, 32, 33, 35, 57, 60, 74, 94], "excluded_lines": []}, "nemo/collections/asr/data/huggingface/__init__.py": {"executed_lines": [1], "summary": {"covered_lines": 0, "num_statements": 0, "percent_covered": 100.0, "percent_covered_display": "100", "missing_lines": 0, "excluded_lines": 0}, "missing_lines": [], "excluded_lines": []}, "nemo/collections/asr/data/huggingface/hf_audio_to_text.py": {"executed_lines": [15, 17, 18, 19, 20, 21, 23, 24, 25, 26, 27, 28, 29, 30, 31, 34, 35, 48, 64, 91, 107, 108, 130, 182, 185, 214, 218, 219, 223, 224, 235, 288, 289, 293, 294, 305, 379, 380, 406, 472, 477, 480, 493, 524, 525, 529, 530, 541, 602, 603, 607, 608, 619], "summary": {"covered_lines": 46, "num_statements": 227, "percent_covered": 20.26431718061674, "percent_covered_display": "20", "missing_lines": 181, "excluded_lines": 0}, "missing_lines": [57, 58, 59, 60, 61, 62, 66, 67, 69, 71, 72, 73, 78, 80, 81, 82, 83, 84, 85, 86, 87, 88, 96, 97, 98, 99, 100, 103, 104, 151, 152, 153, 154, 155, 156, 157, 158, 159, 160, 161, 162, 164, 166, 167, 168, 169, 170, 171, 174, 175, 176, 177, 178, 180, 183, 186, 188, 189, 190, 199, 200, 201, 203, 204, 206, 207, 208, 210, 212, 215, 227, 260, 262, 266, 297, 324, 325, 327, 329, 330, 332, 334, 335, 337, 339, 340, 341, 342, 344, 345, 347, 348, 349, 350, 351, 352, 354, 355, 357, 431, 433, 434, 436, 437, 438, 439, 440, 441, 442, 443, 444, 445, 446, 448, 450, 451, 452, 453, 454, 455, 459, 460, 461, 463, 464, 466, 467, 469, 470, 473, 478, 481, 482, 483, 484, 485, 486, 487, 489, 491, 494, 495, 496, 505, 506, 507, 509, 510, 512, 519, 520, 521, 533, 570, 572, 576, 611, 643, 644, 646, 648, 649, 651, 653, 654, 656, 658, 659, 660, 661, 663, 664, 666, 667, 668, 669, 670, 671, 673, 674, 676], "excluded_lines": []}, "nemo/collections/asr/data/huggingface/hf_audio_to_text_dataset.py": {"executed_lines": [15, 17, 25, 74], "summary": {"covered_lines": 4, "num_statements": 12, "percent_covered": 33.333333333333336, "percent_covered_display": "33", "missing_lines": 8, "excluded_lines": 0}, "missing_lines": [28, 29, 52, 71, 77, 78, 107, 132], "excluded_lines": []}, "nemo/collections/asr/data/text_to_text.py": {"executed_lines": [], "summary": {"covered_lines": 0, "num_statements": 209, "percent_covered": 0.0, "percent_covered_display": "0", "missing_lines": 209, "excluded_lines": 0}, "missing_lines": [15, 17, 18, 19, 20, 21, 22, 23, 24, 26, 27, 28, 29, 30, 32, 33, 34, 35, 37, 38, 39, 40, 42, 45, 46, 47, 48, 51, 52, 53, 54, 55, 56, 58, 59, 60, 69, 70, 71, 72, 73, 74, 75, 76, 78, 79, 86, 87, 89, 91, 93, 95, 101, 102, 104, 107, 108, 110, 115, 119, 130, 136, 137, 138, 139, 140, 141, 144, 150, 153, 157, 158, 159, 160, 163, 169, 170, 171, 172, 173, 175, 191, 193, 194, 196, 197, 199, 200, 202, 204, 207, 208, 209, 210, 213, 214, 215, 216, 217, 218, 219, 220, 221, 222, 225, 226, 227, 228, 229, 231, 232, 233, 234, 235, 237, 238, 239, 240, 243, 244, 245, 246, 247, 248, 249, 251, 252, 254, 255, 257, 258, 260, 262, 264, 265, 266, 267, 270, 271, 272, 274, 276, 278, 279, 281, 282, 286, 289, 292, 295, 296, 297, 299, 305, 308, 310, 311, 313, 314, 318, 324, 326, 328, 333, 335, 337, 341, 344, 346, 347, 349, 350, 351, 352, 353, 354, 355, 357, 358, 359, 360, 361, 363, 364, 365, 371, 372, 375, 378, 392, 407, 414, 419, 425, 441, 457, 459, 460, 461, 462, 465, 466, 467, 468, 469, 470, 471, 473, 480], "excluded_lines": []}, "nemo/collections/asr/losses/__init__.py": {"executed_lines": [15, 16, 17, 18, 19, 20, 21, 22], "summary": {"covered_lines": 8, "num_statements": 8, "percent_covered": 100.0, "percent_covered_display": "100", "missing_lines": 0, "excluded_lines": 0}, "missing_lines": [], "excluded_lines": []}, "nemo/collections/asr/losses/angularloss.py": {"executed_lines": [16, 18, 19, 21, 24, 25, 33, 34, 42, 43, 50, 57, 58], "summary": {"covered_lines": 12, "num_statements": 23, "percent_covered": 52.17391304347826, "percent_covered_display": "52", "missing_lines": 11, "excluded_lines": 0}, "missing_lines": [37, 48, 51, 53, 54, 55, 59, 63, 66, 67, 68], "excluded_lines": []}, "nemo/collections/asr/losses/audio_losses.py": {"executed_lines": [15, 16, 18, 19, 21, 22, 23, 24, 25, 27, 30, 71, 118, 215, 291, 292, 304, 347, 348, 359, 360, 367, 368], "summary": {"covered_lines": 22, "num_statements": 127, "percent_covered": 17.322834645669293, "percent_covered_display": "17", "missing_lines": 105, "excluded_lines": 0}, "missing_lines": [50, 51, 52, 56, 58, 60, 63, 64, 65, 66, 68, 97, 98, 99, 104, 106, 107, 108, 109, 112, 113, 115, 151, 152, 153, 157, 158, 165, 168, 169, 170, 173, 174, 175, 177, 179, 180, 183, 185, 188, 189, 192, 193, 196, 199, 202, 203, 206, 209, 210, 212, 250, 251, 253, 257, 258, 259, 264, 266, 267, 268, 270, 271, 272, 273, 277, 279, 280, 282, 283, 285, 286, 288, 315, 318, 319, 320, 321, 322, 323, 324, 325, 326, 329, 330, 331, 333, 336, 337, 340, 341, 342, 343, 344, 345, 351, 352, 365, 388, 402, 403, 406, 407, 410, 412], "excluded_lines": []}, "nemo/collections/asr/losses/bce_loss.py": {"executed_lines": [], "summary": {"covered_lines": 0, "num_statements": 23, "percent_covered": 0.0, "percent_covered_display": "0", "missing_lines": 23, "excluded_lines": 0}, "missing_lines": [16, 18, 19, 21, 24, 29, 30, 33, 39, 40, 44, 46, 47, 48, 49, 50, 52, 53, 69, 70, 71, 72, 73], "excluded_lines": []}, "nemo/collections/asr/losses/ctc.py": {"executed_lines": [16, 17, 19, 20, 22, 25, 26, 27, 37, 38, 45, 60, 68, 69], "summary": {"covered_lines": 14, "num_statements": 40, "percent_covered": 35.0, "percent_covered_display": "35", "missing_lines": 26, "excluded_lines": 0}, "missing_lines": [30, 43, 46, 48, 49, 51, 52, 53, 54, 55, 56, 57, 58, 61, 62, 63, 64, 66, 72, 73, 74, 76, 77, 80, 81, 82], "excluded_lines": []}, "nemo/collections/asr/losses/lattice_losses.py": {"executed_lines": [16, 18, 19, 21, 22, 25, 26, 67, 68, 78, 79, 86, 142, 148, 149], "summary": {"covered_lines": 14, "num_statements": 73, "percent_covered": 19.17808219178082, "percent_covered_display": "19", "missing_lines": 59, "excluded_lines": 0}, "missing_lines": [71, 84, 96, 97, 98, 99, 100, 101, 102, 103, 104, 105, 108, 109, 110, 111, 112, 113, 115, 116, 117, 118, 120, 122, 124, 127, 128, 130, 132, 133, 134, 136, 138, 140, 145, 146, 153, 155, 156, 157, 158, 159, 160, 161, 162, 163, 164, 165, 166, 167, 168, 169, 174, 175, 176, 178, 181, 183, 184], "excluded_lines": []}, "nemo/collections/asr/losses/rnnt.py": {"executed_lines": [30, 31, 32, 33, 35, 36, 38, 39, 40, 41, 42, 43, 44, 46, 47, 50, 51, 53, 54, 56, 60, 61, 65, 66, 68, 77, 78, 79, 80, 81, 82, 83, 84, 88, 158, 161, 170, 202, 206, 333, 334, 335, 345, 346, 353, 422, 439, 440], "summary": {"covered_lines": 48, "num_statements": 185, "percent_covered": 25.945945945945947, "percent_covered_display": "26", "missing_lines": 137, "excluded_lines": 0}, "missing_lines": [49, 57, 58, 62, 64, 162, 163, 185, 186, 187, 188, 189, 190, 191, 192, 193, 194, 196, 197, 198, 199, 203, 207, 209, 210, 214, 216, 219, 220, 226, 229, 230, 234, 235, 241, 244, 246, 247, 250, 251, 253, 256, 257, 258, 260, 262, 264, 265, 266, 267, 269, 270, 271, 273, 274, 275, 276, 277, 278, 286, 288, 289, 290, 291, 294, 296, 297, 298, 299, 300, 301, 302, 311, 313, 314, 315, 316, 317, 319, 320, 321, 322, 323, 324, 326, 330, 338, 351, 411, 413, 414, 416, 417, 418, 419, 420, 424, 425, 426, 428, 429, 430, 431, 432, 433, 434, 435, 437, 442, 443, 444, 446, 447, 450, 452, 453, 455, 456, 457, 463, 466, 467, 468, 475, 476, 480, 481, 483, 484, 487, 488, 491, 494, 497, 498, 501, 508], "excluded_lines": []}, "nemo/collections/asr/losses/rnnt_pytorch.py": {"executed_lines": [16, 18, 20, 21, 24, 25, 26, 36, 37, 44, 49, 69, 122, 123, 127, 128, 138, 139, 146, 154, 176, 180, 252, 253, 257, 258, 268, 269, 276, 283, 299], "summary": {"covered_lines": 29, "num_statements": 173, "percent_covered": 16.76300578034682, "percent_covered_display": "17", "missing_lines": 144, "excluded_lines": 0}, "missing_lines": [29, 42, 45, 46, 47, 51, 52, 54, 56, 57, 58, 59, 60, 61, 62, 63, 64, 65, 67, 70, 72, 73, 75, 76, 77, 78, 80, 84, 86, 89, 92, 97, 110, 111, 113, 116, 117, 119, 131, 144, 147, 148, 149, 150, 151, 152, 155, 156, 159, 161, 163, 164, 165, 166, 167, 168, 169, 170, 171, 172, 174, 177, 178, 184, 186, 187, 188, 189, 190, 191, 192, 194, 197, 198, 199, 202, 207, 211, 212, 213, 214, 215, 220, 223, 228, 230, 231, 232, 235, 236, 237, 243, 245, 247, 249, 261, 274, 277, 278, 279, 280, 281, 284, 285, 287, 288, 289, 290, 291, 292, 293, 294, 295, 297, 300, 302, 303, 304, 305, 306, 308, 312, 313, 314, 315, 316, 321, 324, 327, 334, 348, 349, 350, 351, 355, 356, 359, 363, 364, 365, 369, 371, 372, 374], "excluded_lines": []}, "nemo/collections/asr/losses/ssl_losses/__init__.py": {"executed_lines": [15], "summary": {"covered_lines": 1, "num_statements": 1, "percent_covered": 100.0, "percent_covered_display": "100", "missing_lines": 0, "excluded_lines": 0}, "missing_lines": [], "excluded_lines": []}, "nemo/collections/asr/losses/ssl_losses/contrastive.py": {"executed_lines": [15, 16, 17, 19, 20, 22, 25, 26, 27, 37, 38, 45, 46, 49, 135, 148, 149, 279, 295], "summary": {"covered_lines": 19, "num_statements": 123, "percent_covered": 15.447154471544716, "percent_covered_display": "15", "missing_lines": 104, "excluded_lines": 0}, "missing_lines": [30, 43, 47, 101, 102, 103, 104, 105, 106, 107, 117, 118, 119, 120, 121, 122, 123, 124, 125, 126, 127, 129, 130, 132, 133, 138, 139, 141, 142, 143, 146, 150, 151, 152, 155, 156, 158, 159, 161, 163, 165, 166, 167, 168, 169, 171, 172, 175, 178, 180, 182, 183, 184, 185, 186, 187, 188, 194, 195, 198, 200, 205, 208, 209, 210, 215, 216, 217, 222, 223, 224, 226, 228, 230, 233, 234, 236, 238, 239, 241, 246, 250, 255, 260, 263, 265, 267, 268, 269, 271, 272, 274, 275, 277, 280, 282, 284, 286, 290, 291, 292, 293, 296, 297], "excluded_lines": []}, "nemo/collections/asr/losses/ssl_losses/ctc.py": {"executed_lines": [15, 16, 17, 19, 22, 23, 24, 35, 36, 43, 44, 47, 51, 52], "summary": {"covered_lines": 14, "num_statements": 21, "percent_covered": 66.66666666666667, "percent_covered_display": "67", "missing_lines": 7, "excluded_lines": 0}, "missing_lines": [27, 41, 45, 48, 49, 53, 57], "excluded_lines": []}, "nemo/collections/asr/losses/ssl_losses/mlm.py": {"executed_lines": [15, 16, 17, 19, 20, 22, 25, 26, 27, 38, 39, 46, 47, 50, 58, 59], "summary": {"covered_lines": 16, "num_statements": 32, "percent_covered": 50.0, "percent_covered_display": "50", "missing_lines": 16, "excluded_lines": 0}, "missing_lines": [30, 44, 48, 53, 54, 55, 56, 62, 65, 66, 68, 69, 70, 72, 73, 75], "excluded_lines": []}, "nemo/collections/asr/losses/ssl_losses/rnnt.py": {"executed_lines": [15, 16, 17, 19, 22, 23, 24, 35, 36, 43, 44, 47, 51, 52], "summary": {"covered_lines": 14, "num_statements": 21, "percent_covered": 66.66666666666667, "percent_covered_display": "67", "missing_lines": 7, "excluded_lines": 0}, "missing_lines": [27, 41, 45, 48, 49, 54, 58], "excluded_lines": []}, "nemo/collections/asr/metrics/__init__.py": {"executed_lines": [15, 16], "summary": {"covered_lines": 2, "num_statements": 2, "percent_covered": 100.0, "percent_covered_display": "100", "missing_lines": 0, "excluded_lines": 0}, "missing_lines": [], "excluded_lines": []}, "nemo/collections/asr/metrics/audio.py": {"executed_lines": [15, 17, 18, 19, 20, 21, 22, 23, 25, 27, 29, 40, 41, 59, 61, 79, 95, 96, 116, 117, 129, 147, 152, 179, 184, 192], "summary": {"covered_lines": 25, "num_statements": 59, "percent_covered": 42.3728813559322, "percent_covered_display": "42", "missing_lines": 34, "excluded_lines": 0}, "missing_lines": [64, 65, 66, 68, 69, 75, 76, 77, 90, 91, 93, 110, 111, 112, 114, 127, 138, 140, 141, 144, 145, 150, 167, 169, 170, 173, 174, 175, 177, 182, 187, 188, 190, 195], "excluded_lines": []}, "nemo/collections/asr/metrics/bleu.py": {"executed_lines": [15, 17, 18, 19, 21, 22, 23, 24, 26, 29, 35, 36, 80, 82, 130, 179, 207], "summary": {"covered_lines": 16, "num_statements": 58, "percent_covered": 27.586206896551722, "percent_covered_display": "28", "missing_lines": 42, "excluded_lines": 0}, "missing_lines": [30, 31, 94, 102, 103, 104, 105, 106, 109, 110, 115, 116, 117, 124, 126, 127, 128, 153, 154, 155, 156, 158, 159, 161, 162, 163, 164, 165, 166, 168, 169, 170, 172, 173, 174, 175, 177, 193, 194, 195, 202, 210], "excluded_lines": []}, "nemo/collections/asr/metrics/der.py": {"executed_lines": [15, 16, 17, 19, 20, 21, 22, 24, 25, 27, 29, 37, 74, 114, 132, 191, 239, 290, 390], "summary": {"covered_lines": 19, "num_statements": 125, "percent_covered": 15.2, "percent_covered_display": "15", "missing_lines": 106, "excluded_lines": 0}, "missing_lines": [50, 51, 54, 55, 58, 59, 60, 61, 62, 64, 65, 66, 67, 69, 70, 71, 99, 105, 106, 107, 108, 109, 110, 111, 121, 122, 123, 124, 125, 126, 127, 129, 156, 157, 158, 160, 161, 162, 163, 164, 165, 166, 167, 168, 170, 171, 172, 173, 174, 176, 183, 184, 185, 188, 216, 217, 218, 219, 220, 221, 222, 223, 224, 226, 228, 229, 236, 266, 267, 270, 271, 272, 275, 276, 277, 280, 281, 284, 285, 286, 287, 356, 357, 359, 361, 363, 367, 368, 369, 370, 374, 375, 378, 379, 382, 385, 387, 415, 416, 421, 422, 423, 424, 425, 426, 427], "excluded_lines": []}, "nemo/collections/asr/metrics/multi_binary_acc.py": {"executed_lines": [15, 17, 18, 20, 23, 24, 72, 74, 82, 102], "summary": {"covered_lines": 9, "num_statements": 37, "percent_covered": 24.324324324324323, "percent_covered_display": "24", "missing_lines": 28, "excluded_lines": 0}, "missing_lines": [75, 76, 77, 78, 79, 80, 83, 84, 85, 86, 87, 89, 90, 91, 92, 94, 95, 96, 97, 99, 100, 106, 107, 108, 109, 110, 111, 112], "excluded_lines": []}, "nemo/collections/asr/metrics/wer.py": {"executed_lines": [15, 17, 18, 19, 20, 22, 23, 24, 25, 27, 30, 35, 76, 148, 210, 211, 247, 249, 292, 352], "summary": {"covered_lines": 19, "num_statements": 149, "percent_covered": 12.751677852348994, "percent_covered_display": "13", "missing_lines": 130, "excluded_lines": 0}, "missing_lines": [31, 32, 50, 51, 52, 53, 58, 59, 60, 61, 63, 64, 65, 68, 69, 70, 72, 73, 97, 98, 99, 101, 102, 108, 109, 110, 111, 113, 114, 117, 118, 119, 120, 122, 124, 125, 127, 129, 130, 131, 132, 134, 135, 137, 138, 139, 140, 141, 143, 145, 164, 165, 166, 168, 169, 175, 176, 177, 178, 180, 181, 184, 185, 186, 187, 189, 190, 191, 193, 194, 196, 197, 199, 200, 202, 203, 205, 207, 258, 260, 261, 262, 263, 264, 266, 267, 268, 269, 272, 273, 278, 279, 280, 287, 289, 290, 312, 313, 314, 315, 316, 317, 319, 320, 322, 323, 324, 325, 326, 327, 329, 330, 331, 333, 334, 335, 336, 338, 339, 340, 341, 343, 344, 345, 347, 349, 350, 353, 354, 355], "excluded_lines": []}, "nemo/collections/asr/models/__init__.py": {"executed_lines": [15, 16, 17, 18, 23, 24, 25, 26, 27, 28, 29, 35, 36, 37, 38, 39, 40, 41], "summary": {"covered_lines": 18, "num_statements": 18, "percent_covered": 100.0, "percent_covered_display": "100", "missing_lines": 0, "excluded_lines": 0}, "missing_lines": [], "excluded_lines": []}, "nemo/collections/asr/models/aed_multitask_models.py": {"executed_lines": [15, 16, 17, 18, 20, 21, 22, 23, 25, 29, 30, 31, 32, 37, 38, 39, 40, 41, 42, 43, 44, 45, 46, 47, 48, 58, 60, 63, 69, 86, 87, 88, 92, 93, 96, 97, 98, 102, 103, 104, 105, 106, 107, 109, 113, 120, 121, 123, 224, 255, 387, 388, 449, 465, 491, 507, 523, 524, 541, 542, 550, 551, 615, 640, 684, 692, 700, 704, 706, 742, 777, 803, 850, 883, 894, 938, 939, 948], "summary": {"covered_lines": 75, "num_statements": 385, "percent_covered": 19.48051948051948, "percent_covered_display": "19", "missing_lines": 310, "excluded_lines": 0}, "missing_lines": [64, 65, 66, 70, 71, 73, 74, 76, 77, 78, 79, 80, 81, 82, 83, 114, 115, 116, 117, 126, 127, 128, 130, 131, 132, 134, 137, 139, 142, 143, 144, 145, 147, 149, 152, 153, 154, 156, 159, 160, 162, 165, 168, 169, 170, 172, 175, 176, 178, 181, 182, 185, 186, 187, 190, 193, 194, 195, 196, 198, 206, 207, 209, 211, 212, 214, 216, 219, 220, 232, 234, 235, 238, 239, 240, 242, 250, 251, 253, 276, 277, 278, 279, 281, 283, 287, 289, 290, 292, 293, 297, 298, 300, 302, 303, 306, 309, 312, 314, 317, 318, 319, 321, 322, 325, 326, 327, 328, 330, 336, 339, 340, 342, 343, 346, 347, 350, 351, 354, 356, 359, 360, 361, 363, 364, 371, 372, 375, 376, 378, 379, 382, 383, 385, 426, 427, 440, 441, 445, 447, 450, 454, 468, 469, 475, 480, 481, 485, 486, 500, 501, 504, 505, 516, 517, 520, 521, 525, 526, 528, 529, 543, 580, 581, 582, 583, 588, 589, 593, 594, 596, 598, 599, 600, 601, 602, 604, 605, 606, 607, 610, 612, 617, 618, 621, 622, 624, 631, 633, 638, 642, 643, 645, 652, 653, 654, 658, 666, 667, 668, 670, 678, 679, 680, 682, 685, 686, 687, 689, 690, 693, 694, 695, 697, 698, 701, 702, 714, 717, 719, 720, 721, 723, 724, 725, 726, 728, 729, 730, 734, 735, 736, 737, 739, 740, 757, 758, 760, 764, 766, 768, 770, 771, 773, 775, 790, 793, 794, 801, 817, 818, 819, 820, 821, 823, 825, 832, 833, 834, 835, 836, 837, 838, 840, 841, 842, 843, 845, 846, 847, 848, 864, 865, 880, 881, 890, 892, 906, 907, 908, 910, 919, 920, 921, 923, 924, 925, 926, 927, 928, 929, 930, 931, 932, 934, 935, 936, 946, 949, 951, 952, 953, 954, 955, 956, 957, 959, 968, 975, 976], "excluded_lines": []}, "nemo/collections/asr/models/asr_model.py": {"executed_lines": [14, 15, 16, 18, 20, 21, 22, 23, 24, 25, 26, 28, 31, 32, 60, 88, 89, 99, 137, 149, 175, 176, 182, 183, 186, 187, 190, 191, 200, 240, 241, 244, 245, 248], "summary": {"covered_lines": 33, "num_statements": 138, "percent_covered": 23.91304347826087, "percent_covered_display": "24", "missing_lines": 105, "excluded_lines": 0}, "missing_lines": [33, 34, 36, 37, 38, 40, 42, 43, 44, 45, 47, 49, 50, 51, 52, 53, 54, 56, 58, 61, 62, 64, 65, 66, 68, 70, 71, 72, 73, 75, 77, 78, 79, 80, 81, 82, 84, 86, 96, 97, 111, 112, 113, 115, 117, 118, 119, 120, 123, 124, 125, 126, 128, 129, 131, 132, 135, 145, 146, 147, 153, 155, 156, 157, 160, 161, 162, 163, 164, 165, 167, 168, 170, 171, 172, 184, 188, 192, 193, 194, 195, 196, 197, 198, 218, 219, 220, 221, 222, 224, 232, 233, 234, 235, 236, 237, 238, 242, 246, 249, 250, 251, 252, 253, 254], "excluded_lines": []}, "nemo/collections/asr/models/audio_to_audio_model.py": {"executed_lines": [15, 16, 18, 19, 20, 21, 23, 24, 25, 27, 30, 31, 36, 41, 51, 111, 112, 115, 119, 123, 131, 139, 155, 158, 161, 162, 179, 180, 190, 202], "summary": {"covered_lines": 30, "num_statements": 113, "percent_covered": 26.548672566371682, "percent_covered_display": "27", "missing_lines": 83, "excluded_lines": 0}, "missing_lines": [32, 34, 39, 42, 43, 44, 45, 47, 49, 61, 62, 64, 65, 67, 68, 70, 72, 73, 75, 77, 78, 80, 81, 86, 87, 90, 91, 92, 93, 94, 95, 96, 97, 98, 104, 105, 107, 113, 116, 117, 120, 121, 124, 125, 126, 128, 129, 132, 133, 134, 136, 137, 141, 142, 145, 146, 148, 149, 151, 153, 156, 159, 177, 187, 188, 198, 199, 200, 206, 208, 209, 210, 213, 214, 215, 216, 217, 218, 220, 221, 223, 224, 225], "excluded_lines": []}, "nemo/collections/asr/models/classification_models.py": {"executed_lines": [15, 16, 17, 18, 19, 20, 21, 22, 24, 25, 26, 27, 28, 30, 31, 32, 33, 34, 35, 36, 37, 38, 39, 40, 41, 43, 46, 47, 48, 49, 51, 54, 55, 56, 57, 59, 62, 63, 65, 98, 99, 107, 108, 115, 116, 123, 124, 132, 133, 141, 142, 154, 155, 156, 159, 186, 211, 220, 232, 236, 318, 355, 356, 398, 400, 412, 417, 448, 470, 471, 474, 475, 484, 485, 487, 494, 497, 500, 503, 506, 509, 510, 583, 584, 588, 608, 626, 644, 660, 676, 677, 688, 739, 757, 758, 763, 764, 774, 779, 782, 785, 788, 791, 795, 796, 799, 800, 805, 823, 832, 837, 848, 859, 860, 888, 900, 901, 902, 905, 913, 914, 924, 928, 938, 978, 1007, 1011, 1012, 1041, 1065, 1089, 1118, 1121, 1124, 1188, 1210], "summary": {"covered_lines": 133, "num_statements": 629, "percent_covered": 21.144674085850557, "percent_covered_display": "21", "missing_lines": 496, "excluded_lines": 0}, "missing_lines": [68, 69, 70, 73, 76, 78, 80, 81, 83, 84, 86, 87, 88, 90, 92, 93, 94, 95, 96, 105, 113, 121, 130, 139, 143, 144, 146, 147, 157, 162, 163, 164, 165, 170, 171, 175, 176, 180, 181, 182, 183, 184, 187, 188, 190, 192, 197, 205, 206, 212, 213, 216, 218, 221, 222, 225, 227, 228, 230, 233, 234, 238, 239, 240, 242, 243, 245, 247, 250, 253, 254, 257, 261, 263, 264, 265, 267, 268, 275, 276, 277, 278, 279, 281, 284, 287, 288, 289, 291, 292, 293, 294, 295, 297, 298, 299, 300, 301, 303, 306, 308, 323, 324, 325, 327, 328, 330, 331, 332, 333, 335, 336, 337, 338, 339, 341, 342, 343, 345, 379, 380, 382, 383, 384, 386, 388, 391, 394, 396, 403, 404, 405, 406, 407, 409, 410, 413, 414, 415, 420, 421, 423, 425, 426, 427, 429, 430, 431, 433, 434, 435, 436, 439, 440, 442, 444, 446, 458, 467, 468, 472, 481, 489, 490, 492, 495, 498, 501, 504, 507, 517, 519, 524, 526, 531, 533, 538, 540, 545, 547, 552, 554, 559, 561, 566, 568, 573, 575, 580, 581, 585, 589, 590, 591, 593, 594, 595, 597, 598, 599, 601, 602, 604, 609, 610, 611, 612, 613, 614, 620, 621, 623, 624, 627, 628, 629, 630, 631, 632, 638, 639, 641, 642, 645, 646, 647, 649, 650, 651, 652, 654, 655, 656, 658, 661, 662, 663, 665, 666, 667, 668, 670, 671, 672, 674, 680, 686, 704, 705, 707, 708, 712, 713, 716, 718, 719, 720, 721, 722, 724, 725, 726, 728, 729, 731, 732, 734, 735, 737, 747, 749, 750, 752, 754, 770, 772, 775, 776, 777, 780, 783, 786, 789, 792, 793, 797, 801, 802, 806, 807, 808, 809, 810, 812, 821, 824, 825, 826, 827, 828, 830, 833, 835, 838, 839, 840, 841, 842, 844, 846, 849, 850, 851, 852, 853, 855, 857, 876, 877, 879, 880, 883, 885, 886, 890, 892, 893, 895, 897, 903, 906, 907, 908, 909, 910, 911, 915, 916, 921, 922, 925, 926, 929, 930, 931, 932, 933, 935, 936, 939, 940, 941, 942, 944, 945, 948, 953, 954, 957, 958, 959, 961, 963, 964, 965, 966, 968, 983, 984, 985, 987, 988, 990, 991, 992, 993, 995, 997, 1008, 1009, 1015, 1016, 1017, 1018, 1023, 1024, 1029, 1030, 1034, 1035, 1036, 1037, 1038, 1042, 1043, 1044, 1045, 1047, 1049, 1055, 1056, 1057, 1058, 1060, 1061, 1063, 1066, 1067, 1068, 1069, 1071, 1073, 1075, 1076, 1078, 1079, 1081, 1090, 1091, 1092, 1094, 1095, 1096, 1098, 1099, 1100, 1101, 1102, 1104, 1105, 1107, 1112, 1113, 1115, 1116, 1119, 1122, 1141, 1142, 1143, 1144, 1145, 1146, 1147, 1149, 1150, 1151, 1152, 1153, 1154, 1157, 1158, 1159, 1160, 1161, 1162, 1163, 1164, 1165, 1166, 1167, 1168, 1170, 1171, 1172, 1173, 1174, 1177, 1178, 1179, 1180, 1182, 1183, 1185, 1186, 1199, 1200, 1201, 1202, 1203, 1205, 1206, 1208, 1228, 1229, 1230, 1231, 1232, 1234, 1242, 1243, 1244, 1245, 1246, 1247, 1248], "excluded_lines": []}, "nemo/collections/asr/models/clustering_diarizer.py": {"executed_lines": [15, 16, 17, 18, 19, 20, 21, 22, 24, 25, 26, 27, 29, 30, 31, 32, 33, 43, 49, 50, 52, 53, 62, 64, 65, 66, 69, 75, 76, 83, 109, 110, 113, 135, 168, 182, 193, 284, 298, 338, 391, 398, 476, 477, 481, 482, 508, 509, 517, 518, 557, 558], "summary": {"covered_lines": 51, "num_statements": 288, "percent_covered": 17.708333333333332, "percent_covered_display": "18", "missing_lines": 237, "excluded_lines": 0}, "missing_lines": [54, 55, 57, 58, 59, 71, 72, 84, 85, 86, 88, 89, 92, 95, 96, 97, 98, 99, 102, 103, 104, 107, 111, 117, 118, 119, 120, 122, 123, 126, 127, 128, 131, 132, 133, 139, 140, 142, 143, 144, 145, 146, 147, 150, 152, 153, 156, 157, 158, 162, 169, 180, 183, 191, 203, 204, 206, 208, 209, 210, 211, 212, 213, 214, 215, 217, 218, 221, 222, 223, 224, 225, 226, 227, 228, 229, 230, 231, 233, 234, 235, 236, 237, 238, 239, 240, 241, 243, 245, 246, 250, 251, 259, 260, 262, 264, 265, 273, 274, 275, 276, 277, 279, 281, 282, 286, 287, 290, 296, 303, 304, 305, 306, 308, 309, 310, 311, 318, 320, 324, 325, 327, 328, 329, 330, 331, 333, 336, 343, 344, 345, 346, 347, 349, 350, 356, 357, 358, 359, 360, 361, 362, 363, 365, 366, 367, 368, 369, 370, 371, 373, 374, 375, 376, 377, 378, 380, 381, 382, 383, 385, 386, 387, 388, 389, 392, 393, 394, 395, 396, 406, 408, 410, 411, 412, 413, 415, 416, 418, 419, 421, 422, 424, 425, 426, 427, 429, 431, 433, 434, 437, 440, 441, 444, 447, 449, 451, 456, 464, 467, 478, 479, 497, 498, 499, 501, 502, 503, 504, 505, 506, 510, 511, 512, 513, 514, 515, 527, 529, 530, 531, 532, 533, 534, 536, 537, 538, 539, 541, 546, 547, 548, 549, 551, 553, 555, 559], "excluded_lines": []}, "nemo/collections/asr/models/confidence_ensemble.py": {"executed_lines": [], "summary": {"covered_lines": 0, "num_statements": 138, "percent_covered": 0.0, "percent_covered_display": "0", "missing_lines": 138, "excluded_lines": 0}, "missing_lines": [15, 16, 18, 19, 20, 21, 22, 24, 25, 26, 32, 33, 34, 35, 40, 41, 42, 43, 44, 45, 47, 55, 56, 57, 58, 60, 61, 70, 85, 86, 87, 88, 89, 90, 91, 92, 93, 94, 95, 96, 97, 99, 100, 101, 102, 103, 104, 105, 106, 108, 111, 112, 114, 117, 135, 136, 137, 138, 139, 140, 142, 143, 144, 146, 148, 151, 161, 164, 176, 177, 178, 179, 180, 181, 182, 186, 187, 188, 189, 190, 191, 192, 198, 205, 206, 207, 210, 211, 215, 216, 217, 218, 219, 221, 222, 224, 226, 227, 228, 230, 235, 236, 238, 240, 241, 243, 247, 248, 252, 258, 259, 260, 261, 262, 264, 266, 267, 287, 288, 291, 292, 293, 294, 304, 305, 307, 308, 309, 310, 311, 314, 315, 316, 317, 318, 320, 322, 323], "excluded_lines": []}, "nemo/collections/asr/models/configs/__init__.py": {"executed_lines": [15, 21, 26, 27, 32, 37, 43], "summary": {"covered_lines": 7, "num_statements": 7, "percent_covered": 100.0, "percent_covered_display": "100", "missing_lines": 0, "excluded_lines": 0}, "missing_lines": [], "excluded_lines": []}, "nemo/collections/asr/models/configs/aligner_config.py": {"executed_lines": [], "summary": {"covered_lines": 0, "num_statements": 21, "percent_covered": 0.0, "percent_covered_display": "0", "missing_lines": 21, "excluded_lines": 0}, "missing_lines": [15, 17, 20, 21, 22, 23, 26, 27, 28, 29, 32, 33, 34, 35, 36, 37, 38, 39, 42, 43, 44], "excluded_lines": []}, "nemo/collections/asr/models/configs/asr_models_config.py": {"executed_lines": [15, 16, 18, 20, 21, 25, 26, 27, 30, 31, 32, 33, 34, 35, 38, 39, 40, 41, 42, 45, 46, 47, 48, 49, 50, 51, 52, 53, 54, 55, 56, 57, 58, 59, 62, 63, 64, 67, 68, 70, 71, 72, 73, 74, 77, 78, 81, 84, 89, 92, 95, 96, 97, 100, 101, 102, 105, 106, 107, 108, 110, 111, 113, 115, 116, 118, 119], "summary": {"covered_lines": 67, "num_statements": 67, "percent_covered": 100.0, "percent_covered_display": "100", "missing_lines": 0, "excluded_lines": 0}, "missing_lines": [], "excluded_lines": []}, "nemo/collections/asr/models/configs/classification_models_config.py": {"executed_lines": [15, 16, 18, 20, 21, 26, 27, 30, 31, 32, 33, 34, 35, 38, 39, 40, 41, 44, 45, 46, 47, 48, 51, 52, 53, 54, 55, 58, 59, 60, 63, 64, 66, 67, 68, 69, 70, 71, 72, 75, 80, 83, 88, 93, 94, 97, 101, 102, 104, 109, 110, 111], "summary": {"covered_lines": 52, "num_statements": 54, "percent_covered": 96.29629629629629, "percent_covered_display": "96", "missing_lines": 2, "excluded_lines": 0}, "missing_lines": [105, 106], "excluded_lines": []}, "nemo/collections/asr/models/configs/diarizer_config.py": {"executed_lines": [15, 16, 19, 20, 21, 23, 26, 30, 34, 35, 36, 37, 38, 39, 42, 43, 45, 47, 49, 51, 54, 55, 57, 59, 61, 63, 65, 67, 69, 71, 73, 75, 78, 79, 80, 81, 82, 83, 86, 87, 88, 89, 90, 91, 92, 93, 94, 95, 96, 97, 98, 101, 102, 103, 104, 105, 108, 109, 111, 113, 115, 117, 120, 121, 123, 124, 127, 128, 130, 132, 134, 136, 138, 140, 143, 144, 145, 148, 149, 151, 153, 155, 157, 159, 161, 163, 166, 167, 168, 169, 172, 173, 174, 175, 176, 177, 178, 179, 180, 181, 182, 183, 186, 187, 188, 189, 190, 191, 192, 193, 194, 196, 197], "summary": {"covered_lines": 112, "num_statements": 117, "percent_covered": 95.72649572649573, "percent_covered_display": "96", "missing_lines": 5, "excluded_lines": 0}, "missing_lines": [24, 27, 28, 31, 198], "excluded_lines": []}, "nemo/collections/asr/models/configs/k2_sequence_models_config.py": {"executed_lines": [], "summary": {"covered_lines": 0, "num_statements": 18, "percent_covered": 0.0, "percent_covered_display": "0", "missing_lines": 18, "excluded_lines": 0}, "missing_lines": [15, 17, 18, 19, 22, 23, 24, 25, 26, 27, 28, 29, 32, 33, 34, 37, 38, 39], "excluded_lines": []}, "nemo/collections/asr/models/configs/matchboxnet_config.py": {"executed_lines": [15, 16, 18, 20, 21, 26, 31, 35, 65, 98, 99, 101, 102, 103, 104, 105, 106, 107, 110, 115, 118, 123, 128, 131, 136, 140, 141, 144, 145, 146, 147, 149, 152, 153, 155, 190, 193, 196, 199, 202, 205, 208, 223, 260], "summary": {"covered_lines": 44, "num_statements": 90, "percent_covered": 48.888888888888886, "percent_covered_display": "49", "missing_lines": 46, "excluded_lines": 0}, "missing_lines": [36, 62, 66, 92, 156, 157, 159, 161, 162, 163, 165, 172, 173, 174, 176, 185, 187, 188, 191, 194, 197, 200, 203, 206, 209, 225, 226, 227, 228, 231, 234, 235, 236, 237, 238, 241, 242, 245, 246, 249, 250, 253, 254, 257, 258, 261], "excluded_lines": []}, "nemo/collections/asr/models/configs/quartznet_config.py": {"executed_lines": [15, 16, 18, 20, 21, 25, 26, 30, 108, 167, 168, 170, 171, 172, 173, 174, 177, 180, 183, 188, 193, 196, 199, 200, 203, 204, 205, 208, 209, 211, 250, 253, 256, 259, 262, 265, 282, 315], "summary": {"covered_lines": 38, "num_statements": 85, "percent_covered": 44.705882352941174, "percent_covered_display": "45", "missing_lines": 47, "excluded_lines": 0}, "missing_lines": [31, 105, 109, 163, 212, 213, 215, 217, 218, 219, 221, 229, 230, 231, 233, 242, 244, 245, 247, 248, 251, 254, 257, 260, 263, 266, 267, 268, 284, 285, 286, 287, 290, 293, 294, 295, 296, 297, 300, 301, 304, 305, 308, 309, 312, 313, 316], "excluded_lines": []}, "nemo/collections/asr/models/ctc_bpe_models.py": {"executed_lines": [15, 16, 17, 19, 20, 22, 23, 24, 25, 26, 27, 28, 29, 30, 31, 32, 33, 34, 36, 39, 40, 42, 96, 159, 202, 309, 344, 345], "summary": {"covered_lines": 27, "num_statements": 220, "percent_covered": 12.272727272727273, "percent_covered_display": "12", "missing_lines": 193, "excluded_lines": 0}, "missing_lines": [44, 45, 47, 48, 51, 54, 57, 59, 60, 62, 65, 67, 68, 73, 75, 78, 81, 82, 83, 84, 86, 89, 97, 98, 105, 114, 115, 117, 119, 121, 122, 123, 125, 126, 127, 129, 132, 134, 135, 136, 137, 142, 143, 144, 145, 147, 178, 179, 180, 182, 183, 185, 196, 197, 199, 200, 224, 225, 226, 228, 232, 234, 235, 237, 238, 243, 244, 246, 249, 252, 255, 257, 258, 260, 262, 265, 271, 273, 274, 275, 276, 282, 284, 287, 288, 289, 291, 293, 301, 302, 304, 305, 307, 317, 319, 320, 323, 324, 325, 327, 329, 336, 339, 340, 342, 352, 354, 359, 361, 366, 368, 373, 375, 380, 382, 387, 389, 395, 397, 403, 405, 410, 412, 417, 419, 424, 426, 432, 434, 439, 441, 446, 448, 453, 455, 460, 462, 467, 469, 474, 476, 481, 483, 488, 490, 495, 497, 502, 504, 509, 511, 516, 518, 523, 525, 530, 532, 537, 539, 544, 546, 551, 553, 558, 560, 565, 567, 572, 574, 579, 581, 586, 588, 593, 595, 600, 602, 607, 609, 614, 616, 621, 623, 628, 630, 635, 637, 642, 644, 649, 651, 656, 658], "excluded_lines": []}, "nemo/collections/asr/models/ctc_models.py": {"executed_lines": [14, 15, 16, 17, 18, 19, 21, 22, 23, 24, 25, 27, 28, 29, 30, 31, 32, 33, 34, 35, 36, 37, 38, 39, 40, 41, 42, 43, 44, 46, 49, 50, 52, 120, 167, 238, 275, 349, 394, 417, 440, 441, 454, 455, 462, 463, 515, 572, 588, 622, 630, 635, 640, 649, 653, 655, 662, 669, 675, 710, 752, 753, 863, 864, 867, 868], "summary": {"covered_lines": 65, "num_statements": 335, "percent_covered": 19.402985074626866, "percent_covered_display": "19", "missing_lines": 270, "excluded_lines": 0}, "missing_lines": [55, 56, 57, 59, 60, 61, 63, 64, 67, 68, 69, 71, 72, 77, 79, 81, 87, 88, 90, 93, 96, 97, 98, 99, 101, 104, 112, 115, 118, 156, 184, 185, 187, 188, 189, 190, 191, 192, 194, 195, 196, 197, 203, 205, 208, 209, 210, 212, 216, 224, 225, 227, 228, 230, 231, 232, 233, 234, 236, 246, 248, 249, 252, 253, 254, 256, 260, 267, 270, 271, 273, 277, 278, 280, 281, 296, 304, 305, 307, 309, 311, 312, 313, 315, 316, 317, 319, 322, 324, 325, 326, 327, 332, 333, 334, 335, 337, 364, 365, 368, 370, 375, 383, 384, 388, 389, 409, 410, 413, 415, 432, 433, 436, 438, 442, 443, 445, 446, 456, 486, 487, 488, 489, 494, 495, 499, 500, 502, 503, 504, 505, 506, 508, 517, 518, 520, 521, 523, 524, 525, 529, 531, 532, 534, 536, 541, 543, 548, 549, 551, 559, 560, 566, 567, 568, 570, 573, 574, 575, 579, 581, 585, 586, 589, 590, 592, 593, 594, 598, 600, 603, 607, 610, 611, 612, 614, 617, 618, 620, 623, 624, 625, 627, 628, 631, 632, 633, 636, 637, 638, 641, 642, 643, 644, 646, 647, 650, 651, 656, 659, 660, 663, 666, 667, 670, 671, 672, 673, 676, 677, 679, 682, 683, 687, 688, 690, 691, 693, 694, 695, 696, 697, 700, 702, 703, 704, 706, 708, 728, 729, 730, 732, 733, 735, 746, 747, 749, 750, 760, 762, 767, 769, 774, 776, 781, 783, 788, 790, 795, 797, 802, 804, 809, 811, 816, 818, 823, 825, 830, 832, 837, 839, 845, 847, 852, 854, 859, 861, 865, 869], "excluded_lines": []}, "nemo/collections/asr/models/enhancement_models.py": {"executed_lines": [14, 15, 16, 17, 19, 20, 21, 22, 23, 24, 26, 27, 28, 29, 30, 31, 32, 33, 34, 36, 39, 40, 49, 87, 88, 201, 245, 267, 286, 305, 335, 336, 344, 345, 353, 370, 371, 407, 442, 477, 478], "summary": {"covered_lines": 40, "num_statements": 188, "percent_covered": 21.27659574468085, "percent_covered_display": "21", "missing_lines": 148, "excluded_lines": 0}, "missing_lines": [52, 53, 54, 56, 57, 60, 61, 62, 63, 65, 66, 67, 69, 70, 77, 78, 79, 81, 82, 85, 112, 113, 115, 116, 119, 122, 123, 125, 127, 129, 131, 132, 135, 137, 138, 139, 140, 141, 143, 152, 153, 156, 159, 162, 163, 164, 168, 169, 171, 175, 177, 179, 181, 183, 185, 187, 189, 190, 194, 195, 196, 197, 199, 203, 204, 208, 209, 210, 214, 217, 218, 220, 221, 222, 224, 226, 227, 228, 230, 233, 235, 256, 257, 260, 262, 264, 265, 278, 279, 282, 284, 297, 298, 301, 303, 319, 332, 333, 337, 346, 364, 365, 366, 368, 384, 387, 390, 393, 396, 397, 400, 403, 404, 409, 411, 412, 413, 415, 419, 420, 421, 422, 425, 426, 429, 432, 435, 436, 437, 440, 444, 446, 447, 448, 450, 454, 455, 456, 457, 460, 463, 466, 468, 469, 472, 475, 485, 487], "excluded_lines": []}, "nemo/collections/asr/models/hybrid_asr_tts_models.py": {"executed_lines": [], "summary": {"covered_lines": 0, "num_statements": 272, "percent_covered": 0.0, "percent_covered_display": "0", "missing_lines": 272, "excluded_lines": 0}, "missing_lines": [15, 16, 17, 18, 19, 21, 22, 23, 24, 26, 27, 28, 34, 35, 36, 37, 38, 39, 40, 41, 42, 43, 44, 45, 46, 47, 50, 55, 56, 57, 58, 59, 60, 61, 63, 64, 65, 67, 70, 71, 76, 77, 78, 79, 80, 81, 82, 83, 86, 93, 94, 95, 97, 102, 103, 104, 106, 107, 108, 109, 110, 111, 112, 113, 114, 116, 117, 118, 119, 120, 121, 122, 123, 125, 126, 127, 129, 130, 135, 148, 149, 150, 152, 153, 155, 159, 160, 161, 162, 163, 164, 166, 169, 170, 172, 173, 174, 179, 181, 182, 183, 187, 188, 189, 194, 195, 198, 199, 200, 202, 203, 206, 207, 213, 215, 218, 219, 220, 221, 222, 223, 224, 225, 226, 227, 228, 229, 230, 231, 232, 233, 235, 236, 247, 248, 265, 266, 267, 268, 269, 270, 271, 273, 274, 296, 297, 314, 315, 316, 317, 318, 320, 322, 323, 324, 326, 333, 334, 336, 337, 338, 340, 342, 344, 346, 348, 350, 352, 354, 356, 358, 360, 362, 364, 366, 368, 370, 372, 374, 375, 376, 378, 379, 381, 383, 385, 387, 389, 391, 393, 395, 396, 398, 400, 401, 403, 405, 406, 407, 409, 413, 414, 415, 417, 420, 421, 422, 424, 426, 427, 428, 429, 430, 431, 432, 436, 447, 449, 450, 452, 453, 456, 457, 459, 463, 464, 465, 467, 468, 477, 478, 480, 481, 482, 484, 486, 487, 490, 491, 492, 493, 494, 495, 496, 498, 499, 501, 503, 505, 506, 508, 509, 511, 512, 513, 515, 518, 520, 521, 531, 544, 547, 548, 564, 577, 579, 585, 586, 587, 588, 589, 591], "excluded_lines": []}, "nemo/collections/asr/models/hybrid_rnnt_ctc_bpe_models.py": {"executed_lines": [15, 16, 17, 19, 20, 21, 23, 24, 25, 26, 27, 28, 29, 30, 31, 32, 33, 34, 35, 36, 37, 40, 41, 43, 135, 199, 242, 409, 494, 495], "summary": {"covered_lines": 29, "num_statements": 244, "percent_covered": 11.885245901639344, "percent_covered_display": "12", "missing_lines": 215, "excluded_lines": 0}, "missing_lines": [45, 46, 49, 50, 52, 53, 56, 59, 62, 63, 65, 66, 68, 69, 70, 71, 72, 75, 76, 80, 81, 82, 84, 86, 87, 92, 94, 96, 98, 103, 112, 113, 114, 117, 118, 119, 120, 121, 122, 125, 133, 137, 138, 145, 154, 155, 157, 159, 161, 162, 163, 165, 166, 167, 169, 172, 174, 175, 176, 177, 182, 183, 184, 185, 187, 218, 219, 220, 222, 223, 225, 236, 237, 239, 240, 265, 266, 267, 269, 273, 275, 276, 278, 279, 283, 284, 286, 289, 292, 294, 295, 296, 297, 299, 301, 302, 303, 305, 306, 307, 308, 309, 311, 312, 314, 316, 319, 320, 321, 322, 324, 328, 337, 340, 341, 344, 345, 347, 348, 350, 351, 353, 356, 357, 359, 360, 362, 364, 366, 371, 373, 374, 375, 376, 382, 384, 387, 388, 389, 391, 393, 401, 402, 404, 405, 407, 419, 420, 422, 423, 426, 427, 428, 429, 431, 435, 444, 447, 448, 450, 453, 454, 456, 457, 459, 460, 461, 462, 464, 465, 468, 469, 470, 472, 474, 481, 484, 485, 487, 488, 492, 502, 504, 509, 511, 516, 518, 523, 525, 530, 532, 537, 539, 544, 546, 551, 553, 558, 560, 565, 567, 572, 574, 579, 581, 586, 588, 593, 595, 600, 602, 607, 609, 614, 616], "excluded_lines": []}, "nemo/collections/asr/models/hybrid_rnnt_ctc_models.py": {"executed_lines": [15, 16, 17, 18, 19, 21, 22, 23, 24, 26, 27, 28, 29, 30, 31, 32, 33, 34, 35, 36, 39, 40, 42, 96, 97, 149, 155, 161, 174, 214, 295, 340, 463, 481, 587, 596, 605, 622, 642, 648, 649, 655, 656], "summary": {"covered_lines": 42, "num_statements": 312, "percent_covered": 13.461538461538462, "percent_covered_display": "13", "missing_lines": 270, "excluded_lines": 0}, "missing_lines": [43, 44, 45, 47, 48, 51, 52, 55, 56, 57, 59, 60, 65, 67, 68, 70, 76, 77, 78, 79, 80, 82, 83, 91, 94, 132, 133, 137, 150, 152, 153, 156, 158, 159, 162, 163, 166, 168, 169, 171, 172, 177, 178, 181, 182, 184, 187, 189, 191, 192, 193, 194, 201, 203, 204, 206, 207, 208, 210, 212, 236, 239, 240, 241, 245, 246, 247, 248, 249, 250, 252, 253, 254, 255, 261, 263, 264, 267, 268, 269, 271, 273, 281, 282, 284, 285, 287, 288, 289, 290, 291, 293, 306, 307, 308, 310, 311, 313, 314, 317, 318, 319, 321, 323, 330, 333, 334, 336, 337, 342, 343, 345, 346, 348, 351, 352, 354, 355, 358, 360, 361, 362, 364, 365, 367, 368, 370, 373, 375, 376, 381, 383, 388, 389, 395, 396, 397, 401, 411, 413, 418, 419, 421, 422, 423, 426, 427, 428, 429, 430, 436, 437, 438, 445, 448, 449, 451, 452, 455, 458, 459, 461, 465, 468, 469, 471, 472, 474, 478, 479, 482, 483, 485, 488, 489, 491, 492, 494, 495, 498, 499, 500, 501, 503, 506, 508, 514, 515, 517, 518, 519, 523, 525, 526, 528, 529, 532, 540, 541, 543, 544, 545, 547, 548, 549, 552, 553, 554, 555, 556, 559, 560, 561, 562, 563, 565, 567, 576, 579, 580, 582, 583, 585, 588, 589, 590, 592, 594, 597, 598, 599, 600, 602, 603, 606, 607, 608, 610, 611, 612, 613, 614, 615, 616, 617, 618, 619, 620, 623, 624, 625, 627, 628, 629, 630, 632, 633, 634, 635, 637, 638, 639, 643, 644, 646, 650, 651, 653, 663, 664], "excluded_lines": []}, "nemo/collections/asr/models/k2_aligner_model.py": {"executed_lines": [], "summary": {"covered_lines": 0, "num_statements": 303, "percent_covered": 0.0, "percent_covered_display": "0", "missing_lines": 303, "excluded_lines": 0}, "missing_lines": [15, 16, 17, 19, 20, 21, 22, 24, 25, 26, 27, 30, 34, 35, 36, 37, 38, 39, 40, 41, 42, 43, 44, 47, 48, 49, 50, 51, 52, 53, 54, 56, 58, 60, 66, 67, 69, 71, 72, 73, 74, 75, 77, 81, 83, 87, 88, 89, 90, 91, 93, 95, 96, 100, 101, 102, 103, 104, 106, 111, 112, 114, 116, 117, 118, 120, 122, 134, 136, 150, 151, 152, 153, 154, 156, 161, 163, 164, 165, 166, 168, 169, 170, 171, 172, 173, 176, 181, 183, 184, 186, 188, 189, 190, 191, 192, 194, 195, 196, 197, 198, 199, 200, 201, 203, 205, 215, 216, 218, 221, 223, 224, 225, 227, 228, 229, 231, 245, 246, 248, 251, 252, 253, 257, 263, 264, 266, 267, 268, 269, 270, 271, 272, 274, 275, 276, 277, 278, 279, 280, 281, 283, 296, 299, 300, 301, 302, 303, 304, 306, 307, 308, 309, 314, 318, 324, 326, 339, 342, 343, 344, 345, 346, 347, 350, 351, 352, 353, 354, 355, 357, 358, 359, 360, 361, 362, 363, 364, 365, 367, 381, 382, 383, 384, 385, 386, 387, 388, 390, 391, 392, 393, 394, 395, 396, 398, 399, 400, 401, 403, 404, 405, 406, 407, 408, 409, 411, 419, 420, 422, 423, 424, 425, 426, 429, 430, 432, 433, 434, 435, 436, 437, 438, 442, 443, 444, 449, 450, 452, 465, 467, 468, 470, 471, 472, 473, 474, 480, 482, 484, 489, 502, 503, 504, 505, 506, 511, 512, 513, 514, 515, 521, 522, 527, 529, 530, 531, 533, 534, 536, 538, 540, 541, 560, 562, 563, 564, 565, 567, 568, 570, 571, 572, 575, 577, 578, 579, 580, 581, 582, 584, 589, 590, 591, 592, 593, 594, 597, 598, 599, 601, 602, 603, 604, 605, 606, 607, 609, 610, 612, 613, 615, 616], "excluded_lines": []}, "nemo/collections/asr/models/k2_sequence_models.py": {"executed_lines": [15, 17, 18, 20, 21, 22, 23, 24, 25, 26, 29, 30, 32, 39, 40, 49, 77, 78, 112, 113, 115, 122, 123, 132, 160, 161, 195, 196, 198, 209, 210, 219, 248, 249, 251, 262, 263, 272], "summary": {"covered_lines": 34, "num_statements": 84, "percent_covered": 40.476190476190474, "percent_covered_display": "40", "missing_lines": 50, "excluded_lines": 0}, "missing_lines": [33, 34, 35, 36, 37, 47, 65, 67, 68, 69, 75, 101, 107, 116, 117, 118, 119, 120, 130, 148, 150, 151, 152, 158, 184, 190, 199, 200, 201, 202, 206, 207, 217, 235, 237, 238, 239, 245, 252, 253, 254, 255, 259, 260, 270, 288, 290, 291, 292, 298], "excluded_lines": []}, "nemo/collections/asr/models/label_models.py": {"executed_lines": [14, 15, 16, 17, 18, 20, 21, 22, 23, 24, 25, 26, 27, 28, 30, 31, 35, 36, 37, 38, 39, 40, 41, 42, 43, 44, 46, 49, 50, 63, 64, 109, 173, 174, 195, 267, 302, 306, 314, 318, 319, 329, 330, 336, 341, 342, 355, 372, 401, 430, 433, 436, 439, 442, 443, 474, 475, 503, 549, 564, 565, 593, 594], "summary": {"covered_lines": 62, "num_statements": 330, "percent_covered": 18.78787878787879, "percent_covered_display": "19", "missing_lines": 268, "excluded_lines": 0}, "missing_lines": [70, 72, 77, 79, 84, 86, 91, 93, 98, 100, 105, 107, 110, 111, 112, 113, 115, 117, 118, 119, 120, 121, 123, 125, 127, 128, 130, 132, 134, 136, 137, 139, 140, 141, 142, 144, 145, 146, 149, 150, 153, 157, 158, 160, 162, 163, 164, 166, 168, 169, 171, 175, 176, 177, 178, 179, 180, 182, 183, 184, 190, 191, 192, 193, 196, 197, 199, 201, 204, 205, 206, 209, 213, 215, 216, 217, 225, 232, 234, 235, 236, 238, 248, 249, 251, 252, 254, 256, 257, 268, 271, 272, 273, 275, 276, 277, 278, 279, 283, 291, 292, 296, 297, 303, 304, 307, 308, 310, 311, 312, 315, 316, 320, 321, 323, 324, 331, 337, 338, 339, 343, 347, 348, 350, 351, 352, 356, 357, 358, 360, 361, 362, 364, 365, 366, 367, 368, 370, 373, 374, 375, 376, 377, 378, 379, 381, 388, 389, 390, 392, 394, 395, 397, 399, 402, 403, 404, 406, 407, 408, 410, 411, 412, 413, 414, 416, 417, 419, 420, 421, 422, 424, 431, 434, 437, 440, 452, 453, 454, 455, 456, 457, 458, 459, 463, 464, 466, 468, 469, 470, 471, 472, 484, 486, 487, 488, 492, 493, 495, 497, 498, 499, 500, 501, 517, 518, 519, 520, 521, 523, 524, 525, 527, 528, 529, 530, 531, 533, 534, 535, 537, 539, 540, 541, 542, 544, 545, 547, 560, 562, 577, 578, 580, 581, 583, 584, 586, 587, 588, 590, 591, 617, 618, 619, 620, 621, 622, 623, 625, 627, 629, 633, 634, 635, 637, 638, 639, 640, 641, 643, 644, 645, 647, 649, 650, 651, 653, 655], "excluded_lines": []}, "nemo/collections/asr/models/msdd_models.py": {"executed_lines": [15, 16, 17, 18, 19, 20, 21, 22, 23, 25, 26, 27, 28, 29, 30, 31, 32, 33, 35, 36, 37, 38, 39, 40, 46, 47, 48, 49, 60, 61, 62, 63, 64, 66, 67, 76, 79, 80, 90, 91, 108, 151, 165, 175, 209, 243, 277, 280, 283, 293, 299, 303, 304, 319, 320, 328, 383, 384, 448, 449, 527, 536, 537, 571, 593, 615, 627, 637, 652, 653, 678, 692, 701, 738, 762, 823, 885, 902, 924, 941, 967, 968, 974, 1004, 1017, 1018, 1046, 1073, 1098, 1138, 1164, 1171, 1172, 1185, 1256, 1298, 1347, 1348, 1387, 1432, 1433, 1458, 1517, 1537, 1538], "summary": {"covered_lines": 102, "num_statements": 618, "percent_covered": 16.50485436893204, "percent_covered_display": "17", "missing_lines": 516, "excluded_lines": 0}, "missing_lines": [68, 69, 71, 72, 73, 98, 100, 105, 106, 112, 113, 115, 116, 117, 118, 119, 121, 122, 123, 125, 126, 127, 129, 130, 131, 133, 134, 135, 137, 138, 139, 141, 144, 146, 147, 148, 149, 159, 160, 161, 162, 163, 168, 169, 181, 182, 184, 185, 186, 187, 189, 191, 192, 193, 194, 195, 196, 198, 199, 202, 203, 204, 207, 210, 214, 215, 216, 217, 229, 230, 231, 232, 233, 246, 248, 249, 250, 252, 263, 264, 265, 266, 267, 278, 281, 284, 285, 297, 300, 301, 305, 306, 308, 309, 321, 369, 370, 371, 372, 373, 374, 375, 376, 377, 378, 379, 380, 381, 419, 420, 421, 422, 423, 424, 425, 426, 427, 428, 429, 430, 431, 432, 433, 435, 436, 437, 438, 439, 441, 442, 443, 446, 494, 495, 496, 497, 498, 499, 501, 502, 503, 504, 505, 506, 507, 508, 509, 510, 511, 512, 513, 514, 515, 517, 518, 519, 521, 522, 523, 524, 525, 531, 534, 540, 543, 548, 549, 550, 553, 554, 557, 558, 559, 562, 564, 565, 566, 569, 572, 573, 574, 583, 584, 585, 586, 587, 588, 589, 590, 591, 594, 595, 596, 605, 606, 607, 608, 609, 610, 616, 617, 618, 620, 621, 622, 628, 629, 630, 631, 632, 645, 646, 647, 648, 649, 681, 682, 683, 684, 685, 688, 689, 690, 696, 697, 719, 720, 721, 722, 723, 724, 725, 728, 729, 730, 731, 733, 734, 735, 736, 753, 754, 755, 756, 757, 758, 759, 760, 790, 791, 795, 796, 799, 800, 801, 802, 804, 805, 806, 809, 810, 811, 812, 813, 815, 816, 818, 820, 821, 843, 844, 847, 848, 849, 851, 852, 855, 858, 859, 860, 862, 863, 864, 867, 868, 870, 873, 876, 877, 878, 879, 882, 883, 896, 897, 898, 899, 900, 916, 919, 920, 921, 922, 935, 936, 937, 938, 939, 952, 953, 954, 955, 958, 959, 960, 961, 962, 963, 964, 975, 976, 979, 980, 981, 982, 983, 984, 985, 989, 990, 991, 994, 999, 1000, 1009, 1010, 1011, 1012, 1013, 1014, 1015, 1030, 1031, 1033, 1034, 1035, 1036, 1038, 1039, 1040, 1041, 1042, 1043, 1044, 1058, 1059, 1060, 1061, 1062, 1064, 1065, 1066, 1067, 1069, 1070, 1071, 1078, 1079, 1080, 1081, 1082, 1083, 1084, 1088, 1089, 1090, 1091, 1093, 1094, 1096, 1119, 1120, 1121, 1122, 1123, 1124, 1125, 1126, 1127, 1128, 1129, 1130, 1131, 1133, 1134, 1135, 1136, 1156, 1157, 1158, 1159, 1160, 1161, 1162, 1167, 1168, 1169, 1178, 1179, 1180, 1181, 1182, 1183, 1214, 1215, 1216, 1217, 1218, 1222, 1223, 1224, 1225, 1232, 1235, 1236, 1239, 1240, 1250, 1253, 1254, 1280, 1281, 1282, 1283, 1284, 1285, 1286, 1287, 1290, 1291, 1292, 1293, 1294, 1295, 1296, 1321, 1322, 1323, 1324, 1327, 1328, 1334, 1335, 1337, 1338, 1341, 1342, 1343, 1344, 1345, 1361, 1362, 1363, 1364, 1365, 1366, 1367, 1368, 1369, 1370, 1371, 1374, 1375, 1377, 1378, 1379, 1381, 1382, 1383, 1384, 1385, 1401, 1404, 1405, 1406, 1407, 1408, 1420, 1428, 1429, 1430, 1452, 1453, 1456, 1481, 1482, 1483, 1484, 1485, 1498, 1499, 1501, 1511, 1512, 1514, 1515, 1527, 1528, 1529, 1530, 1531, 1532, 1533, 1534, 1535, 1545], "excluded_lines": []}, "nemo/collections/asr/models/online_diarizer.py": {"executed_lines": [], "summary": {"covered_lines": 0, "num_statements": 187, "percent_covered": 0.0, "percent_covered_display": "0", "missing_lines": 187, "excluded_lines": 0}, "missing_lines": [15, 16, 17, 18, 20, 21, 23, 24, 25, 26, 32, 34, 37, 48, 49, 50, 51, 52, 53, 54, 56, 57, 59, 62, 82, 83, 84, 85, 86, 88, 89, 90, 91, 92, 94, 95, 96, 98, 99, 100, 102, 103, 105, 108, 110, 124, 132, 133, 135, 137, 145, 147, 163, 164, 165, 166, 168, 181, 182, 183, 185, 190, 191, 192, 193, 194, 196, 197, 198, 199, 200, 201, 202, 204, 237, 238, 239, 240, 242, 246, 247, 248, 250, 258, 261, 262, 263, 264, 265, 266, 268, 279, 280, 282, 287, 288, 289, 290, 291, 293, 294, 303, 304, 305, 306, 308, 309, 310, 312, 313, 315, 337, 339, 340, 341, 342, 343, 346, 348, 351, 352, 353, 356, 359, 360, 361, 362, 368, 370, 376, 383, 384, 386, 387, 389, 390, 391, 402, 403, 404, 405, 407, 408, 429, 430, 432, 433, 434, 435, 437, 439, 440, 442, 443, 444, 446, 447, 461, 464, 470, 477, 478, 482, 483, 485, 487, 494, 495, 497, 500, 502, 503, 532, 535, 536, 539, 542, 551, 552, 553, 556, 563, 565, 570, 575, 578, 579], "excluded_lines": []}, "nemo/collections/asr/models/rnnt_bpe_models.py": {"executed_lines": [15, 16, 17, 19, 20, 21, 23, 24, 25, 26, 27, 28, 29, 30, 31, 32, 33, 34, 35, 38, 39, 41, 42, 284, 337, 448, 494, 557], "summary": {"covered_lines": 27, "num_statements": 216, "percent_covered": 12.5, "percent_covered_display": "12", "missing_lines": 189, "excluded_lines": 0}, "missing_lines": [49, 51, 56, 58, 63, 65, 70, 72, 77, 79, 84, 86, 91, 93, 98, 100, 105, 107, 112, 114, 119, 121, 126, 128, 133, 135, 140, 142, 147, 149, 154, 156, 161, 163, 168, 170, 175, 177, 182, 184, 189, 191, 196, 198, 203, 205, 210, 212, 217, 219, 224, 226, 231, 233, 238, 240, 245, 247, 252, 254, 259, 261, 266, 268, 273, 275, 280, 282, 286, 287, 290, 291, 293, 294, 297, 300, 303, 304, 306, 307, 309, 310, 311, 312, 313, 315, 317, 319, 324, 333, 334, 335, 358, 359, 360, 362, 366, 368, 369, 371, 372, 376, 377, 379, 382, 385, 387, 388, 389, 390, 392, 394, 395, 396, 398, 399, 400, 401, 402, 404, 405, 407, 409, 412, 413, 414, 415, 417, 421, 430, 433, 434, 437, 438, 440, 441, 443, 444, 446, 456, 458, 459, 462, 463, 464, 465, 467, 471, 480, 483, 484, 486, 489, 490, 492, 495, 496, 503, 512, 513, 515, 517, 519, 520, 521, 523, 524, 525, 527, 530, 532, 533, 534, 535, 540, 541, 542, 543, 545, 573, 574, 575, 577, 578, 580, 591, 592, 594, 595], "excluded_lines": []}, "nemo/collections/asr/models/rnnt_models.py": {"executed_lines": [15, 16, 17, 18, 19, 20, 22, 23, 24, 25, 27, 28, 29, 30, 31, 32, 33, 34, 35, 41, 42, 43, 44, 45, 46, 47, 48, 49, 52, 53, 55, 137, 188, 226, 236, 237, 289, 377, 423, 497, 543, 566, 589, 590, 603, 604, 610, 611, 663, 761, 778, 846, 854, 863, 874, 885, 887, 892, 919, 959, 1003, 1007, 1008, 1011, 1019, 1020, 1038, 1039, 1042, 1043], "summary": {"covered_lines": 69, "num_statements": 416, "percent_covered": 16.58653846153846, "percent_covered_display": "17", "missing_lines": 347, "excluded_lines": 0}, "missing_lines": [58, 59, 60, 62, 65, 66, 69, 70, 72, 73, 74, 75, 76, 78, 79, 82, 84, 86, 87, 89, 96, 97, 99, 101, 103, 107, 116, 117, 119, 122, 125, 126, 129, 132, 135, 168, 169, 170, 172, 173, 176, 177, 180, 183, 186, 212, 213, 215, 217, 218, 220, 222, 224, 227, 229, 230, 231, 232, 234, 276, 305, 306, 308, 309, 311, 312, 313, 314, 315, 316, 318, 319, 320, 321, 322, 324, 325, 326, 330, 332, 335, 336, 337, 338, 340, 344, 353, 356, 357, 360, 361, 363, 364, 366, 367, 369, 370, 371, 372, 373, 375, 385, 387, 388, 391, 392, 393, 394, 396, 400, 409, 412, 413, 415, 418, 419, 421, 425, 426, 428, 429, 444, 452, 453, 455, 457, 459, 460, 461, 463, 464, 465, 467, 470, 472, 473, 474, 475, 480, 481, 482, 483, 485, 512, 513, 516, 518, 524, 532, 533, 537, 538, 558, 559, 562, 564, 581, 582, 585, 587, 591, 592, 594, 596, 605, 642, 643, 644, 645, 650, 651, 656, 657, 659, 660, 665, 666, 668, 671, 672, 674, 675, 678, 680, 681, 682, 684, 685, 688, 690, 691, 696, 699, 700, 702, 708, 709, 715, 716, 717, 721, 722, 724, 727, 737, 740, 741, 743, 749, 750, 753, 756, 757, 759, 762, 765, 766, 768, 769, 771, 775, 776, 779, 782, 783, 785, 786, 788, 791, 792, 793, 794, 796, 800, 802, 808, 809, 811, 812, 813, 817, 819, 820, 822, 823, 826, 835, 836, 838, 839, 840, 842, 844, 847, 848, 849, 851, 852, 855, 856, 857, 858, 860, 861, 864, 865, 866, 868, 869, 870, 871, 872, 875, 876, 877, 879, 880, 881, 882, 883, 888, 889, 890, 895, 896, 898, 906, 908, 909, 911, 912, 913, 915, 917, 935, 936, 937, 939, 940, 942, 953, 954, 956, 957, 960, 961, 962, 963, 964, 971, 973, 974, 975, 976, 977, 978, 980, 981, 982, 984, 985, 986, 987, 
[...]
, 164, 165, 166, 169, 170, 172, 175, 176, 178, 180, 182, 183, 191, 195, 197, 200, 201, 203, 205, 207, 210, 211, 212, 213, 214, 217, 219, 220, 222, 223, 225, 227, 229, 230, 231, 232, 233, 236, 237, 239, 242, 244, 245, 248, 250, 251, 253, 256, 258, 259, 261, 263, 264, 265, 266, 267, 270, 271, 272, 273, 275, 276, 277, 280, 282, 283, 286, 288, 289, 291, 294, 296, 297, 299], "excluded_lines": []}, "tests/core/test_neural_types.py": {"executed_lines": [], "summary": {"covered_lines": 0, "num_statements": 108, "percent_covered": 0.0, "percent_covered_display": "0", "missing_lines": 108, "excluded_lines": 0}, "missing_lines": [16, 18, 35, 36, 37, 38, 42, 43, 44, 46, 47, 48, 49, 50, 52, 53, 54, 55, 57, 58, 59, 60, 62, 63, 65, 66, 67, 68, 70, 72, 73, 74, 75, 76, 78, 79, 80, 81, 82, 83, 85, 86, 87, 88, 90, 91, 93, 94, 95, 105, 116, 118, 119, 120, 121, 122, 124, 125, 126, 128, 129, 130, 131, 133, 134, 135, 145, 156, 157, 158, 159, 161, 162, 163, 164, 166, 167, 168, 172, 174, 175, 177, 178, 179, 180, 181, 183, 184, 185, 186, 187, 189, 190, 191, 192, 193, 195, 196, 199, 200, 202, 210, 211, 212, 214, 215, 217, 224], "excluded_lines": []}, "tests/core/test_optimizers_schedulers.py": {"executed_lines": [], "summary": {"covered_lines": 0, "num_statements": 620, "percent_covered": 0.0, "percent_covered_display": "0", "missing_lines": 620, "excluded_lines": 0}, "missing_lines": [15, 16, 18, 19, 20, 21, 22, 23, 25, 26, 27, 28, 31, 32, 33, 34, 36, 37, 38, 41, 42, 43, 44, 45, 47, 48, 49, 50, 53, 54, 55, 56, 58, 59, 61, 62, 65, 66, 67, 68, 69, 70, 71, 72, 74, 75, 76, 78, 79, 80, 81, 83, 84, 85, 88, 89, 90, 91, 92, 93, 94, 95, 96, 97, 98, 99, 100, 101, 103, 105, 106, 107, 110, 111, 113, 114, 116, 119, 120, 123, 125, 126, 127, 128, 129, 132, 133, 134, 135, 136, 139, 140, 141, 142, 143, 145, 146, 147, 148, 149, 151, 158, 159, 161, 163, 165, 167, 168, 169, 170, 172, 173, 175, 177, 178, 179, 181, 183, 184, 185, 186, 187, 188, 189, 191, 192, 193, 194, 195, 197, 198, 199, 200, 201, 202, 203, 205, 206, 207, 208, 209, 211, 212, 214, 215, 216, 220, 221, 222, 223, 224, 226, 227, 228, 229, 230, 234, 235, 236, 238, 239, 241, 242, 243, 244, 246, 247, 249, 250, 251, 252, 253, 254, 256, 257, 258, 259, 260, 261, 263, 264, 265, 266, 268, 269, 271, 273, 274, 275, 276, 277, 279, 281, 282, 283, 284, 285, 287, 288, 289, 291, 292, 293, 295, 296, 297, 298, 299, 301, 306, 307, 309, 310, 311, 313, 314, 315, 316, 317, 318, 329, 335, 336, 337, 338, 339, 340, 341, 342, 343, 346, 347, 348, 349, 350, 351, 352, 353, 354, 358, 359, 360, 361, 362, 365, 366, 368, 370, 371, 372, 373, 375, 376, 378, 381, 382, 384, 386, 387, 388, 390, 391, 392, 394, 395, 397, 399, 400, 401, 402, 403, 406, 407, 409, 411, 412, 413, 414, 416, 417, 419, 422, 423, 425, 427, 428, 429, 431, 433, 434, 436, 437, 439, 442, 445, 447, 449, 450, 451, 453, 454, 455, 457, 458, 460, 462, 463, 464, 465, 466, 469, 470, 472, 474, 475, 476, 477, 479, 480, 482, 485, 486, 488, 490, 491, 492, 494, 496, 497, 499, 500, 502, 505, 508, 510, 512, 513, 514, 516, 517, 518, 520, 521, 523, 525, 526, 527, 528, 529, 532, 533, 535, 537, 538, 539, 540, 542, 543, 545, 548, 549, 551, 553, 554, 555, 557, 559, 560, 562, 563, 565, 567, 568, 569, 570, 571, 574, 575, 577, 579, 580, 581, 582, 584, 585, 587, 590, 593, 595, 597, 598, 599, 601, 603, 604, 606, 607, 609, 611, 612, 613, 614, 615, 618, 619, 621, 623, 624, 625, 626, 628, 629, 631, 634, 635, 637, 639, 640, 641, 643, 645, 646, 648, 649, 651, 654, 657, 659, 661, 662, 663, 664, 665, 667, 669, 670, 672, 673, 675, 678, 679, 680, 681, 682, 683, 686, 689, 692, 694, 696, 697, 698, 699, 700, 701, 702, 705, 708, 711, 713, 715, 716, 717, 719, 720, 722, 723, 724, 725, 727, 728, 729, 730, 731, 734, 737, 739, 741, 742, 743, 744, 746, 747, 749, 752, 755, 757, 759, 760, 761, 763, 765, 766, 768, 769, 771, 773, 774, 775, 776, 777, 780, 783, 785, 787, 788, 789, 790, 792, 793, 795, 798, 801, 803, 805, 806, 807, 809, 811, 812, 814, 815, 817, 820, 823, 825, 827, 828, 829, 830, 831, 833, 834, 835, 837, 838, 840, 842, 843, 844, 845, 846, 849, 850, 852, 854, 855, 856, 857, 859, 860, 862, 865, 868, 870, 872, 873, 874, 876, 878, 879, 881, 882, 884, 886, 887, 888, 889, 890, 893, 894, 896, 898, 899, 900, 901, 902, 905, 906, 908, 910, 911, 913, 915, 916, 919, 920, 922, 923, 924, 925, 928, 938, 941, 942, 943, 946, 955, 964, 973, 982, 983, 984, 986, 987, 988, 989, 990, 991, 992, 993, 997, 998, 999, 1000, 1003, 1013, 1014, 1015, 1018], "excluded_lines": []}, "tests/core/test_save_restore.py": {"executed_lines": [], "summary": {"covered_lines": 0, "num_statements": 770, "percent_covered": 0.0, "percent_covered_display": "0", "missing_lines": 770, "excluded_lines": 0}, "missing_lines": [14, 15, 16, 17, 18, 20, 21, 22, 23, 25, 26, 27, 28, 29, 30, 33, 34, 37, 38, 39, 40, 41, 42, 43, 44, 45, 48, 49, 50, 51, 52, 55, 56, 57, 59, 60, 63, 64, 65, 66, 68, 69, 71, 72, 74, 79, 80, 81, 82, 83, 85, 90, 92, 93, 94, 96, 97, 99, 100, 102, 103, 105, 106, 107, 110, 115, 116, 126, 127, 128, 131, 132, 136, 140, 141, 142, 145, 146, 152, 155, 161, 162, 168, 170, 171, 176, 177, 184, 193, 194, 196, 197, 198, 202, 205, 211, 212, 214, 216, 217, 220, 221, 222, 223, 224, 227, 236, 245, 246, 247, 250, 251, 252, 253, 254, 257, 258, 264, 265, 266, 269, 270, 271, 272, 273, 276, 277, 293, 294, 295, 297, 298, 300, 301, 303, 304, 305, 307, 315, 316, 318, 319, 320, 321, 323, 325, 326, 327, 329, 330, 332, 333, 334, 336, 337, 339, 340, 341, 343, 344, 346, 347, 348, 350, 351, 353, 354, 355, 358, 359, 361, 362, 363, 365, 366, 370, 371, 372, 374, 375, 378, 379, 382, 383, 385, 388, 391, 393, 394, 396, 398, 399, 400, 402, 403, 406, 407, 410, 411, 414, 415, 417, 418, 420, 422, 424, 425, 426, 428, 429, 432, 433, 436, 437, 439, 442, 443, 446, 449, 450, 451, 454, 456, 457, 458, 460, 461, 464, 465, 468, 469, 471, 474, 475, 478, 481, 486, 487, 488, 489, 492, 494, 495, 496, 498, 499, 502, 503, 506, 507, 509, 512, 513, 514, 518, 520, 523, 524, 525, 526, 528, 529, 530, 532, 533, 534, 535, 538, 539, 540, 541, 544, 545, 546, 547, 549, 550, 553, 554, 557, 558, 560, 561, 562, 564, 565, 566, 567, 570, 571, 572, 573, 576, 577, 578, 579, 581, 582, 585, 586, 589, 590, 592, 593, 594, 596, 597, 600, 601, 604, 605, 607, 609, 611, 612, 614, 615, 616, 619, 620, 621, 622, 623, 624, 625, 626, 627, 628, 631, 634, 635, 636, 637, 639, 640, 641, 643, 644, 647, 648, 651, 652, 654, 657, 658, 659, 661, 662, 663, 664, 665, 666, 668, 670, 672, 673, 674, 675, 677, 678, 679, 681, 683, 684, 685, 686, 687, 688, 690, 691, 693, 695, 698, 699, 700, 701, 703, 705, 708, 709, 711, 712, 713, 714, 715, 716, 718, 719, 721, 723, 726, 727, 728, 729, 731, 733, 738, 739, 741, 742, 743, 744, 745, 746, 748, 749, 751, 753, 756, 757, 758, 759, 761, 762, 764, 766, 767, 768, 770, 771, 772, 774, 775, 776, 777, 778, 779, 781, 782, 783, 785, 786, 788, 790, 793, 794, 795, 796, 797, 799, 800, 802, 803, 804, 807, 808, 810, 811, 813, 814, 815, 818, 819, 820, 821, 824, 825, 826, 828, 829, 830, 831, 844, 845, 848, 849, 850, 851, 852, 854, 855, 856, 857, 858, 859, 860, 863, 868, 872, 873, 874, 875, 877, 879, 880, 881, 882, 885, 886, 887, 889, 890, 891, 892, 903, 909, 910, 911, 912, 913, 914, 915, 916, 917, 918, 919, 920, 924, 925, 926, 927, 929, 930, 932, 933, 934, 936, 937, 938, 939, 940, 941, 942, 945, 950, 956, 957, 958, 959, 960, 963, 965, 966, 968, 972, 973, 974, 976, 978, 979, 980, 981, 983, 985, 986, 991, 997, 998, 999, 1000, 1001, 1002, 1003, 1004, 1005, 1006, 1007, 1008, 1012, 1013, 1014, 1015, 1017, 1018, 1019, 1020, 1022, 1023, 1024, 1025, 1027, 1028, 1029, 1030, 1033, 1036, 1037, 1041, 1042, 1045, 1046, 1049, 1050, 1051, 1052, 1054, 1057, 1058, 1059, 1060, 1062, 1063, 1066, 1067, 1068, 1069, 1071, 1072, 1077, 1081, 1082, 1083, 1084, 1085, 1086, 1087, 1088, 1089, 1092, 1093, 1094, 1095, 1097, 1098, 1099, 1100, 1101, 1103, 1104, 1107, 1110, 1111, 1112, 1114, 1117, 1118, 1119, 1123, 1125, 1126, 1127, 1131, 1133, 1134, 1136, 1137, 1138, 1142, 1143, 1148, 1149, 1150, 1151, 1152, 1154, 1155, 1156, 1160, 1161, 1162, 1163, 1166, 1167, 1170, 1172, 1173, 1175, 1176, 1182, 1184, 1185, 1186, 1187, 1188, 1189, 1191, 1192, 1193, 1196, 1197, 1198, 1201, 1202, 1204, 1206, 1209, 1210, 1213, 1214, 1215, 1216, 1217, 1218, 1219, 1221, 1222, 1226, 1227, 1229, 1230, 1231, 1233, 1234, 1236, 1238, 1239, 1240, 1241, 1242, 1243, 1245, 1246, 1248, 1249, 1251, 1254, 1255, 1256, 1257, 1259, 1260, 1264, 1265, 1266, 1271, 1275, 1276, 1277, 1280, 1281, 1282, 1284, 1285, 1289, 1290, 1291, 1294, 1295, 1297, 1298, 1299, 1300, 1302, 1303, 1304, 1305, 1306, 1308, 1309, 1310, 1311, 1314, 1315, 1318, 1319, 1321, 1322, 1323, 1324, 1325, 1328, 1329, 1330, 1333, 1334, 1335, 1337, 1338, 1339, 1340, 1342, 1343, 1344, 1345, 1348, 1349, 1352, 1353, 1354, 1355], "excluded_lines": []}, "tests/core/test_serialization.py": {"executed_lines": [], "summary": {"covered_lines": 0, "num_statements": 60, "percent_covered": 0.0, "percent_covered_display": "0", "missing_lines": 60, "excluded_lines": 0}, "missing_lines": [15, 16, 18, 19, 20, 23, 24, 27, 28, 29, 30, 33, 34, 37, 38, 39, 42, 48, 49, 51, 52, 55, 56, 79, 116, 119, 120, 122, 123, 124, 130, 131, 132, 133, 134, 135, 137, 138, 140, 141, 142, 143, 144, 145, 147, 148, 150, 151, 152, 153, 154, 155, 157, 158, 160, 161, 162, 163, 164, 165], "excluded_lines": []}, "tests/core/test_torch_jit_script.py": {"executed_lines": [], "summary": {"covered_lines": 0, "num_statements": 109, "percent_covered": 0.0, "percent_covered_display": "0", "missing_lines": 109, "excluded_lines": 0}, "missing_lines": [15, 16, 18, 19, 20, 22, 23, 24, 25, 28, 30, 31, 32, 33, 38, 39, 42, 45, 46, 47, 49, 50, 53, 56, 57, 58, 60, 61, 64, 67, 68, 69, 71, 72, 75, 78, 79, 80, 84, 85, 86, 90, 91, 92, 94, 95, 96, 99, 102, 103, 104, 108, 109, 110, 114, 115, 118, 119, 120, 122, 123, 124, 125, 126, 128, 129, 131, 132, 133, 134, 135, 137, 138, 140, 141, 142, 143, 144, 146, 147, 149, 150, 151, 152, 153, 155, 156, 159, 164, 165, 166, 167, 169, 171, 173, 174, 176, 177, 178, 179, 180, 182, 183, 185, 186, 187, 188, 189, 190], "excluded_lines": []}, "tests/core/test_typecheck.py": {"executed_lines": [], "summary": {"covered_lines": 0, "num_statements": 805, "percent_covered": 0.0, "percent_covered_display": "0", "missing_lines": 805, "excluded_lines": 0}, "missing_lines": [15, 17, 18, 20, 21, 25, 26, 27, 28, 29, 31, 35, 36, 37, 38, 39, 41, 44, 45, 46, 47, 48, 49, 50, 52, 53, 55, 56, 58, 59, 60, 61, 62, 63, 65, 66, 67, 69, 70, 71, 72, 74, 75, 77, 78, 81, 82, 85, 86, 88, 89, 90, 91, 92, 93, 95, 96, 97, 98, 100, 101, 103, 104, 106, 107, 108, 109, 110, 111, 113, 114, 115, 116, 118, 119, 121, 122, 124, 125, 126, 127, 128, 129, 131, 132, 133, 134, 136, 137, 139, 140, 144, 145, 147, 148, 149, 150, 151, 152, 154, 155, 156, 157, 158, 160, 161, 163, 164, 166, 167, 169, 170, 171, 172, 173, 175, 176, 177, 178, 180, 181, 182, 183, 184, 186, 187, 189, 190, 192, 193, 195, 196, 197, 198, 199, 200, 202, 203, 204, 205, 206, 208, 209, 211, 212, 214, 215, 217, 218, 220, 221, 222, 223, 224, 226, 227, 228, 229, 231, 232, 233, 234, 235, 237, 238, 240, 241, 243, 244, 246, 247, 249, 250, 251, 252, 253, 254, 256, 257, 259, 260, 261, 263, 264, 265, 267, 268, 269, 270, 271, 273, 274, 275, 276, 278, 279, 281, 282, 283, 285, 286, 287, 289, 290, 291, 292, 293, 294, 296, 297, 298, 300, 301, 302, 303, 305, 307, 308, 310, 311, 312, 313, 314, 315, 317, 318, 319, 321, 322, 323, 324, 325, 328, 330, 331, 333, 334, 335, 336, 338, 339, 340, 344, 345, 346, 348, 350, 351, 353, 354, 355, 356, 357, 358, 360, 361, 362, 364, 365, 366, 367, 370, 372, 373, 375, 376, 377, 378, 380, 381, 382, 386, 387, 388, 390, 392, 393, 395, 396, 398, 399, 400, 401, 403, 404, 405, 406, 408, 410, 411, 416, 417, 418, 419, 421, 422, 423, 424, 426, 427, 429, 431, 432, 433, 434, 435, 436, 438, 439, 440, 441, 443, 444, 446, 447, 449, 450, 452, 454, 455, 457, 458, 459, 460, 461, 462, 464, 465, 466, 468, 469, 470, 471, 473, 474, 475, 476, 478, 479, 480, 482, 483, 484, 485, 487, 488, 490, 491, 493, 494, 496, 497, 498, 499, 500, 501, 503, 504, 505, 510, 511, 513, 514, 518, 521, 522, 523, 524, 526, 527, 528, 533, 534, 536, 537, 538, 542, 544, 545, 547, 548, 549, 552, 555, 556, 557, 559, 560, 561, 562, 563, 564, 566, 567, 568, 573, 574, 576, 577, 578, 581, 582, 583, 584, 586, 587, 588, 593, 594, 596, 597, 598, 599, 601, 602, 604, 605, 606, 609, 612, 613, 614, 616, 617, 618, 619, 620, 621, 623, 624, 625, 630, 631, 633, 634, 635, 638, 639, 640, 641, 643, 644, 645, 650, 651, 653, 654, 655, 656, 658, 659, 661, 662, 663, 666, 667, 670, 671, 672, 674, 675, 676, 677, 678, 679, 680, 682, 683, 685, 686, 688, 690, 691, 692, 693, 695, 696, 698, 699, 701, 703, 704, 706, 708, 709, 711, 712, 714, 715, 717, 718, 719, 721, 722, 723, 725, 726, 727, 729, 730, 731, 733, 734, 735, 736, 737, 739, 741, 742, 744, 745, 747, 748, 750, 751, 753, 754, 755, 756, 758, 759, 761, 762, 765, 768, 769, 771, 773, 775, 776, 777, 778, 779, 780, 782, 783, 784, 785, 787, 788, 789, 790, 792, 793, 795, 796, 799, 801, 802, 804, 805, 806, 807, 808, 809, 811, 812, 813, 814, 816, 817, 818, 819, 821, 822, 824, 825, 829, 830, 833, 835, 836, 837, 841, 842, 843, 844, 845, 848, 850, 851, 854, 856, 860, 862, 866, 867, 869, 873, 874, 876, 880, 881, 883, 885, 886, 889, 891, 892, 894, 896, 897, 898, 899, 901, 903, 904, 907, 908, 910, 912, 914, 915, 916, 917, 918, 919, 921, 922, 923, 925, 926, 927, 928, 931, 932, 935, 937, 938, 941, 943, 944, 945, 946, 947, 948, 950, 951, 952, 954, 955, 957, 959, 960, 962, 965, 966, 968, 969, 972, 973, 975, 977, 978, 981, 982, 984, 986, 987, 989, 990, 991, 992, 993, 994, 996, 997, 998, 1000, 1001, 1003, 1004, 1006, 1007, 1009, 1012, 1013, 1015, 1016, 1019, 1020, 1022, 1024, 1025, 1028, 1029, 1031, 1033, 1034, 1036, 1037, 1038, 1039, 1040, 1041, 1043, 1044, 1045, 1047, 1048, 1049, 1050, 1051, 1053, 1054, 1056, 1058, 1059, 1060, 1061, 1062, 1064, 1066, 1067, 1068, 1070, 1071, 1072, 1073, 1074, 1076, 1078, 1079, 1081, 1082, 1083, 1084, 1085, 1087, 1089, 1090, 1091, 1093, 1094, 1095, 1096, 1098, 1100, 1101, 1103, 1104, 1105, 1106, 1107, 1109, 1111, 1112, 1113, 1115, 1116, 1117, 1118, 1119, 1121, 1123, 1125, 1126, 1127, 1129, 1130, 1131, 1132, 1133, 1135, 1137, 1138, 1139, 1141, 1142, 1143, 1144, 1145, 1147, 1149, 1151, 1152, 1153, 1154, 1156, 1157, 1158, 1159, 1160, 1161, 1163, 1164, 1165, 1167, 1168, 1169, 1170, 1172, 1173, 1175, 1176, 1179, 1180, 1181, 1182, 1185, 1186, 1187, 1188, 1191, 1192], "excluded_lines": []}, "tests/export/__init__.py": {"executed_lines": [], "summary": {"covered_lines": 0, "num_statements": 0, "percent_covered": 100.0, "percent_covered_display": "100", "missing_lines": 0, "excluded_lines": 0}, "missing_lines": [], "excluded_lines": []}, "tests/export/test_nemo_export.py": {"executed_lines": [], "summary": {"covered_lines": 0, "num_statements": 218, "percent_covered": 0.0, "percent_covered_display": "0", "missing_lines": 218, "excluded_lines": 0}, "missing_lines": [15, 16, 17, 18, 19, 20, 22, 24, 25, 26, 27, 28, 29, 30, 33, 39, 40, 42, 43, 44, 45, 46, 47, 49, 50, 52, 53, 54, 55, 56, 65, 67, 68, 70, 71, 73, 78, 79, 80, 82, 83, 86, 88, 89, 91, 96, 97, 98, 99, 101, 102, 104, 105, 107, 109, 118, 144, 145, 146, 151, 153, 155, 156, 157, 158, 161, 163, 165, 166, 167, 169, 170, 171, 172, 173, 174, 175, 177, 178, 180, 181, 182, 183, 185, 186, 187, 188, 189, 190, 191, 192, 194, 195, 197, 199, 214, 215, 219, 231, 232, 233, 234, 235, 236, 237, 238, 240, 249, 250, 251, 252, 253, 254, 255, 256, 257, 259, 260, 261, 262, 263, 264, 265, 267, 268, 269, 270, 272, 275, 288, 289, 290, 292, 293, 294, 296, 298, 299, 300, 302, 303, 304, 305, 307, 309, 310, 311, 312, 314, 316, 344, 345, 350, 353, 356, 359, 362, 365, 368, 371, 374, 377, 380, 383, 386, 389, 392, 395, 398, 401, 404, 407, 410, 411, 414, 417, 420, 424, 427, 428, 429, 431, 433, 434, 435, 437, 439, 440, 441, 442, 444, 445, 458, 460, 461, 462, 463, 465, 466, 492, 494, 495, 496, 497, 498, 499, 500, 501, 509, 510, 511, 513, 514, 515, 516, 519, 520, 521], "excluded_lines": []}, "tests/fixtures/tts.py": {"executed_lines": [15, 17, 18, 19, 21, 24, 25, 29, 30, 39, 40, 44, 45, 58, 59, 71, 72], "summary": {"covered_lines": 17, "num_statements": 41, "percent_covered": 41.46341463414634, "percent_covered_display": "41", "missing_lines": 24, "excluded_lines": 0}, "missing_lines": [26, 31, 41, 46, 47, 48, 49, 53, 55, 62, 63, 64, 65, 66, 67, 68, 73, 74, 75, 76, 79, 80, 81, 83], "excluded_lines": []}, "tests/infer_data_path.py": {"executed_lines": [], "summary": {"covered_lines": 0, "num_statements": 249, "percent_covered": 0.0, "percent_covered_display": "0", "missing_lines": 249, "excluded_lines": 0}, "missing_lines": [15, 16, 19, 20, 22, 23, 24, 25, 26, 27, 30, 31, 36, 37, 38, 40, 41, 42, 43, 44, 45, 48, 53, 54, 55, 57, 58, 59, 60, 61, 62, 65, 70, 71, 72, 74, 75, 76, 77, 78, 79, 82, 87, 88, 89, 91, 92, 93, 94, 95, 98, 101, 106, 107, 108, 110, 111, 112, 113, 114, 117, 120, 125, 126, 127, 129, 130, 131, 132, 133, 134, 135, 140, 141, 142, 144, 145, 146, 147, 148, 149, 150, 151, 152, 157, 158, 159, 161, 162, 163, 164, 165, 166, 167, 170, 175, 176, 177, 179, 180, 181, 182, 183, 184, 185, 190, 191, 192, 194, 195, 196, 197, 198, 199, 200, 203, 204, 205, 207, 208, 209, 210, 211, 212, 213, 218, 219, 220, 222, 223, 224, 225, 226, 227, 228, 233, 234, 235, 237, 238, 239, 240, 241, 242, 243, 248, 249, 250, 252, 253, 254, 255, 256, 257, 258, 263, 264, 265, 267, 268, 269, 270, 271, 272, 275, 280, 281, 282, 284, 285, 286, 287, 288, 289, 290, 295, 296, 297, 299, 300, 301, 302, 303, 304, 307, 312, 313, 314, 316, 317, 318, 319, 320, 321, 322, 327, 328, 329, 331, 332, 333, 334, 335, 336, 337, 342, 343, 344, 346, 347, 348, 349, 350, 351, 352, 357, 358, 359, 361, 362, 363, 364, 365, 366, 367, 368, 369, 370, 372, 373, 374, 375, 376, 377, 378, 383, 384, 385, 387, 390, 391, 392, 393, 394, 395, 396, 397, 398, 400], "excluded_lines": []}, "tests/lightning/__init__.py": {"executed_lines": [], "summary": {"covered_lines": 0, "num_statements": 0, "percent_covered": 100.0, "percent_covered_display": "100", "missing_lines": 0, "excluded_lines": 0}, "missing_lines": [], "excluded_lines": []}, "tests/lightning/test_megatron_parallel.py": {"executed_lines": [], "summary": {"covered_lines": 0, "num_statements": 104, "percent_covered": 0.0, "percent_covered_display": "0", "missing_lines": 104, "excluded_lines": 0}, "missing_lines": [1, 3, 4, 6, 7, 10, 13, 14, 17, 18, 19, 20, 22, 23, 25, 33, 34, 36, 38, 39, 41, 43, 44, 46, 48, 49, 51, 53, 55, 56, 58, 60, 61, 62, 63, 64, 65, 118, 119, 120, 121, 122, 124, 125, 127, 128, 129, 130, 132, 133, 135, 136, 138, 139, 141, 142, 143, 144, 145, 147, 148, 150, 152, 153, 155, 156, 157, 158, 160, 162, 164, 165, 166, 169, 171, 173, 174, 175, 178, 181, 186, 187, 188, 190, 191, 194, 195, 196, 198, 200, 202, 204, 206, 207, 209, 210, 212, 213, 215, 216, 218, 219, 221, 222], "excluded_lines": []}, "tests/lightning/test_strategy_lib.py": {"executed_lines": [], "summary": {"covered_lines": 0, "num_statements": 46, "percent_covered": 0.0, "percent_covered_display": "0", "missing_lines": 46, "excluded_lines": 0}, "missing_lines": [1, 3, 5, 8, 9, 10, 13, 14, 15, 18, 19, 20, 22, 24, 25, 26, 27, 29, 30, 31, 32, 33, 34, 36, 39, 53, 54, 55, 56, 58, 59, 60, 61, 62, 63, 64, 65, 67, 68, 70, 206, 207, 208, 209, 210, 211], "excluded_lines": []}, "tests/manualtest_model_downloads.py": {"executed_lines": [], "summary": {"covered_lines": 0, "num_statements": 23, "percent_covered": 0.0, "percent_covered_display": "0", "missing_lines": 23, "excluded_lines": 0}, "missing_lines": [15, 20, 21, 22, 25, 26, 27, 28, 29, 30, 33, 35, 46, 47, 60, 72, 73, 78, 91, 92, 93, 94, 97], "excluded_lines": []}, "tests/test_data_dir.py": {"executed_lines": [], "summary": {"covered_lines": 0, "num_statements": 7, "percent_covered": 0.0, "percent_covered_display": "0", "missing_lines": 7, "excluded_lines": 0}, "missing_lines": [16, 18, 21, 22, 23, 26, 27], "excluded_lines": []}}, "totals": {"covered_lines": 8792, "num_statements": 129584, "percent_covered": 6.784788245462403, "percent_covered_display": "7", "missing_lines": 120792, "excluded_lines": 0}}