{"meta": {"format": 2, "version": "7.4.4", "timestamp": "2024-04-26T17:01:09.893041", "branch_coverage": false, "show_contexts": false}, "files": {"example.py": {"executed_lines": [], "summary": {"covered_lines": 0, "num_statements": 4, "percent_covered": 0.0, "percent_covered_display": "0", "missing_lines": 4, "excluded_lines": 0}, "missing_lines": [1, 3, 8, 9], "excluded_lines": []}, "setup.py": {"executed_lines": [], "summary": {"covered_lines": 0, "num_statements": 8, "percent_covered": 0.0, "percent_covered_display": "0", "missing_lines": 8, "excluded_lines": 0}, "missing_lines": [1, 3, 4, 6, 9, 10, 11, 14], "excluded_lines": []}, "tests/test_stable_diffusion_inference.py": {"executed_lines": [1, 2, 4, 6], "summary": {"covered_lines": 4, "num_statements": 9, "percent_covered": 44.44444444444444, "percent_covered_display": "44", "missing_lines": 5, "excluded_lines": 0}, "missing_lines": [9, 10, 11, 12, 13], "excluded_lines": []}}, "totals": {"covered_lines": 4, "num_statements": 21, "percent_covered": 19.047619047619047, "percent_covered_display": "19", "missing_lines": 17, "excluded_lines": 0}}