{"meta": {"format": 2, "version": "7.4.4", "timestamp": "2024-04-26T16:57:05.995523", "branch_coverage": false, "show_contexts": false}, "files": {"python-bindings/__init__.py": {"executed_lines": [], "summary": {"covered_lines": 0, "num_statements": 0, "percent_covered": 100.0, "percent_covered_display": "100", "missing_lines": 0, "excluded_lines": 0}, "missing_lines": [], "excluded_lines": []}, "python-bindings/rust_tokenizers/__init__.py": {"executed_lines": [], "summary": {"covered_lines": 0, "num_statements": 2, "percent_covered": 0.0, "percent_covered_display": "0", "missing_lines": 2, "excluded_lines": 0}, "missing_lines": [1, 6], "excluded_lines": []}, "python-bindings/setup.py": {"executed_lines": [], "summary": {"covered_lines": 0, "num_statements": 37, "percent_covered": 0.0, "percent_covered_display": "0", "missing_lines": 37, "excluded_lines": 0}, "missing_lines": [1, 2, 3, 4, 5, 7, 8, 9, 10, 12, 13, 14, 15, 17, 20, 31, 33, 35, 38, 39, 41, 42, 44, 45, 46, 48, 50, 51, 54, 55, 57, 58, 60, 62, 65, 66, 68], "excluded_lines": []}, "python-bindings/tests/test_tokenization_qnli.py": {"executed_lines": [13, 14, 15, 17, 18, 19, 20, 21, 22], "summary": {"covered_lines": 9, "num_statements": 92, "percent_covered": 9.782608695652174, "percent_covered_display": "10", "missing_lines": 83, "excluded_lines": 0}, "missing_lines": [23, 24, 25, 26, 29, 30, 31, 32, 33, 34, 35, 36, 37, 38, 39, 40, 41, 42, 44, 46, 49, 53, 54, 55, 63, 70, 71, 78, 79, 81, 83, 86, 90, 91, 92, 100, 107, 108, 116, 118, 119, 120, 121, 122, 123, 127, 134, 135, 136, 145, 146, 147, 148, 149, 150, 151, 152, 153, 154, 155, 156, 157, 158, 159, 160, 161, 163, 164, 165, 166, 167, 168, 169, 170, 171, 172, 173, 174, 175, 176, 177, 178, 179], "excluded_lines": []}}, "totals": {"covered_lines": 9, "num_statements": 131, "percent_covered": 6.870229007633588, "percent_covered_display": "7", "missing_lines": 122, "excluded_lines": 0}}