{"meta": {"format": 2, "version": "7.4.4", "timestamp": "2024-04-26T16:51:59.713140", "branch_coverage": false, "show_contexts": false}, "files": {"settings.py": {"executed_lines": [], "summary": {"covered_lines": 0, "num_statements": 3, "percent_covered": 0.0, "percent_covered_display": "0", "missing_lines": 3, "excluded_lines": 0}, "missing_lines": [1, 2, 3], "excluded_lines": []}, "t5x/__init__.py": {"executed_lines": [15, 17], "summary": {"covered_lines": 2, "num_statements": 14, "percent_covered": 14.285714285714286, "percent_covered_display": "14", "missing_lines": 12, "excluded_lines": 0}, "missing_lines": [18, 19, 20, 21, 22, 23, 24, 25, 26, 27, 30, 34], "excluded_lines": []}, "t5x/adafactor.py": {"executed_lines": [15, 47, 48, 49, 51, 52, 53, 54, 55, 56, 57, 58, 59, 60, 61, 62, 63], "summary": {"covered_lines": 17, "num_statements": 277, "percent_covered": 6.137184115523466, "percent_covered_display": "6", "missing_lines": 260, "excluded_lines": 0}, "missing_lines": [64, 65, 67, 70, 72, 74, 75, 76, 80, 81, 84, 85, 88, 89, 90, 91, 93, 96, 97, 98, 99, 102, 103, 129, 130, 131, 132, 133, 143, 150, 151, 153, 154, 155, 156, 157, 159, 161, 162, 163, 166, 167, 169, 170, 171, 172, 173, 174, 175, 176, 177, 178, 179, 180, 181, 182, 183, 184, 185, 186, 189, 190, 191, 192, 193, 194, 197, 203, 264, 265, 267, 268, 272, 273, 277, 283, 284, 285, 287, 288, 290, 291, 293, 294, 326, 328, 330, 332, 339, 341, 342, 345, 346, 347, 349, 350, 351, 352, 354, 359, 361, 363, 377, 378, 379, 380, 381, 382, 384, 385, 386, 387, 388, 392, 394, 395, 396, 397, 398, 399, 400, 401, 402, 404, 405, 406, 407, 409, 410, 411, 415, 418, 419, 420, 422, 423, 424, 425, 426, 427, 428, 429, 430, 431, 432, 433, 434, 435, 439, 440, 444, 445, 448, 450, 451, 452, 454, 455, 456, 457, 460, 462, 463, 464, 465, 467, 468, 469, 470, 471, 472, 474, 476, 477, 478, 480, 481, 482, 483, 487, 488, 489, 491, 492, 497, 499, 500, 501, 502, 503, 505, 506, 508, 510, 511, 513, 515, 516, 517, 518, 520, 522, 534, 536, 537, 538, 540, 541, 542, 545, 546, 547, 548, 549, 550, 551, 552, 553, 560, 562, 565, 566, 567, 569, 571, 577, 578, 579, 581, 584, 585, 586, 587, 588, 590, 592, 594, 595, 596, 599, 600, 601, 605, 610, 611, 612, 613, 614, 615, 617, 619, 620, 622, 624, 626, 628, 630, 631, 637, 641], "excluded_lines": []}, "t5x/adafactor_test.py": {"executed_lines": [], "summary": {"covered_lines": 0, "num_statements": 238, "percent_covered": 0.0, "percent_covered_display": "0", "missing_lines": 238, "excluded_lines": 0}, "missing_lines": [15, 17, 18, 19, 21, 22, 24, 25, 26, 27, 28, 29, 30, 32, 33, 35, 37, 38, 40, 41, 42, 47, 48, 49, 50, 51, 52, 53, 54, 55, 56, 59, 60, 61, 62, 63, 66, 71, 72, 73, 76, 77, 80, 81, 84, 90, 91, 93, 95, 97, 99, 104, 110, 176, 180, 181, 182, 183, 184, 185, 186, 188, 189, 190, 191, 192, 193, 194, 196, 197, 198, 199, 200, 201, 202, 204, 205, 206, 207, 209, 210, 211, 212, 214, 215, 216, 218, 220, 222, 223, 230, 233, 235, 237, 239, 240, 247, 249, 250, 252, 253, 260, 261, 263, 271, 272, 273, 276, 278, 279, 286, 287, 289, 290, 291, 298, 300, 301, 306, 307, 314, 315, 317, 325, 326, 327, 329, 330, 331, 336, 337, 338, 339, 340, 342, 343, 348, 349, 350, 351, 352, 356, 360, 361, 362, 363, 365, 366, 369, 370, 372, 373, 375, 376, 378, 379, 380, 381, 383, 384, 386, 387, 388, 389, 391, 392, 394, 395, 396, 397, 399, 400, 402, 403, 404, 405, 407, 410, 411, 412, 413, 414, 415, 416, 426, 427, 432, 433, 439, 441, 442, 448, 450, 452, 460, 461, 462, 463, 464, 466, 467, 468, 470, 471, 472, 474, 484, 485, 486, 487, 488, 490, 491, 493, 494, 496, 497, 499, 500, 501, 503, 504, 506, 507, 508, 510, 511, 513, 515, 516, 517, 519, 520, 521, 522, 523, 526, 527], "excluded_lines": []}, "t5x/checkpoint_importer.py": {"executed_lines": [], "summary": {"covered_lines": 0, "num_statements": 222, "percent_covered": 0.0, "percent_covered_display": "0", "missing_lines": 222, "excluded_lines": 0}, "missing_lines": [15, 17, 18, 19, 20, 22, 23, 24, 25, 26, 27, 28, 32, 42, 46, 48, 49, 51, 52, 53, 54, 55, 58, 75, 77, 82, 83, 84, 85, 87, 89, 90, 91, 93, 94, 100, 101, 102, 103, 105, 113, 114, 115, 117, 118, 123, 124, 126, 127, 129, 130, 136, 137, 138, 141, 153, 154, 156, 168, 170, 171, 173, 175, 186, 187, 188, 189, 190, 191, 192, 193, 194, 195, 196, 197, 198, 199, 203, 204, 206, 211, 214, 215, 218, 219, 220, 221, 225, 226, 227, 228, 229, 230, 231, 234, 235, 236, 237, 238, 239, 240, 241, 246, 249, 251, 252, 253, 254, 255, 259, 260, 263, 266, 268, 269, 270, 271, 272, 273, 275, 276, 278, 282, 283, 286, 289, 291, 292, 293, 294, 295, 296, 297, 298, 301, 304, 306, 307, 308, 309, 311, 312, 315, 316, 318, 323, 324, 325, 328, 330, 332, 333, 334, 335, 340, 341, 342, 345, 346, 347, 348, 349, 350, 351, 354, 356, 357, 358, 359, 360, 361, 362, 363, 364, 365, 366, 367, 370, 372, 373, 374, 375, 376, 377, 379, 380, 382, 383, 384, 388, 390, 395, 397, 398, 399, 400, 407, 410, 426, 431, 432, 433, 434, 437, 438, 439, 441, 442, 444, 447, 475, 476, 477, 478, 479, 481, 482, 483, 484, 485, 486, 488], "excluded_lines": []}, "t5x/checkpoint_importer_test.py": {"executed_lines": [], "summary": {"covered_lines": 0, "num_statements": 24, "percent_covered": 0.0, "percent_covered_display": "0", "missing_lines": 24, "excluded_lines": 0}, "missing_lines": [15, 17, 18, 20, 21, 22, 23, 24, 25, 28, 30, 35, 43, 44, 45, 50, 52, 56, 68, 69, 70, 77, 80, 81], "excluded_lines": []}, "t5x/checkpoint_importer_vqgan.py": {"executed_lines": [], "summary": {"covered_lines": 0, "num_statements": 266, "percent_covered": 0.0, "percent_covered_display": "0", "missing_lines": 266, "excluded_lines": 0}, "missing_lines": [15, 17, 18, 19, 20, 21, 23, 24, 25, 26, 27, 28, 29, 30, 31, 34, 37, 39, 40, 41, 43, 44, 45, 47, 48, 49, 51, 52, 53, 55, 56, 58, 59, 60, 62, 63, 64, 66, 67, 77, 81, 83, 84, 86, 87, 88, 89, 90, 93, 110, 112, 117, 118, 119, 120, 122, 124, 125, 126, 128, 129, 135, 136, 137, 138, 140, 148, 149, 150, 152, 153, 158, 159, 161, 162, 164, 165, 171, 172, 173, 176, 188, 189, 191, 203, 205, 206, 208, 210, 221, 222, 223, 224, 225, 226, 227, 228, 229, 230, 231, 232, 233, 234, 235, 236, 237, 238, 239, 240, 244, 245, 247, 252, 255, 256, 257, 260, 261, 262, 266, 267, 268, 269, 270, 271, 274, 275, 276, 277, 278, 279, 282, 283, 284, 285, 286, 287, 290, 291, 292, 293, 294, 295, 298, 299, 300, 301, 302, 303, 306, 307, 308, 309, 310, 311, 314, 315, 316, 317, 318, 319, 322, 323, 324, 325, 326, 327, 330, 331, 332, 333, 334, 335, 336, 337, 340, 341, 342, 343, 344, 345, 346, 347, 350, 351, 352, 353, 354, 355, 356, 357, 360, 361, 362, 363, 364, 365, 366, 367, 370, 371, 372, 373, 374, 375, 376, 377, 380, 382, 383, 384, 385, 386, 387, 388, 389, 390, 391, 392, 393, 400, 401, 404, 406, 407, 408, 409, 410, 411, 413, 414, 416, 417, 418, 422, 424, 429, 431, 432, 433, 434, 441, 444, 461, 462, 467, 468, 469, 470, 472, 473, 474, 477, 478, 483, 487, 517, 518, 520, 521, 523, 524, 525, 526, 527, 529], "excluded_lines": []}, "t5x/checkpoint_utils.py": {"executed_lines": [], "summary": {"covered_lines": 0, "num_statements": 39, "percent_covered": 0.0, "percent_covered_display": "0", "missing_lines": 39, "excluded_lines": 0}, "missing_lines": [15, 21, 23, 25, 29, 32, 34, 37, 39, 40, 41, 42, 45, 55, 56, 57, 58, 61, 63, 64, 65, 66, 67, 68, 69, 70, 71, 74, 76, 77, 78, 80, 83, 85, 86, 87, 88, 89, 91], "excluded_lines": []}, "t5x/checkpoint_utils_test.py": {"executed_lines": [], "summary": {"covered_lines": 0, "num_statements": 72, "percent_covered": 0.0, "percent_covered_display": "0", "missing_lines": 72, "excluded_lines": 0}, "missing_lines": [15, 17, 18, 20, 21, 22, 24, 27, 29, 30, 31, 32, 33, 34, 36, 37, 38, 40, 41, 45, 47, 50, 52, 54, 55, 56, 59, 61, 62, 66, 68, 71, 74, 75, 76, 78, 79, 80, 81, 82, 84, 86, 87, 90, 93, 95, 96, 97, 100, 101, 102, 104, 106, 108, 111, 114, 116, 118, 121, 124, 126, 128, 131, 134, 135, 137, 139, 142, 145, 146, 148, 149], "excluded_lines": []}, "t5x/checkpoints.py": {"executed_lines": [], "summary": {"covered_lines": 0, "num_statements": 668, "percent_covered": 0.0, "percent_covered_display": "0", "missing_lines": 668, "excluded_lines": 0}, "missing_lines": [15, 30, 31, 32, 33, 34, 35, 36, 37, 39, 40, 41, 42, 43, 44, 45, 46, 47, 48, 49, 50, 51, 52, 53, 54, 55, 56, 57, 58, 59, 60, 61, 62, 64, 65, 66, 67, 68, 73, 77, 79, 82, 100, 101, 104, 111, 113, 114, 115, 116, 120, 124, 125, 126, 127, 128, 129, 130, 133, 134, 135, 138, 139, 142, 144, 146, 148, 150, 153, 156, 158, 161, 162, 163, 166, 168, 169, 170, 171, 172, 175, 177, 179, 180, 181, 182, 185, 187, 188, 189, 190, 193, 194, 195, 197, 200, 202, 205, 208, 209, 211, 212, 213, 214, 215, 216, 217, 219, 221, 224, 229, 230, 231, 232, 235, 236, 237, 241, 243, 245, 247, 249, 254, 257, 259, 260, 262, 263, 264, 266, 272, 273, 275, 277, 279, 280, 283, 286, 290, 291, 292, 294, 295, 296, 297, 298, 299, 300, 301, 302, 303, 304, 306, 309, 311, 312, 315, 318, 321, 322, 323, 324, 326, 327, 328, 329, 330, 332, 333, 334, 335, 336, 339, 341, 355, 357, 379, 381, 382, 384, 385, 387, 388, 391, 431, 467, 468, 469, 470, 471, 473, 474, 475, 476, 477, 478, 479, 480, 482, 483, 486, 489, 491, 493, 498, 499, 500, 501, 503, 504, 505, 507, 520, 524, 525, 527, 528, 530, 531, 538, 539, 540, 541, 543, 545, 550, 554, 562, 563, 577, 587, 596, 601, 606, 607, 609, 611, 613, 615, 617, 619, 621, 623, 624, 625, 626, 627, 628, 631, 633, 634, 635, 636, 637, 638, 640, 641, 643, 658, 659, 660, 662, 665, 667, 668, 670, 671, 674, 676, 678, 679, 681, 683, 686, 687, 689, 690, 692, 693, 696, 699, 702, 703, 706, 710, 711, 714, 715, 719, 720, 723, 724, 727, 730, 738, 739, 741, 757, 759, 760, 761, 764, 765, 768, 769, 775, 776, 777, 780, 781, 783, 784, 785, 788, 790, 792, 794, 796, 799, 801, 803, 809, 810, 812, 819, 821, 828, 830, 835, 837, 838, 839, 840, 842, 845, 846, 848, 855, 858, 861, 863, 870, 873, 907, 908, 910, 911, 912, 913, 915, 916, 917, 918, 919, 921, 922, 923, 925, 927, 928, 930, 932, 934, 935, 936, 944, 948, 949, 953, 955, 959, 964, 969, 970, 971, 976, 977, 979, 982, 984, 985, 987, 989, 990, 998, 1000, 1007, 1008, 1010, 1011, 1012, 1014, 1015, 1017, 1020, 1022, 1026, 1028, 1029, 1030, 1031, 1034, 1036, 1057, 1058, 1059, 1060, 1061, 1062, 1070, 1073, 1081, 1082, 1085, 1086, 1088, 1089, 1096, 1097, 1098, 1100, 1101, 1103, 1105, 1112, 1119, 1120, 1121, 1122, 1123, 1126, 1127, 1128, 1129, 1131, 1133, 1134, 1136, 1138, 1146, 1151, 1152, 1157, 1160, 1165, 1172, 1206, 1209, 1262, 1277, 1287, 1288, 1292, 1293, 1294, 1295, 1296, 1297, 1298, 1301, 1304, 1305, 1306, 1308, 1310, 1311, 1313, 1314, 1317, 1320, 1322, 1323, 1324, 1326, 1328, 1343, 1347, 1348, 1349, 1350, 1351, 1352, 1353, 1354, 1356, 1357, 1358, 1359, 1361, 1363, 1364, 1367, 1368, 1371, 1373, 1375, 1376, 1378, 1379, 1381, 1384, 1385, 1388, 1389, 1393, 1394, 1396, 1397, 1400, 1401, 1402, 1407, 1408, 1412, 1414, 1415, 1418, 1422, 1423, 1425, 1427, 1429, 1430, 1431, 1432, 1434, 1438, 1444, 1445, 1446, 1449, 1489, 1490, 1491, 1492, 1494, 1496, 1497, 1499, 1502, 1503, 1508, 1511, 1512, 1515, 1516, 1520, 1523, 1528, 1529, 1535, 1537, 1538, 1540, 1541, 1544, 1546, 1549, 1555, 1556, 1557, 1558, 1559, 1560, 1561, 1563, 1572, 1587, 1589, 1591, 1594, 1595, 1598, 1602, 1605, 1606, 1607, 1610, 1636, 1637, 1640, 1641, 1645, 1646, 1650, 1653, 1654, 1660, 1661, 1662, 1664, 1671, 1674, 1680, 1684, 1686, 1688, 1691, 1697, 1700, 1707, 1708, 1709, 1711, 1712, 1713, 1716, 1717, 1718, 1719, 1722, 1725, 1734, 1735, 1736, 1737, 1738, 1740, 1742, 1749, 1750, 1754, 1755, 1757, 1760, 1761, 1762, 1764, 1767, 1773, 1774, 1775, 1776, 1777, 1780, 1782, 1783, 1784, 1785, 1787, 1789, 1796, 1797, 1799, 1801, 1802, 1803, 1804, 1805, 1806, 1808, 1814, 1816, 1817, 1819, 1820, 1822, 1823, 1824, 1829, 1830, 1832, 1834, 1837, 1838, 1842, 1843, 1846], "excluded_lines": []}, "t5x/checkpoints_test.py": {"executed_lines": [], "summary": {"covered_lines": 0, "num_statements": 659, "percent_covered": 0.0, "percent_covered_display": "0", "missing_lines": 659, "excluded_lines": 0}, "missing_lines": [15, 16, 17, 18, 19, 20, 22, 23, 24, 25, 26, 27, 28, 29, 30, 31, 32, 33, 34, 35, 36, 37, 38, 39, 40, 43, 45, 46, 47, 48, 50, 52, 55, 63, 67, 70, 74, 81, 84, 87, 88, 89, 92, 94, 95, 98, 101, 104, 106, 109, 111, 112, 113, 123, 133, 144, 146, 147, 149, 150, 151, 152, 153, 154, 156, 157, 158, 159, 168, 176, 177, 178, 179, 180, 181, 187, 191, 192, 194, 196, 197, 198, 201, 202, 203, 205, 206, 207, 209, 215, 217, 218, 220, 221, 222, 224, 225, 227, 230, 232, 233, 234, 235, 247, 248, 250, 257, 260, 262, 263, 264, 265, 271, 272, 274, 280, 282, 283, 294, 295, 298, 366, 369, 370, 383, 384, 386, 388, 390, 391, 392, 395, 396, 397, 398, 399, 400, 401, 402, 406, 407, 408, 411, 413, 414, 415, 416, 417, 418, 420, 421, 424, 425, 426, 428, 429, 431, 432, 433, 434, 435, 436, 438, 440, 443, 444, 445, 447, 455, 456, 458, 459, 466, 468, 470, 473, 475, 485, 486, 487, 490, 491, 492, 493, 495, 497, 498, 503, 505, 507, 510, 512, 518, 519, 521, 522, 523, 525, 527, 530, 532, 535, 536, 537, 538, 539, 542, 543, 545, 546, 547, 549, 550, 555, 556, 558, 561, 563, 571, 572, 573, 574, 576, 577, 578, 580, 581, 582, 584, 591, 602, 603, 609, 610, 611, 612, 615, 617, 620, 623, 626, 627, 629, 637, 641, 645, 646, 649, 651, 653, 656, 657, 658, 659, 660, 662, 663, 665, 668, 669, 671, 672, 674, 675, 677, 679, 681, 682, 683, 684, 687, 689, 691, 696, 697, 701, 712, 716, 717, 718, 719, 721, 722, 723, 724, 726, 727, 728, 729, 731, 732, 734, 735, 737, 738, 739, 740, 743, 744, 745, 746, 749, 751, 752, 753, 754, 756, 757, 759, 760, 761, 762, 764, 765, 767, 769, 770, 772, 773, 775, 776, 777, 778, 780, 781, 782, 783, 793, 797, 799, 800, 802, 804, 806, 807, 809, 811, 813, 814, 817, 819, 821, 822, 823, 824, 825, 828, 829, 831, 832, 834, 835, 837, 838, 839, 841, 842, 843, 845, 846, 847, 848, 849, 852, 853, 856, 857, 859, 862, 864, 868, 870, 871, 872, 873, 874, 875, 883, 884, 885, 887, 888, 889, 891, 892, 893, 895, 896, 897, 898, 900, 901, 902, 903, 905, 906, 907, 908, 909, 910, 918, 919, 922, 923, 925, 928, 929, 932, 936, 937, 940, 941, 942, 943, 945, 956, 957, 958, 959, 960, 961, 962, 963, 966, 968, 969, 970, 974, 975, 979, 982, 983, 984, 985, 986, 988, 989, 990, 991, 993, 1002, 1005, 1006, 1007, 1008, 1009, 1010, 1011, 1014, 1015, 1019, 1020, 1021, 1022, 1025, 1029, 1030, 1032, 1033, 1036, 1037, 1040, 1049, 1051, 1052, 1053, 1054, 1057, 1058, 1059, 1060, 1063, 1064, 1065, 1066, 1069, 1070, 1073, 1074, 1076, 1077, 1079, 1080, 1083, 1088, 1089, 1090, 1094, 1096, 1097, 1098, 1100, 1103, 1113, 1114, 1116, 1117, 1118, 1120, 1130, 1134, 1135, 1136, 1137, 1138, 1141, 1142, 1143, 1146, 1147, 1148, 1150, 1151, 1153, 1154, 1157, 1166, 1168, 1169, 1170, 1174, 1175, 1176, 1177, 1178, 1179, 1180, 1181, 1183, 1184, 1188, 1189, 1190, 1192, 1193, 1195, 1214, 1216, 1231, 1232, 1234, 1237, 1240, 1241, 1242, 1245, 1259, 1260, 1261, 1267, 1281, 1282, 1284, 1303, 1305, 1342, 1344, 1345, 1348, 1351, 1357, 1359, 1360, 1361, 1362, 1364, 1370, 1373, 1374, 1376, 1378, 1379, 1380, 1381, 1382, 1384, 1386, 1391, 1392, 1396, 1401, 1402, 1405, 1407, 1409, 1411, 1412, 1414, 1415, 1418, 1419, 1420, 1421, 1425, 1429, 1430, 1432, 1435, 1437, 1440, 1442, 1444, 1445, 1446, 1455, 1456, 1457, 1458, 1461, 1467, 1470, 1474, 1477, 1478, 1503, 1529, 1530, 1532, 1533, 1560, 1561, 1586, 1587, 1589, 1594, 1595, 1597, 1598, 1599, 1603, 1605, 1607, 1608, 1625, 1642, 1644, 1647, 1648, 1670, 1693, 1695, 1698, 1699, 1704, 1705, 1706, 1710, 1711, 1714, 1717, 1719, 1720, 1726, 1728, 1729, 1731, 1732, 1741, 1742], "excluded_lines": []}, "t5x/configs/__init__.py": {"executed_lines": [], "summary": {"covered_lines": 0, "num_statements": 1, "percent_covered": 0.0, "percent_covered_display": "0", "missing_lines": 1, "excluded_lines": 0}, "missing_lines": [15], "excluded_lines": []}, "t5x/configs/runs/__init__.py": {"executed_lines": [], "summary": {"covered_lines": 0, "num_statements": 0, "percent_covered": 100.0, "percent_covered_display": "100", "missing_lines": 0, "excluded_lines": 0}, "missing_lines": [], "excluded_lines": []}, "t5x/contrib/__init__.py": {"executed_lines": [], "summary": {"covered_lines": 0, "num_statements": 1, "percent_covered": 0.0, "percent_covered_display": "0", "missing_lines": 1, "excluded_lines": 0}, "missing_lines": [15], "excluded_lines": []}, "t5x/contrib/moe/__init__.py": {"executed_lines": [], "summary": {"covered_lines": 0, "num_statements": 7, "percent_covered": 0.0, "percent_covered_display": "0", "missing_lines": 7, "excluded_lines": 0}, "missing_lines": [15, 17, 18, 19, 20, 21, 24], "excluded_lines": []}, "t5x/contrib/moe/adafactor_utils.py": {"executed_lines": [], "summary": {"covered_lines": 0, "num_statements": 9, "percent_covered": 0.0, "percent_covered_display": "0", "missing_lines": 9, "excluded_lines": 0}, "missing_lines": [15, 17, 18, 20, 21, 24, 26, 27, 32], "excluded_lines": []}, "t5x/contrib/moe/configs/__init__.py": {"executed_lines": [], "summary": {"covered_lines": 0, "num_statements": 1, "percent_covered": 0.0, "percent_covered_display": "0", "missing_lines": 1, "excluded_lines": 0}, "missing_lines": [15], "excluded_lines": []}, "t5x/contrib/moe/configs/runs/__init__.py": {"executed_lines": [], "summary": {"covered_lines": 0, "num_statements": 1, "percent_covered": 0.0, "percent_covered_display": "0", "missing_lines": 1, "excluded_lines": 0}, "missing_lines": [15], "excluded_lines": []}, "t5x/contrib/moe/models.py": {"executed_lines": [], "summary": {"covered_lines": 0, "num_statements": 70, "percent_covered": 0.0, "percent_covered_display": "0", "missing_lines": 70, "excluded_lines": 0}, "missing_lines": [15, 17, 18, 20, 21, 22, 23, 24, 25, 26, 27, 28, 29, 30, 31, 32, 34, 35, 36, 37, 38, 39, 42, 43, 57, 58, 60, 61, 62, 65, 68, 82, 92, 93, 95, 109, 111, 116, 119, 133, 143, 144, 146, 160, 162, 167, 175, 179, 180, 189, 190, 195, 197, 199, 205, 206, 215, 218, 231, 232, 236, 237, 244, 251, 270, 272, 274, 277, 296, 297], "excluded_lines": []}, "t5x/contrib/moe/models_test.py": {"executed_lines": [], "summary": {"covered_lines": 0, "num_statements": 77, "percent_covered": 0.0, "percent_covered_display": "0", "missing_lines": 77, "excluded_lines": 0}, "missing_lines": [15, 17, 18, 20, 21, 22, 23, 24, 25, 26, 28, 30, 31, 32, 33, 34, 37, 39, 40, 54, 57, 58, 60, 61, 75, 82, 83, 87, 96, 98, 99, 100, 101, 103, 104, 105, 106, 107, 108, 109, 111, 112, 113, 115, 122, 123, 125, 127, 128, 130, 142, 144, 145, 151, 153, 156, 157, 158, 160, 161, 162, 163, 164, 166, 168, 170, 171, 172, 174, 175, 181, 184, 186, 196, 197, 212, 213], "excluded_lines": []}, "t5x/contrib/moe/partitioning.py": {"executed_lines": [], "summary": {"covered_lines": 0, "num_statements": 131, "percent_covered": 0.0, "percent_covered_display": "0", "missing_lines": 131, "excluded_lines": 0}, "missing_lines": [15, 17, 19, 20, 21, 22, 23, 24, 25, 26, 27, 28, 29, 31, 32, 33, 34, 35, 36, 37, 38, 39, 42, 44, 46, 47, 50, 52, 54, 55, 58, 89, 90, 93, 96, 97, 98, 101, 103, 104, 106, 107, 110, 123, 152, 153, 155, 161, 162, 164, 165, 173, 175, 176, 178, 181, 200, 201, 202, 204, 205, 206, 209, 211, 212, 215, 217, 225, 242, 244, 247, 251, 253, 255, 257, 259, 260, 261, 264, 266, 296, 297, 299, 307, 311, 336, 338, 339, 343, 345, 352, 353, 354, 356, 357, 358, 360, 362, 363, 365, 368, 385, 386, 389, 390, 392, 396, 398, 401, 420, 422, 424, 426, 428, 429, 430, 431, 432, 433, 434, 436, 439, 460, 461, 463, 466, 468, 469, 473, 476, 480], "excluded_lines": []}, "t5x/contrib/moe/partitioning_test.py": {"executed_lines": [], "summary": {"covered_lines": 0, "num_statements": 121, "percent_covered": 0.0, "percent_covered_display": "0", "missing_lines": 121, "excluded_lines": 0}, "missing_lines": [15, 17, 19, 20, 21, 22, 23, 24, 25, 26, 27, 28, 29, 31, 33, 34, 35, 36, 37, 38, 39, 42, 44, 63, 64, 67, 69, 70, 71, 72, 74, 75, 76, 77, 79, 80, 81, 82, 84, 85, 86, 87, 89, 90, 91, 92, 94, 95, 96, 97, 99, 100, 102, 103, 105, 106, 107, 108, 110, 111, 112, 113, 115, 116, 117, 118, 121, 122, 123, 125, 126, 127, 129, 137, 138, 143, 144, 147, 167, 178, 179, 184, 185, 189, 209, 220, 221, 224, 238, 239, 243, 254, 255, 284, 285, 287, 290, 292, 293, 297, 302, 304, 308, 310, 315, 316, 318, 320, 321, 325, 326, 331, 332, 336, 337, 340, 343, 344, 348, 352, 353], "excluded_lines": []}, "t5x/contrib/moe/trainer.py": {"executed_lines": [], "summary": {"covered_lines": 0, "num_statements": 31, "percent_covered": 0.0, "percent_covered_display": "0", "missing_lines": 31, "excluded_lines": 0}, "missing_lines": [15, 17, 19, 20, 21, 22, 23, 24, 26, 27, 28, 29, 30, 31, 33, 34, 36, 39, 42, 81, 93, 94, 95, 97, 98, 108, 110, 120, 123, 131, 133], "excluded_lines": []}, "t5x/contrib/moe/trainer_test.py": {"executed_lines": [], "summary": {"covered_lines": 0, "num_statements": 72, "percent_covered": 0.0, "percent_covered_display": "0", "missing_lines": 72, "excluded_lines": 0}, "missing_lines": [15, 17, 19, 20, 21, 22, 23, 24, 25, 26, 27, 28, 30, 31, 35, 36, 37, 40, 43, 45, 47, 48, 50, 51, 55, 58, 64, 65, 66, 67, 68, 71, 73, 74, 75, 86, 88, 89, 91, 92, 95, 96, 109, 110, 111, 112, 113, 114, 115, 117, 118, 119, 120, 123, 127, 128, 129, 132, 134, 146, 148, 151, 152, 153, 155, 156, 158, 159, 161, 162, 165, 166], "excluded_lines": []}, "t5x/contrib/moe/training_utils.py": {"executed_lines": [], "summary": {"covered_lines": 0, "num_statements": 44, "percent_covered": 0.0, "percent_covered_display": "0", "missing_lines": 44, "excluded_lines": 0}, "missing_lines": [15, 19, 20, 21, 23, 24, 25, 26, 29, 30, 31, 34, 44, 45, 46, 47, 50, 64, 65, 66, 70, 72, 75, 90, 91, 92, 95, 110, 114, 115, 116, 117, 120, 121, 124, 127, 130, 131, 132, 133, 134, 135, 136, 138], "excluded_lines": []}, "t5x/contrib/moe/training_utils_test.py": {"executed_lines": [], "summary": {"covered_lines": 0, "num_statements": 40, "percent_covered": 0.0, "percent_covered_display": "0", "missing_lines": 40, "excluded_lines": 0}, "missing_lines": [15, 17, 18, 20, 22, 23, 24, 25, 26, 28, 31, 33, 34, 35, 36, 37, 39, 40, 41, 42, 45, 47, 48, 54, 55, 58, 64, 69, 71, 72, 73, 75, 77, 80, 83, 84, 85, 88, 91, 92], "excluded_lines": []}, "t5x/decoding.py": {"executed_lines": [], "summary": {"covered_lines": 0, "num_statements": 277, "percent_covered": 0.0, "percent_covered_display": "0", "missing_lines": 277, "excluded_lines": 0}, "missing_lines": [15, 16, 18, 19, 20, 21, 22, 23, 24, 25, 27, 31, 36, 43, 44, 59, 60, 61, 62, 63, 64, 65, 68, 72, 73, 76, 305, 306, 308, 310, 314, 315, 323, 324, 328, 343, 345, 347, 352, 355, 360, 381, 382, 384, 386, 388, 389, 402, 403, 413, 415, 417, 421, 423, 425, 427, 430, 433, 436, 439, 440, 441, 448, 450, 455, 456, 458, 461, 462, 465, 467, 470, 471, 473, 474, 475, 477, 478, 479, 485, 486, 488, 490, 491, 492, 497, 502, 503, 505, 507, 512, 514, 518, 520, 521, 523, 524, 529, 532, 545, 550, 556, 560, 565, 570, 574, 576, 578, 586, 595, 596, 599, 603, 607, 608, 611, 619, 629, 635, 646, 647, 648, 649, 650, 651, 653, 658, 659, 661, 662, 663, 664, 665, 666, 669, 673, 674, 675, 676, 679, 681, 682, 683, 684, 687, 692, 693, 694, 695, 698, 702, 705, 727, 728, 730, 732, 734, 735, 739, 740, 743, 747, 750, 752, 753, 756, 757, 759, 762, 782, 784, 787, 788, 790, 793, 797, 798, 800, 803, 814, 815, 816, 821, 823, 825, 829, 831, 832, 834, 835, 836, 838, 840, 842, 843, 844, 847, 850, 865, 866, 867, 874, 875, 878, 880, 881, 883, 884, 887, 889, 892, 898, 899, 901, 902, 903, 904, 906, 907, 920, 956, 959, 961, 962, 963, 964, 966, 969, 972, 976, 980, 981, 983, 986, 990, 994, 996, 1002, 1007, 1012, 1016, 1019, 1024, 1027, 1031, 1038, 1040, 1043, 1048, 1051, 1053, 1058, 1063, 1067, 1071, 1074, 1077, 1081, 1087, 1091, 1094, 1095, 1098, 1105, 1109, 1115, 1118, 1123, 1126, 1128, 1131, 1135, 1145, 1151, 1153, 1156, 1161], "excluded_lines": []}, "t5x/decoding_test.py": {"executed_lines": [], "summary": {"covered_lines": 0, "num_statements": 380, "percent_covered": 0.0, "percent_covered_display": "0", "missing_lines": 380, "excluded_lines": 0}, "missing_lines": [15, 17, 18, 19, 21, 22, 23, 24, 25, 26, 27, 28, 30, 31, 34, 36, 38, 39, 40, 42, 44, 46, 47, 54, 55, 57, 58, 60, 62, 64, 66, 67, 70, 71, 73, 75, 77, 79, 82, 83, 86, 87, 89, 90, 92, 94, 97, 99, 100, 108, 109, 111, 113, 115, 117, 121, 122, 125, 126, 128, 130, 132, 134, 136, 138, 140, 141, 142, 143, 144, 145, 147, 151, 153, 154, 163, 164, 166, 168, 170, 172, 174, 175, 178, 179, 180, 183, 184, 193, 194, 196, 197, 198, 200, 203, 205, 206, 208, 210, 211, 213, 214, 217, 219, 221, 224, 225, 227, 229, 230, 233, 234, 236, 238, 240, 242, 244, 245, 253, 254, 255, 256, 258, 259, 267, 268, 269, 270, 272, 273, 274, 276, 279, 281, 282, 285, 287, 288, 290, 291, 294, 296, 298, 299, 300, 302, 303, 306, 307, 308, 312, 313, 314, 316, 317, 318, 319, 321, 324, 327, 328, 330, 333, 336, 338, 341, 343, 344, 345, 346, 347, 349, 351, 353, 356, 357, 359, 367, 369, 372, 373, 376, 378, 381, 383, 400, 402, 403, 404, 407, 408, 412, 413, 422, 424, 426, 428, 429, 431, 432, 433, 434, 437, 439, 440, 445, 446, 460, 461, 465, 467, 468, 470, 471, 472, 473, 475, 477, 478, 482, 483, 491, 492, 494, 496, 498, 499, 500, 501, 502, 505, 506, 510, 511, 520, 522, 524, 525, 527, 528, 529, 531, 534, 537, 541, 542, 544, 545, 549, 558, 559, 561, 562, 564, 565, 566, 568, 571, 574, 575, 585, 587, 589, 590, 592, 593, 595, 596, 597, 599, 602, 605, 607, 608, 609, 618, 619, 621, 625, 626, 627, 628, 629, 633, 634, 635, 639, 641, 643, 644, 645, 646, 648, 652, 653, 655, 656, 658, 659, 681, 683, 705, 708, 709, 737, 739, 767, 771, 774, 775, 778, 779, 780, 792, 796, 797, 799, 800, 802, 803, 805, 807, 810, 813, 814, 816, 819, 821, 827, 829, 833, 835, 837, 838, 839, 841, 842, 844, 859, 865, 866, 868, 869, 871, 873, 880, 881, 884, 885, 886, 891, 892, 894, 896, 897, 900, 901, 902, 903, 905, 906, 907, 908, 910, 911, 912, 913, 915, 916, 918, 920, 926, 927, 930, 931, 936, 937, 939, 942, 943], "excluded_lines": []}, "t5x/eval.py": {"executed_lines": [], "summary": {"covered_lines": 0, "num_statements": 74, "percent_covered": 0.0, "percent_covered_display": "0", "missing_lines": 74, "excluded_lines": 0}, "missing_lines": [17, 23, 25, 29, 31, 32, 33, 38, 39, 40, 41, 42, 43, 44, 45, 46, 47, 48, 51, 55, 57, 60, 63, 93, 94, 95, 97, 99, 112, 125, 126, 134, 140, 145, 147, 152, 153, 156, 158, 159, 161, 164, 166, 167, 174, 181, 193, 203, 205, 207, 210, 211, 212, 213, 214, 216, 217, 219, 221, 223, 230, 233, 241, 249, 251, 253, 255, 256, 258, 259, 262, 264, 269, 271], "excluded_lines": []}, "t5x/examples/__init__.py": {"executed_lines": [], "summary": {"covered_lines": 0, "num_statements": 1, "percent_covered": 0.0, "percent_covered_display": "0", "missing_lines": 1, "excluded_lines": 0}, "missing_lines": [15], "excluded_lines": []}, "t5x/examples/decoder_only/layers_test.py": {"executed_lines": [15, 17, 18, 19, 21, 22, 23, 24, 25, 26, 27, 28, 29, 30, 31], "summary": {"covered_lines": 15, "num_statements": 331, "percent_covered": 4.531722054380665, "percent_covered_display": "5", "missing_lines": 316, "excluded_lines": 0}, "missing_lines": [34, 36, 37, 40, 43, 44, 49, 53, 54, 55, 56, 58, 60, 61, 62, 63, 64, 65, 67, 70, 72, 73, 79, 80, 81, 82, 83, 91, 93, 96, 97, 99, 100, 101, 102, 104, 114, 115, 117, 118, 119, 121, 122, 123, 124, 125, 127, 128, 129, 133, 136, 139, 140, 141, 143, 144, 145, 146, 149, 151, 152, 154, 155, 156, 157, 159, 160, 161, 162, 163, 165, 167, 168, 173, 174, 176, 177, 182, 183, 185, 186, 187, 189, 191, 193, 194, 195, 196, 200, 203, 205, 206, 207, 208, 212, 216, 218, 219, 220, 221, 222, 227, 231, 233, 234, 235, 236, 240, 242, 244, 245, 246, 248, 249, 250, 251, 255, 260, 261, 263, 264, 265, 266, 267, 272, 282, 283, 285, 286, 288, 290, 291, 293, 294, 295, 299, 300, 301, 304, 306, 320, 323, 324, 325, 326, 327, 328, 329, 330, 332, 334, 335, 337, 338, 340, 345, 346, 350, 351, 353, 355, 361, 365, 366, 369, 370, 371, 372, 373, 375, 377, 378, 379, 380, 381, 382, 383, 384, 385, 386, 387, 389, 391, 392, 393, 395, 397, 399, 404, 405, 409, 410, 412, 414, 422, 426, 427, 433, 434, 435, 436, 437, 438, 439, 442, 444, 446, 447, 448, 449, 450, 452, 454, 468, 471, 475, 476, 477, 478, 480, 482, 483, 484, 485, 486, 487, 488, 490, 492, 493, 494, 495, 496, 497, 498, 499, 502, 504, 505, 506, 507, 511, 512, 513, 515, 516, 517, 518, 522, 524, 526, 527, 528, 529, 534, 536, 538, 539, 545, 553, 554, 583, 584, 596, 598, 599, 600, 601, 602, 608, 610, 612, 614, 615, 626, 631, 633, 635, 636, 637, 638, 640, 642, 644, 645, 656, 661, 663, 665, 666, 667, 668, 670, 672, 676, 683, 685, 692, 696, 704, 707, 715, 717, 725, 728, 730, 732, 733, 734, 735, 737, 739, 744, 752, 755, 756], "excluded_lines": []}, "t5x/examples/decoder_only/network_test.py": {"executed_lines": [15, 17, 19, 20, 21, 23, 24, 25], "summary": {"covered_lines": 8, "num_statements": 12, "percent_covered": 66.66666666666667, "percent_covered_display": "67", "missing_lines": 4, "excluded_lines": 0}, "missing_lines": [28, 30, 33, 34], "excluded_lines": []}, "t5x/examples/scalable_t5/__init__.py": {"executed_lines": [], "summary": {"covered_lines": 0, "num_statements": 0, "percent_covered": 100.0, "percent_covered_display": "100", "missing_lines": 0, "excluded_lines": 0}, "missing_lines": [], "excluded_lines": []}, "t5x/examples/scalable_t5/layers.py": {"executed_lines": [], "summary": {"covered_lines": 0, "num_statements": 299, "percent_covered": 0.0, "percent_covered_display": "0", "missing_lines": 299, "excluded_lines": 0}, "missing_lines": [15, 19, 20, 21, 22, 24, 25, 26, 27, 28, 29, 30, 34, 35, 39, 40, 41, 42, 43, 45, 46, 47, 50, 58, 60, 61, 63, 64, 65, 67, 68, 69, 70, 71, 74, 78, 79, 80, 81, 82, 83, 84, 85, 86, 87, 89, 91, 93, 95, 96, 97, 98, 99, 100, 102, 104, 108, 110, 111, 113, 114, 117, 152, 153, 155, 157, 158, 161, 162, 163, 166, 169, 170, 173, 176, 177, 180, 181, 182, 183, 184, 186, 189, 192, 196, 210, 211, 212, 213, 214, 215, 217, 218, 254, 264, 265, 269, 270, 271, 273, 274, 275, 277, 279, 285, 286, 288, 290, 292, 293, 297, 298, 299, 304, 305, 311, 312, 316, 317, 318, 319, 320, 322, 323, 328, 340, 344, 348, 350, 355, 358, 359, 361, 362, 363, 366, 378, 386, 389, 391, 394, 395, 396, 398, 404, 413, 414, 415, 416, 417, 419, 420, 429, 430, 432, 433, 435, 436, 437, 438, 446, 448, 449, 452, 455, 456, 457, 458, 459, 460, 462, 466, 478, 479, 480, 481, 482, 484, 485, 489, 490, 491, 492, 499, 500, 503, 505, 508, 509, 516, 519, 530, 531, 532, 533, 534, 535, 536, 537, 539, 540, 546, 556, 557, 558, 559, 560, 561, 562, 563, 565, 566, 567, 569, 582, 583, 586, 599, 600, 601, 602, 603, 605, 606, 633, 634, 635, 636, 637, 638, 640, 642, 643, 644, 648, 649, 650, 652, 653, 667, 668, 669, 670, 675, 681, 687, 688, 691, 699, 705, 707, 708, 709, 711, 712, 714, 715, 716, 717, 718, 721, 722, 728, 751, 758, 759, 760, 763, 785, 786, 794, 804, 805, 806, 807, 809, 810, 811, 812, 815, 824, 825, 826, 827, 829, 830, 831, 832, 835, 901, 905, 909, 911, 916, 918, 921, 926, 927, 931], "excluded_lines": []}, "t5x/examples/scalable_t5/layers_test.py": {"executed_lines": [], "summary": {"covered_lines": 0, "num_statements": 286, "percent_covered": 0.0, "percent_covered_display": "0", "missing_lines": 286, "excluded_lines": 0}, "missing_lines": [15, 17, 18, 19, 21, 22, 23, 24, 25, 26, 27, 28, 29, 30, 31, 34, 36, 37, 40, 43, 44, 49, 53, 54, 55, 56, 58, 60, 61, 62, 63, 64, 65, 67, 70, 72, 73, 79, 80, 81, 82, 83, 91, 93, 96, 97, 99, 100, 101, 102, 104, 114, 115, 117, 118, 119, 121, 122, 123, 124, 125, 127, 128, 129, 133, 136, 139, 140, 141, 143, 144, 145, 146, 149, 151, 152, 154, 155, 156, 157, 159, 160, 161, 162, 163, 165, 167, 168, 173, 174, 176, 177, 182, 183, 185, 186, 187, 189, 191, 193, 194, 195, 196, 200, 203, 205, 206, 207, 208, 212, 216, 218, 219, 220, 221, 222, 227, 231, 233, 234, 235, 236, 240, 242, 244, 245, 246, 248, 249, 250, 251, 255, 260, 261, 263, 264, 265, 266, 267, 272, 282, 283, 285, 286, 288, 290, 291, 293, 294, 295, 299, 300, 301, 304, 306, 320, 323, 324, 325, 326, 327, 328, 329, 330, 332, 334, 335, 337, 338, 340, 345, 346, 350, 351, 353, 355, 361, 365, 366, 369, 370, 371, 372, 373, 375, 377, 378, 379, 380, 381, 382, 383, 384, 385, 386, 387, 390, 392, 394, 395, 396, 397, 398, 400, 402, 416, 419, 423, 424, 425, 426, 428, 430, 431, 432, 433, 434, 435, 436, 438, 440, 441, 442, 443, 444, 445, 446, 447, 450, 452, 453, 454, 455, 459, 460, 461, 463, 464, 465, 466, 470, 472, 474, 475, 476, 477, 482, 484, 486, 487, 493, 501, 502, 531, 532, 544, 546, 547, 548, 549, 550, 556, 558, 560, 562, 563, 574, 579, 581, 583, 584, 585, 586, 588, 590, 592, 593, 604, 609, 611, 613, 614, 615, 616, 619, 620], "excluded_lines": []}, "t5x/examples/scalable_t5/mt5/__init__.py": {"executed_lines": [], "summary": {"covered_lines": 0, "num_statements": 0, "percent_covered": 100.0, "percent_covered_display": "100", "missing_lines": 0, "excluded_lines": 0}, "missing_lines": [], "excluded_lines": []}, "t5x/examples/scalable_t5/network.py": {"executed_lines": [], "summary": {"covered_lines": 0, "num_statements": 169, "percent_covered": 0.0, "percent_covered_display": "0", "missing_lines": 169, "excluded_lines": 0}, "missing_lines": [15, 17, 19, 20, 21, 22, 23, 24, 27, 28, 29, 30, 33, 34, 36, 38, 39, 40, 41, 42, 43, 44, 46, 47, 49, 51, 52, 53, 56, 58, 60, 61, 62, 65, 75, 76, 77, 80, 82, 89, 92, 93, 96, 97, 99, 106, 109, 110, 112, 113, 115, 118, 120, 122, 123, 131, 134, 135, 144, 147, 150, 153, 165, 168, 169, 172, 175, 176, 183, 186, 187, 190, 191, 192, 199, 202, 203, 205, 206, 208, 211, 213, 214, 216, 217, 221, 222, 225, 226, 229, 231, 233, 234, 235, 237, 238, 244, 245, 246, 248, 249, 264, 266, 269, 270, 273, 275, 276, 278, 279, 288, 289, 292, 293, 296, 298, 300, 301, 302, 304, 305, 310, 311, 312, 314, 315, 333, 335, 345, 346, 351, 353, 355, 357, 363, 366, 368, 370, 372, 373, 375, 378, 379, 380, 389, 390, 392, 397, 398, 401, 404, 405, 413, 416, 429, 432, 435, 436, 441, 445, 449, 450, 451, 455, 463, 472, 474, 506, 511], "excluded_lines": []}, "t5x/examples/scalable_t5/t5_1_1/__init__.py": {"executed_lines": [], "summary": {"covered_lines": 0, "num_statements": 0, "percent_covered": 100.0, "percent_covered_display": "100", "missing_lines": 0, "excluded_lines": 0}, "missing_lines": [], "excluded_lines": []}, "t5x/examples/scalable_t5/t5_1_1/examples/__init__.py": {"executed_lines": [], "summary": {"covered_lines": 0, "num_statements": 0, "percent_covered": 100.0, "percent_covered_display": "100", "missing_lines": 0, "excluded_lines": 0}, "missing_lines": [], "excluded_lines": []}, "t5x/examples/t5/__init__.py": {"executed_lines": [], "summary": {"covered_lines": 0, "num_statements": 0, "percent_covered": 100.0, "percent_covered_display": "100", "missing_lines": 0, "excluded_lines": 0}, "missing_lines": [], "excluded_lines": []}, "t5x/examples/t5/byt5/__init__.py": {"executed_lines": [], "summary": {"covered_lines": 0, "num_statements": 0, "percent_covered": 100.0, "percent_covered_display": "100", "missing_lines": 0, "excluded_lines": 0}, "missing_lines": [], "excluded_lines": []}, "t5x/examples/t5/data/__init__.py": {"executed_lines": [], "summary": {"covered_lines": 0, "num_statements": 0, "percent_covered": 100.0, "percent_covered_display": "100", "missing_lines": 0, "excluded_lines": 0}, "missing_lines": [], "excluded_lines": []}, "t5x/examples/t5/data/mixtures.py": {"executed_lines": [], "summary": {"covered_lines": 0, "num_statements": 2, "percent_covered": 0.0, "percent_covered_display": "0", "missing_lines": 2, "excluded_lines": 0}, "missing_lines": [1, 2], "excluded_lines": []}, "t5x/examples/t5/data/tasks.py": {"executed_lines": [], "summary": {"covered_lines": 0, "num_statements": 15, "percent_covered": 0.0, "percent_covered_display": "0", "missing_lines": 15, "excluded_lines": 0}, "missing_lines": [1, 3, 4, 5, 6, 7, 8, 9, 10, 11, 12, 13, 15, 18, 27], "excluded_lines": []}, "t5x/examples/t5/interactive_model.py": {"executed_lines": [], "summary": {"covered_lines": 0, "num_statements": 85, "percent_covered": 0.0, "percent_covered_display": "0", "missing_lines": 85, "excluded_lines": 0}, "missing_lines": [1, 2, 4, 5, 6, 8, 9, 10, 11, 12, 15, 17, 18, 19, 20, 21, 22, 23, 24, 25, 27, 29, 30, 31, 36, 37, 46, 49, 50, 53, 54, 56, 59, 61, 63, 65, 71, 74, 75, 77, 79, 82, 83, 89, 97, 99, 101, 103, 104, 105, 106, 107, 108, 109, 110, 111, 112, 114, 116, 119, 121, 122, 123, 130, 132, 135, 136, 139, 141, 142, 143, 151, 152, 153, 154, 155, 156, 157, 161, 163, 164, 165, 167, 169, 171], "excluded_lines": []}, "t5x/examples/t5/layers.py": {"executed_lines": [], "summary": {"covered_lines": 0, "num_statements": 259, "percent_covered": 0.0, "percent_covered_display": "0", "missing_lines": 259, "excluded_lines": 0}, "missing_lines": [15, 19, 20, 21, 22, 24, 25, 26, 27, 28, 29, 30, 34, 35, 39, 40, 41, 42, 43, 45, 47, 51, 86, 87, 89, 91, 92, 95, 96, 97, 100, 103, 104, 107, 110, 111, 114, 115, 116, 117, 118, 120, 123, 126, 130, 144, 145, 146, 147, 148, 150, 152, 153, 189, 199, 200, 204, 205, 206, 208, 209, 210, 212, 214, 220, 221, 223, 225, 227, 228, 232, 233, 234, 239, 240, 246, 247, 251, 252, 253, 254, 255, 257, 258, 263, 275, 279, 283, 285, 290, 293, 294, 296, 297, 298, 301, 313, 321, 324, 326, 329, 330, 331, 333, 339, 348, 349, 350, 351, 353, 355, 356, 365, 366, 368, 369, 371, 372, 374, 380, 381, 383, 384, 387, 390, 391, 392, 393, 394, 395, 397, 401, 413, 414, 415, 417, 418, 420, 421, 425, 426, 427, 428, 435, 436, 439, 441, 444, 445, 452, 455, 466, 467, 468, 469, 470, 471, 472, 473, 475, 476, 482, 492, 493, 494, 495, 496, 497, 498, 499, 501, 502, 503, 505, 518, 519, 522, 535, 536, 537, 538, 539, 541, 542, 569, 570, 571, 572, 573, 574, 576, 578, 579, 580, 584, 585, 586, 588, 589, 603, 604, 605, 606, 611, 617, 623, 624, 627, 635, 641, 643, 644, 645, 647, 648, 650, 651, 652, 653, 654, 657, 658, 664, 687, 694, 695, 696, 699, 721, 722, 730, 740, 741, 742, 743, 745, 746, 747, 748, 751, 760, 761, 762, 763, 765, 766, 767, 768, 771, 837, 841, 845, 847, 852, 854, 857, 862, 863, 867], "excluded_lines": []}, "t5x/examples/t5/layers_test.py": {"executed_lines": [], "summary": {"covered_lines": 0, "num_statements": 286, "percent_covered": 0.0, "percent_covered_display": "0", "missing_lines": 286, "excluded_lines": 0}, "missing_lines": [15, 17, 18, 19, 21, 22, 23, 24, 25, 26, 27, 28, 29, 30, 31, 34, 36, 37, 40, 43, 44, 49, 53, 54, 55, 56, 58, 60, 61, 62, 63, 64, 65, 67, 70, 72, 73, 79, 80, 81, 82, 83, 91, 93, 96, 97, 99, 100, 101, 102, 104, 114, 115, 117, 118, 119, 121, 122, 123, 124, 125, 127, 128, 129, 133, 136, 139, 140, 141, 143, 144, 145, 146, 149, 151, 152, 154, 155, 156, 157, 159, 160, 161, 162, 163, 165, 167, 168, 173, 174, 176, 177, 182, 183, 185, 186, 187, 189, 191, 193, 194, 195, 196, 200, 203, 205, 206, 207, 208, 212, 216, 218, 219, 220, 221, 222, 227, 231, 233, 234, 235, 236, 240, 242, 244, 245, 246, 248, 249, 250, 251, 255, 260, 261, 263, 264, 265, 266, 267, 272, 282, 283, 285, 286, 288, 290, 291, 293, 294, 295, 299, 300, 301, 304, 306, 320, 323, 324, 325, 326, 327, 328, 329, 330, 332, 334, 335, 337, 338, 340, 345, 346, 350, 351, 353, 355, 361, 365, 366, 369, 370, 371, 372, 373, 375, 377, 378, 379, 380, 381, 382, 383, 384, 385, 386, 387, 390, 392, 394, 395, 396, 397, 398, 400, 402, 416, 419, 423, 424, 425, 426, 428, 430, 431, 432, 433, 434, 435, 436, 438, 440, 441, 442, 443, 444, 445, 446, 447, 450, 452, 453, 454, 455, 459, 460, 461, 463, 464, 465, 466, 470, 472, 474, 475, 476, 477, 482, 484, 486, 487, 493, 501, 502, 531, 532, 544, 546, 547, 548, 549, 550, 556, 558, 560, 562, 563, 574, 579, 581, 583, 584, 585, 586, 588, 590, 592, 593, 604, 609, 611, 613, 614, 615, 616, 619, 620], "excluded_lines": []}, "t5x/examples/t5/mt5/__init__.py": {"executed_lines": [], "summary": {"covered_lines": 0, "num_statements": 0, "percent_covered": 100.0, "percent_covered_display": "100", "missing_lines": 0, "excluded_lines": 0}, "missing_lines": [], "excluded_lines": []}, "t5x/examples/t5/network.py": {"executed_lines": [], "summary": {"covered_lines": 0, "num_statements": 123, "percent_covered": 0.0, "percent_covered_display": "0", "missing_lines": 123, "excluded_lines": 0}, "missing_lines": [15, 17, 19, 20, 21, 22, 25, 26, 28, 30, 31, 32, 33, 34, 35, 36, 38, 39, 41, 43, 46, 48, 49, 51, 52, 53, 56, 60, 61, 65, 73, 76, 79, 81, 88, 91, 93, 96, 98, 99, 101, 102, 110, 113, 114, 117, 122, 135, 138, 141, 144, 152, 155, 158, 159, 166, 169, 171, 174, 176, 177, 179, 180, 184, 185, 186, 196, 197, 200, 202, 204, 208, 209, 212, 214, 215, 217, 218, 227, 228, 229, 239, 240, 243, 245, 247, 257, 258, 263, 265, 267, 269, 275, 278, 280, 282, 283, 284, 293, 294, 296, 301, 302, 305, 308, 309, 317, 320, 333, 336, 339, 340, 345, 349, 353, 354, 355, 359, 367, 376, 378, 410, 415], "excluded_lines": []}, "t5x/examples/t5/network_test.py": {"executed_lines": [], "summary": {"covered_lines": 0, "num_statements": 40, "percent_covered": 0.0, "percent_covered_display": "0", "missing_lines": 40, "excluded_lines": 0}, "missing_lines": [15, 17, 19, 20, 21, 22, 23, 24, 25, 26, 27, 28, 31, 33, 36, 44, 55, 56, 57, 58, 62, 64, 65, 66, 67, 71, 72, 81, 82, 83, 84, 92, 99, 101, 102, 104, 105, 106, 110, 111], "excluded_lines": []}, "t5x/examples/t5/t5_1_0/__init__.py": {"executed_lines": [], "summary": {"covered_lines": 0, "num_statements": 0, "percent_covered": 100.0, "percent_covered_display": "100", "missing_lines": 0, "excluded_lines": 0}, "missing_lines": [], "excluded_lines": []}, "t5x/examples/t5/t5_1_1/__init__.py": {"executed_lines": [], "summary": {"covered_lines": 0, "num_statements": 0, "percent_covered": 100.0, "percent_covered_display": "100", "missing_lines": 0, "excluded_lines": 0}, "missing_lines": [], "excluded_lines": []}, "t5x/examples/t5/t5_1_1/examples/__init__.py": {"executed_lines": [], "summary": {"covered_lines": 0, "num_statements": 0, "percent_covered": 100.0, "percent_covered_display": "100", "missing_lines": 0, "excluded_lines": 0}, "missing_lines": [], "excluded_lines": []}, "t5x/examples/unified_io/__init__.py": {"executed_lines": [], "summary": {"covered_lines": 0, "num_statements": 0, "percent_covered": 100.0, "percent_covered_display": "100", "missing_lines": 0, "excluded_lines": 0}, "missing_lines": [], "excluded_lines": []}, "t5x/examples/unified_io/aux_fns.py": {"executed_lines": [], "summary": {"covered_lines": 0, "num_statements": 77, "percent_covered": 0.0, "percent_covered_display": "0", "missing_lines": 77, "excluded_lines": 0}, "missing_lines": [1, 3, 4, 5, 6, 7, 9, 10, 11, 14, 15, 16, 18, 19, 20, 21, 22, 23, 24, 25, 26, 27, 28, 29, 30, 31, 32, 34, 37, 38, 39, 40, 41, 42, 43, 44, 45, 46, 47, 49, 50, 53, 54, 55, 57, 58, 59, 60, 61, 62, 63, 64, 65, 66, 68, 69, 72, 73, 89, 92, 93, 100, 103, 104, 117, 120, 121, 131, 134, 135, 142, 145, 146, 159, 162, 163, 175], "excluded_lines": []}, "t5x/examples/unified_io/batch_norm.py": {"executed_lines": [], "summary": {"covered_lines": 0, "num_statements": 48, "percent_covered": 0.0, "percent_covered_display": "0", "missing_lines": 48, "excluded_lines": 0}, "missing_lines": [1, 2, 3, 5, 6, 7, 8, 10, 12, 13, 14, 15, 21, 22, 34, 35, 38, 62, 63, 64, 65, 66, 67, 68, 69, 70, 71, 72, 73, 74, 76, 77, 93, 94, 95, 96, 98, 99, 101, 102, 103, 104, 107, 108, 109, 110, 113, 114], "excluded_lines": []}, "t5x/examples/unified_io/build_html_visualizations.py": {"executed_lines": [], "summary": {"covered_lines": 0, "num_statements": 90, "percent_covered": 0.0, "percent_covered_display": "0", "missing_lines": 90, "excluded_lines": 0}, "missing_lines": [1, 2, 3, 4, 5, 6, 8, 9, 11, 12, 13, 14, 17, 21, 23, 24, 26, 27, 29, 31, 32, 34, 35, 36, 37, 38, 40, 41, 43, 44, 45, 46, 49, 50, 51, 52, 53, 55, 56, 59, 60, 61, 64, 65, 66, 67, 68, 69, 70, 71, 73, 74, 75, 76, 77, 79, 80, 83, 84, 85, 86, 87, 88, 90, 91, 92, 95, 96, 97, 98, 99, 100, 101, 102, 103, 104, 105, 106, 107, 108, 109, 121, 122, 123, 124, 125, 126, 128, 129, 131], "excluded_lines": []}, "t5x/examples/unified_io/data/__init__.py": {"executed_lines": [], "summary": {"covered_lines": 0, "num_statements": 4, "percent_covered": 0.0, "percent_covered_display": "0", "missing_lines": 4, "excluded_lines": 0}, "missing_lines": [1, 2, 3, 4], "excluded_lines": []}, "t5x/examples/unified_io/data/autoaugment.py": {"executed_lines": [], "summary": {"covered_lines": 0, "num_statements": 239, "percent_covered": 0.0, "percent_covered_display": "0", "missing_lines": 239, "excluded_lines": 0}, "missing_lines": [16, 21, 22, 23, 25, 26, 27, 28, 29, 34, 37, 42, 69, 72, 77, 80, 83, 98, 99, 100, 101, 103, 104, 106, 107, 110, 113, 115, 120, 123, 139, 140, 143, 147, 151, 152, 153, 154, 156, 158, 159, 162, 163, 164, 168, 171, 175, 178, 183, 184, 185, 188, 190, 191, 194, 196, 198, 203, 204, 205, 206, 207, 208, 211, 213, 214, 217, 219, 220, 223, 236, 237, 242, 243, 246, 248, 249, 252, 254, 255, 258, 264, 266, 269, 275, 277, 280, 289, 294, 295, 298, 299, 300, 301, 302, 303, 305, 306, 310, 311, 312, 313, 314, 317, 319, 320, 322, 324, 328, 329, 330, 333, 335, 336, 340, 341, 342, 343, 346, 349, 351, 353, 355, 358, 359, 360, 362, 365, 367, 370, 374, 378, 382, 383, 384, 385, 386, 389, 391, 392, 395, 397, 398, 399, 400, 403, 417, 419, 422, 424, 427, 432, 433, 434, 437, 457, 459, 460, 461, 464, 465, 466, 467, 470, 472, 473, 475, 476, 479, 480, 483, 484, 486, 487, 490, 491, 493, 494, 497, 498, 522, 524, 525, 530, 531, 536, 538, 539, 542, 545, 547, 552, 553, 557, 559, 563, 566, 568, 571, 572, 576, 579, 593, 601, 602, 603, 606, 607, 609, 612, 613, 614, 615, 617, 618, 619, 621, 623, 626, 641, 643, 644, 646, 648, 651, 654, 668, 669, 670, 672, 677, 678, 680, 681, 682, 683, 684, 686, 693], "excluded_lines": []}, "t5x/examples/unified_io/data/cmumosei.py": {"executed_lines": [], "summary": {"covered_lines": 0, "num_statements": 127, "percent_covered": 0.0, "percent_covered_display": "0", "missing_lines": 127, "excluded_lines": 0}, "missing_lines": [1, 2, 3, 5, 6, 7, 8, 10, 11, 12, 13, 14, 16, 21, 24, 25, 27, 28, 29, 30, 31, 32, 33, 34, 35, 36, 37, 38, 39, 41, 42, 43, 44, 45, 46, 54, 55, 60, 62, 63, 64, 65, 67, 68, 69, 70, 73, 74, 75, 76, 77, 78, 79, 80, 81, 83, 85, 115, 141, 144, 145, 146, 147, 148, 149, 150, 151, 152, 154, 156, 187, 190, 193, 194, 195, 196, 197, 198, 201, 202, 205, 208, 209, 210, 211, 212, 213, 214, 215, 216, 217, 218, 219, 220, 221, 222, 223, 224, 226, 227, 229, 230, 233, 234, 235, 236, 238, 245, 246, 247, 248, 249, 251, 258, 259, 260, 261, 263, 270, 271, 272, 273, 274, 276, 285, 286, 288], "excluded_lines": []}, "t5x/examples/unified_io/data/data_utils.py": {"executed_lines": [], "summary": {"covered_lines": 0, "num_statements": 540, "percent_covered": 0.0, "percent_covered_display": "0", "missing_lines": 540, "excluded_lines": 0}, "missing_lines": [1, 2, 3, 4, 5, 6, 8, 9, 10, 12, 14, 15, 16, 18, 19, 20, 23, 24, 27, 59, 60, 62, 63, 64, 66, 67, 68, 70, 73, 74, 76, 77, 79, 80, 82, 83, 87, 115, 116, 117, 118, 121, 122, 123, 128, 129, 130, 135, 138, 140, 142, 208, 211, 217, 226, 228, 229, 230, 232, 233, 237, 238, 241, 244, 250, 263, 265, 269, 270, 272, 273, 275, 276, 280, 282, 283, 286, 288, 289, 290, 293, 296, 300, 307, 312, 314, 315, 317, 338, 342, 346, 350, 361, 370, 371, 372, 374, 375, 376, 378, 380, 381, 384, 387, 388, 390, 397, 398, 399, 401, 404, 408, 409, 410, 411, 413, 414, 415, 416, 417, 420, 424, 425, 427, 428, 429, 432, 438, 439, 441, 446, 449, 459, 461, 466, 480, 481, 482, 484, 485, 487, 488, 489, 490, 491, 493, 494, 497, 511, 512, 515, 516, 517, 518, 520, 521, 522, 525, 526, 529, 532, 533, 534, 536, 539, 553, 554, 556, 557, 560, 575, 576, 578, 579, 580, 582, 583, 585, 588, 590, 591, 593, 594, 595, 598, 599, 601, 602, 605, 606, 608, 618, 622, 623, 624, 625, 626, 627, 628, 629, 631, 632, 633, 634, 635, 636, 637, 640, 641, 643, 650, 651, 653, 654, 657, 658, 659, 661, 663, 664, 666, 668, 669, 672, 673, 675, 677, 678, 681, 682, 683, 689, 690, 692, 693, 695, 696, 698, 699, 705, 706, 708, 722, 723, 725, 727, 730, 737, 738, 739, 740, 749, 750, 752, 753, 754, 761, 762, 764, 765, 766, 767, 770, 773, 774, 775, 778, 795, 797, 798, 799, 800, 801, 803, 805, 806, 807, 860, 861, 862, 864, 865, 866, 867, 868, 875, 877, 879, 880, 881, 883, 885, 886, 887, 889, 890, 891, 892, 893, 895, 896, 898, 899, 900, 902, 905, 913, 914, 917, 922, 923, 924, 930, 932, 934, 935, 936, 937, 939, 946, 948, 951, 953, 956, 957, 958, 959, 960, 961, 962, 963, 966, 967, 968, 970, 971, 972, 973, 975, 977, 979, 980, 982, 983, 985, 988, 1006, 1025, 1026, 1027, 1028, 1029, 1030, 1034, 1038, 1041, 1042, 1043, 1044, 1047, 1052, 1054, 1055, 1056, 1060, 1065, 1066, 1067, 1068, 1072, 1073, 1074, 1075, 1076, 1079, 1080, 1081, 1082, 1083, 1086, 1087, 1088, 1089, 1090, 1091, 1094, 1095, 1097, 1099, 1100, 1101, 1102, 1103, 1105, 1106, 1107, 1109, 1110, 1111, 1113, 1114, 1115, 1116, 1117, 1118, 1121, 1122, 1123, 1124, 1125, 1126, 1127, 1130, 1133, 1134, 1135, 1136, 1137, 1138, 1139, 1140, 1142, 1143, 1145, 1148, 1149, 1151, 1152, 1154, 1157, 1158, 1159, 1161, 1162, 1163, 1164, 1166, 1167, 1168, 1170, 1171, 1172, 1174, 1177, 1179, 1180, 1181, 1182, 1183, 1185, 1186, 1188, 1189, 1190, 1191, 1192, 1194, 1195, 1196, 1199, 1200, 1201, 1202, 1203, 1204, 1206, 1207, 1209, 1211, 1214, 1215, 1216, 1217, 1218, 1219, 1224, 1225, 1228, 1229, 1230, 1231, 1232, 1235, 1236, 1237, 1238, 1239, 1240, 1242, 1245, 1246, 1249, 1250, 1251, 1252, 1253, 1256, 1259, 1260, 1261, 1262, 1263, 1264, 1266, 1267, 1268, 1269, 1270, 1271, 1274, 1277, 1282, 1292, 1299, 1320, 1324, 1328, 1332, 1333, 1335, 1353, 1362, 1363, 1364, 1366, 1367, 1368, 1370, 1372, 1373, 1376, 1379, 1380, 1382, 1394, 1395, 1396, 1398, 1399, 1401], "excluded_lines": []}, "t5x/examples/unified_io/data/denoise_tasks.py": {"executed_lines": [], "summary": {"covered_lines": 0, "num_statements": 57, "percent_covered": 0.0, "percent_covered_display": "0", "missing_lines": 57, "excluded_lines": 0}, "missing_lines": [1, 2, 4, 5, 6, 8, 9, 10, 11, 12, 14, 18, 19, 24, 26, 31, 32, 33, 34, 35, 37, 38, 39, 42, 43, 48, 50, 55, 56, 57, 59, 60, 61, 65, 67, 77, 84, 103, 104, 106, 107, 135, 162, 163, 164, 191, 194, 195, 196, 206, 207, 208, 216, 217, 218, 220, 221], "excluded_lines": []}, "t5x/examples/unified_io/data/dialogue_tasks.py": {"executed_lines": [], "summary": {"covered_lines": 0, "num_statements": 65, "percent_covered": 0.0, "percent_covered_display": "0", "missing_lines": 65, "excluded_lines": 0}, "missing_lines": [1, 3, 4, 5, 7, 8, 9, 10, 11, 12, 13, 14, 16, 23, 24, 29, 31, 32, 33, 34, 36, 37, 38, 39, 40, 41, 45, 46, 47, 48, 51, 52, 53, 55, 76, 98, 119, 120, 122, 144, 166, 189, 190, 191, 199, 200, 201, 209, 210, 211, 219, 220, 221, 229, 230, 231, 249, 250, 251, 252, 253, 256, 259, 263, 266], "excluded_lines": []}, "t5x/examples/unified_io/data/imagenet_utils.py": {"executed_lines": [], "summary": {"covered_lines": 0, "num_statements": 115, "percent_covered": 0.0, "percent_covered_display": "0", "missing_lines": 115, "excluded_lines": 0}, "missing_lines": [1, 3, 5, 7, 8, 9, 11, 13, 22, 23, 24, 26, 27, 30, 31, 33, 42, 44, 46, 48, 50, 51, 52, 54, 59, 60, 62, 64, 65, 74, 76, 77, 80, 91, 101, 102, 103, 105, 106, 110, 112, 113, 115, 117, 118, 119, 120, 121, 125, 130, 131, 132, 134, 136, 137, 139, 143, 144, 145, 148, 149, 153, 155, 156, 159, 167, 168, 171, 172, 173, 174, 175, 176, 177, 178, 181, 182, 183, 184, 185, 186, 188, 193, 194, 196, 198, 199, 200, 201, 202, 203, 204, 205, 208, 210, 211, 212, 213, 214, 215, 216, 217, 221, 223, 224, 225, 226, 228, 229, 231, 233, 235, 236, 237, 239], "excluded_lines": []}, "t5x/examples/unified_io/data/metrics.py": {"executed_lines": [], "summary": {"covered_lines": 0, "num_statements": 466, "percent_covered": 0.0, "percent_covered_display": "0", "missing_lines": 466, "excluded_lines": 0}, "missing_lines": [1, 2, 3, 4, 5, 6, 7, 8, 9, 10, 11, 13, 14, 15, 16, 17, 18, 19, 20, 21, 22, 24, 26, 27, 28, 29, 30, 31, 32, 33, 34, 35, 36, 37, 38, 41, 43, 45, 47, 49, 51, 54, 55, 56, 61, 62, 63, 64, 65, 66, 67, 68, 69, 70, 72, 74, 76, 77, 78, 79, 80, 81, 83, 85, 86, 88, 89, 90, 91, 93, 94, 95, 96, 97, 98, 99, 100, 101, 103, 104, 105, 107, 109, 110, 111, 112, 113, 114, 117, 118, 119, 120, 122, 125, 126, 127, 128, 129, 135, 136, 137, 138, 139, 141, 144, 145, 146, 147, 148, 154, 155, 156, 161, 163, 164, 165, 167, 169, 170, 171, 172, 173, 174, 175, 180, 182, 183, 184, 185, 188, 189, 190, 192, 193, 195, 196, 197, 198, 201, 202, 203, 204, 205, 206, 207, 210, 212, 213, 214, 215, 216, 217, 218, 219, 221, 222, 225, 227, 229, 230, 232, 235, 236, 238, 239, 240, 243, 248, 249, 250, 251, 252, 253, 255, 256, 259, 260, 261, 262, 263, 264, 265, 267, 268, 269, 270, 273, 274, 276, 277, 278, 280, 281, 282, 283, 284, 285, 287, 288, 289, 290, 291, 292, 293, 294, 295, 297, 300, 301, 302, 303, 304, 305, 306, 307, 310, 311, 312, 314, 315, 318, 321, 322, 323, 324, 326, 328, 329, 332, 333, 336, 337, 338, 341, 342, 345, 347, 348, 349, 350, 352, 355, 356, 357, 359, 360, 361, 366, 369, 370, 371, 372, 373, 374, 376, 377, 378, 380, 381, 382, 383, 384, 386, 387, 388, 389, 391, 396, 398, 399, 400, 401, 402, 403, 404, 405, 406, 407, 409, 415, 416, 419, 420, 423, 424, 426, 431, 432, 433, 434, 435, 436, 437, 438, 440, 441, 442, 443, 446, 447, 453, 458, 459, 460, 461, 464, 465, 466, 467, 468, 469, 471, 472, 473, 474, 477, 482, 483, 484, 486, 487, 488, 494, 495, 497, 498, 500, 501, 503, 505, 506, 507, 508, 509, 510, 511, 512, 515, 516, 517, 518, 521, 522, 523, 524, 525, 526, 527, 528, 529, 530, 531, 532, 534, 536, 537, 541, 542, 544, 546, 547, 548, 549, 551, 552, 553, 554, 556, 558, 559, 560, 563, 564, 568, 569, 570, 571, 572, 574, 577, 583, 584, 585, 586, 587, 588, 591, 592, 596, 597, 598, 599, 600, 601, 603, 609, 610, 611, 612, 613, 614, 618, 619, 622, 623, 624, 625, 626, 627, 629, 636, 637, 638, 639, 640, 641, 645, 646, 647, 648, 649, 650, 651, 652, 653, 654, 655, 656, 657, 658, 659, 660, 661, 663, 664, 665, 667, 668, 669, 670, 672, 675, 679, 680, 681, 682, 683, 684, 686, 687, 688, 689, 691, 692, 693, 694, 696, 697, 699, 701, 702, 703, 704, 705, 706, 708], "excluded_lines": []}, "t5x/examples/unified_io/data/multi_images_visual_dialogue_tasks.py": {"executed_lines": [], "summary": {"covered_lines": 0, "num_statements": 227, "percent_covered": 0.0, "percent_covered_display": "0", "missing_lines": 227, "excluded_lines": 0}, "missing_lines": [1, 2, 4, 5, 6, 8, 9, 10, 11, 12, 13, 16, 18, 23, 24, 25, 26, 27, 28, 29, 30, 31, 32, 34, 35, 63, 65, 66, 67, 68, 69, 70, 71, 72, 73, 75, 76, 78, 107, 108, 109, 110, 111, 112, 114, 143, 144, 174, 200, 228, 255, 256, 257, 285, 286, 312, 313, 314, 315, 317, 344, 347, 351, 352, 353, 354, 355, 381, 382, 383, 384, 385, 386, 414, 418, 419, 424, 426, 427, 428, 429, 431, 433, 434, 435, 436, 437, 438, 439, 440, 441, 442, 445, 446, 451, 453, 454, 455, 456, 458, 459, 460, 461, 462, 463, 464, 465, 468, 469, 474, 476, 477, 478, 479, 480, 481, 483, 484, 485, 486, 489, 493, 494, 495, 496, 497, 523, 524, 525, 526, 527, 528, 556, 559, 560, 561, 562, 563, 564, 565, 573, 584, 585, 587, 588, 589, 591, 592, 594, 595, 596, 602, 617, 618, 620, 621, 623, 625, 626, 627, 628, 630, 631, 633, 634, 635, 636, 639, 640, 641, 642, 643, 644, 645, 646, 647, 648, 656, 657, 658, 659, 660, 661, 662, 669, 670, 671, 672, 673, 674, 676, 685, 686, 687, 695, 696, 697, 707, 708, 709, 718, 719, 720, 729, 730, 731, 732, 744, 745, 746, 747, 748, 749, 752, 753, 754, 755, 756, 759, 760, 761, 762, 764, 766, 767, 770, 771], "excluded_lines": []}, "t5x/examples/unified_io/data/nlp_tasks.py": {"executed_lines": [], "summary": {"covered_lines": 0, "num_statements": 498, "percent_covered": 0.0, "percent_covered_display": "0", "missing_lines": 498, "excluded_lines": 0}, "missing_lines": [1, 2, 3, 4, 5, 6, 8, 9, 10, 11, 13, 14, 17, 18, 19, 20, 22, 23, 25, 26, 28, 48, 49, 51, 52, 57, 58, 59, 60, 61, 64, 65, 66, 67, 68, 69, 70, 72, 75, 76, 80, 81, 85, 91, 92, 93, 95, 96, 97, 98, 100, 103, 106, 109, 110, 111, 113, 114, 115, 116, 118, 119, 120, 123, 124, 125, 126, 129, 130, 135, 137, 138, 139, 140, 142, 143, 144, 147, 148, 150, 151, 152, 153, 157, 159, 161, 162, 163, 165, 167, 174, 175, 176, 179, 180, 181, 183, 184, 186, 210, 213, 236, 258, 261, 267, 268, 269, 271, 272, 273, 274, 275, 280, 283, 284, 285, 287, 288, 289, 290, 291, 296, 297, 298, 299, 300, 301, 302, 303, 310, 325, 326, 329, 334, 335, 336, 337, 338, 339, 340, 341, 343, 344, 346, 347, 348, 350, 351, 353, 354, 355, 356, 357, 358, 359, 362, 363, 364, 366, 367, 368, 370, 371, 372, 373, 374, 375, 376, 377, 378, 379, 382, 399, 400, 403, 408, 409, 410, 411, 412, 414, 415, 416, 418, 420, 421, 422, 423, 425, 427, 428, 429, 430, 431, 433, 434, 436, 438, 439, 440, 443, 446, 447, 448, 449, 451, 452, 454, 455, 456, 457, 458, 459, 461, 462, 463, 464, 465, 466, 468, 469, 470, 471, 472, 473, 474, 475, 476, 477, 482, 483, 484, 485, 486, 487, 488, 489, 490, 493, 496, 497, 499, 500, 501, 502, 504, 505, 506, 508, 509, 510, 511, 512, 513, 514, 515, 516, 517, 520, 521, 522, 523, 524, 525, 527, 528, 529, 530, 531, 533, 538, 541, 542, 544, 565, 566, 567, 568, 572, 578, 579, 580, 581, 590, 591, 592, 593, 594, 596, 597, 599, 600, 601, 606, 612, 613, 618, 626, 627, 628, 629, 630, 632, 633, 635, 643, 644, 645, 646, 647, 649, 650, 652, 653, 654, 662, 669, 677, 678, 679, 680, 681, 683, 684, 686, 687, 688, 694, 699, 707, 708, 709, 710, 711, 717, 723, 732, 734, 735, 736, 737, 746, 751, 753, 754, 755, 756, 765, 770, 771, 772, 773, 774, 775, 776, 777, 778, 782, 787, 791, 796, 801, 804, 808, 814, 815, 816, 817, 818, 819, 820, 821, 822, 824, 825, 827, 828, 829, 830, 831, 832, 833, 834, 835, 836, 837, 838, 839, 840, 841, 843, 849, 852, 853, 854, 855, 856, 858, 862, 865, 878, 880, 881, 882, 883, 884, 885, 886, 888, 890, 891, 892, 894, 898, 899, 900, 901, 904, 907, 908, 909, 910, 911, 912, 913, 914, 915, 917, 918, 920, 922, 923, 924, 925, 926, 927, 928, 929, 931, 932, 934, 935, 940, 942, 947, 967, 968, 969, 970, 975, 976, 977, 978, 979, 981, 994, 995, 1013, 1014, 1016, 1017, 1018, 1019, 1022, 1024, 1028, 1029, 1048, 1049, 1050, 1051, 1052, 1060, 1061, 1062, 1063, 1064, 1072, 1073, 1074, 1075, 1076, 1084, 1085, 1086, 1087, 1088, 1094, 1097, 1098, 1099, 1100, 1102, 1107, 1108, 1109, 1116, 1133], "excluded_lines": []}, "t5x/examples/unified_io/data/postprocessors.py": {"executed_lines": [], "summary": {"covered_lines": 0, "num_statements": 93, "percent_covered": 0.0, "percent_covered_display": "0", "missing_lines": 93, "excluded_lines": 0}, "missing_lines": [1, 3, 5, 8, 10, 11, 14, 15, 16, 18, 21, 22, 23, 25, 28, 29, 30, 32, 35, 36, 37, 39, 42, 43, 44, 46, 47, 49, 50, 53, 54, 55, 57, 60, 61, 62, 64, 67, 68, 69, 71, 74, 75, 76, 79, 82, 83, 84, 86, 89, 90, 91, 93, 96, 97, 98, 104, 107, 108, 109, 111, 114, 115, 116, 118, 121, 122, 123, 125, 128, 129, 130, 132, 135, 136, 137, 139, 142, 143, 144, 146, 149, 150, 151, 153, 156, 157, 158, 160, 163, 164, 165, 167], "excluded_lines": []}, "t5x/examples/unified_io/data/preprocessors.py": {"executed_lines": [], "summary": {"covered_lines": 0, "num_statements": 2101, "percent_covered": 0.0, "percent_covered_display": "0", "missing_lines": 2101, "excluded_lines": 0}, "missing_lines": [1, 2, 4, 5, 6, 7, 8, 9, 10, 11, 12, 13, 14, 16, 17, 18, 19, 21, 22, 23, 25, 26, 27, 28, 29, 30, 31, 32, 33, 34, 36, 37, 40, 42, 45, 46, 60, 61, 65, 68, 69, 70, 72, 73, 75, 84, 89, 90, 91, 92, 93, 96, 97, 101, 102, 105, 106, 110, 112, 113, 115, 118, 123, 125, 126, 128, 131, 134, 135, 137, 141, 142, 144, 145, 147, 157, 158, 159, 160, 162, 163, 164, 165, 166, 167, 168, 169, 171, 173, 176, 183, 184, 186, 187, 188, 189, 190, 192, 194, 197, 198, 213, 216, 217, 218, 219, 221, 222, 223, 231, 232, 233, 234, 236, 238, 239, 249, 250, 251, 256, 257, 259, 262, 265, 270, 275, 276, 277, 278, 279, 280, 282, 286, 288, 289, 290, 292, 294, 295, 298, 300, 303, 306, 307, 309, 313, 314, 316, 317, 318, 319, 321, 323, 324, 326, 327, 328, 330, 332, 334, 335, 336, 337, 339, 340, 342, 343, 344, 346, 347, 349, 360, 361, 363, 364, 370, 384, 385, 386, 387, 389, 400, 401, 404, 405, 416, 419, 420, 421, 422, 424, 425, 426, 427, 429, 431, 432, 442, 443, 444, 449, 450, 452, 455, 458, 463, 468, 469, 470, 471, 472, 474, 478, 480, 481, 482, 484, 485, 488, 490, 493, 496, 497, 499, 502, 503, 505, 509, 510, 512, 513, 514, 515, 517, 529, 532, 533, 540, 542, 543, 550, 551, 556, 557, 563, 564, 565, 571, 582, 583, 584, 585, 586, 587, 589, 591, 592, 593, 594, 595, 597, 598, 600, 601, 603, 604, 606, 620, 623, 624, 645, 647, 649, 650, 652, 653, 655, 657, 658, 661, 662, 665, 675, 680, 681, 682, 684, 686, 688, 691, 692, 694, 695, 696, 699, 700, 709, 710, 711, 714, 715, 716, 720, 721, 741, 743, 745, 747, 749, 752, 753, 756, 757, 772, 774, 776, 777, 779, 780, 782, 785, 786, 815, 816, 817, 818, 821, 827, 828, 830, 831, 835, 836, 837, 838, 839, 844, 847, 850, 851, 853, 855, 864, 865, 866, 867, 868, 869, 871, 873, 874, 875, 876, 878, 887, 890, 891, 928, 929, 930, 931, 932, 935, 936, 937, 939, 940, 941, 943, 944, 952, 953, 954, 955, 962, 963, 964, 970, 971, 973, 978, 983, 984, 985, 986, 987, 996, 997, 998, 999, 1000, 1003, 1004, 1007, 1008, 1010, 1011, 1013, 1015, 1018, 1019, 1048, 1049, 1050, 1051, 1052, 1055, 1056, 1058, 1059, 1060, 1061, 1064, 1077, 1082, 1084, 1085, 1086, 1087, 1088, 1089, 1090, 1098, 1099, 1104, 1106, 1108, 1109, 1110, 1113, 1115, 1116, 1117, 1118, 1119, 1121, 1122, 1125, 1126, 1127, 1128, 1129, 1132, 1133, 1181, 1183, 1186, 1187, 1189, 1190, 1191, 1192, 1194, 1197, 1198, 1199, 1200, 1202, 1204, 1205, 1207, 1208, 1209, 1210, 1212, 1213, 1215, 1225, 1228, 1238, 1239, 1240, 1243, 1253, 1254, 1255, 1258, 1270, 1271, 1273, 1274, 1275, 1281, 1284, 1290, 1291, 1292, 1293, 1294, 1296, 1297, 1299, 1300, 1301, 1303, 1305, 1306, 1307, 1309, 1311, 1312, 1321, 1322, 1324, 1326, 1330, 1333, 1335, 1337, 1338, 1339, 1341, 1342, 1344, 1345, 1347, 1349, 1350, 1351, 1352, 1353, 1354, 1355, 1357, 1358, 1359, 1360, 1361, 1362, 1364, 1366, 1367, 1368, 1369, 1370, 1371, 1372, 1374, 1376, 1378, 1381, 1384, 1385, 1387, 1391, 1392, 1394, 1395, 1397, 1398, 1400, 1418, 1421, 1425, 1426, 1427, 1428, 1430, 1431, 1432, 1434, 1435, 1436, 1438, 1440, 1441, 1442, 1443, 1444, 1446, 1447, 1457, 1459, 1463, 1472, 1473, 1475, 1477, 1481, 1484, 1486, 1488, 1489, 1490, 1492, 1493, 1494, 1495, 1497, 1499, 1501, 1504, 1507, 1508, 1510, 1514, 1515, 1517, 1518, 1520, 1521, 1523, 1540, 1541, 1544, 1546, 1547, 1548, 1549, 1551, 1552, 1553, 1561, 1562, 1563, 1564, 1565, 1566, 1568, 1569, 1570, 1572, 1574, 1575, 1577, 1579, 1580, 1588, 1589, 1590, 1592, 1596, 1598, 1599, 1601, 1602, 1604, 1605, 1606, 1608, 1609, 1611, 1612, 1614, 1615, 1617, 1619, 1620, 1621, 1622, 1623, 1625, 1628, 1630, 1632, 1635, 1638, 1639, 1641, 1645, 1646, 1648, 1649, 1651, 1653, 1654, 1656, 1672, 1675, 1680, 1681, 1682, 1683, 1684, 1686, 1687, 1688, 1696, 1697, 1698, 1700, 1702, 1703, 1712, 1713, 1714, 1715, 1716, 1719, 1724, 1727, 1728, 1733, 1735, 1736, 1737, 1738, 1740, 1742, 1743, 1745, 1746, 1747, 1749, 1751, 1753, 1754, 1755, 1756, 1758, 1759, 1761, 1763, 1764, 1765, 1767, 1768, 1769, 1770, 1772, 1773, 1775, 1777, 1779, 1782, 1785, 1786, 1788, 1792, 1793, 1795, 1796, 1798, 1799, 1801, 1818, 1821, 1824, 1825, 1826, 1827, 1828, 1830, 1831, 1832, 1834, 1836, 1837, 1839, 1840, 1842, 1844, 1846, 1859, 1861, 1862, 1863, 1864, 1865, 1867, 1868, 1869, 1870, 1871, 1878, 1880, 1881, 1883, 1884, 1885, 1890, 1892, 1893, 1894, 1896, 1897, 1898, 1900, 1901, 1902, 1904, 1907, 1912, 1914, 1917, 1918, 1920, 1922, 1923, 1925, 1927, 1929, 1930, 1932, 1934, 1937, 1940, 1941, 1943, 1947, 1948, 1950, 1951, 1953, 1961, 1962, 1963, 1965, 1968, 1970, 1971, 1972, 1973, 1975, 1979, 1981, 1982, 1983, 1984, 1985, 1987, 1988, 1989, 1990, 1993, 1994, 1995, 1996, 1999, 2002, 2003, 2004, 2005, 2006, 2008, 2009, 2010, 2012, 2014, 2015, 2017, 2018, 2020, 2022, 2024, 2037, 2039, 2040, 2041, 2042, 2043, 2045, 2046, 2047, 2048, 2050, 2051, 2052, 2054, 2055, 2056, 2057, 2059, 2062, 2067, 2068, 2071, 2072, 2074, 2075, 2076, 2078, 2080, 2081, 2083, 2085, 2088, 2091, 2092, 2094, 2098, 2099, 2101, 2102, 2104, 2112, 2113, 2114, 2116, 2119, 2121, 2122, 2125, 2127, 2128, 2129, 2130, 2131, 2133, 2134, 2135, 2143, 2144, 2145, 2146, 2147, 2149, 2151, 2152, 2153, 2155, 2156, 2157, 2158, 2159, 2160, 2161, 2163, 2174, 2176, 2180, 2181, 2182, 2183, 2186, 2187, 2188, 2189, 2190, 2191, 2192, 2194, 2199, 2200, 2209, 2210, 2211, 2212, 2217, 2218, 2220, 2221, 2222, 2227, 2228, 2231, 2236, 2238, 2239, 2241, 2242, 2243, 2245, 2247, 2249, 2252, 2255, 2256, 2258, 2262, 2263, 2265, 2266, 2268, 2269, 2271, 2286, 2289, 2292, 2293, 2295, 2296, 2297, 2305, 2306, 2307, 2309, 2310, 2311, 2312, 2313, 2314, 2315, 2316, 2317, 2328, 2329, 2330, 2331, 2342, 2343, 2344, 2345, 2347, 2349, 2350, 2351, 2353, 2356, 2357, 2358, 2359, 2361, 2362, 2363, 2364, 2367, 2369, 2370, 2372, 2373, 2374, 2375, 2376, 2378, 2379, 2381, 2383, 2385, 2386, 2387, 2389, 2391, 2393, 2394, 2395, 2396, 2398, 2399, 2410, 2411, 2412, 2413, 2414, 2415, 2416, 2417, 2418, 2419, 2420, 2422, 2423, 2424, 2425, 2427, 2428, 2430, 2431, 2433, 2434, 2435, 2436, 2438, 2439, 2442, 2451, 2452, 2457, 2458, 2460, 2463, 2468, 2470, 2473, 2474, 2476, 2477, 2479, 2480, 2482, 2485, 2486, 2487, 2489, 2490, 2492, 2493, 2495, 2497, 2499, 2501, 2504, 2507, 2508, 2510, 2514, 2515, 2517, 2518, 2520, 2521, 2523, 2544, 2545, 2546, 2547, 2550, 2552, 2553, 2555, 2556, 2557, 2565, 2566, 2567, 2569, 2570, 2571, 2572, 2573, 2574, 2575, 2576, 2577, 2588, 2589, 2592, 2593, 2594, 2595, 2597, 2606, 2607, 2608, 2610, 2612, 2613, 2614, 2616, 2619, 2620, 2621, 2622, 2624, 2625, 2626, 2627, 2630, 2631, 2632, 2634, 2635, 2636, 2637, 2638, 2639, 2649, 2651, 2653, 2656, 2657, 2660, 2668, 2669, 2671, 2673, 2674, 2676, 2677, 2678, 2680, 2683, 2684, 2685, 2687, 2688, 2689, 2690, 2693, 2694, 2695, 2697, 2698, 2699, 2700, 2702, 2703, 2704, 2705, 2706, 2708, 2709, 2710, 2711, 2712, 2713, 2715, 2717, 2718, 2719, 2720, 2727, 2729, 2730, 2731, 2733, 2738, 2739, 2740, 2741, 2742, 2744, 2745, 2746, 2747, 2748, 2751, 2752, 2753, 2754, 2756, 2757, 2758, 2760, 2762, 2763, 2774, 2776, 2778, 2783, 2784, 2785, 2787, 2789, 2790, 2793, 2796, 2797, 2798, 2799, 2800, 2801, 2803, 2804, 2806, 2807, 2808, 2810, 2812, 2814, 2815, 2816, 2818, 2823, 2825, 2826, 2834, 2835, 2837, 2842, 2846, 2847, 2849, 2850, 2854, 2855, 2856, 2858, 2859, 2861, 2862, 2863, 2865, 2866, 2870, 2871, 2873, 2875, 2877, 2879, 2882, 2885, 2886, 2888, 2892, 2893, 2895, 2896, 2898, 2910, 2912, 2915, 2916, 2917, 2918, 2919, 2920, 2922, 2923, 2925, 2927, 2928, 2929, 2931, 2933, 2934, 2936, 2937, 2938, 2940, 2941, 2942, 2944, 2945, 2957, 2958, 2959, 2960, 2962, 2963, 2964, 2965, 2966, 2967, 2968, 2970, 2971, 2972, 2973, 2974, 2977, 2986, 2995, 2996, 3001, 3002, 3004, 3007, 3012, 3014, 3017, 3018, 3020, 3021, 3023, 3024, 3026, 3027, 3029, 3030, 3032, 3033, 3035, 3037, 3039, 3042, 3045, 3046, 3048, 3052, 3053, 3055, 3056, 3058, 3059, 3061, 3077, 3080, 3081, 3082, 3084, 3085, 3086, 3089, 3093, 3094, 3096, 3107, 3108, 3110, 3111, 3112, 3113, 3116, 3117, 3118, 3119, 3122, 3123, 3132, 3139, 3140, 3142, 3143, 3145, 3146, 3147, 3148, 3150, 3151, 3152, 3153, 3154, 3157, 3158, 3159, 3160, 3162, 3165, 3169, 3171, 3172, 3173, 3174, 3182, 3184, 3185, 3186, 3187, 3189, 3190, 3191, 3193, 3195, 3196, 3197, 3198, 3200, 3202, 3203, 3204, 3205, 3206, 3207, 3208, 3209, 3210, 3212, 3214, 3215, 3217, 3224, 3227, 3228, 3229, 3230, 3232, 3234, 3236, 3237, 3239, 3241, 3244, 3248, 3249, 3251, 3252, 3253, 3255, 3256, 3258, 3259, 3270, 3272, 3273, 3274, 3276, 3278, 3279, 3280, 3281, 3282, 3284, 3286, 3287, 3288, 3289, 3291, 3293, 3294, 3295, 3296, 3297, 3298, 3299, 3300, 3301, 3303, 3305, 3306, 3308, 3317, 3320, 3321, 3323, 3326, 3332, 3333, 3334, 3335, 3336, 3337, 3339, 3340, 3344, 3348, 3349, 3351, 3352, 3353, 3354, 3355, 3357, 3358, 3364, 3366, 3379, 3380, 3381, 3382, 3383, 3384, 3385, 3386, 3389, 3390, 3391, 3393, 3394, 3396, 3397, 3398, 3399, 3400, 3401, 3403, 3404, 3406, 3408, 3409, 3410, 3411, 3412, 3413, 3415, 3416, 3417, 3419, 3420, 3423, 3424, 3425, 3426, 3427, 3429, 3431, 3432, 3434, 3435, 3436, 3437, 3441, 3444, 3446, 3447, 3449, 3450, 3452, 3453, 3454, 3457, 3458, 3459, 3461, 3462, 3464, 3467, 3469, 3472, 3475, 3476, 3478, 3482, 3483, 3484, 3485, 3487, 3488, 3490, 3491, 3493, 3509, 3510, 3511, 3512, 3514, 3515, 3516, 3517, 3519, 3522, 3527, 3528, 3529, 3530, 3531, 3532, 3533, 3535, 3536, 3538, 3539, 3540, 3541, 3542, 3544, 3545, 3551, 3553, 3564, 3565, 3566, 3567, 3571, 3574, 3576, 3577, 3580, 3582, 3583, 3585, 3586, 3588, 3589, 3590, 3591, 3592, 3593, 3595, 3596, 3598, 3599, 3600, 3601, 3603, 3604, 3605, 3606, 3608, 3609, 3610, 3611, 3612, 3613, 3614, 3615, 3616, 3618, 3619, 3620, 3622, 3623, 3624, 3626, 3627, 3628, 3629, 3630, 3631, 3633, 3634, 3635, 3637, 3639, 3640, 3642, 3643, 3644, 3645, 3646, 3647, 3649, 3651, 3652, 3653, 3654, 3655, 3657, 3658, 3661, 3663, 3665, 3668, 3671, 3672, 3674, 3678, 3679, 3681, 3682, 3684, 3685, 3686, 3687, 3689, 3707, 3710, 3714, 3715, 3716, 3717, 3718, 3720, 3722, 3723, 3725, 3726, 3728, 3729, 3730, 3731, 3732, 3734, 3735, 3736, 3738, 3739, 3741, 3742, 3743, 3744, 3749, 3751, 3752, 3754, 3756, 3760, 3763, 3765, 3766, 3768, 3769, 3770, 3772, 3773, 3776, 3777, 3778, 3779, 3780, 3781, 3783, 3784, 3785, 3786, 3788, 3790, 3792, 3795, 3798, 3799, 3801, 3805, 3806, 3808, 3809, 3811, 3812, 3814, 3831, 3834, 3838, 3839, 3840, 3841, 3842, 3843, 3845, 3846, 3847, 3848, 3854, 3855, 3857, 3859, 3863, 3866, 3868, 3869, 3872, 3873, 3874, 3875, 3876, 3877, 3878, 3879, 3880, 3881, 3883, 3885, 3887, 3890, 3893, 3894, 3896, 3900, 3901, 3903, 3904, 3906, 3907, 3909, 3925, 3927, 3930, 3931, 3932, 3935, 3936, 3939, 3942, 3943, 3944, 3945, 3946, 3947, 3948, 3951, 3952, 3953, 3954, 3956, 3957, 3958, 3959, 3960, 3963, 3967, 3969, 3972, 3975, 3976, 3978, 3982, 3983, 3984, 3985, 3987, 3988, 3990, 3991, 3992, 3994, 4009, 4010, 4011, 4012, 4014, 4017, 4019, 4021, 4022, 4023, 4024, 4025, 4027, 4028, 4029, 4030, 4031, 4034, 4035, 4036, 4038, 4039, 4040, 4042, 4044, 4045, 4047, 4048, 4049, 4055, 4056, 4058, 4059, 4060, 4066, 4068, 4072, 4075, 4076, 4078, 4079, 4081, 4082, 4083, 4085, 4087, 4089, 4092, 4095, 4096, 4098, 4102, 4103, 4105, 4106, 4109, 4110, 4112, 4116, 4117, 4119, 4134, 4135, 4136, 4137, 4139, 4142, 4143, 4144, 4145, 4149, 4150, 4153, 4157, 4159, 4160, 4161, 4162, 4163, 4165, 4166, 4167, 4168, 4169, 4172, 4173, 4174, 4176, 4177, 4178, 4180, 4181, 4182, 4188, 4189, 4191, 4192, 4193, 4199, 4201, 4205, 4208, 4209, 4211, 4212, 4214, 4215, 4217, 4221, 4222, 4224, 4239, 4241, 4244, 4246, 4248, 4249, 4250, 4251, 4252, 4254, 4256, 4257, 4258, 4259, 4260, 4263, 4265, 4266, 4268, 4269, 4270, 4272, 4273, 4274, 4276, 4278, 4279, 4281, 4282, 4283, 4289, 4290, 4292, 4293, 4294, 4300, 4302, 4306, 4309, 4310, 4312, 4313, 4315, 4316, 4317, 4319, 4321, 4323, 4326, 4329, 4330, 4332, 4336, 4337, 4339, 4340, 4343, 4344, 4346, 4350, 4351, 4353, 4373, 4374, 4375, 4376, 4378, 4381, 4387, 4388, 4389, 4390, 4391, 4392, 4394, 4395, 4398, 4401, 4402, 4404, 4405, 4411, 4415, 4416, 4417, 4418, 4419, 4421, 4422, 4423, 4424, 4425, 4427, 4428, 4429, 4431, 4432, 4434, 4435, 4436, 4437, 4438, 4440, 4442, 4443, 4444, 4445, 4449, 4452, 4454, 4455, 4457, 4458, 4459, 4460, 4461, 4463, 4464, 4465, 4467, 4468, 4470, 4473, 4475, 4478, 4481, 4482, 4484, 4488, 4489, 4490, 4491, 4493, 4494, 4496, 4497, 4499, 4515, 4516, 4517, 4518, 4520, 4521, 4522, 4523, 4525], "excluded_lines": []}, "t5x/examples/unified_io/data/prompt_template.py": {"executed_lines": [], "summary": {"covered_lines": 0, "num_statements": 26, "percent_covered": 0.0, "percent_covered_display": "0", "missing_lines": 26, "excluded_lines": 0}, "missing_lines": [4, 7, 10, 13, 16, 19, 22, 25, 28, 31, 34, 37, 40, 43, 46, 49, 52, 55, 58, 61, 64, 67, 70, 73, 76, 79], "excluded_lines": []}, "t5x/examples/unified_io/data/single_image_visual_dialogue_tasks.py": {"executed_lines": [], "summary": {"covered_lines": 0, "num_statements": 66, "percent_covered": 0.0, "percent_covered_display": "0", "missing_lines": 66, "excluded_lines": 0}, "missing_lines": [1, 2, 4, 5, 6, 8, 9, 10, 11, 12, 15, 17, 22, 23, 24, 25, 51, 52, 53, 55, 82, 83, 113, 139, 167, 194, 195, 196, 222, 223, 246, 247, 248, 249, 250, 275, 278, 279, 280, 288, 289, 290, 291, 292, 293, 301, 302, 303, 311, 312, 313, 314, 315, 316, 318, 327, 328, 329, 339, 340, 341, 342, 343, 344, 346, 347], "excluded_lines": []}, "t5x/examples/unified_io/data/task_constants.py": {"executed_lines": [], "summary": {"covered_lines": 0, "num_statements": 6, "percent_covered": 0.0, "percent_covered_display": "0", "missing_lines": 6, "excluded_lines": 0}, "missing_lines": [1, 2, 4, 6, 22, 40], "excluded_lines": []}, "t5x/examples/unified_io/data/task_utils.py": {"executed_lines": [], "summary": {"covered_lines": 0, "num_statements": 84, "percent_covered": 0.0, "percent_covered_display": "0", "missing_lines": 84, "excluded_lines": 0}, "missing_lines": [1, 2, 3, 4, 6, 7, 8, 9, 11, 12, 14, 19, 20, 21, 22, 23, 24, 26, 32, 34, 35, 37, 42, 43, 44, 46, 47, 49, 56, 57, 58, 59, 60, 61, 62, 63, 65, 66, 67, 69, 74, 77, 78, 79, 81, 84, 85, 86, 87, 90, 91, 106, 108, 112, 115, 123, 125, 126, 127, 128, 133, 134, 135, 137, 140, 142, 143, 144, 145, 151, 152, 153, 155, 159, 170, 180, 181, 183, 189, 195, 202, 209, 217, 231], "excluded_lines": []}, "t5x/examples/unified_io/data/tasks.py": {"executed_lines": [], "summary": {"covered_lines": 0, "num_statements": 0, "percent_covered": 100.0, "percent_covered_display": "100", "missing_lines": 0, "excluded_lines": 0}, "missing_lines": [], "excluded_lines": []}, "t5x/examples/unified_io/data/utils.py": {"executed_lines": [], "summary": {"covered_lines": 0, "num_statements": 67, "percent_covered": 0.0, "percent_covered_display": "0", "missing_lines": 67, "excluded_lines": 0}, "missing_lines": [1, 2, 4, 7, 8, 9, 10, 11, 14, 15, 16, 17, 18, 20, 23, 24, 29, 31, 32, 33, 34, 36, 38, 39, 40, 41, 42, 43, 44, 45, 48, 49, 54, 56, 57, 58, 59, 61, 63, 64, 65, 66, 67, 68, 69, 70, 71, 74, 75, 80, 82, 86, 87, 88, 90, 91, 93, 94, 95, 96, 97, 98, 99, 101, 102, 104, 105], "excluded_lines": []}, "t5x/examples/unified_io/data/viscomet.py": {"executed_lines": [], "summary": {"covered_lines": 0, "num_statements": 24, "percent_covered": 0.0, "percent_covered_display": "0", "missing_lines": 24, "excluded_lines": 0}, "missing_lines": [1, 3, 4, 6, 7, 8, 9, 10, 12, 49, 86, 124, 162, 200, 240, 244, 249, 283, 317, 350, 384, 417, 452, 456], "excluded_lines": []}, "t5x/examples/unified_io/dataset_test.py": {"executed_lines": [], "summary": {"covered_lines": 0, "num_statements": 33, "percent_covered": 0.0, "percent_covered_display": "0", "missing_lines": 33, "excluded_lines": 0}, "missing_lines": [1, 2, 3, 4, 6, 8, 10, 11, 12, 17, 27, 28, 29, 31, 32, 33, 34, 35, 36, 37, 38, 39, 40, 41, 42, 43, 45, 46, 47, 48, 49, 50, 51], "excluded_lines": []}, "t5x/examples/unified_io/decoding.py": {"executed_lines": [], "summary": {"covered_lines": 0, "num_statements": 398, "percent_covered": 0.0, "percent_covered_display": "0", "missing_lines": 398, "excluded_lines": 0}, "missing_lines": [15, 16, 17, 19, 20, 21, 22, 23, 24, 25, 26, 28, 30, 31, 36, 41, 45, 49, 50, 51, 52, 53, 54, 56, 59, 64, 65, 66, 67, 68, 69, 72, 73, 74, 76, 79, 82, 89, 92, 93, 94, 96, 97, 98, 99, 100, 102, 105, 110, 111, 112, 114, 115, 116, 119, 120, 121, 124, 126, 129, 132, 133, 314, 315, 318, 319, 327, 328, 332, 333, 350, 351, 365, 367, 369, 370, 375, 378, 383, 398, 399, 400, 402, 403, 404, 408, 409, 422, 424, 429, 433, 435, 437, 439, 442, 445, 448, 451, 452, 453, 456, 463, 465, 467, 472, 473, 475, 478, 480, 483, 485, 486, 487, 489, 490, 491, 493, 495, 496, 501, 505, 511, 513, 518, 519, 529, 534, 539, 543, 548, 552, 556, 558, 559, 566, 575, 576, 579, 583, 587, 588, 589, 592, 595, 613, 614, 615, 617, 618, 619, 623, 624, 637, 639, 644, 648, 650, 652, 654, 657, 660, 663, 666, 667, 668, 671, 678, 680, 682, 687, 688, 690, 693, 695, 698, 701, 702, 710, 715, 722, 723, 724, 725, 729, 730, 731, 733, 734, 735, 737, 740, 742, 747, 751, 757, 759, 764, 765, 775, 780, 785, 789, 794, 798, 802, 804, 805, 812, 821, 822, 825, 829, 833, 834, 835, 838, 846, 856, 862, 873, 874, 875, 876, 877, 878, 880, 885, 886, 888, 889, 890, 891, 892, 893, 896, 900, 901, 902, 903, 906, 908, 909, 910, 911, 914, 919, 920, 921, 922, 925, 929, 932, 954, 955, 957, 959, 961, 962, 966, 967, 970, 974, 977, 979, 980, 983, 984, 986, 989, 1009, 1011, 1014, 1015, 1017, 1020, 1024, 1025, 1027, 1030, 1041, 1042, 1043, 1048, 1050, 1052, 1056, 1058, 1059, 1061, 1062, 1063, 1065, 1067, 1069, 1070, 1071, 1074, 1077, 1092, 1093, 1094, 1101, 1102, 1105, 1107, 1108, 1109, 1111, 1112, 1115, 1117, 1120, 1126, 1127, 1129, 1131, 1132, 1133, 1134, 1135, 1137, 1138, 1152, 1153, 1190, 1193, 1195, 1196, 1197, 1198, 1200, 1203, 1206, 1210, 1214, 1215, 1217, 1220, 1224, 1228, 1230, 1236, 1241, 1246, 1249, 1250, 1251, 1260, 1261, 1265, 1266, 1272, 1274, 1275, 1276, 1277, 1278, 1283, 1286, 1291, 1294, 1298, 1305, 1307, 1310, 1313, 1316, 1322, 1325, 1331, 1335, 1338, 1339, 1342, 1347, 1350, 1351, 1353, 1354, 1356, 1362, 1363, 1364, 1367, 1371, 1377, 1380, 1385, 1388, 1390, 1393, 1397, 1408, 1414, 1416, 1419, 1423, 1426], "excluded_lines": []}, "t5x/examples/unified_io/dumy_exec.py": {"executed_lines": [], "summary": {"covered_lines": 0, "num_statements": 20, "percent_covered": 0.0, "percent_covered_display": "0", "missing_lines": 20, "excluded_lines": 0}, "missing_lines": [1, 2, 5, 7, 8, 9, 11, 12, 13, 14, 16, 17, 18, 19, 20, 22, 24, 26, 27, 28], "excluded_lines": []}, "t5x/examples/unified_io/eval_dialogue.py": {"executed_lines": [], "summary": {"covered_lines": 0, "num_statements": 119, "percent_covered": 0.0, "percent_covered_display": "0", "missing_lines": 119, "excluded_lines": 0}, "missing_lines": [1, 2, 3, 4, 6, 8, 9, 10, 13, 26, 27, 28, 29, 30, 31, 32, 33, 34, 35, 36, 37, 39, 41, 42, 43, 44, 45, 46, 47, 48, 49, 51, 52, 54, 56, 57, 59, 60, 62, 70, 71, 73, 75, 76, 78, 79, 81, 82, 84, 85, 87, 88, 90, 91, 92, 93, 96, 99, 100, 102, 103, 104, 106, 107, 108, 109, 110, 112, 114, 116, 117, 119, 121, 123, 125, 126, 127, 128, 130, 131, 132, 134, 135, 136, 139, 140, 141, 142, 146, 147, 148, 149, 150, 151, 152, 153, 156, 157, 158, 159, 161, 162, 165, 166, 167, 168, 169, 170, 171, 172, 173, 175, 177, 179, 180, 182, 192, 199, 200], "excluded_lines": []}, "t5x/examples/unified_io/evaluator.py": {"executed_lines": [], "summary": {"covered_lines": 0, "num_statements": 86, "percent_covered": 0.0, "percent_covered_display": "0", "missing_lines": 86, "excluded_lines": 0}, "missing_lines": [1, 2, 3, 5, 6, 7, 8, 9, 10, 12, 13, 14, 15, 16, 17, 19, 20, 21, 23, 24, 25, 26, 29, 30, 31, 32, 33, 34, 35, 37, 38, 41, 42, 43, 44, 49, 52, 53, 54, 55, 74, 76, 77, 78, 79, 80, 81, 83, 84, 87, 88, 90, 91, 96, 97, 98, 99, 100, 101, 102, 103, 104, 105, 106, 107, 109, 113, 115, 116, 117, 143, 144, 146, 150, 152, 153, 154, 155, 156, 158, 163, 164, 166, 167, 168, 169], "excluded_lines": []}, "t5x/examples/unified_io/infer_dialogue.py": {"executed_lines": [], "summary": {"covered_lines": 0, "num_statements": 123, "percent_covered": 0.0, "percent_covered_display": "0", "missing_lines": 123, "excluded_lines": 0}, "missing_lines": [1, 2, 3, 4, 6, 8, 9, 10, 13, 26, 27, 28, 29, 30, 31, 32, 33, 34, 35, 36, 37, 39, 41, 42, 43, 44, 45, 46, 47, 48, 49, 51, 52, 54, 56, 57, 59, 60, 62, 69, 70, 72, 74, 75, 77, 78, 80, 81, 83, 84, 86, 87, 89, 90, 92, 93, 94, 95, 98, 101, 102, 104, 105, 106, 108, 109, 110, 111, 112, 114, 116, 118, 119, 121, 123, 125, 127, 128, 129, 130, 132, 133, 134, 136, 137, 138, 141, 142, 143, 144, 148, 149, 150, 151, 152, 153, 154, 155, 158, 159, 160, 161, 163, 164, 167, 168, 169, 170, 171, 172, 173, 174, 175, 177, 179, 180, 181, 183, 184, 186, 196, 203, 204], "excluded_lines": []}, "t5x/examples/unified_io/interactive_model.py": {"executed_lines": [], "summary": {"covered_lines": 0, "num_statements": 114, "percent_covered": 0.0, "percent_covered_display": "0", "missing_lines": 114, "excluded_lines": 0}, "missing_lines": [1, 2, 4, 5, 6, 7, 9, 10, 11, 12, 13, 14, 15, 16, 17, 20, 22, 23, 24, 25, 26, 27, 28, 29, 30, 32, 34, 35, 36, 40, 41, 49, 52, 53, 56, 57, 59, 62, 64, 67, 69, 75, 78, 79, 81, 83, 86, 87, 97, 105, 107, 109, 111, 112, 113, 114, 115, 116, 117, 118, 119, 120, 121, 122, 123, 124, 126, 128, 133, 135, 136, 137, 144, 146, 151, 152, 155, 157, 158, 159, 160, 162, 163, 173, 174, 175, 176, 177, 178, 179, 181, 183, 184, 185, 186, 187, 189, 190, 195, 197, 198, 199, 200, 201, 202, 203, 204, 210, 214, 215, 216, 218, 220, 222], "excluded_lines": []}, "t5x/examples/unified_io/launch_finetuning_tasks.py": {"executed_lines": [], "summary": {"covered_lines": 0, "num_statements": 123, "percent_covered": 0.0, "percent_covered_display"
[...]
, 33, 34, 35, 37, 38, 39, 40, 41, 42, 43, 45, 46, 48, 51, 58, 59, 61, 62, 68, 76, 77, 80, 88, 90, 91, 93, 98, 104, 105, 106, 110, 113, 115, 116, 117, 120, 122, 123, 126, 165, 166, 167, 168, 169, 170, 171, 175, 178, 180, 181, 182, 183, 184, 185, 187, 189, 191, 192, 193, 195, 197, 198, 199, 200, 201, 202, 204, 206, 207, 208, 209, 210, 211, 212, 216, 221, 233, 234, 235, 236, 238, 239, 242, 245, 249, 255, 260, 263, 266, 267, 268, 269, 270, 273, 275, 277, 278, 279, 282, 284, 285, 286, 287, 288, 289, 291, 293, 298, 299, 300, 301, 304, 320, 321, 322, 323, 328, 329, 331, 332, 334, 335, 336, 337, 339, 340, 341, 342, 343, 344, 345, 346, 347, 348, 349, 350, 352, 353, 354, 355, 356, 357, 358, 359, 361, 362, 363, 364, 366, 367, 368, 369, 370, 371, 373, 375, 376, 378, 383, 384, 386, 388, 391, 394, 395, 396, 397, 398, 403, 404, 405, 406, 407, 408, 410, 413, 427, 428, 429, 430, 431, 432, 433, 434, 435, 436, 437, 439, 443, 444, 445, 446, 448, 451, 465, 469, 470, 490, 491, 511, 512, 532, 533, 555, 561, 569, 571, 572, 574, 578, 582, 585, 586, 588, 589, 590, 591, 594, 595, 598, 601, 625, 626, 629, 630, 635, 636, 642, 643, 644, 645, 646, 648, 649, 650, 652, 653, 654, 656, 671, 672, 673, 674, 679, 680, 681, 682, 685, 686, 687, 690, 692, 698, 702, 704, 705, 706, 708, 711, 716, 717, 719, 720, 721, 723, 725, 728, 731, 733, 735, 736, 772, 774, 775, 786, 789, 792, 796, 797, 798, 800, 801, 804, 806, 807, 810, 813, 816, 817, 818, 820, 821, 822, 825, 833, 841, 843, 845, 848, 851, 891, 896, 897, 898, 899, 902, 911, 919, 921, 922, 924, 926, 928, 930, 932, 934, 935, 936, 937, 938, 939, 940, 942, 943, 945, 947, 951], "excluded_lines": []}, "t5x/partitioning_test.py": {"executed_lines": [], "summary": {"covered_lines": 0, "num_statements": 124, "percent_covered": 0.0, "percent_covered_display": "0", "missing_lines": 124, "excluded_lines": 0}, "missing_lines": [15, 17, 19, 20, 21, 22, 23, 24, 25, 26, 27, 28, 29, 31, 33, 34, 35, 36, 37, 40, 42, 43, 44, 45, 46, 47, 49, 50, 51, 52, 53, 55, 56, 57, 58, 59, 61, 62, 63, 64, 65, 66, 68, 69, 70, 71, 72, 73, 76, 78, 79, 80, 82, 84, 85, 86, 87, 88, 90, 92, 93, 94, 109, 111, 112, 113, 114, 115, 116, 119, 120, 121, 122, 123, 126, 127, 128, 129, 130, 134, 135, 136, 137, 139, 140, 141, 143, 145, 146, 150, 152, 153, 156, 158, 159, 170, 190, 192, 196, 219, 220, 225, 226, 229, 230, 233, 235, 236, 241, 243, 244, 249, 251, 252, 257, 259, 260, 261, 263, 265, 267, 268, 271, 272], "excluded_lines": []}, "t5x/precompile.py": {"executed_lines": [], "summary": {"covered_lines": 0, "num_statements": 45, "percent_covered": 0.0, "percent_covered_display": "0", "missing_lines": 45, "excluded_lines": 0}, "missing_lines": [15, 28, 30, 32, 33, 34, 35, 36, 37, 38, 39, 41, 44, 52, 53, 57, 58, 59, 61, 62, 63, 65, 71, 73, 77, 81, 85, 86, 88, 91, 97, 98, 100, 101, 110, 119, 123, 124, 126, 127, 128, 129, 130, 131, 132], "excluded_lines": []}, "t5x/scripts/__init__.py": {"executed_lines": [], "summary": {"covered_lines": 0, "num_statements": 1, "percent_covered": 0.0, "percent_covered_display": "0", "missing_lines": 1, "excluded_lines": 0}, "missing_lines": [15], "excluded_lines": []}, "t5x/scripts/convert_tf_checkpoint.py": {"executed_lines": [], "summary": {"covered_lines": 0, "num_statements": 29, "percent_covered": 0.0, "percent_covered_display": "0", "missing_lines": 29, "excluded_lines": 0}, "missing_lines": [15, 32, 33, 34, 35, 36, 37, 40, 56, 57, 63, 66, 68, 70, 73, 77, 79, 80, 81, 84, 86, 88, 95, 98, 106, 108, 110, 113, 115], "excluded_lines": []}, "t5x/scripts/xm_launch.py": {"executed_lines": [], "summary": {"covered_lines": 0, "num_statements": 71, "percent_covered": 0.0, "percent_covered_display": "0", "missing_lines": 71, "excluded_lines": 0}, "missing_lines": [15, 27, 28, 29, 30, 31, 32, 34, 35, 36, 37, 38, 40, 45, 51, 56, 62, 67, 73, 79, 84, 89, 94, 99, 106, 107, 108, 109, 117, 118, 123, 124, 126, 127, 128, 129, 133, 134, 138, 139, 140, 141, 143, 144, 145, 146, 147, 148, 150, 152, 153, 154, 158, 192, 193, 194, 195, 196, 200, 203, 205, 206, 207, 208, 209, 210, 212, 213, 216, 217, 218], "excluded_lines": []}, "t5x/state_utils.py": {"executed_lines": [], "summary": {"covered_lines": 0, "num_statements": 70, "percent_covered": 0.0, "percent_covered_display": "0", "missing_lines": 70, "excluded_lines": 0}, "missing_lines": [15, 17, 18, 20, 21, 24, 37, 40, 52, 59, 61, 67, 79, 80, 82, 83, 84, 85, 87, 89, 92, 104, 105, 107, 108, 109, 110, 112, 114, 117, 150, 153, 155, 156, 157, 158, 159, 161, 162, 163, 164, 165, 167, 168, 169, 170, 173, 175, 176, 180, 181, 182, 183, 186, 187, 190, 194, 195, 196, 199, 200, 201, 202, 203, 205, 209, 210, 211, 212, 215], "excluded_lines": []}, "t5x/state_utils_test.py": {"executed_lines": [], "summary": {"covered_lines": 0, "num_statements": 50, "percent_covered": 0.0, "percent_covered_display": "0", "missing_lines": 50, "excluded_lines": 0}, "missing_lines": [15, 17, 19, 20, 21, 22, 25, 27, 42, 44, 45, 47, 66, 67, 68, 70, 71, 87, 89, 91, 94, 96, 97, 118, 120, 121, 133, 143, 144, 148, 167, 174, 175, 179, 199, 213, 214, 215, 221, 223, 277, 282, 283, 288, 290, 291, 293, 304, 317, 318], "excluded_lines": []}, "t5x/test_utils.py": {"executed_lines": [], "summary": {"covered_lines": 0, "num_statements": 97, "percent_covered": 0.0, "percent_covered_display": "0", "missing_lines": 97, "excluded_lines": 0}, "missing_lines": [15, 17, 18, 19, 20, 21, 22, 24, 25, 26, 27, 28, 29, 30, 31, 32, 36, 37, 38, 39, 40, 41, 44, 45, 46, 47, 48, 49, 52, 53, 54, 55, 56, 57, 58, 59, 63, 74, 76, 79, 86, 87, 88, 90, 91, 94, 95, 96, 104, 107, 109, 123, 124, 125, 126, 137, 140, 141, 143, 144, 145, 146, 147, 148, 149, 150, 153, 154, 155, 156, 157, 158, 159, 160, 163, 166, 167, 168, 169, 171, 172, 176, 213, 216, 217, 218, 224, 230, 232, 233, 234, 237, 239, 240, 243, 246, 247], "excluded_lines": []}, "t5x/train.py": {"executed_lines": [], "summary": {"covered_lines": 0, "num_statements": 267, "percent_covered": 0.0, "percent_covered_display": "0", "missing_lines": 267, "excluded_lines": 0}, "missing_lines": [15, 18, 19, 20, 21, 22, 23, 24, 25, 31, 33, 34, 35, 36, 37, 38, 39, 40, 41, 42, 43, 44, 45, 46, 47, 48, 49, 50, 53, 57, 60, 61, 63, 65, 67, 87, 88, 89, 90, 91, 92, 94, 96, 175, 176, 177, 178, 180, 181, 183, 189, 190, 191, 193, 194, 197, 198, 199, 201, 205, 206, 208, 210, 212, 218, 220, 226, 227, 228, 230, 231, 232, 234, 242, 244, 245, 246, 247, 250, 254, 256, 257, 260, 261, 263, 264, 265, 267, 271, 274, 282, 283, 287, 296, 297, 302, 303, 317, 318, 319, 324, 325, 326, 328, 330, 333, 334, 342, 344, 345, 346, 355, 363, 364, 365, 366, 370, 371, 376, 382, 392, 394, 395, 397, 404, 405, 407, 418, 419, 420, 422, 424, 425, 431, 437, 443, 444, 446, 447, 451, 453, 455, 457, 459, 465, 466, 467, 468, 472, 473, 477, 478, 482, 484, 485, 486, 487, 488, 501, 503, 504, 507, 514, 515, 516, 517, 518, 519, 520, 523, 524, 525, 531, 533, 535, 536, 540, 542, 543, 544, 546, 549, 550, 551, 554, 557, 558, 559, 562, 563, 565, 566, 568, 569, 570, 571, 572, 573, 574, 575, 578, 580, 582, 583, 585, 590, 594, 595, 596, 597, 598, 599, 601, 602, 604, 606, 609, 610, 611, 612, 614, 615, 618, 622, 624, 625, 628, 629, 632, 633, 634, 635, 636, 638, 641, 643, 644, 645, 646, 649, 651, 653, 660, 663, 671, 678, 682, 688, 693, 696, 700, 702, 704, 706, 707, 709, 710, 712, 716, 721, 724, 725, 727, 730, 732, 737, 739], "excluded_lines": []}, "t5x/train_state.py": {"executed_lines": [], "summary": {"covered_lines": 0, "num_statements": 138, "percent_covered": 0.0, "percent_covered_display": "0", "missing_lines": 138, "excluded_lines": 0}, "missing_lines": [15, 17, 19, 20, 21, 22, 23, 24, 25, 26, 28, 30, 31, 32, 33, 34, 37, 40, 41, 43, 45, 46, 48, 50, 51, 53, 55, 56, 58, 60, 62, 64, 66, 68, 69, 71, 72, 74, 79, 81, 83, 86, 87, 88, 91, 92, 96, 101, 102, 103, 104, 105, 106, 108, 109, 112, 114, 116, 118, 120, 122, 123, 125, 126, 127, 128, 130, 133, 138, 139, 140, 144, 145, 147, 148, 154, 155, 156, 158, 159, 160, 162, 163, 164, 166, 167, 168, 169, 170, 172, 176, 178, 180, 181, 183, 184, 185, 186, 188, 189, 190, 195, 196, 197, 201, 208, 211, 212, 213, 214, 215, 217, 218, 219, 220, 221, 222, 224, 227, 230, 237, 238, 240, 242, 243, 246, 247, 253, 254, 255, 257, 258, 260, 261, 263, 264, 270, 275], "excluded_lines": []}, "t5x/train_state_test.py": {"executed_lines": [], "summary": {"covered_lines": 0, "num_statements": 197, "percent_covered": 0.0, "percent_covered_display": "0", "missing_lines": 197, "excluded_lines": 0}, "missing_lines": [15, 16, 17, 18, 19, 20, 21, 22, 23, 24, 25, 26, 28, 29, 30, 33, 35, 36, 37, 38, 39, 40, 41, 42, 44, 45, 46, 48, 49, 52, 53, 62, 63, 65, 66, 67, 68, 70, 72, 74, 75, 89, 95, 97, 98, 99, 100, 105, 106, 108, 111, 112, 136, 142, 144, 145, 146, 147, 152, 154, 156, 158, 162, 163, 172, 176, 179, 180, 194, 196, 199, 200, 201, 202, 204, 205, 206, 208, 209, 210, 213, 214, 215, 216, 218, 219, 221, 222, 223, 225, 227, 228, 231, 233, 234, 239, 240, 254, 260, 262, 263, 264, 273, 274, 298, 304, 306, 307, 308, 318, 319, 333, 334, 336, 340, 342, 343, 352, 358, 360, 381, 382, 391, 397, 399, 419, 420, 421, 422, 424, 426, 433, 437, 439, 440, 441, 442, 443, 444, 446, 447, 448, 449, 451, 452, 467, 468, 469, 471, 473, 476, 477, 491, 493, 495, 496, 497, 499, 500, 501, 504, 505, 506, 508, 509, 511, 512, 526, 527, 528, 529, 538, 539, 548, 549, 562, 563, 571, 572, 581, 582, 586, 597, 599, 600, 602, 604, 607, 608, 610, 618, 620, 621, 622, 624, 627, 628], "excluded_lines": []}, "t5x/trainer.py": {"executed_lines": [], "summary": {"covered_lines": 0, "num_statements": 433, "percent_covered": 0.0, "percent_covered_display": "0", "missing_lines": 433, "excluded_lines": 0}, "missing_lines": [15, 21, 22, 23, 24, 25, 26, 28, 29, 30, 31, 32, 33, 34, 35, 36, 37, 38, 39, 40, 41, 42, 43, 44, 45, 46, 48, 50, 51, 52, 53, 54, 55, 56, 57, 58, 59, 60, 61, 63, 64, 66, 69, 70, 71, 76, 77, 78, 81, 83, 84, 87, 89, 90, 93, 95, 96, 99, 101, 105, 108, 111, 123, 126, 129, 132, 135, 138, 140, 143, 146, 150, 151, 153, 159, 160, 162, 168, 188, 189, 190, 191, 194, 198, 203, 205, 208, 214, 217, 218, 220, 221, 223, 224, 226, 229, 230, 231, 232, 234, 237, 238, 240, 242, 244, 246, 248, 249, 251, 252, 253, 254, 257, 269, 279, 280, 281, 286, 287, 288, 291, 294, 296, 297, 299, 300, 301, 303, 304, 306, 307, 308, 310, 311, 314, 316, 319, 320, 322, 325, 326, 327, 329, 331, 333, 352, 355, 357, 359, 361, 363, 366, 370, 371, 373, 374, 376, 377, 378, 380, 382, 384, 385, 386, 388, 391, 395, 403, 421, 422, 423, 424, 425, 426, 427, 430, 431, 433, 434, 438, 442, 447, 448, 450, 451, 453, 455, 456, 457, 459, 460, 462, 463, 464, 465, 467, 468, 469, 470, 472, 477, 479, 482, 483, 485, 487, 488, 489, 490, 491, 492, 493, 494, 495, 496, 498, 499, 500, 501, 502, 503, 504, 505, 507, 509, 511, 514, 527, 528, 530, 531, 534, 538, 539, 540, 541, 542, 544, 546, 548, 549, 550, 551, 552, 555, 556, 557, 559, 560, 564, 567, 568, 569, 570, 571, 572, 573, 574, 575, 576, 577, 579, 580, 581, 584, 586, 605, 606, 607, 608, 609, 611, 613, 614, 617, 618, 619, 621, 623, 624, 625, 627, 630, 657, 659, 666, 667, 669, 670, 671, 673, 677, 679, 680, 683, 685, 686, 687, 688, 689, 694, 695, 696, 698, 702, 703, 706, 709, 711, 717, 718, 721, 722, 725, 728, 729, 731, 734, 738, 740, 743, 744, 745, 748, 771, 772, 774, 777, 779, 781, 782, 785, 788, 791, 792, 795, 805, 808, 817, 820, 823, 828, 831, 834, 866, 867, 868, 870, 879, 880, 882, 883, 893, 900, 901, 902, 909, 910, 916, 917, 922, 923, 924, 927, 930, 931, 942, 945, 948, 956, 985, 986, 987, 988, 990, 991, 992, 994, 995, 996, 998, 999, 1001, 1002, 1003, 1004, 1005, 1006, 1008, 1010, 1011, 1014, 1015, 1016, 1017, 1019, 1020, 1022, 1024, 1025, 1027, 1028, 1030, 1033, 1034, 1036, 1039, 1044, 1046, 1047, 1050, 1057, 1064, 1065, 1067, 1069, 1070, 1073, 1074, 1075, 1076, 1078, 1079, 1081, 1083, 1084, 1086, 1087, 1089, 1090, 1091, 1094, 1096], "excluded_lines": []}, "t5x/trainer_test.py": {"executed_lines": [], "summary": {"covered_lines": 0, "num_statements": 407, "percent_covered": 0.0, "percent_covered_display": "0", "missing_lines": 407, "excluded_lines": 0}, "missing_lines": [15, 16, 17, 18, 20, 21, 22, 23, 24, 25, 26, 27, 28, 29, 30, 31, 32, 33, 34, 35, 36, 37, 38, 40, 41, 45, 46, 47, 50, 53, 54, 55, 56, 57, 58, 59, 61, 62, 63, 64, 65, 66, 67, 69, 71, 75, 77, 78, 79, 81, 83, 84, 85, 86, 88, 89, 90, 91, 93, 95, 96, 97, 98, 100, 101, 102, 103, 104, 106, 107, 110, 113, 114, 115, 116, 117, 118, 120, 121, 122, 123, 124, 126, 127, 129, 130, 132, 133, 134, 135, 136, 137, 138, 140, 141, 143, 144, 146, 147, 149, 155, 161, 166, 167, 168, 170, 172, 173, 178, 180, 181, 182, 185, 186, 189, 190, 191, 193, 194, 196, 197, 201, 202, 203, 204, 205, 208, 210, 212, 213, 215, 216, 217, 220, 226, 227, 228, 229, 230, 233, 234, 236, 238, 241, 242, 244, 246, 247, 250, 251, 253, 257, 259, 260, 271, 272, 274, 275, 276, 278, 281, 283, 284, 285, 296, 298, 299, 301, 302, 305, 316, 317, 318, 320, 321, 322, 323, 324, 326, 327, 331, 332, 335, 338, 339, 343, 345, 349, 353, 355, 359, 360, 364, 365, 366, 367, 368, 369, 371, 372, 373, 374, 380, 381, 383, 384, 386, 387, 388, 389, 391, 396, 398, 402, 406, 411, 414, 418, 421, 434, 435, 436, 437, 438, 439, 440, 443, 445, 446, 448, 449, 450, 452, 453, 455, 456, 458, 568, 570, 571, 572, 578, 579, 584, 586, 606, 607, 608, 614, 619, 621, 642, 643, 644, 645, 647, 652, 654, 674, 675, 676, 678, 683, 685, 686, 687, 688, 690, 695, 696, 698, 700, 701, 702, 703, 704, 706, 707, 708, 709, 715, 719, 735, 736, 738, 740, 742, 744, 746, 747, 749, 750, 751, 752, 756, 757, 758, 759, 763, 764, 765, 766, 770, 778, 779, 780, 781, 782, 783, 787, 788, 790, 791, 792, 793, 795, 796, 798, 799, 800, 801, 805, 806, 807, 808, 809, 811, 812, 813, 814, 815, 818, 819, 822, 824, 825, 836, 837, 839, 849, 851, 852, 853, 855, 857, 859, 860, 861, 863, 867, 868, 869, 870, 872, 874, 875, 876, 879, 883, 885, 887, 888, 890, 891, 895, 898, 900, 901, 903, 904, 907, 909, 910, 911, 922, 924, 925, 927, 928, 930, 933, 944, 945, 946, 948, 949, 950, 951, 952, 954, 958, 959, 960, 961, 962, 964, 967, 968, 971, 972, 974, 976, 977, 978, 979, 982, 983], "excluded_lines": []}, "t5x/utils.py": {"executed_lines": [15, 16, 17, 18, 19, 20, 21, 22, 23, 24, 25, 26, 27, 29, 31, 32, 33, 34, 35, 36, 37, 38, 39, 40, 41], "summary": {"covered_lines": 25, "num_statements": 545, "percent_covered": 4.587155963302752, "percent_covered_display": "5", "missing_lines": 520, "excluded_lines": 0}, "missing_lines": [42, 43, 44, 45, 46, 47, 48, 49, 50, 52, 53, 54, 55, 56, 57, 58, 59, 61, 62, 63, 64, 65, 68, 71, 79, 118, 124, 125, 128, 130, 132, 135, 137, 139, 141, 144, 146, 147, 148, 153, 154, 157, 162, 168, 170, 173, 175, 177, 179, 182, 185, 187, 188, 189, 192, 193, 196, 198, 201, 205, 206, 208, 209, 212, 219, 224, 225, 226, 228, 229, 231, 232, 234, 251, 252, 254, 255, 257, 260, 287, 288, 289, 290, 292, 293, 295, 297, 304, 311, 321, 322, 323, 324, 334, 336, 337, 345, 347, 348, 350, 355, 366, 371, 394, 395, 397, 398, 399, 401, 408, 409, 410, 413, 414, 416, 417, 418, 419, 420, 421, 423, 424, 426, 429, 431, 432, 434, 437, 441, 443, 444, 445, 449, 451, 453, 454, 456, 463, 466, 469, 470, 471, 472, 474, 475, 478, 479, 481, 482, 483, 485, 486, 488, 489, 495, 503, 504, 505, 506, 510, 513, 514, 517, 519, 524, 526, 527, 535, 538, 541, 543, 544, 548, 551, 554, 558, 561, 563, 564, 567, 568, 606, 608, 610, 611, 612, 613, 614, 615, 616, 617, 618, 620, 621, 622, 623, 624, 625, 626, 627, 628, 630, 633, 634, 635, 637, 640, 657, 658, 660, 661, 662, 663, 664, 665, 669, 671, 672, 674, 678, 679, 681, 682, 683, 684, 685, 687, 688, 691, 695, 696, 697, 698, 699, 701, 702, 704, 706, 707, 710, 730, 752, 753, 755, 756, 758, 760, 761, 764, 766, 768, 771, 775, 777, 779, 782, 784, 790, 794, 797, 823, 824, 832, 833, 834, 836, 837, 839, 843, 846, 848, 853, 854, 855, 857, 865, 867, 868, 871, 873, 880, 889, 894, 895, 897, 898, 901, 903, 907, 909, 910, 912, 913, 917, 921, 922, 923, 924, 925, 926, 927, 929, 932, 936, 941, 945, 947, 958, 960, 965, 968, 970, 973, 976, 980, 981, 984, 986, 993, 996, 1007, 1008, 1009, 1010, 1013, 1049, 1055, 1056, 1058, 1065, 1066, 1067, 1069, 1071, 1074, 1075, 1078, 1079, 1080, 1081, 1082, 1083, 1084, 1088, 1090, 1091, 1092, 1096, 1098, 1101, 1103, 1107, 1112, 1113, 1114, 1115, 1116, 1117, 1119, 1124, 1128, 1129, 1130, 1131, 1133, 1134, 1136, 1137, 1138, 1139, 1141, 1143, 1144, 1146, 1147, 1148, 1150, 1151, 1154, 1155, 1157, 1158, 1164, 1165, 1178, 1179, 1181, 1187, 1188, 1190, 1191, 1193, 1194, 1199, 1200, 1202, 1203, 1205, 1213, 1215, 1216, 1217, 1218, 1219, 1221, 1225, 1228, 1243, 1244, 1248, 1250, 1251, 1253, 1254, 1259, 1265, 1266, 1269, 1270, 1273, 1274, 1275, 1276, 1278, 1283, 1290, 1291, 1294, 1296, 1297, 1299, 1300, 1304, 1306, 1308, 1310, 1312, 1316, 1322, 1323, 1324, 1328, 1332, 1334, 1345, 1348, 1349, 1350, 1353, 1356, 1365, 1368, 1377, 1378, 1380, 1381, 1385, 1388, 1389, 1390, 1394, 1395, 1396, 1398, 1399, 1400, 1404, 1413, 1414, 1423, 1426, 1429, 1430, 1433, 1435, 1438, 1441, 1442, 1444, 1445, 1446, 1447, 1448, 1450, 1451, 1453, 1454, 1457, 1474, 1476, 1477, 1480, 1481, 1482, 1484, 1485, 1486, 1487, 1488, 1490, 1492, 1494, 1495, 1497, 1498, 1501, 1502, 1505, 1508, 1510, 1515, 1517, 1518, 1519, 1520, 1521, 1522, 1523, 1524, 1526], "excluded_lines": []}, "t5x/utils_test.py": {"executed_lines": [], "summary": {"covered_lines": 0, "num_statements": 186, "percent_covered": 0.0, "percent_covered_display": "0", "missing_lines": 186, "excluded_lines": 0}, "missing_lines": [15, 17, 18, 19, 20, 22, 23, 24, 25, 26, 27, 28, 29, 30, 31, 32, 33, 34, 35, 37, 38, 39, 40, 43, 45, 48, 50, 51, 52, 54, 64, 66, 67, 68, 69, 70, 71, 74, 75, 84, 85, 90, 96, 102, 106, 107, 109, 129, 150, 171, 175, 176, 179, 184, 185, 188, 192, 193, 205, 206, 207, 208, 209, 211, 213, 215, 224, 232, 240, 241, 248, 249, 259, 267, 268, 275, 276, 286, 294, 295, 302, 305, 313, 315, 316, 317, 318, 319, 320, 321, 322, 323, 325, 327, 331, 339, 347, 373, 375, 377, 378, 384, 385, 405, 409, 412, 416, 419, 428, 452, 453, 454, 455, 458, 460, 461, 465, 466, 469, 471, 472, 474, 475, 476, 477, 479, 480, 482, 484, 489, 495, 496, 497, 506, 507, 508, 510, 513, 514, 515, 516, 517, 518, 519, 521, 523, 525, 526, 527, 528, 530, 532, 536, 537, 538, 539, 540, 542, 544, 548, 549, 550, 551, 552, 556, 558, 560, 562, 566, 567, 571, 572, 574, 575, 578, 579, 583, 584, 589, 592, 594, 595, 598, 600, 603, 604], "excluded_lines": []}, "t5x/version.py": {"executed_lines": [], "summary": {"covered_lines": 0, "num_statements": 2, "percent_covered": 0.0, "percent_covered_display": "0", "missing_lines": 2, "excluded_lines": 0}, "missing_lines": [15, 20], "excluded_lines": []}, "tpu_install.py": {"executed_lines": [], "summary": {"covered_lines": 0, "num_statements": 25, "percent_covered": 0.0, "percent_covered_display": "0", "missing_lines": 25, "excluded_lines": 0}, "missing_lines": [1, 2, 3, 4, 6, 8, 9, 10, 11, 12, 14, 15, 17, 18, 20, 22, 25, 26, 28, 29, 30, 32, 34, 35, 36], "excluded_lines": []}, "tpu_run.py": {"executed_lines": [], "summary": {"covered_lines": 0, "num_statements": 167, "percent_covered": 0.0, "percent_covered_display": "0", "missing_lines": 167, "excluded_lines": 0}, "missing_lines": [1, 2, 3, 4, 5, 6, 7, 9, 10, 12, 14, 16, 17, 20, 21, 22, 25, 26, 27, 31, 32, 36, 37, 38, 39, 40, 41, 42, 43, 45, 46, 48, 50, 51, 53, 55, 60, 61, 64, 65, 67, 68, 69, 71, 72, 73, 74, 75, 76, 77, 78, 80, 87, 88, 90, 94, 95, 97, 98, 99, 101, 102, 104, 105, 107, 109, 110, 112, 113, 114, 115, 116, 117, 118, 120, 121, 122, 124, 125, 126, 127, 129, 130, 131, 132, 137, 138, 140, 141, 143, 144, 147, 154, 155, 156, 157, 159, 160, 161, 162, 164, 165, 166, 167, 170, 171, 174, 176, 177, 179, 180, 182, 183, 184, 185, 186, 188, 189, 190, 192, 193, 194, 195, 197, 198, 199, 201, 202, 203, 205, 206, 207, 208, 210, 211, 212, 214, 215, 216, 218, 219, 222, 223, 224, 225, 226, 227, 229, 231, 233, 236, 237, 239, 240, 241, 243, 245, 246, 247, 250, 251, 252, 253, 255, 256, 259, 260], "excluded_lines": []}}, "totals": {"covered_lines": 67, "num_statements": 19321, "percent_covered": 0.3467729413591429, "percent_covered_display": "1", "missing_lines": 19254, "excluded_lines": 0}}