{"meta": {"format": 2, "version": "7.4.4", "timestamp": "2024-04-28T17:50:09.967708", "branch_coverage": false, "show_contexts": false}, "files": {"guidance/__init__.py": {"executed_lines": [1, 3, 4, 6, 7, 9, 17, 18, 22, 23, 31, 34], "summary": {"covered_lines": 12, "num_statements": 13, "percent_covered": 92.3076923076923, "percent_covered_display": "92", "missing_lines": 1, "excluded_lines": 0}, "missing_lines": [26], "excluded_lines": []}, "guidance/_cpp/__init__.py": {"executed_lines": [], "summary": {"covered_lines": 0, "num_statements": 1, "percent_covered": 0.0, "percent_covered_display": "0", "missing_lines": 1, "excluded_lines": 0}, "missing_lines": [1], "excluded_lines": []}, "guidance/_cpp/byte_trie.py": {"executed_lines": [], "summary": {"covered_lines": 0, "num_statements": 44, "percent_covered": 0.0, "percent_covered_display": "0", "missing_lines": 44, "excluded_lines": 0}, "missing_lines": [1, 4, 5, 6, 7, 8, 9, 10, 11, 13, 14, 15, 16, 18, 19, 21, 22, 24, 25, 27, 28, 30, 31, 33, 34, 36, 37, 39, 40, 41, 42, 44, 45, 46, 47, 49, 50, 52, 53, 55, 56, 57, 58, 59], "excluded_lines": []}, "guidance/_grammar.py": {"executed_lines": [1, 2, 4, 6, 7, 9, 12, 13, 14, 15, 19, 20, 26, 29, 30, 37, 41, 52, 55, 56, 60, 61, 63, 68, 71, 90, 106, 107, 112, 115, 118, 121, 124, 134, 135, 137, 154, 171, 174, 198, 199, 217, 225, 234, 241, 262, 263, 293, 294, 297, 298, 302, 303, 305, 314, 315, 318, 321, 324, 327, 330, 333, 334, 337, 346, 347, 356, 357, 359, 368, 371, 372, 375, 376, 379, 380, 383, 386, 393, 396, 399, 408, 409, 418, 419, 421, 423, 424, 425, 426, 427, 429, 440, 446, 447, 453, 455, 462, 470, 471, 479, 524, 603, 609, 627, 646, 654, 655, 657, 661, 662, 672, 686, 704, 716, 717, 730, 731, 742, 753, 754, 757, 758, 763, 780, 794, 795, 809, 810, 811, 816, 817, 824, 889, 900, 911, 916, 932, 942, 965, 969, 973, 977, 986], "summary": {"covered_lines": 141, "num_statements": 555, "percent_covered": 25.405405405405407, "percent_covered_display": "25", "missing_lines": 414, "excluded_lines": 0}, "missing_lines": [38, 39, 45, 46, 47, 50, 53, 57, 64, 65, 66, 69, 74, 75, 77, 78, 79, 80, 83, 84, 86, 88, 93, 94, 96, 97, 98, 100, 101, 103, 108, 109, 110, 113, 116, 119, 122, 125, 140, 141, 142, 144, 147, 148, 152, 157, 158, 159, 161, 164, 165, 169, 172, 180, 181, 182, 184, 185, 186, 187, 188, 189, 191, 193, 194, 196, 200, 202, 205, 206, 207, 208, 209, 210, 211, 213, 215, 218, 219, 220, 221, 222, 223, 226, 227, 228, 229, 230, 231, 232, 235, 236, 237, 238, 239, 242, 243, 244, 245, 246, 247, 248, 249, 250, 251, 252, 253, 254, 256, 257, 258, 259, 260, 264, 265, 268, 269, 270, 271, 272, 273, 274, 275, 276, 277, 278, 279, 281, 282, 285, 286, 287, 288, 290, 295, 299, 306, 307, 308, 309, 310, 311, 312, 316, 319, 322, 325, 328, 331, 335, 338, 339, 340, 341, 342, 343, 344, 348, 349, 350, 351, 352, 353, 360, 361, 362, 363, 364, 365, 366, 369, 373, 377, 381, 384, 387, 394, 397, 400, 401, 402, 403, 404, 405, 406, 410, 411, 412, 413, 414, 415, 431, 432, 433, 434, 438, 441, 456, 457, 458, 459, 460, 463, 464, 465, 466, 467, 468, 472, 473, 474, 475, 476, 481, 482, 484, 485, 488, 489, 490, 493, 494, 497, 498, 499, 501, 526, 527, 530, 532, 533, 536, 537, 540, 541, 544, 545, 546, 547, 548, 551, 552, 553, 556, 558, 559, 560, 561, 562, 565, 568, 571, 573, 605, 606, 613, 614, 617, 618, 621, 622, 624, 634, 635, 636, 637, 640, 641, 642, 643, 647, 648, 649, 650, 651, 658, 675, 678, 679, 680, 681, 682, 683, 684, 687, 688, 689, 690, 698, 699, 700, 701, 702, 705, 706, 707, 708, 709, 710, 711, 712, 713, 714, 718, 723, 724, 725, 726, 727, 745, 746, 747, 748, 749, 750, 751, 755, 759, 760, 761, 764, 765, 766, 767, 774, 775, 776, 777, 778, 781, 782, 783, 784, 785, 786, 787, 788, 789, 790, 792, 796, 801, 802, 803, 804, 805, 806, 812, 813, 815, 818, 819, 821, 858, 859, 860, 863, 866, 867, 870, 871, 873, 874, 875, 878, 880, 881, 883, 884, 886, 890, 903, 904, 907, 908, 912, 913, 917, 918, 921, 922, 925, 926, 927, 928, 929, 938, 939, 945, 946, 947, 950, 953, 954, 957, 958, 966, 970, 974, 987, 988, 991, 992, 996, 998, 1001, 1002, 1003, 1004, 1006, 1014, 1015, 1016, 1017], "excluded_lines": []}, "guidance/_guidance.py": {"executed_lines": [1, 2, 4, 5, 6, 9, 10, 13, 16, 19, 20, 28, 29, 32, 35, 36, 73, 74, 75, 76, 82], "summary": {"covered_lines": 21, "num_statements": 37, "percent_covered": 56.75675675675676, "percent_covered_display": "57", "missing_lines": 16, "excluded_lines": 0}, "missing_lines": [33, 39, 44, 45, 46, 52, 53, 54, 57, 58, 59, 62, 63, 64, 66, 70], "excluded_lines": []}, "guidance/_parser.py": {"executed_lines": [1, 2, 3, 4, 7, 8, 14, 15, 25, 34, 44, 47, 70, 71, 73, 76, 77, 92, 93, 96, 97, 120, 130, 150, 258, 270, 279, 284, 307, 316, 382, 396, 406, 429, 466, 485, 502, 516, 532, 592, 613], "summary": {"covered_lines": 40, "num_statements": 365, "percent_covered": 10.95890410958904, "percent_covered_display": "11", "missing_lines": 325, "excluded_lines": 0}, "missing_lines": [9, 10, 11, 26, 27, 28, 29, 30, 31, 32, 35, 45, 48, 49, 50, 51, 52, 53, 54, 55, 56, 57, 58, 59, 60, 61, 62, 63, 64, 66, 67, 80, 81, 83, 84, 85, 86, 87, 88, 89, 90, 94, 100, 101, 102, 103, 108, 109, 110, 113, 114, 115, 116, 117, 118, 121, 122, 123, 125, 126, 131, 132, 135, 137, 138, 141, 143, 144, 145, 148, 151, 152, 153, 154, 157, 158, 159, 160, 163, 168, 169, 173, 174, 179, 181, 182, 185, 188, 191, 192, 193, 201, 214, 220, 221, 222, 223, 224, 227, 240, 245, 246, 254, 255, 256, 263, 264, 265, 266, 267, 268, 272, 273, 274, 275, 276, 277, 280, 281, 282, 291, 292, 293, 294, 295, 298, 305, 314, 320, 321, 324, 325, 328, 331, 332, 333, 334, 335, 336, 337, 338, 339, 340, 341, 342, 343, 344, 346, 347, 348, 349, 350, 351, 352, 353, 354, 355, 356, 357, 361, 362, 365, 366, 367, 370, 371, 372, 377, 378, 380, 384, 385, 386, 387, 388, 389, 390, 391, 392, 393, 394, 398, 399, 400, 401, 402, 403, 404, 409, 412, 413, 417, 418, 419, 420, 421, 422, 424, 427, 430, 431, 432, 434, 435, 436, 437, 438, 439, 440, 441, 442, 443, 444, 445, 446, 447, 448, 449, 450, 451, 452, 453, 454, 455, 456, 458, 459, 460, 462, 463, 464, 467, 468, 469, 472, 483, 486, 487, 490, 491, 496, 497, 498, 499, 500, 503, 504, 505, 506, 507, 508, 510, 511, 513, 514, 517, 519, 520, 521, 522, 523, 524, 525, 529, 530, 533, 534, 535, 539, 540, 542, 545, 546, 547, 551, 554, 555, 556, 558, 559, 561, 567, 568, 575, 576, 577, 578, 579, 580, 581, 585, 588, 590, 593, 595, 596, 599, 602, 603, 604, 605, 606, 608, 609, 616, 617, 620, 623, 624, 629, 632, 633, 634, 635, 637, 641, 642, 645, 648, 649, 652, 653, 656, 659, 661], "excluded_lines": []}, "guidance/_rust/__init__.py": {"executed_lines": [1], "summary": {"covered_lines": 0, "num_statements": 0, "percent_covered": 100.0, "percent_covered_display": "100", "missing_lines": 0, "excluded_lines": 0}, "missing_lines": [], "excluded_lines": []}, "guidance/_serialization_pb2.py": {"executed_lines": [5, 6, 7, 8, 9, 13, 16, 20, 21, 22, 23], "summary": {"covered_lines": 11, "num_statements": 38, "percent_covered": 28.94736842105263, "percent_covered_display": "29", "missing_lines": 27, "excluded_lines": 0}, "missing_lines": [24, 25, 26, 27, 28, 31, 32, 33, 34, 35, 36, 37, 38, 39, 40, 41, 42, 43, 44, 45, 46, 47, 48, 49, 50, 51, 52], "excluded_lines": []}, "guidance/_server.py": {"executed_lines": [1, 2, 4, 6, 7, 9, 10, 11, 16, 17, 20, 21, 25, 31, 33, 79, 89], "summary": {"covered_lines": 17, "num_statements": 49, "percent_covered": 34.69387755102041, "percent_covered_display": "35", "missing_lines": 32, "excluded_lines": 0}, "missing_lines": [12, 13, 14, 36, 37, 38, 39, 40, 41, 42, 43, 44, 45, 46, 47, 48, 50, 60, 61, 65, 66, 70, 74, 80, 81, 82, 83, 84, 86, 87, 91, 93], "excluded_lines": []}, "guidance/_utils.py": {"executed_lines": [1, 2, 3, 4, 5, 6, 7, 8, 10, 13, 14, 15, 16, 17, 18, 21, 29, 30, 31, 32, 33, 36, 37, 38, 39, 40, 47, 48, 49, 55, 56, 58, 61, 62, 67, 86, 93, 95, 96, 99, 104, 120, 121, 122, 123, 124, 125, 127, 128, 131, 132, 133, 136, 143, 144, 147, 148, 153, 156, 160, 164, 165, 204, 209, 212, 215, 237, 243, 259], "summary": {"covered_lines": 67, "num_statements": 139, "percent_covered": 48.201438848920866, "percent_covered_display": "48", "missing_lines": 72, "excluded_lines": 0}, "missing_lines": [53, 54, 68, 69, 70, 74, 75, 77, 78, 79, 83, 84, 87, 88, 89, 90, 105, 110, 154, 157, 158, 161, 168, 170, 172, 173, 174, 175, 176, 177, 178, 179, 180, 183, 185, 186, 187, 188, 189, 190, 192, 196, 198, 199, 202, 205, 206, 207, 210, 213, 216, 218, 219, 220, 221, 223, 238, 240, 245, 246, 247, 248, 249, 250, 251, 253, 254, 255, 256, 261, 262, 263], "excluded_lines": []}, "guidance/library/__init__.py": {"executed_lines": [2, 3, 6, 7, 8, 9, 10, 11, 12, 15, 16, 17, 18, 19, 20, 25, 26, 27, 28, 29, 30, 31, 32, 33, 34, 35, 37], "summary": {"covered_lines": 27, "num_statements": 27, "percent_covered": 100.0, "percent_covered_display": "100", "missing_lines": 0, "excluded_lines": 0}, "missing_lines": [], "excluded_lines": []}, "guidance/library/_any_char.py": {"executed_lines": [1, 2, 5, 6], "summary": {"covered_lines": 4, "num_statements": 5, "percent_covered": 80.0, "percent_covered_display": "80", "missing_lines": 1, "excluded_lines": 0}, "missing_lines": [8], "excluded_lines": []}, "guidance/library/_any_char_but.py": {"executed_lines": [1, 2, 5, 6], "summary": {"covered_lines": 4, "num_statements": 18, "percent_covered": 22.22222222222222, "percent_covered_display": "22", "missing_lines": 14, "excluded_lines": 0}, "missing_lines": [9, 10, 11, 12, 13, 14, 15, 16, 17, 18, 19, 20, 21, 22], "excluded_lines": []}, "guidance/library/_block.py": {"executed_lines": [1, 4, 5, 10, 13, 17], "summary": {"covered_lines": 6, "num_statements": 12, "percent_covered": 50.0, "percent_covered_display": "50", "missing_lines": 6, "excluded_lines": 0}, "missing_lines": [6, 7, 8, 11, 14, 18], "excluded_lines": []}, "guidance/library/_char_range.py": {"executed_lines": [1, 4], "summary": {"covered_lines": 2, "num_statements": 7, "percent_covered": 28.571428571428573, "percent_covered_display": "29", "missing_lines": 5, "excluded_lines": 0}, "missing_lines": [5, 6, 7, 8, 9], "excluded_lines": []}, "guidance/library/_char_set.py": {"executed_lines": [1, 2, 5], "summary": {"covered_lines": 3, "num_statements": 15, "percent_covered": 20.0, "percent_covered_display": "20", "missing_lines": 12, "excluded_lines": 0}, "missing_lines": [6, 7, 8, 9, 10, 11, 12, 13, 14, 16, 17, 18], "excluded_lines": []}, "guidance/library/_format.py": {"executed_lines": [1, 4], "summary": {"covered_lines": 2, "num_statements": 3, "percent_covered": 66.66666666666667, "percent_covered_display": "67", "missing_lines": 1, "excluded_lines": 0}, "missing_lines": [5], "excluded_lines": []}, "guidance/library/_gen.py": {"executed_lines": [1, 2, 3, 4, 5, 6, 7, 8, 9, 10, 11, 12, 13, 15, 20, 21, 202, 235, 241, 242, 246, 247, 251, 252, 279, 280], "summary": {"covered_lines": 26, "num_statements": 111, "percent_covered": 23.423423423423422, "percent_covered_display": "23", "missing_lines": 85, "excluded_lines": 0}, "missing_lines": [96, 99, 101, 110, 111, 121, 122, 123, 124, 125, 126, 127, 129, 130, 131, 132, 133, 140, 141, 143, 145, 148, 149, 152, 155, 156, 158, 159, 160, 161, 162, 163, 166, 167, 168, 169, 170, 171, 181, 182, 185, 186, 187, 188, 189, 190, 191, 192, 193, 194, 195, 196, 198, 199, 203, 230, 231, 232, 236, 237, 238, 243, 248, 254, 255, 256, 257, 258, 259, 260, 261, 262, 263, 264, 265, 266, 267, 268, 269, 270, 273, 274, 275, 276, 281], "excluded_lines": []}, "guidance/library/_image.py": {"executed_lines": [1, 2, 3, 4, 5, 8, 9], "summary": {"covered_lines": 7, "num_statements": 21, "percent_covered": 33.333333333333336, "percent_covered_display": "33", "missing_lines": 14, "excluded_lines": 0}, "missing_lines": [13, 14, 15, 16, 19, 20, 21, 24, 25, 28, 30, 33, 34, 35], "excluded_lines": []}, "guidance/library/_json.py": {"executed_lines": [1, 2, 14, 15, 16, 21, 22, 24, 25, 28, 37, 38, 43, 44, 52, 53, 69, 70, 97, 98, 119, 120, 134, 135, 213, 214, 226, 227, 235, 236, 289, 290, 353, 373, 374], "summary": {"covered_lines": 35, "num_statements": 163, "percent_covered": 21.47239263803681, "percent_covered_display": "21", "missing_lines": 128, "excluded_lines": 0}, "missing_lines": [17, 18, 19, 34, 39, 40, 45, 46, 47, 49, 54, 66, 77, 78, 79, 80, 81, 87, 88, 93, 94, 104, 105, 106, 108, 109, 113, 114, 115, 116, 126, 131, 144, 145, 147, 148, 153, 154, 158, 159, 162, 165, 166, 167, 168, 169, 171, 172, 174, 176, 177, 179, 181, 183, 184, 186, 188, 189, 190, 191, 192, 194, 198, 199, 200, 201, 202, 204, 205, 207, 209, 210, 220, 223, 229, 230, 231, 232, 241, 242, 243, 247, 248, 249, 253, 254, 255, 257, 258, 259, 260, 261, 262, 263, 264, 265, 266, 267, 268, 269, 270, 271, 278, 279, 284, 286, 338, 341, 343, 345, 346, 347, 348, 350, 356, 358, 361, 362, 363, 365, 367, 370, 380, 381, 382, 386, 387, 388], "excluded_lines": []}, "guidance/library/_one_or_more.py": {"executed_lines": [1, 2, 5, 6], "summary": {"covered_lines": 4, "num_statements": 5, "percent_covered": 80.0, "percent_covered_display": "80", "missing_lines": 1, "excluded_lines": 0}, "missing_lines": [7], "excluded_lines": []}, "guidance/library/_optional.py": {"executed_lines": [1, 2, 5, 6], "summary": {"covered_lines": 4, "num_statements": 5, "percent_covered": 80.0, "percent_covered_display": "80", "missing_lines": 1, "excluded_lines": 0}, "missing_lines": [7], "excluded_lines": []}, "guidance/library/_prefix_tree.py": {"executed_lines": [1, 2, 5, 6], "summary": {"covered_lines": 4, "num_statements": 16, "percent_covered": 25.0, "percent_covered_display": "25", "missing_lines": 12, "excluded_lines": 0}, "missing_lines": [8, 9, 12, 13, 14, 15, 16, 17, 20, 21, 24, 29], "excluded_lines": []}, "guidance/library/_pydantic.py": {"executed_lines": [1, 2, 4, 7, 8, 18, 28], "summary": {"covered_lines": 6, "num_statements": 16, "percent_covered": 37.5, "percent_covered_display": "38", "missing_lines": 10, "excluded_lines": 0}, "missing_lines": [19, 20, 21, 22, 25, 31, 32, 33, 34, 35], "excluded_lines": []}, "guidance/library/_regex.py": {"executed_lines": [1, 2, 3, 4, 5, 6, 7, 10, 11, 23, 24, 29, 38, 72, 80], "summary": {"covered_lines": 15, "num_statements": 81, "percent_covered": 18.51851851851852, "percent_covered_display": "19", "missing_lines": 66, "excluded_lines": 0}, "missing_lines": [13, 14, 16, 17, 18, 19, 25, 26, 27, 31, 32, 33, 34, 40, 41, 42, 43, 45, 46, 47, 48, 50, 51, 52, 53, 56, 57, 62, 63, 64, 65, 66, 67, 68, 69, 74, 75, 76, 77, 84, 85, 86, 87, 88, 89, 90, 91, 92, 93, 94, 95, 99, 101, 102, 103, 104, 105, 106, 107, 108, 110, 111, 112, 114, 121, 123], "excluded_lines": []}, "guidance/library/_role.py": {"executed_lines": [1, 2, 3, 5, 6, 7, 8, 11, 12, 40, 41, 64, 75, 87, 99, 112, 116, 120], "summary": {"covered_lines": 18, "num_statements": 51, "percent_covered": 35.294117647058826, "percent_covered_display": "35", "missing_lines": 33, "excluded_lines": 0}, "missing_lines": [13, 14, 15, 20, 21, 24, 25, 27, 29, 32, 33, 35, 37, 42, 44, 45, 47, 49, 52, 53, 55, 58, 59, 61, 65, 66, 71, 84, 96, 109, 113, 117, 121], "excluded_lines": []}, "guidance/library/_set_attribute.py": {"executed_lines": [1, 2, 5, 6, 12, 13, 20], "summary": {"covered_lines": 7, "num_statements": 14, "percent_covered": 50.0, "percent_covered_display": "50", "missing_lines": 7, "excluded_lines": 0}, "missing_lines": [7, 8, 9, 14, 15, 17, 21], "excluded_lines": []}, "guidance/library/_set_var.py": {"executed_lines": [1, 2, 5, 6, 12, 13, 20], "summary": {"covered_lines": 7, "num_statements": 14, "percent_covered": 50.0, "percent_covered_display": "50", "missing_lines": 7, "excluded_lines": 0}, "missing_lines": [7, 8, 9, 14, 15, 17, 21], "excluded_lines": []}, "guidance/library/_silent.py": {"executed_lines": [1, 4], "summary": {"covered_lines": 2, "num_statements": 5, "percent_covered": 40.0, "percent_covered_display": "40", "missing_lines": 3, "excluded_lines": 0}, "missing_lines": [5, 6, 7], "excluded_lines": []}, "guidance/library/_substring.py": {"executed_lines": [1, 3, 6, 7, 18, 19, 28, 29, 35, 36, 43, 59, 60, 63, 95, 96], "summary": {"covered_lines": 15, "num_statements": 75, "percent_covered": 20.0, "percent_covered_display": "20", "missing_lines": 60, "excluded_lines": 0}, "missing_lines": [20, 21, 22, 23, 24, 25, 30, 31, 32, 46, 49, 50, 51, 52, 53, 56, 57, 61, 64, 65, 66, 68, 69, 70, 71, 73, 74, 76, 77, 78, 80, 81, 82, 83, 84, 86, 87, 88, 90, 92, 97, 98, 99, 102, 103, 105, 108, 109, 110, 113, 114, 117, 118, 121, 126, 127, 130, 131, 136, 138], "excluded_lines": []}, "guidance/library/_tool.py": {"executed_lines": [1, 2, 3, 4, 5, 6, 7, 10, 11, 29, 33, 37, 41, 52], "summary": {"covered_lines": 14, "num_statements": 40, "percent_covered": 35.0, "percent_covered_display": "35", "missing_lines": 26, "excluded_lines": 0}, "missing_lines": [16, 17, 19, 20, 23, 24, 25, 26, 30, 34, 38, 42, 43, 48, 49, 65, 66, 68, 69, 70, 71, 72, 73, 74, 75, 77], "excluded_lines": []}, "guidance/library/_zero_or_more.py": {"executed_lines": [1, 2, 5, 6], "summary": {"covered_lines": 4, "num_statements": 5, "percent_covered": 80.0, "percent_covered_display": "80", "missing_lines": 1, "excluded_lines": 0}, "missing_lines": [7], "excluded_lines": []}, "guidance/models/__init__.py": {"executed_lines": [1, 4, 5, 6, 9, 10, 16, 22, 23, 24, 25, 26, 27], "summary": {"covered_lines": 13, "num_statements": 13, "percent_covered": 100.0, "percent_covered_display": "100", "missing_lines": 0, "excluded_lines": 0}, "missing_lines": [], "excluded_lines": []}, "guidance/models/_anthropic.py": {"executed_lines": [1, 2, 4, 5, 8, 9, 53, 75, 76, 83, 132, 133, 141], "summary": {"covered_lines": 12, "num_statements": 52, "percent_covered": 23.076923076923077, "percent_covered_display": "23", "missing_lines": 40, "excluded_lines": 0}, "missing_lines": [19, 20, 21, 22, 27, 28, 32, 33, 35, 36, 40, 42, 45, 46, 47, 48, 49, 51, 56, 58, 59, 66, 67, 69, 70, 72, 97, 98, 101, 104, 105, 116, 118, 134, 135, 136, 137, 138, 139, 142], "excluded_lines": []}, "guidance/models/_azure_openai.py": {"executed_lines": [1, 2, 4, 5, 7, 9, 10, 11, 18, 19, 21, 26, 27, 37, 144, 145, 148, 149, 152, 153, 156], "summary": {"covered_lines": 20, "num_statements": 50, "percent_covered": 40.0, "percent_covered_display": "40", "missing_lines": 30, "excluded_lines": 0}, "missing_lines": [22, 23, 67, 68, 73, 74, 76, 80, 82, 84, 85, 86, 87, 90, 91, 103, 105, 106, 107, 108, 113, 118, 120, 121, 123, 138, 154, 157, 158, 160], "excluded_lines": []}, "guidance/models/_cohere.py": {"executed_lines": [1, 4, 5, 41, 42, 45, 46], "summary": {"covered_lines": 7, "num_statements": 17, "percent_covered": 41.1764705882353, "percent_covered_display": "41", "missing_lines": 10, "excluded_lines": 0}, "missing_lines": [15, 16, 17, 18, 23, 24, 25, 26, 27, 31], "excluded_lines": []}, "guidance/models/_googleai.py": {"executed_lines": [1, 2, 3, 4, 5, 7, 10, 11, 47, 48, 108, 109, 184, 191, 235, 236], "summary": {"covered_lines": 16, "num_statements": 94, "percent_covered": 17.02127659574468, "percent_covered_display": "17", "missing_lines": 78, "excluded_lines": 0}, "missing_lines": [21, 22, 23, 24, 28, 32, 33, 35, 38, 39, 40, 42, 44, 62, 63, 66, 77, 78, 89, 92, 94, 112, 113, 114, 115, 116, 120, 121, 122, 123, 124, 125, 128, 129, 130, 133, 134, 135, 136, 137, 138, 144, 145, 146, 147, 148, 149, 150, 151, 157, 159, 163, 165, 166, 169, 174, 185, 188, 189, 192, 195, 196, 197, 198, 199, 202, 203, 206, 208, 215, 216, 220, 224, 225, 226, 227, 231, 232], "excluded_lines": []}, "guidance/models/_grammarless.py": {"executed_lines": [1, 2, 3, 4, 5, 6, 7, 8, 10, 13, 14, 110, 111, 139, 143, 146, 177, 210, 217, 368, 410, 434, 435, 437], "summary": {"covered_lines": 23, "num_statements": 241, "percent_covered": 9.54356846473029, "percent_covered_display": "10", "missing_lines": 218, "excluded_lines": 0}, "missing_lines": [17, 18, 21, 22, 23, 24, 25, 26, 29, 30, 31, 32, 33, 34, 35, 36, 37, 38, 40, 41, 42, 45, 47, 48, 50, 51, 52, 54, 57, 58, 59, 60, 66, 67, 68, 71, 72, 81, 82, 85, 86, 87, 88, 89, 90, 92, 96, 100, 101, 102, 105, 107, 112, 113, 115, 118, 119, 122, 123, 124, 125, 127, 129, 130, 133, 134, 137, 140, 141, 144, 147, 148, 149, 150, 151, 152, 153, 154, 155, 160, 161, 164, 165, 166, 167, 168, 170, 171, 172, 173, 184, 185, 190, 191, 192, 195, 196, 199, 200, 201, 202, 203, 204, 205, 208, 212, 213, 214, 215, 224, 226, 227, 230, 231, 233, 236, 237, 238, 241, 242, 243, 246, 247, 248, 251, 254, 255, 256, 257, 261, 264, 267, 272, 273, 276, 277, 278, 279, 280, 281, 282, 283, 284, 285, 288, 302, 303, 304, 305, 306, 309, 310, 311, 312, 314, 317, 318, 321, 322, 323, 324, 327, 328, 329, 330, 331, 334, 335, 338, 339, 343, 344, 345, 346, 347, 348, 359, 360, 361, 362, 366, 371, 372, 373, 374, 375, 376, 377, 378, 379, 380, 383, 384, 385, 386, 387, 388, 391, 393, 394, 398, 399, 402, 411, 412, 413, 414, 417, 418, 419, 421, 424, 425, 426, 427, 428, 429, 431], "excluded_lines": []}, "guidance/models/_lite_llm.py": {"executed_lines": [1, 3, 4, 7, 8, 44, 45, 83, 84, 87, 89, 114, 115, 118, 127, 129, 169, 170, 173, 174], "summary": {"covered_lines": 20, "num_statements": 90, "percent_covered": 22.22222222222222, "percent_covered_display": "22", "missing_lines": 70, "excluded_lines": 0}, "missing_lines": [17, 18, 19, 20, 24, 27, 30, 31, 32, 33, 34, 36, 57, 58, 63, 69, 70, 71, 92, 94, 95, 106, 107, 109, 110, 111, 116, 119, 120, 122, 131, 132, 133, 135, 140, 141, 146, 148, 149, 161, 162, 164, 165, 166, 177, 178, 181, 182, 183, 186, 187, 192, 193, 194, 195, 196, 199, 200, 201, 202, 205, 206, 209, 211, 212, 221, 222, 224, 225, 226], "excluded_lines": []}, "guidance/models/_mock.py": {"executed_lines": [1, 3, 4, 7, 8, 34, 63, 69, 70, 100, 101], "summary": {"covered_lines": 11, "num_statements": 49, "percent_covered": 22.448979591836736, "percent_covered_display": "22", "missing_lines": 38, "excluded_lines": 0}, "missing_lines": [9, 11, 12, 13, 14, 15, 16, 17, 18, 21, 22, 25, 26, 27, 29, 32, 38, 41, 42, 46, 52, 53, 54, 55, 56, 57, 58, 59, 61, 64, 65, 66, 80, 81, 83, 95, 97, 102], "excluded_lines": []}, "guidance/models/_model.py": {"executed_lines": [1, 2, 3, 4, 5, 6, 7, 8, 11, 12, 15, 17, 18, 20, 23, 24, 26, 31, 32, 33, 39, 40, 41, 42, 53, 55, 59, 60, 61, 64, 65, 68, 69, 75, 112, 118, 125, 126, 127, 128, 129, 130, 131, 133, 149, 164, 168, 172, 173, 186, 187, 195, 206, 274, 720, 771, 811, 847, 853, 860, 865, 866, 876, 877, 878, 880, 924, 925, 942, 963, 972, 975, 1001, 1029, 1044, 1058, 1063, 1067, 1074, 1192, 1199, 1204, 1218, 1221, 1233, 1247, 1259, 1273, 1290, 1347, 1453, 1454, 1463, 1470, 1479, 1516, 1517, 1519, 1538, 1553, 1554, 1556, 1559, 1563, 1564, 1567, 1571, 1576, 1577, 1580, 1584, 1589, 1590, 1608], "summary": {"covered_lines": 109, "num_statements": 701, "percent_covered": 15.549215406562054, "percent_covered_display": "16", "missing_lines": 592, "excluded_lines": 0}, "missing_lines": [21, 22, 27, 28, 34, 35, 38, 56, 78, 79, 84, 85, 88, 90, 94, 95, 98, 99, 104, 105, 106, 107, 108, 110, 114, 120, 121, 122, 142, 143, 144, 145, 146, 147, 155, 166, 169, 170, 174, 175, 176, 196, 197, 200, 203, 204, 224, 229, 230, 231, 232, 233, 234, 238, 241, 246, 249, 250, 253, 254, 255, 256, 258, 259, 262, 265, 266, 267, 268, 269, 270, 271, 272, 284, 285, 287, 288, 290, 291, 292, 295, 296, 297, 303, 306, 307, 309, 311, 312, 315, 316, 321, 322, 323, 324, 325, 330, 331, 332, 333, 334, 339, 340, 343, 344, 347, 350, 356, 357, 360, 361, 368, 369, 373, 374, 375, 378, 379, 380, 385, 386, 387, 390, 393, 394, 395, 397, 399, 401, 402, 407, 408, 411, 415, 416, 419, 425, 428, 429, 433, 434, 440, 441, 442, 443, 445, 449, 450, 452, 453, 456, 457, 459, 462, 463, 471, 472, 474, 475, 477, 478, 481, 483, 488, 495, 496, 497, 506, 513, 522, 525, 527, 529, 532, 533, 540, 549, 550, 551, 553, 555, 558, 559, 561, 565, 566, 568, 569, 571, 574, 577, 580, 581, 585, 586, 587, 590, 591, 594, 595, 598, 599, 602, 605, 606, 609, 610, 612, 615, 616, 617, 620, 621, 625, 630, 634, 637, 638, 642, 643, 649, 650, 651, 652, 654, 658, 659, 661, 663, 665, 667, 668, 669, 670, 671, 675, 680, 681, 682, 683, 684, 687, 690, 691, 692, 695, 701, 702, 707, 709, 710, 711, 716, 718, 735, 738, 740, 741, 742, 743, 745, 746, 755, 764, 765, 766, 768, 769, 773, 774, 777, 778, 781, 782, 783, 784, 785, 786, 787, 788, 791, 792, 793, 796, 797, 798, 800, 802, 803, 805, 806, 807, 809, 814, 817, 818, 819, 821, 822, 823, 824, 826, 827, 828, 829, 830, 831, 832, 833, 836, 841, 842, 843, 845, 851, 855, 862, 892, 893, 895, 901, 902, 903, 904, 905, 909, 910, 913, 914, 915, 916, 917, 920, 934, 935, 936, 937, 938, 940, 944, 945, 946, 947, 948, 949, 950, 956, 961, 967, 968, 969, 970, 973, 979, 982, 983, 984, 987, 990, 991, 994, 995, 999, 1014, 1017, 1018, 1021, 1022, 1023, 1024, 1025, 1027, 1030, 1031, 1032, 1033, 1034, 1036, 1038, 1039, 1040, 1042, 1052, 1053, 1054, 1055, 1056, 1059, 1060, 1061, 1065, 1069, 1070, 1071, 1072, 1085, 1088, 1091, 1092, 1093, 1094, 1097, 1100, 1101, 1102, 1103, 1106, 1109, 1110, 1111, 1114, 1117, 1118, 1119, 1120, 1121, 1124, 1127, 1128, 1129, 1130, 1131, 1134, 1135, 1136, 1139, 1140, 1141, 1145, 1146, 1147, 1148, 1149, 1150, 1151, 1152, 1153, 1155, 1156, 1157, 1158, 1159, 1160, 1161, 1164, 1165, 1168, 1169, 1173, 1174, 1175, 1178, 1179, 1184, 1186, 1197, 1200, 1205, 1206, 1210, 1211, 1212, 1216, 1219, 1231, 1243, 1244, 1245, 1255, 1256, 1257, 1269, 1270, 1271, 1281, 1282, 1283, 1284, 1285, 1287, 1288, 1301, 1348, 1352, 1359, 1362, 1365, 1368, 1369, 1372, 1374, 1381, 1382, 1383, 1384, 1385, 1386, 1387, 1388, 1390, 1391, 1392, 1393, 1394, 1395, 1396, 1400, 1401, 1402, 1405, 1406, 1409, 1410, 1415, 1416, 1418, 1421, 1422, 1423, 1424, 1432, 1433, 1434, 1435, 1436, 1437, 1446, 1448, 1450, 1456, 1457, 1458, 1459, 1460, 1461, 1465, 1466, 1468, 1472, 1473, 1474, 1475, 1477, 1483, 1486, 1487, 1488, 1489, 1490, 1491, 1494, 1495, 1498, 1499, 1501, 1502, 1503, 1504, 1505, 1506, 1507, 1509, 1510, 1513, 1531, 1550, 1557, 1560, 1565, 1568, 1573, 1578, 1581, 1586, 1609, 1610, 1611, 1612, 1613, 1614, 1615, 1616, 1617, 1619, 1620, 1621, 1622, 1623, 1626, 1627, 1628, 1629], "excluded_lines": []}, "guidance/models/_openai.py": {"executed_lines": [1, 2, 3, 5, 6, 7, 8, 11, 12, 14, 15, 17, 21, 24, 25, 50, 51, 148, 149, 152, 153, 178, 179, 182, 191, 192, 224, 225, 228, 229, 234, 237], "summary": {"covered_lines": 32, "num_statements": 133, "percent_covered": 24.06015037593985, "percent_covered_display": "24", "missing_lines": 101, "excluded_lines": 0}, "missing_lines": [18, 19, 36, 37, 41, 42, 44, 45, 47, 88, 89, 94, 95, 98, 99, 107, 110, 111, 120, 123, 124, 129, 130, 131, 132, 134, 155, 157, 158, 167, 168, 170, 171, 172, 174, 175, 180, 183, 184, 186, 194, 195, 196, 199, 201, 203, 204, 213, 214, 216, 217, 218, 220, 221, 230, 231, 232, 235, 240, 241, 242, 243, 244, 247, 248, 253, 254, 255, 256, 257, 260, 261, 262, 263, 266, 267, 271, 272, 279, 282, 283, 286, 287, 288, 289, 292, 293, 303, 304, 306, 307, 308, 310, 311, 312, 314, 315, 318, 319, 321, 322], "excluded_lines": []}, "guidance/models/_remote.py": {"executed_lines": [1, 2, 3, 5, 8, 9, 11, 18], "summary": {"covered_lines": 7, "num_statements": 20, "percent_covered": 35.0, "percent_covered_display": "35", "missing_lines": 13, "excluded_lines": 0}, "missing_lines": [12, 13, 14, 15, 16, 20, 25, 28, 37, 38, 41, 44, 45], "excluded_lines": []}, "guidance/models/_togetherai.py": {"executed_lines": [1, 2, 3, 10, 13, 14, 71, 72, 75, 76, 81, 89, 98, 99], "summary": {"covered_lines": 13, "num_statements": 33, "percent_covered": 39.39393939393939, "percent_covered_display": "39", "missing_lines": 20, "excluded_lines": 0}, "missing_lines": [30, 35, 36, 39, 40, 41, 42, 46, 47, 53, 54, 55, 56, 58, 82, 83, 85, 90, 91, 93], "excluded_lines": []}, "guidance/models/llama_cpp/__init__.py": {"executed_lines": [1, 2], "summary": {"covered_lines": 2, "num_statements": 2, "percent_covered": 100.0, "percent_covered_display": "100", "missing_lines": 0, "excluded_lines": 0}, "missing_lines": [], "excluded_lines": []}, "guidance/models/llama_cpp/_llama_cpp.py": {"executed_lines": [1, 2, 3, 4, 5, 6, 7, 8, 10, 11, 12, 14, 15, 18, 19, 21, 23, 26, 32, 35, 36, 42, 52, 53, 76, 80, 81, 83, 141, 146, 210, 211, 231, 232, 254], "summary": {"covered_lines": 34, "num_statements": 148, "percent_covered": 22.972972972972972, "percent_covered_display": "23", "missing_lines": 114, "excluded_lines": 0}, "missing_lines": [17, 29, 37, 38, 39, 40, 43, 44, 45, 46, 47, 48, 49, 54, 56, 57, 58, 61, 62, 63, 66, 67, 70, 72, 77, 84, 85, 89, 90, 91, 92, 93, 94, 95, 96, 97, 98, 99, 100, 104, 105, 106, 107, 110, 111, 112, 113, 116, 120, 121, 122, 123, 124, 126, 130, 133, 135, 139, 143, 144, 153, 154, 157, 158, 161, 162, 163, 164, 169, 170, 174, 177, 180, 181, 182, 183, 184, 185, 186, 187, 188, 189, 190, 192, 193, 195, 196, 197, 200, 201, 202, 203, 205, 207, 221, 222, 224, 228, 233, 236, 237, 239, 241, 242, 244, 247, 248, 252, 255, 256, 257, 258, 259, 260], "excluded_lines": []}, "guidance/models/llama_cpp/_mistral.py": {"executed_lines": [1, 2, 5, 6, 16, 25, 26, 30], "summary": {"covered_lines": 8, "num_statements": 24, "percent_covered": 33.333333333333336, "percent_covered_display": "33", "missing_lines": 16, "excluded_lines": 0}, "missing_lines": [7, 8, 10, 11, 13, 14, 17, 18, 19, 20, 21, 22, 27, 28, 31, 32], "excluded_lines": []}, "guidance/models/transformers/__init__.py": {"executed_lines": [1, 2], "summary": {"covered_lines": 2, "num_statements": 2, "percent_covered": 100.0, "percent_covered_display": "100", "missing_lines": 0, "excluded_lines": 0}, "missing_lines": [], "excluded_lines": []}, "guidance/models/transformers/_llama.py": {"executed_lines": [1, 4, 5, 8, 10, 17, 28], "summary": {"covered_lines": 7, "num_statements": 23, "percent_covered": 30.434782608695652, "percent_covered_display": "30", "missing_lines": 16, "excluded_lines": 0}, "missing_lines": [12, 13, 14, 15, 18, 19, 20, 21, 22, 24, 26, 29, 30, 31, 32, 34], "excluded_lines": []}, "guidance/models/transformers/_transformers.py": {"executed_lines": [1, 2, 4, 5, 9, 12, 13, 90, 126, 127, 152, 166, 199, 269, 270, 279, 280], "summary": {"covered_lines": 17, "num_statements": 133, "percent_covered": 12.781954887218046, "percent_covered_display": "13", "missing_lines": 116, "excluded_lines": 0}, "missing_lines": [6, 7, 14, 15, 17, 18, 23, 24, 25, 27, 28, 31, 33, 34, 35, 36, 37, 39, 44, 47, 49, 54, 55, 56, 57, 58, 61, 62, 63, 64, 65, 66, 69, 70, 73, 77, 78, 81, 84, 92, 94, 95, 96, 97, 101, 102, 106, 107, 108, 109, 110, 114, 115, 119, 123, 129, 130, 131, 132, 133, 134, 135, 136, 138, 140, 141, 142, 144, 145, 146, 148, 154, 157, 158, 159, 160, 163, 164, 170, 171, 172, 173, 176, 177, 178, 180, 182, 185, 186, 189, 190, 195, 197, 207, 210, 215, 216, 217, 218, 223, 224, 227, 228, 231, 232, 235, 238, 241, 242, 243, 244, 262, 263, 264, 266, 274], "excluded_lines": []}, "guidance/models/vertexai/_Codey.py": {"executed_lines": [1, 3, 5, 6, 9, 10, 13, 14, 35, 36, 57, 58], "summary": {"covered_lines": 12, "num_statements": 28, "percent_covered": 42.857142857142854, "percent_covered_display": "43", "missing_lines": 16, "excluded_lines": 0}, "missing_lines": [8, 18, 19, 22, 23, 26, 40, 41, 44, 45, 48, 62, 63, 66, 67, 70], "excluded_lines": []}, "guidance/models/vertexai/_Gemini.py": {"executed_lines": [1, 2, 3, 4, 5, 6, 7, 8, 9, 10, 11, 13, 20, 22, 23, 42, 43, 90, 91, 112, 113, 120], "summary": {"covered_lines": 22, "num_statements": 51, "percent_covered": 43.13725490196079, "percent_covered_display": "43", "missing_lines": 29, "excluded_lines": 0}, "missing_lines": [28, 29, 41, 94, 95, 98, 99, 102, 114, 117, 118, 122, 123, 124, 125, 126, 129, 130, 133, 134, 137, 138, 142, 146, 147, 148, 149, 153, 154], "excluded_lines": []}, "guidance/models/vertexai/_PaLM2.py": {"executed_lines": [1, 2, 3, 4, 5, 6, 7, 8, 9, 10, 12, 14, 15, 22, 23, 26, 27, 48, 49, 69, 70], "summary": {"covered_lines": 21, "num_statements": 37, "percent_covered": 56.75675675675676, "percent_covered_display": "57", "missing_lines": 16, "excluded_lines": 0}, "missing_lines": [21, 31, 32, 35, 36, 39, 52, 53, 56, 57, 60, 73, 74, 77, 78, 81], "excluded_lines": []}, "guidance/models/vertexai/__init__.py": {"executed_lines": [1, 2, 3], "summary": {"covered_lines": 3, "num_statements": 3, "percent_covered": 100.0, "percent_covered_display": "100", "missing_lines": 0, "excluded_lines": 0}, "missing_lines": [], "excluded_lines": []}, "guidance/models/vertexai/_vertexai.py": {"executed_lines": [1, 2, 3, 5, 6, 9, 10, 13, 14, 21, 22, 116, 117, 120, 122, 143, 145, 148, 157, 158, 178, 179, 182, 184, 259], "summary": {"covered_lines": 25, "num_statements": 131, "percent_covered": 19.083969465648856, "percent_covered_display": "19", "missing_lines": 106, "excluded_lines": 0}, "missing_lines": [8, 17, 18, 34, 35, 40, 41, 42, 44, 45, 47, 50, 51, 54, 55, 58, 59, 62, 63, 66, 67, 70, 71, 74, 75, 76, 84, 87, 88, 93, 94, 99, 100, 101, 102, 104, 123, 124, 126, 127, 128, 129, 130, 136, 137, 139, 140, 146, 149, 150, 152, 160, 161, 162, 164, 167, 168, 169, 170, 171, 172, 175, 187, 188, 189, 190, 191, 195, 196, 197, 198, 199, 200, 203, 204, 205, 208, 209, 210, 211, 212, 213, 219, 220, 221, 222, 223, 224, 225, 226, 232, 234, 238, 240, 241, 244, 249, 260, 264, 266, 271, 272, 273, 274, 278, 279], "excluded_lines": []}, "guidance/selectors.py": {"executed_lines": [], "summary": {"covered_lines": 0, "num_statements": 43, "percent_covered": 0.0, "percent_covered_display": "0", "missing_lines": 43, "excluded_lines": 0}, "missing_lines": [1, 4, 5, 13, 14, 16, 18, 21, 22, 32, 34, 36, 39, 41, 44, 46, 57, 58, 60, 73, 74, 76, 77, 78, 79, 80, 81, 82, 83, 84, 86, 88, 89, 90, 91, 92, 93, 96, 97, 109, 111, 116, 117], "excluded_lines": []}, "setup.py": {"executed_lines": [], "summary": {"covered_lines": 0, "num_statements": 24, "percent_covered": 0.0, "percent_covered_display": "0", "missing_lines": 24, "excluded_lines": 0}, "missing_lines": [1, 2, 3, 4, 5, 6, 8, 10, 23, 31, 32, 33, 36, 37, 52, 53, 54, 57, 58, 59, 60, 61, 62, 65], "excluded_lines": []}, "tests/__init__.py": {"executed_lines": [1], "summary": {"covered_lines": 0, "num_statements": 0, "percent_covered": 100.0, "percent_covered_display": "100", "missing_lines": 0, "excluded_lines": 0}, "missing_lines": [], "excluded_lines": []}, "tests/conftest.py": {"executed_lines": [1, 2, 4, 6, 8, 10, 38, 39, 48, 49, 53, 54, 59, 60, 77, 78], "summary": {"covered_lines": 16, "num_statements": 24, "percent_covered": 66.66666666666667, "percent_covered_display": "67", "missing_lines": 8, "excluded_lines": 0}, "missing_lines": [50, 55, 56, 73, 74, 86, 87, 88], "excluded_lines": []}, "tests/library/__init__.py": {"executed_lines": [1], "summary": {"covered_lines": 0, "num_statements": 0, "percent_covered": 100.0, "percent_covered_display": "100", "missing_lines": 0, "excluded_lines": 0}, "missing_lines": [], "excluded_lines": []}, "tests/library/test_any_char.py": {"executed_lines": [1, 4], "summary": {"covered_lines": 2, "num_statements": 4, "percent_covered": 50.0, "percent_covered_display": "50", "missing_lines": 2, "excluded_lines": 0}, "missing_lines": [5, 6], "excluded_lines": []}, "tests/library/test_any_char_but.py": {"executed_lines": [1, 4, 10], "summary": {"covered_lines": 3, "num_statements": 10, "percent_covered": 30.0, "percent_covered_display": "30", "missing_lines": 7, "excluded_lines": 0}, "missing_lines": [5, 6, 7, 11, 12, 13, 14], "excluded_lines": []}, "tests/library/test_block.py": {"executed_lines": [1, 4, 11, 19, 26, 39, 47], "summary": {"covered_lines": 7, "num_statements": 39, "percent_covered": 17.94871794871795, "percent_covered_display": "18", "missing_lines": 32, "excluded_lines": 0}, "missing_lines": [5, 6, 7, 8, 12, 13, 14, 15, 16, 20, 21, 22, 23, 27, 28, 29, 30, 31, 32, 33, 34, 40, 41, 42, 43, 44, 48, 49, 50, 51, 52, 53], "excluded_lines": []}, "tests/library/test_capture.py": {"executed_lines": [1, 3, 6, 12], "summary": {"covered_lines": 4, "num_statements": 11, "percent_covered": 36.36363636363637, "percent_covered_display": "36", "missing_lines": 7, "excluded_lines": 0}, "missing_lines": [7, 8, 9, 13, 14, 15, 16], "excluded_lines": []}, "tests/library/test_char_set.py": {"executed_lines": [1, 4, 12], "summary": {"covered_lines": 3, "num_statements": 13, "percent_covered": 23.076923076923077, "percent_covered_display": "23", "missing_lines": 10, "excluded_lines": 0}, "missing_lines": [5, 6, 7, 8, 9, 13, 14, 15, 16, 17], "excluded_lines": []}, "tests/library/test_commit_point.py": {"executed_lines": [1, 4, 10], "summary": {"covered_lines": 3, "num_statements": 10, "percent_covered": 30.0, "percent_covered_display": "30", "missing_lines": 7, "excluded_lines": 0}, "missing_lines": [5, 6, 7, 11, 12, 13, 14], "excluded_lines": []}, "tests/library/test_gen.py": {"executed_lines": [1, 3, 5, 8, 14, 20, 26, 62, 70, 76, 88, 95, 106, 116, 123, 138, 144, 164, 173, 180, 187, 198, 206, 213, 270, 280, 295, 301, 307], "summary": {"covered_lines": 29, "num_statements": 162, "percent_covered": 17.901234567901234, "percent_covered_display": "18", "missing_lines": 133, "excluded_lines": 0}, "missing_lines": [9, 10, 11, 15, 16, 17, 21, 22, 23, 28, 29, 30, 31, 45, 46, 47, 59, 63, 64, 67, 71, 72, 73, 79, 80, 83, 84, 89, 90, 91, 92, 96, 97, 103, 107, 108, 109, 110, 111, 118, 119, 120, 124, 125, 126, 127, 128, 129, 130, 131, 132, 133, 134, 135, 139, 140, 141, 150, 151, 152, 153, 154, 155, 156, 157, 158, 159, 160, 161, 165, 166, 167, 168, 169, 170, 174, 175, 176, 177, 181, 182, 183, 184, 207, 208, 210, 214, 220, 221, 222, 266, 267, 272, 273, 274, 275, 276, 277, 282, 283, 284, 291, 292, 296, 297, 298, 302, 303, 304, 308, 309, 311, 314, 315, 317, 319, 320, 321, 323, 324, 329, 341, 342, 344, 346, 347, 348, 351, 352, 354, 355, 356, 360], "excluded_lines": []}, "tests/library/test_json.py": {"executed_lines": [1, 2, 4, 5, 7, 8, 9, 10, 13, 28, 35, 47, 48, 58, 59, 61, 65, 73, 84, 89, 90, 92, 113, 121, 131, 136, 157, 168, 170, 187, 211, 241, 266, 274, 286, 288, 289, 305, 306, 322, 326, 347, 355, 366, 367, 368, 370, 400, 410, 421, 430, 441, 450, 487, 500, 530, 540, 549, 560, 561, 569, 609, 665, 666, 667, 686, 693, 744, 745, 750, 754, 755, 763, 771, 776, 784, 790, 792, 800, 811, 822, 823, 831, 838, 843, 846, 854, 858, 863, 871, 879, 887, 892, 900, 906, 907, 915], "summary": {"covered_lines": 97, "num_statements": 234, "percent_covered": 41.452991452991455, "percent_covered_display": "41", "missing_lines": 137, "excluded_lines": 0}, "missing_lines": [15, 17, 18, 21, 22, 25, 29, 30, 31, 32, 36, 38, 41, 42, 44, 49, 52, 53, 55, 67, 68, 71, 85, 86, 115, 116, 119, 132, 133, 158, 161, 162, 165, 171, 178, 181, 182, 185, 188, 202, 205, 206, 209, 212, 232, 235, 236, 239, 242, 254, 260, 261, 264, 275, 282, 283, 290, 299, 300, 303, 307, 316, 317, 320, 327, 341, 342, 345, 356, 362, 363, 401, 408, 422, 428, 442, 448, 490, 497, 498, 531, 537, 538, 550, 556, 557, 570, 603, 604, 607, 610, 655, 658, 659, 662, 668, 680, 681, 684, 694, 737, 738, 741, 757, 758, 761, 772, 773, 774, 785, 786, 787, 825, 826, 829, 839, 840, 841, 848, 849, 852, 859, 860, 861, 873, 874, 877, 888, 889, 890, 901, 902, 903, 916, 956, 957, 960], "excluded_lines": []}, "tests/library/test_one_or_more.py": {"executed_lines": [1, 4, 9, 14], "summary": {"covered_lines": 4, "num_statements": 10, "percent_covered": 40.0, "percent_covered_display": "40", "missing_lines": 6, "excluded_lines": 0}, "missing_lines": [5, 6, 10, 11, 15, 16], "excluded_lines": []}, "tests/library/test_pydantic.py": {"executed_lines": [1, 2, 3, 5, 6, 7, 9, 10, 11, 14, 32, 47, 62, 88, 100, 108, 116, 132, 133, 149, 150, 155, 157, 158, 162, 166, 170, 175, 176, 180, 193, 194, 195, 197, 205, 209, 217, 222, 223, 225, 226, 228, 236, 241, 249], "summary": {"covered_lines": 45, "num_statements": 125, "percent_covered": 36.0, "percent_covered_display": "36", "missing_lines": 80, "excluded_lines": 0}, "missing_lines": [27, 36, 39, 40, 41, 42, 51, 54, 55, 56, 57, 67, 70, 71, 74, 75, 76, 79, 80, 81, 84, 85, 93, 94, 95, 96, 97, 101, 102, 104, 105, 109, 110, 112, 113, 117, 118, 120, 121, 122, 124, 125, 126, 128, 129, 134, 135, 137, 138, 139, 141, 142, 144, 146, 151, 152, 159, 160, 163, 164, 167, 168, 171, 172, 177, 178, 184, 185, 186, 187, 206, 207, 218, 219, 237, 238, 239, 250, 251, 252], "excluded_lines": []}, "tests/library/test_silent.py": {"executed_lines": [1, 3, 6], "summary": {"covered_lines": 3, "num_statements": 9, "percent_covered": 33.333333333333336, "percent_covered_display": "33", "missing_lines": 6, "excluded_lines": 0}, "missing_lines": [7, 8, 9, 10, 11, 12], "excluded_lines": []}, "tests/library/test_substring.py": {"executed_lines": [1, 3, 6, 13, 30], "summary": {"covered_lines": 5, "num_statements": 12, "percent_covered": 41.666666666666664, "percent_covered_display": "42", "missing_lines": 7, "excluded_lines": 0}, "missing_lines": [7, 8, 9, 10, 31, 33, 34], "excluded_lines": []}, "tests/models/__init__.py": {"executed_lines": [1], "summary": {"covered_lines": 0, "num_statements": 0, "percent_covered": 100.0, "percent_covered_display": "100", "missing_lines": 0, "excluded_lines": 0}, "missing_lines": [], "excluded_lines": []}, "tests/models/test_anthropic.py": {"executed_lines": [1, 2, 4, 5, 7, 10, 28, 43], "summary": {"covered_lines": 8, "num_statements": 40, "percent_covered": 20.0, "percent_covered_display": "20", "missing_lines": 32, "excluded_lines": 0}, "missing_lines": [11, 12, 13, 14, 15, 16, 18, 19, 21, 22, 23, 25, 29, 30, 31, 32, 33, 34, 35, 36, 40, 45, 46, 47, 48, 50, 52, 53, 55, 56, 58, 59], "excluded_lines": []}, "tests/models/test_azureai_openai.py": {"executed_lines": [1, 2, 4, 6, 8, 12, 15, 23, 47, 80, 95, 120], "summary": {"covered_lines": 12, "num_statements": 83, "percent_covered": 14.457831325301205, "percent_covered_display": "14", "missing_lines": 71, "excluded_lines": 0}, "missing_lines": [16, 18, 20, 24, 25, 26, 28, 31, 33, 34, 36, 37, 39, 40, 41, 43, 44, 48, 49, 50, 52, 53, 54, 55, 56, 58, 66, 67, 69, 70, 72, 73, 74, 76, 77, 81, 82, 83, 85, 88, 90, 91, 92, 96, 97, 98, 100, 101, 102, 103, 104, 106, 113, 115, 116, 117, 121, 122, 123, 125, 128, 130, 131, 132, 133, 135, 136, 138, 139, 141, 142], "excluded_lines": []}, "tests/models/test_cohere.py": {"executed_lines": [1, 3, 4, 7, 20], "summary": {"covered_lines": 5, "num_statements": 22, "percent_covered": 22.727272727272727, "percent_covered_display": "23", "missing_lines": 17, "excluded_lines": 0}, "missing_lines": [8, 9, 10, 11, 12, 13, 14, 16, 17, 21, 22, 23, 24, 25, 26, 27, 28], "excluded_lines": []}, "tests/models/test_googleai.py": {"executed_lines": [1, 3, 5, 8], "summary": {"covered_lines": 4, "num_statements": 32, "percent_covered": 12.5, "percent_covered_display": "12", "missing_lines": 28, "excluded_lines": 0}, "missing_lines": [9, 11, 12, 13, 14, 16, 18, 19, 21, 22, 24, 25, 27, 28, 30, 31, 34, 36, 37, 39, 40, 42, 43, 45, 46, 48, 49, 50], "excluded_lines": []}, "tests/models/test_lite_llm.py": {"executed_lines": [1, 3, 4, 6, 9, 22, 35, 47], "summary": {"covered_lines": 8, "num_statements": 45, "percent_covered": 17.77777777777778, "percent_covered_display": "18", "missing_lines": 37, "excluded_lines": 0}, "missing_lines": [10, 11, 12, 13, 14, 15, 16, 18, 19, 23, 24, 25, 26, 27, 28, 29, 31, 32, 36, 37, 38, 39, 40, 41, 44, 48, 49, 50, 51, 52, 53, 55, 56, 58, 59, 60, 62], "excluded_lines": []}, "tests/models/test_llama_cpp.py": {"executed_lines": [1, 2, 4, 5, 7, 10, 11, 18, 26, 32, 38, 53, 64, 76, 87, 93, 104, 115, 126, 137, 148, 159, 167, 174], "summary": {"covered_lines": 24, "num_statements": 108, "percent_covered": 22.22222222222222, "percent_covered_display": "22", "missing_lines": 84, "excluded_lines": 0}, "missing_lines": [12, 13, 15, 20, 21, 22, 23, 27, 28, 29, 33, 34, 35, 39, 42, 48, 54, 55, 56, 65, 66, 67, 68, 69, 70, 71, 72, 73, 77, 78, 83, 84, 88, 89, 90, 94, 96, 98, 99, 100, 101, 105, 107, 109, 110, 111, 112, 116, 118, 120, 121, 122, 123, 127, 129, 131, 132, 133, 134, 138, 140, 142, 143, 144, 145, 149, 151, 153, 154, 155, 156, 160, 161, 162, 163, 168, 169, 170, 171, 175, 176, 177, 178, 179], "excluded_lines": []}, "tests/models/test_model.py": {"executed_lines": [1, 3, 4, 7, 13, 24, 32, 53, 66, 73, 85], "summary": {"covered_lines": 11, "num_statements": 56, "percent_covered": 19.642857142857142, "percent_covered_display": "20", "missing_lines": 45, "excluded_lines": 0}, "missing_lines": [8, 9, 10, 14, 16, 17, 18, 20, 21, 25, 26, 27, 34, 36, 37, 38, 39, 41, 42, 43, 48, 50, 55, 56, 57, 58, 59, 60, 63, 67, 68, 69, 70, 74, 76, 77, 78, 80, 81, 82, 87, 88, 89, 90, 91], "excluded_lines": []}, "tests/models/test_openai.py": {"executed_lines": [1, 2, 4, 6, 7, 10, 37, 51, 63, 81, 92], "summary": {"covered_lines": 11, "num_statements": 57, "percent_covered": 19.29824561403509, "percent_covered_display": "19", "missing_lines": 46, "excluded_lines": 0}, "missing_lines": [12, 27, 29, 34, 38, 39, 40, 41, 43, 44, 45, 47, 48, 52, 53, 54, 55, 56, 57, 60, 64, 65, 66, 67, 68, 69, 71, 72, 74, 75, 76, 78, 83, 88, 89, 94, 95, 96, 97, 99, 101, 102, 104, 105, 107, 108], "excluded_lines": []}, "tests/models/test_togetherai.py": {"executed_lines": [1, 3, 4, 7, 18, 29, 47, 56], "summary": {"covered_lines": 8, "num_statements": 54, "percent_covered": 14.814814814814815, "percent_covered_display": "15", "missing_lines": 46, "excluded_lines": 0}, "missing_lines": [8, 9, 10, 11, 12, 13, 14, 15, 19, 20, 21, 22, 23, 24, 25, 26, 30, 31, 32, 33, 34, 35, 37, 38, 40, 41, 42, 44, 48, 49, 50, 51, 52, 53, 57, 58, 61, 62, 64, 65, 67, 68, 69, 71, 72, 73], "excluded_lines": []}, "tests/models/test_transformers.py": {"executed_lines": [1, 3, 5, 8, 14, 30, 36, 37, 47, 48, 60, 61, 71, 72], "summary": {"covered_lines": 14, "num_statements": 42, "percent_covered": 33.333333333333336, "percent_covered_display": "33", "missing_lines": 28, "excluded_lines": 0}, "missing_lines": [9, 10, 11, 16, 19, 25, 38, 40, 41, 42, 44, 49, 51, 56, 57, 62, 64, 67, 68, 74, 76, 79, 80, 81, 82, 83, 84, 86], "excluded_lines": []}, "tests/models/test_vertexai.py": {"executed_lines": [1, 3, 5, 8, 20, 67], "summary": {"covered_lines": 6, "num_statements": 72, "percent_covered": 8.333333333333334, "percent_covered_display": "8", "missing_lines": 66, "excluded_lines": 0}, "missing_lines": [9, 10, 11, 12, 14, 15, 16, 17, 21, 23, 24, 25, 26, 28, 29, 31, 32, 34, 35, 37, 38, 40, 41, 43, 44, 47, 48, 50, 51, 53, 54, 56, 57, 59, 60, 62, 63, 64, 68, 70, 71, 72, 73, 75, 77, 78, 80, 81, 83, 84, 86, 87, 89, 90, 93, 95, 96, 98, 99, 101, 102, 104, 105, 107, 108, 109], "excluded_lines": []}, "tests/test_grammar.py": {"executed_lines": [1, 2, 5, 11, 18, 25, 37, 39, 47, 60, 77], "summary": {"covered_lines": 11, "num_statements": 65, "percent_covered": 16.923076923076923, "percent_covered_display": "17", "missing_lines": 54, "excluded_lines": 0}, "missing_lines": [6, 7, 8, 12, 13, 14, 15, 20, 21, 22, 26, 27, 28, 29, 30, 32, 33, 34, 41, 42, 43, 45, 49, 50, 51, 53, 54, 55, 57, 58, 61, 62, 63, 65, 66, 67, 69, 70, 71, 73, 74, 75, 78, 79, 80, 82, 83, 84, 86, 87, 88, 90, 91, 92], "excluded_lines": []}, "tests/test_notebooks.py": {"executed_lines": [1, 2, 3, 4, 6], "summary": {"covered_lines": 5, "num_statements": 76, "percent_covered": 6.578947368421052, "percent_covered_display": "7", "missing_lines": 71, "excluded_lines": 0}, "missing_lines": [7, 9, 12, 13, 14, 15, 18, 23, 24, 26, 27, 28, 30, 31, 32, 33, 34, 36, 37, 38, 39, 40, 42, 43, 44, 46, 47, 48, 51, 52, 54, 55, 56, 58, 59, 60, 61, 62, 64, 65, 66, 68, 69, 72, 73, 75, 76, 77, 78, 82, 84, 85, 86, 88, 91, 92, 93, 95, 96, 97, 98, 100, 101, 102, 103, 104, 106, 107, 108, 109, 110], "excluded_lines": []}, "tests/test_parser.py": {"executed_lines": [1, 2, 3, 6, 14, 31, 43, 53, 65, 85, 92, 103, 114, 126], "summary": {"covered_lines": 14, "num_statements": 108, "percent_covered": 12.962962962962964, "percent_covered_display": "13", "missing_lines": 94, "excluded_lines": 0}, "missing_lines": [7, 8, 9, 10, 11, 15, 16, 17, 18, 19, 20, 21, 23, 24, 25, 26, 27, 28, 32, 33, 34, 35, 36, 37, 38, 39, 40, 44, 45, 46, 47, 48, 49, 50, 54, 55, 56, 57, 58, 59, 60, 61, 62, 66, 67, 68, 69, 70, 71, 72, 73, 74, 75, 76, 77, 78, 79, 80, 81, 82, 86, 87, 88, 89, 93, 94, 95, 96, 97, 98, 100, 104, 105, 106, 107, 108, 109, 111, 115, 116, 117, 118, 119, 120, 121, 122, 123, 127, 128, 129, 130, 131, 132, 133], "excluded_lines": []}, "tests/test_server.py": {"executed_lines": [1, 2, 3, 4, 6, 7, 8, 10, 11, 12, 16, 22, 25, 41, 42, 47, 52, 58, 65, 75, 83, 91], "summary": {"covered_lines": 22, "num_statements": 66, "percent_covered": 33.333333333333336, "percent_covered_display": "33", "missing_lines": 44, "excluded_lines": 0}, "missing_lines": [26, 27, 28, 30, 31, 32, 34, 35, 37, 38, 43, 48, 49, 50, 53, 54, 55, 59, 60, 61, 62, 66, 67, 69, 70, 71, 72, 76, 77, 78, 79, 80, 92, 131, 134, 136, 138, 139, 140, 141, 143, 144, 145, 146], "excluded_lines": []}, "tests/test_utils.py": {"executed_lines": [1, 5, 7, 8, 9, 11, 14, 15, 19, 27, 28, 35], "summary": {"covered_lines": 11, "num_statements": 22, "percent_covered": 50.0, "percent_covered_display": "50", "missing_lines": 11, "excluded_lines": 0}, "missing_lines": [16, 29, 30, 31, 32, 33, 36, 37, 38, 39, 40], "excluded_lines": []}, "tests/utils.py": {"executed_lines": [1, 2, 4, 5, 7, 9, 12, 27, 42, 48, 51, 65, 66, 69], "summary": {"covered_lines": 14, "num_statements": 47, "percent_covered": 29.78723404255319, "percent_covered_display": "30", "missing_lines": 33, "excluded_lines": 0}, "missing_lines": [14, 15, 16, 17, 18, 19, 20, 21, 22, 32, 33, 34, 37, 39, 43, 44, 45, 56, 57, 58, 62, 72, 77, 78, 79, 81, 82, 83, 84, 88, 89, 90, 94], "excluded_lines": []}}, "totals": {"covered_lines": 1370, "num_statements": 5750, "percent_covered": 23.82608695652174, "percent_covered_display": "24", "missing_lines": 4380, "excluded_lines": 0}}