{"meta": {"format": 2, "version": "7.4.4", "timestamp": "2024-04-28T17:33:41.904130", "branch_coverage": false, "show_contexts": false}, "files": {"colossalai/_C/__init__.py": {"executed_lines": [1], "summary": {"covered_lines": 0, "num_statements": 0, "percent_covered": 100.0, "percent_covered_display": "100", "missing_lines": 0, "excluded_lines": 0}, "missing_lines": [], "excluded_lines": []}, "colossalai/__init__.py": {"executed_lines": [1, 2, 4, 6, 13], "summary": {"covered_lines": 5, "num_statements": 8, "percent_covered": 62.5, "percent_covered_display": "62", "missing_lines": 3, "excluded_lines": 0}, "missing_lines": [7, 10, 11], "excluded_lines": []}, "colossalai/_analyzer/__init__.py": {"executed_lines": [1], "summary": {"covered_lines": 0, "num_statements": 0, "percent_covered": 100.0, "percent_covered_display": "100", "missing_lines": 0, "excluded_lines": 0}, "missing_lines": [], "excluded_lines": []}, "colossalai/_analyzer/_subclasses/__init__.py": {"executed_lines": [1, 2, 3, 4], "summary": {"covered_lines": 4, "num_statements": 4, "percent_covered": 100.0, "percent_covered_display": "100", "missing_lines": 0, "excluded_lines": 0}, "missing_lines": [], "excluded_lines": []}, "colossalai/_analyzer/_subclasses/_meta_registration.py": {"executed_lines": [6, 8, 9, 10, 12, 14, 15, 19, 21, 22, 23, 26, 30, 34, 38, 39, 40, 41, 42, 43, 44, 45, 46, 47, 49, 50, 52, 55, 58, 59, 184, 185, 200, 201, 217, 218, 226, 227, 279, 280, 298, 307, 312, 313, 318, 319, 324, 325, 340, 341, 354, 355, 369, 370, 375, 376, 384, 385, 389, 390, 394, 395, 399, 400, 407, 408, 415, 416, 421, 422, 425], "summary": {"covered_lines": 71, "num_statements": 230, "percent_covered": 30.869565217391305, "percent_covered_display": "31", "missing_lines": 159, "excluded_lines": 0}, "missing_lines": [16, 17, 27, 31, 35, 70, 83, 85, 100, 102, 110, 111, 112, 113, 114, 116, 117, 118, 119, 121, 122, 123, 124, 126, 127, 128, 129, 130, 131, 133, 135, 137, 138, 149, 150, 152, 153, 154, 155, 156, 157, 158, 160, 161, 162, 163, 165, 175, 176, 177, 178, 179, 180, 181, 182, 197, 198, 214, 222, 245, 246, 247, 248, 249, 251, 252, 253, 255, 256, 257, 258, 260, 265, 267, 268, 270, 273, 274, 276, 289, 308, 314, 320, 321, 337, 342, 343, 366, 371, 372, 379, 386, 391, 396, 401, 402, 411, 418, 423, 427, 428, 429, 431, 432, 433, 436, 437, 438, 439, 444, 445, 446, 447, 448, 449, 452, 454, 456, 457, 458, 462, 464, 466, 467, 474, 475, 476, 477, 478, 479, 480, 481, 482, 484, 485, 487, 492, 493, 494, 495, 496, 497, 498, 499, 500, 501, 502, 503, 504, 512, 513, 514, 515, 516, 517, 518, 520, 522, 523], "excluded_lines": []}, "colossalai/_analyzer/_subclasses/_monkey_patch.py": {"executed_lines": [1, 2, 4, 15, 25, 35, 37, 39, 50, 51, 54, 64, 78], "summary": {"covered_lines": 13, "num_statements": 16, "percent_covered": 81.25, "percent_covered_display": "81", "missing_lines": 3, "excluded_lines": 0}, "missing_lines": [90, 91, 92], "excluded_lines": []}, "colossalai/_analyzer/_subclasses/flop_tensor.py": {"executed_lines": [5, 6, 7, 8, 9, 10, 11, 13, 14, 15, 17, 19, 22, 23, 24, 27, 33, 50, 225, 259, 276, 290, 304, 329, 340, 344, 360, 366, 383, 386, 397, 406, 416, 419, 426, 427, 466, 514, 515, 518, 549, 550], "summary": {"covered_lines": 42, "num_statements": 252, "percent_covered": 16.666666666666668, "percent_covered_display": "17", "missing_lines": 210, "excluded_lines": 0}, "missing_lines": [28, 29, 30, 34, 35, 36, 37, 38, 39, 40, 41, 42, 43, 44, 45, 47, 62, 68, 69, 70, 71, 72, 74, 75, 77, 78, 79, 80, 82, 83, 85, 86, 87, 88, 89, 91, 92, 95, 97, 99, 101, 102, 103, 104, 106, 107, 108, 109, 111, 113, 115, 116, 118, 119, 120, 121, 122, 123, 124, 125, 127, 128, 130, 131, 133, 135, 136, 137, 138, 139, 140, 141, 142, 144, 145, 147, 148, 149, 151, 153, 154, 156, 157, 158, 159, 161, 163, 164, 166, 167, 168, 169, 171, 173, 174, 175, 176, 177, 178, 179, 180, 181, 183, 184, 185, 186, 187, 188, 190, 191, 192, 193, 194, 195, 197, 198, 199, 200, 201, 202, 203, 204, 206, 207, 208, 209, 210, 212, 213, 214, 219, 220, 222, 231, 232, 235, 237, 238, 240, 243, 244, 247, 248, 249, 251, 254, 255, 256, 265, 268, 269, 270, 271, 272, 273, 282, 285, 286, 287, 296, 297, 298, 299, 300, 301, 323, 324, 325, 326, 333, 334, 335, 337, 341, 345, 346, 347, 348, 350, 351, 352, 353, 354, 355, 357, 371, 373, 378, 380, 381, 387, 388, 389, 390, 391, 392, 393, 394, 407, 408, 409, 410, 411, 412, 413, 414, 423, 552, 553, 554], "excluded_lines": []}, "colossalai/_analyzer/_subclasses/meta_tensor.py": {"executed_lines": [1, 2, 4, 5, 6, 7, 9, 11, 14, 23, 30, 34, 35, 47, 49, 50, 83, 89, 90, 126, 152, 157, 162, 166, 167, 179, 183, 200], "summary": {"covered_lines": 26, "num_statements": 106, "percent_covered": 24.528301886792452, "percent_covered_display": "25", "missing_lines": 80, "excluded_lines": 0}, "missing_lines": [15, 16, 17, 18, 19, 20, 24, 25, 26, 31, 51, 53, 54, 55, 60, 70, 72, 73, 74, 75, 78, 79, 80, 81, 84, 85, 86, 87, 91, 93, 95, 96, 97, 98, 99, 100, 101, 103, 104, 106, 107, 108, 113, 115, 116, 117, 121, 122, 124, 140, 142, 144, 145, 146, 147, 149, 150, 153, 154, 155, 158, 159, 160, 163, 180, 181, 184, 185, 187, 188, 192, 193, 194, 196, 197, 198, 201, 202, 204, 205], "excluded_lines": []}, "colossalai/_analyzer/envs.py": {"executed_lines": [], "summary": {"covered_lines": 0, "num_statements": 5, "percent_covered": 0.0, "percent_covered_display": "0", "missing_lines": 5, "excluded_lines": 0}, "missing_lines": [1, 4, 5, 6, 7], "excluded_lines": []}, "colossalai/_analyzer/fx/__init__.py": {"executed_lines": [], "summary": {"covered_lines": 0, "num_statements": 3, "percent_covered": 0.0, "percent_covered_display": "0", "missing_lines": 3, "excluded_lines": 0}, "missing_lines": [1, 2, 3], "excluded_lines": []}, "colossalai/_analyzer/fx/codegen.py": {"executed_lines": [], "summary": {"covered_lines": 0, "num_statements": 246, "percent_covered": 0.0, "percent_covered_display": "0", "missing_lines": 246, "excluded_lines": 0}, "missing_lines": [1, 3, 5, 6, 7, 8, 9, 20, 22, 23, 25, 28, 32, 35, 39, 42, 46, 47, 48, 51, 55, 56, 57, 60, 64, 65, 69, 70, 71, 72, 73, 77, 78, 79, 80, 81, 83, 86, 91, 92, 93, 94, 96, 97, 98, 102, 103, 104, 109, 110, 111, 112, 113, 114, 116, 119, 120, 121, 122, 123, 126, 128, 129, 130, 131, 134, 151, 155, 156, 157, 160, 161, 162, 163, 166, 167, 168, 169, 170, 172, 173, 174, 183, 186, 187, 188, 189, 190, 192, 193, 197, 198, 199, 200, 202, 204, 205, 206, 207, 210, 222, 223, 224, 225, 227, 228, 230, 231, 234, 235, 236, 237, 241, 242, 243, 244, 247, 248, 249, 250, 251, 252, 253, 256, 258, 264, 268, 271, 273, 274, 275, 276, 277, 280, 281, 283, 284, 286, 288, 290, 292, 293, 295, 297, 299, 302, 304, 308, 311, 313, 314, 316, 317, 318, 319, 320, 322, 323, 324, 325, 326, 332, 333, 335, 336, 337, 338, 340, 341, 342, 345, 351, 352, 353, 354, 355, 356, 357, 358, 359, 361, 364, 365, 366, 367, 368, 369, 370, 371, 372, 373, 374, 375, 376, 380, 381, 382, 384, 385, 386, 390, 394, 395, 399, 401, 402, 405, 412, 415, 416, 419, 420, 421, 422, 423, 424, 428, 429, 430, 431, 432, 433, 434, 435, 436, 437, 438, 441, 442, 444, 448, 450, 451, 452, 454, 456, 457, 459, 460, 462, 463, 464, 466, 467, 468, 472], "excluded_lines": []}, "colossalai/_analyzer/fx/graph_module.py": {"executed_lines": [], "summary": {"covered_lines": 0, "num_statements": 119, "percent_covered": 0.0, "percent_covered_display": "0", "missing_lines": 119, "excluded_lines": 0}, "missing_lines": [1, 2, 3, 4, 5, 6, 7, 9, 10, 11, 12, 14, 15, 17, 18, 19, 21, 22, 27, 28, 29, 30, 41, 42, 44, 45, 46, 47, 48, 49, 52, 53, 58, 59, 60, 63, 65, 66, 67, 68, 70, 71, 72, 73, 78, 79, 80, 82, 85, 107, 110, 112, 123, 124, 125, 126, 127, 128, 129, 130, 132, 138, 139, 140, 141, 142, 145, 146, 147, 148, 149, 151, 153, 154, 162, 164, 165, 167, 168, 170, 173, 174, 176, 187, 188, 189, 190, 193, 204, 205, 206, 207, 209, 211, 212, 213, 214, 215, 216, 217, 218, 219, 220, 222, 223, 224, 225, 227, 228, 229, 230, 232, 233, 235, 236, 238, 239, 241, 242], "excluded_lines": []}, "colossalai/_analyzer/fx/node_util.py": {"executed_lines": [], "summary": {"covered_lines": 0, "num_statements": 97, "percent_covered": 0.0, "percent_covered_display": "0", "missing_lines": 97, "excluded_lines": 0}, "missing_lines": [1, 2, 4, 5, 6, 8, 11, 12, 15, 16, 19, 20, 23, 32, 33, 34, 35, 37, 38, 39, 40, 41, 42, 43, 44, 47, 48, 85, 88, 92, 93, 98, 99, 101, 102, 103, 106, 107, 110, 111, 115, 116, 117, 119, 120, 124, 126, 127, 128, 129, 130, 132, 133, 134, 136, 137, 139, 140, 141, 143, 144, 145, 147, 148, 149, 151, 152, 153, 155, 156, 158, 163, 165, 166, 168, 173, 175, 176, 178, 183, 185, 186, 188, 190, 191, 192, 193, 194, 195, 196, 197, 200, 201, 202, 203, 204, 213], "excluded_lines": []}, "colossalai/_analyzer/fx/passes/__init__.py": {"executed_lines": [], "summary": {"covered_lines": 0, "num_statements": 2, "percent_covered": 0.0, "percent_covered_display": "0", "missing_lines": 2, "excluded_lines": 0}, "missing_lines": [1, 2], "excluded_lines": []}, "colossalai/_analyzer/fx/passes/graph_profile.py": {"executed_lines": [], "summary": {"covered_lines": 0, "num_statements": 100, "percent_covered": 0.0, "percent_covered_display": "0", "missing_lines": 100, "excluded_lines": 0}, "missing_lines": [1, 3, 4, 5, 6, 7, 9, 10, 13, 15, 16, 17, 18, 19, 20, 21, 22, 23, 26, 27, 30, 31, 32, 33, 36, 37, 40, 46, 52, 53, 55, 71, 76, 77, 78, 80, 81, 83, 84, 85, 87, 88, 89, 91, 102, 103, 104, 105, 107, 119, 121, 123, 133, 134, 135, 136, 143, 144, 146, 148, 149, 150, 164, 168, 181, 184, 189, 190, 193, 230, 232, 246, 247, 249, 250, 251, 257, 258, 264, 265, 267, 269, 285, 288, 289, 291, 293, 308, 309, 311, 328, 329, 330, 333, 346, 350, 351, 353, 354, 355], "excluded_lines": []}, "colossalai/_analyzer/fx/passes/shape_prop.py": {"executed_lines": [], "summary": {"covered_lines": 0, "num_statements": 104, "percent_covered": 0.0, "percent_covered_display": "0", "missing_lines": 104, "excluded_lines": 0}, "missing_lines": [3, 5, 6, 7, 8, 10, 11, 12, 14, 17, 32, 33, 34, 35, 36, 38, 39, 40, 41, 43, 44, 47, 48, 49, 50, 53, 54, 55, 56, 57, 60, 61, 94, 95, 97, 98, 99, 101, 114, 115, 116, 118, 119, 120, 121, 123, 125, 126, 127, 128, 130, 131, 132, 133, 136, 138, 139, 140, 142, 143, 144, 145, 148, 155, 157, 162, 163, 165, 167, 168, 170, 171, 172, 174, 191, 192, 193, 194, 195, 197, 198, 199, 201, 203, 218, 220, 222, 223, 226, 228, 229, 230, 231, 233, 235, 246, 247, 248, 250, 252, 253, 256, 269, 270], "excluded_lines": []}, "colossalai/_analyzer/fx/symbolic_profile.py": {"executed_lines": [], "summary": {"covered_lines": 0, "num_statements": 17, "percent_covered": 0.0, "percent_covered_display": "0", "missing_lines": 17, "excluded_lines": 0}, "missing_lines": [1, 3, 4, 7, 8, 9, 10, 12, 15, 16, 17, 18, 20, 23, 34, 35, 36], "excluded_lines": []}, "colossalai/_analyzer/fx/tracer/__init__.py": {"executed_lines": [], "summary": {"covered_lines": 0, "num_statements": 2, "percent_covered": 0.0, "percent_covered_display": "0", "missing_lines": 2, "excluded_lines": 0}, "missing_lines": [1, 2], "excluded_lines": []}, "colossalai/_analyzer/fx/tracer/bias_addition.py": {"executed_lines": [], "summary": {"covered_lines": 0, "num_statements": 60, "percent_covered": 0.0, "percent_covered_display": "0", "missing_lines": 60, "excluded_lines": 0}, "missing_lines": [6, 7, 8, 10, 12, 15, 16, 17, 18, 20, 23, 24, 25, 26, 28, 33, 34, 35, 36, 38, 43, 44, 45, 46, 48, 53, 54, 64, 65, 75, 86, 87, 90, 91, 101, 112, 113, 123, 124, 134, 145, 146, 147, 148, 149, 150, 151, 152, 153, 155, 158, 159, 160, 161, 162, 163, 164, 165, 166, 168], "excluded_lines": []}, "colossalai/_analyzer/fx/tracer/custom_leaf_module.py": {"executed_lines": [], "summary": {"covered_lines": 0, "num_statements": 22, "percent_covered": 0.0, "percent_covered_display": "0", "missing_lines": 22, "excluded_lines": 0}, "missing_lines": [1, 3, 5, 6, 8, 9, 10, 11, 13, 14, 15, 16, 17, 19, 20, 21, 22, 23, 24, 27, 29, 30], "excluded_lines": []}, "colossalai/_analyzer/fx/tracer/proxy.py": {"executed_lines": [], "summary": {"covered_lines": 0, "num_statements": 78, "percent_covered": 0.0, "percent_covered_display": "0", "missing_lines": 78, "excluded_lines": 0}, "missing_lines": [1, 2, 4, 5, 6, 8, 10, 13, 14, 16, 17, 18, 20, 21, 22, 24, 25, 26, 27, 29, 30, 31, 32, 33, 34, 35, 36, 38, 39, 40, 41, 42, 44, 45, 46, 48, 49, 51, 52, 54, 55, 57, 58, 59, 60, 61, 63, 64, 66, 67, 69, 70, 72, 73, 74, 75, 77, 78, 82, 83, 85, 86, 89, 90, 91, 92, 93, 94, 95, 97, 98, 101, 102, 103, 105, 106, 108, 109], "excluded_lines": []}, "colossalai/_analyzer/fx/tracer/symbolic_trace.py": {"executed_lines": [], "summary": {"covered_lines": 0, "num_statements": 30, "percent_covered": 0.0, "percent_covered_display": "0", "missing_lines": 30, "excluded_lines": 0}, "missing_lines": [1, 3, 4, 5, 7, 9, 10, 12, 13, 14, 15, 16, 19, 20, 23, 24, 25, 26, 27, 30, 145, 146, 147, 148, 151, 152, 153, 155, 156, 157], "excluded_lines": []}, "colossalai/_analyzer/fx/tracer/tracer.py": {"executed_lines": [], "summary": {"covered_lines": 0, "num_statements": 222, "percent_covered": 0.0, "percent_covered_display": "0", "missing_lines": 222, "excluded_lines": 0}, "missing_lines": [1, 2, 3, 4, 6, 7, 8, 9, 11, 13, 14, 16, 19, 20, 23, 26, 27, 28, 29, 30, 32, 35, 36, 37, 38, 40, 43, 44, 47, 48, 51, 52, 53, 54, 55, 56, 57, 67, 68, 69, 70, 73, 74, 75, 77, 80, 82, 85, 86, 88, 92, 95, 96, 97, 98, 99, 101, 102, 104, 114, 115, 116, 117, 122, 123, 124, 125, 126, 127, 128, 129, 131, 132, 133, 134, 135, 136, 137, 138, 140, 141, 145, 146, 147, 148, 149, 150, 151, 152, 153, 154, 156, 158, 159, 161, 162, 163, 164, 166, 172, 173, 175, 176, 179, 180, 181, 182, 183, 185, 186, 187, 189, 190, 191, 192, 194, 195, 197, 198, 200, 201, 202, 203, 204, 206, 207, 209, 210, 213, 216, 220, 221, 222, 223, 224, 225, 227, 231, 232, 233, 235, 236, 238, 239, 240, 242, 243, 244, 245, 246, 249, 250, 253, 256, 257, 259, 261, 263, 264, 266, 268, 269, 272, 273, 274, 275, 278, 281, 282, 283, 285, 286, 288, 290, 292, 297, 298, 300, 303, 304, 306, 309, 310, 312, 313, 316, 319, 323, 324, 325, 326, 327, 328, 330, 332, 333, 334, 336, 337, 339, 340, 341, 343, 344, 345, 346, 347, 348, 349, 354, 355, 356, 357, 359, 360, 361, 362, 364, 365, 368, 369, 371], "excluded_lines": []}, "colossalai/accelerator/__init__.py": {"executed_lines": [1, 2, 3, 4, 5, 7], "summary": {"covered_lines": 6, "num_statements": 6, "percent_covered": 100.0, "percent_covered_display": "100", "missing_lines": 0, "excluded_lines": 0}, "missing_lines": [], "excluded_lines": []}, "colossalai/accelerator/api.py": {"executed_lines": [2, 3, 5, 6, 7, 8, 10, 13, 19, 22, 40, 47, 48, 49, 50, 51, 52, 53, 54, 56, 60, 69, 70, 71], "summary": {"covered_lines": 24, "num_statements": 30, "percent_covered": 80.0, "percent_covered_display": "80", "missing_lines": 6, "excluded_lines": 0}, "missing_lines": [32, 33, 34, 35, 37, 57], "excluded_lines": []}, "colossalai/accelerator/base_accelerator.py": {"executed_lines": [3, 4, 6, 8, 11, 12, 14, 15, 16, 17, 23, 24, 30, 31, 37, 38, 44, 51, 52, 57, 58, 63, 64, 69, 70, 75, 76, 81, 82, 87, 88, 93, 94, 99, 115, 116, 121, 122, 127, 128, 133, 134, 142, 143, 148, 149, 154, 155, 160, 161, 166, 167, 172, 173, 178, 179, 184, 185, 190, 191, 199, 200, 205, 206, 211, 212, 217, 218, 223, 224, 229, 230, 235, 236, 241, 242, 247, 248, 253, 254, 259, 260, 265, 266, 275, 276, 281, 282, 287, 288, 293, 294, 299, 300, 305, 306, 314, 315], "summary": {"covered_lines": 98, "num_statements": 111, "percent_covered": 88.28828828828829, "percent_covered_display": "88", "missing_lines": 13, "excluded_lines": 0}, "missing_lines": [28, 35, 42, 45, 46, 105, 106, 107, 108, 109, 110, 111, 113], "excluded_lines": []}, "colossalai/accelerator/cpu_accelerator.py": {"executed_lines": [3, 4, 5, 7, 8, 10, 12, 15, 16, 17, 21, 22, 27, 33, 37, 39, 45, 51, 57, 63, 69, 75, 81, 87, 93, 102, 108, 114, 120, 126, 132, 138, 144, 150, 160, 166, 172, 178, 184, 190, 196, 202, 208, 214, 220, 228, 238, 244, 250, 256, 262, 268, 277, 283], "summary": {"covered_lines": 54, "num_statements": 94, "percent_covered": 57.4468085106383, "percent_covered_display": "57", "missing_lines": 40, "excluded_lines": 0}, "missing_lines": [31, 43, 49, 55, 61, 67, 73, 79, 85, 91, 97, 106, 112, 118, 124, 130, 136, 142, 148, 154, 164, 170, 176, 182, 188, 194, 200, 206, 212, 218, 224, 225, 226, 232, 242, 248, 254, 260, 266, 272], "excluded_lines": []}, "colossalai/accelerator/cuda_accelerator.py": {"executed_lines": [3, 5, 6, 8, 10, 13, 14, 18, 19, 24, 30, 36, 42, 52, 58, 64, 68, 70, 76, 82, 88, 94, 103, 109, 115, 121, 127, 133, 139, 145, 151, 161, 167, 173, 179, 185, 191, 197, 203, 209, 215, 221, 227, 237, 243, 249, 255, 261, 267, 276], "summary": {"covered_lines": 49, "num_statements": 92, "percent_covered": 53.26086956521739, "percent_covered_display": "53", "missing_lines": 43, "excluded_lines": 0}, "missing_lines": [28, 34, 40, 46, 47, 48, 49, 50, 56, 62, 74, 80, 86, 92, 98, 107, 113, 119, 125, 131, 137, 143, 149, 155, 165, 171, 177, 183, 189, 195, 201, 207, 213, 219, 225, 231, 241, 247, 253, 259, 265, 271, 282], "excluded_lines": []}, "colossalai/accelerator/npu_accelerator.py": {"executed_lines": [3, 5, 6, 8, 10, 11, 12, 13, 16, 19, 20, 24, 25, 30, 36, 42, 48, 58, 64, 70, 74, 76, 82, 88, 94, 100, 109, 115, 121, 127, 133, 139, 145, 151, 157, 167, 173, 179, 185, 191, 197, 203, 209, 215, 221, 227, 233, 243, 249, 255, 261, 267, 273, 282], "summary": {"covered_lines": 53, "num_statements": 96, "percent_covered": 55.208333333333336, "percent_covered_display": "55", "missing_lines": 43, "excluded_lines": 0}, "missing_lines": [34, 40, 46, 52, 53, 54, 55, 56, 62, 68, 80, 86, 92, 98, 104, 113, 119, 125, 131, 137, 143, 149, 155, 161, 171, 177, 183, 189, 195, 201, 207, 213, 219, 225, 231, 237, 247, 253, 259, 265, 271, 277, 288], "excluded_lines": []}, "colossalai/amp/__init__.py": {"executed_lines": [1], "summary": {"covered_lines": 0, "num_statements": 0, "percent_covered": 100.0, "percent_covered_display": "100", "missing_lines": 0, "excluded_lines": 0}, "missing_lines": [], "excluded_lines": []}, "colossalai/amp/naive_amp/__init__.py": {"executed_lines": [1], "summary": {"covered_lines": 0, "num_statements": 0, "percent_covered": 100.0, "percent_covered_display": "100", "missing_lines": 0, "excluded_lines": 0}, "missing_lines": [], "excluded_lines": []}, "colossalai/amp/naive_amp/grad_scaler/__init__.py": {"executed_lines": [1, 2, 3, 5], "summary": {"covered_lines": 4, "num_statements": 4, "percent_covered": 100.0, "percent_covered_display": "100", "missing_lines": 0, "excluded_lines": 0}, "missing_lines": [], "excluded_lines": []}, "colossalai/amp/naive_amp/grad_scaler/base_grad_scaler.py": {"executed_lines": [4, 5, 7, 8, 10, 11, 13, 16, 17, 24, 32, 33, 38, 39, 44, 51, 60, 61, 68], "summary": {"covered_lines": 18, "num_statements": 31, "percent_covered": 58.064516129032256, "percent_covered_display": "58", "missing_lines": 13, "excluded_lines": 0}, "missing_lines": [25, 26, 27, 29, 30, 36, 42, 47, 48, 49, 58, 77, 78], "excluded_lines": []}, "colossalai/amp/naive_amp/grad_scaler/constant_grad_scaler.py": {"executed_lines": [3, 5, 8, 9, 16, 20], "summary": {"covered_lines": 5, "num_statements": 7, "percent_covered": 71.42857142857143, "percent_covered_display": "71", "missing_lines": 2, "excluded_lines": 0}, "missing_lines": [17, 18], "excluded_lines": []}, "colossalai/amp/naive_amp/grad_scaler/dynamic_grad_scaler.py": {"executed_lines": [4, 6, 8, 10, 12, 15, 16, 29, 65, 78, 103, 110, 117, 125], "summary": {"covered_lines": 13, "num_statements": 66, "percent_covered": 19.696969696969695, "percent_covered_display": "20", "missing_lines": 53, "excluded_lines": 0}, "missing_lines": [40, 41, 42, 43, 44, 48, 50, 51, 55, 57, 58, 59, 60, 61, 62, 63, 68, 69, 70, 71, 72, 73, 74, 75, 76, 84, 85, 86, 88, 89, 90, 92, 93, 94, 95, 96, 97, 106, 107, 108, 113, 114, 115, 118, 119, 120, 121, 122, 123, 126, 127, 128, 129], "excluded_lines": []}, "colossalai/amp/naive_amp/mixed_precision_mixin/__init__.py": {"executed_lines": [1, 2, 3, 5], "summary": {"covered_lines": 4, "num_statements": 4, "percent_covered": 100.0, "percent_covered_display": "100", "missing_lines": 0, "excluded_lines": 0}, "missing_lines": [], "excluded_lines": []}, "colossalai/amp/naive_amp/mixed_precision_mixin/base.py": {"executed_lines": [1, 3, 4, 7, 8, 43, 45, 46, 56, 57, 68, 69, 76, 77, 80, 81], "summary": {"covered_lines": 15, "num_statements": 15, "percent_covered": 100.0, "percent_covered_display": "100", "missing_lines": 0, "excluded_lines": 0}, "missing_lines": [], "excluded_lines": []}, "colossalai/amp/naive_amp/mixed_precision_mixin/bf16.py": {"executed_lines": [1, 2, 4, 7, 8, 10, 13, 16, 19, 22], "summary": {"covered_lines": 10, "num_statements": 15, "percent_covered": 66.66666666666667, "percent_covered_display": "67", "missing_lines": 5, "excluded_lines": 0}, "missing_lines": [11, 14, 17, 20, 23], "excluded_lines": []}, "colossalai/amp/naive_amp/mixed_precision_mixin/fp16.py": {"executed_lines": [1, 2, 4, 5, 6, 8, 9, 11, 14, 15, 16, 19, 20, 22, 45, 46, 49, 50, 57, 65, 70, 74, 81, 84], "summary": {"covered_lines": 24, "num_statements": 48, "percent_covered": 50.0, "percent_covered_display": "50", "missing_lines": 24, "excluded_lines": 0}, "missing_lines": [32, 33, 42, 43, 47, 59, 60, 61, 62, 63, 66, 67, 68, 71, 72, 75, 76, 77, 78, 79, 82, 85, 86, 87], "excluded_lines": []}, "colossalai/amp/naive_amp/mixed_precision_optimizer.py": {"executed_lines": [1, 3, 4, 5, 6, 8, 10, 13, 14, 30, 37, 38, 88, 92, 96, 102, 134, 163, 201, 210, 213], "summary": {"covered_lines": 21, "num_statements": 112, "percent_covered": 18.75, "percent_covered_display": "19", "missing_lines": 91, "excluded_lines": 0}, "missing_lines": [25, 28, 31, 32, 33, 34, 51, 52, 53, 54, 55, 56, 57, 67, 68, 70, 71, 72, 73, 76, 77, 78, 79, 80, 81, 82, 83, 84, 85, 86, 89, 90, 93, 94, 97, 98, 99, 100, 112, 115, 116, 118, 121, 124, 125, 128, 129, 130, 131, 132, 146, 147, 150, 152, 153, 156, 157, 158, 159, 161, 164, 165, 166, 168, 169, 170, 171, 172, 173, 174, 175, 178, 180, 183, 189, 190, 192, 194, 195, 196, 197, 198, 199, 203, 204, 205, 206, 207, 208, 211, 214], "excluded_lines": []}, "colossalai/auto_parallel/__init__.py": {"executed_lines": [1], "summary": {"covered_lines": 0, "num_statements": 0, "percent_covered": 100.0, "percent_covered_display": "100", "missing_lines": 0, "excluded_lines": 0}, "missing_lines": [], "excluded_lines": []}, "colossalai/auto_parallel/checkpoint/__init__.py": {"executed_lines": [], "summary": {"covered_lines": 0, "num_statements": 3, "percent_covered": 0.0, "percent_covered_display": "0", "missing_lines": 3, "excluded_lines": 0}, "missing_lines": [1, 2, 3], "excluded_lines": []}, "colossalai/auto_parallel/checkpoint/build_c_ext.py": {"executed_lines": [], "summary": {"covered_lines": 0, "num_statements": 5, "percent_covered": 0.0, "percent_covered_display": "0", "missing_lines": 5, "excluded_lines": 0}, "missing_lines": [1, 3, 5, 6, 13], "excluded_lines": []}, "colossalai/auto_parallel/checkpoint/ckpt_solver_base.py": {"executed_lines": [], "summary": {"covered_lines": 0, "num_statements": 72, "percent_covered": 0.0, "percent_covered_display": "0", "missing_lines": 72, "excluded_lines": 0}, "missing_lines": [1, 2, 3, 5, 6, 8, 13, 15, 18, 20, 21, 22, 25, 27, 30, 31, 61, 62, 63, 64, 67, 68, 73, 74, 75, 76, 77, 79, 81, 82, 85, 87, 89, 114, 116, 126, 127, 129, 131, 138, 140, 141, 142, 143, 144, 145, 147, 149, 151, 158, 159, 160, 161, 164, 165, 168, 170, 171, 172, 174, 175, 176, 177, 178, 179, 183, 184, 185, 188, 191, 193, 194], "excluded_lines": []}, "colossalai/auto_parallel/checkpoint/ckpt_solver_chen.py": {"executed_lines": [], "summary": {"covered_lines": 0, "num_statements": 47, "percent_covered": 0.0, "percent_covered_display": "0", "missing_lines": 47, "excluded_lines": 0}, "missing_lines": [1, 2, 3, 5, 7, 9, 11, 14, 15, 33, 34, 36, 42, 43, 44, 45, 46, 47, 48, 49, 50, 52, 56, 57, 58, 59, 60, 61, 62, 64, 65, 66, 67, 68, 69, 70, 71, 73, 78, 79, 80, 81, 82, 83, 84, 85, 86], "excluded_lines": []}, "colossalai/auto_parallel/checkpoint/ckpt_solver_rotor.py": {"executed_lines": [], "summary": {"covered_lines": 0, "num_statements": 252, "percent_covered": 0.0, "percent_covered_display": "0", "missing_lines": 252, "excluded_lines": 0}, "missing_lines": [1, 2, 4, 5, 7, 8, 9, 16, 18, 19, 21, 24, 25, 54, 55, 58, 59, 60, 62, 63, 64, 66, 76, 79, 80, 82, 84, 85, 88, 89, 92, 93, 95, 96, 97, 99, 100, 102, 104, 105, 106, 107, 114, 116, 117, 119, 120, 121, 122, 123, 125, 126, 127, 128, 129, 130, 131, 132, 135, 136, 138, 140, 141, 143, 144, 145, 146, 147, 148, 149, 151, 152, 154, 155, 158, 159, 161, 162, 163, 164, 165, 167, 168, 170, 171, 172, 173, 174, 176, 177, 179, 181, 182, 185, 186, 187, 189, 190, 191, 192, 194, 196, 197, 198, 199, 200, 201, 202, 203, 204, 205, 206, 208, 209, 223, 224, 225, 226, 227, 228, 231, 232, 235, 236, 237, 238, 239, 241, 244, 245, 246, 247, 248, 249, 250, 251, 252, 254, 259, 260, 262, 263, 264, 266, 267, 268, 269, 271, 272, 273, 275, 276, 277, 278, 281, 282, 283, 284, 286, 287, 288, 289, 299, 300, 301, 303, 304, 305, 307, 308, 327, 328, 329, 330, 332, 333, 334, 335, 337, 338, 340, 341, 349, 350, 351, 352, 358, 360, 361, 368, 369, 370, 371, 372, 373, 374, 377, 378, 379, 380, 382, 383, 384, 385, 386, 388, 389, 391, 392, 393, 394, 396, 397, 400, 401, 402, 405, 406, 407, 408, 409, 411, 412, 413, 414, 416, 417, 419, 420, 421, 422, 424, 425, 427, 428, 429, 430, 432, 435, 436, 437, 438, 439, 440, 444, 445, 446, 447, 448, 449, 452, 453], "excluded_lines": []}, "colossalai/auto_parallel/checkpoint/operation.py": {"executed_lines": [], "summary": {"covered_lines": 0, "num_statements": 104, "percent_covered": 0.0, "percent_covered_display": "0", "missing_lines": 104, "excluded_lines": 0}, "missing_lines": [1, 2, 3, 5, 8, 9, 31, 32, 33, 34, 35, 36, 37, 38, 40, 41, 50, 51, 52, 53, 54, 55, 56, 58, 59, 61, 63, 64, 65, 66, 67, 70, 71, 73, 74, 76, 77, 78, 80, 83, 84, 86, 87, 89, 90, 91, 93, 96, 97, 100, 101, 104, 105, 108, 109, 110, 112, 113, 115, 116, 117, 119, 122, 123, 126, 127, 129, 130, 132, 133, 134, 136, 139, 140, 141, 143, 144, 146, 147, 150, 151, 153, 154, 156, 157, 160, 161, 164, 165, 168, 169, 172, 173, 174, 176, 177, 179, 180, 181, 182, 183, 185, 186, 187], "excluded_lines": []}, "colossalai/auto_parallel/meta_profiler/__init__.py": {"executed_lines": [], "summary": {"covered_lines": 0, "num_statements": 3, "percent_covered": 0.0, "percent_covered_display": "0", "missing_lines": 3, "excluded_lines": 0}, "missing_lines": [1, 2, 3], "excluded_lines": []}, "colossalai/auto_parallel/meta_profiler/constants.py": {"executed_lines": [], "summary": {"covered_lines": 0, "num_statements": 6, "percent_covered": 0.0, "percent_covered_display": "0", "missing_lines": 6, "excluded_lines": 0}, "missing_lines": [1, 3, 4, 7, 10, 13], "excluded_lines": []}, "colossalai/auto_parallel/meta_profiler/meta_registry/__init__.py": {"executed_lines": [], "summary": {"covered_lines": 0, "num_statements": 10, "percent_covered": 0.0, "percent_covered_display": "0", "missing_lines": 10, "excluded_lines": 0}, "missing_lines": [1, 2, 3, 4, 5, 6, 7, 8, 9, 10], "excluded_lines": []}, "colossalai/auto_parallel/meta_profiler/meta_registry/activation.py": {"executed_lines": [], "summary": {"covered_lines": 0, "num_statements": 28, "percent_covered": 0.0, "percent_covered_display": "0", "missing_lines": 28, "excluded_lines": 0}, "missing_lines": [1, 3, 5, 6, 7, 9, 11, 14, 25, 26, 33, 34, 36, 38, 39, 41, 48, 57, 65, 72, 75, 76, 77, 79, 81, 86, 89, 92], "excluded_lines": []}, "colossalai/auto_parallel/meta_profiler/meta_registry/binary_elementwise_ops.py": {"executed_lines": [], "summary": {"covered_lines": 0, "num_statements": 26, "percent_covered": 0.0, "percent_covered_display": "0", "missing_lines": 26, "excluded_lines": 0}, "missing_lines": [1, 3, 5, 6, 7, 8, 10, 12, 15, 16, 27, 28, 31, 32, 38, 39, 40, 43, 44, 48, 54, 59, 62, 63, 64, 66], "excluded_lines": []}, "colossalai/auto_parallel/meta_profiler/meta_registry/conv.py": {"executed_lines": [], "summary": {"covered_lines": 0, "num_statements": 47, "percent_covered": 0.0, "percent_covered_display": "0", "missing_lines": 47, "excluded_lines": 0}, "missing_lines": [1, 3, 5, 6, 7, 9, 11, 14, 15, 16, 17, 18, 19, 20, 52, 53, 54, 55, 56, 58, 61, 62, 64, 65, 67, 70, 73, 76, 77, 78, 81, 84, 87, 88, 89, 90, 97, 98, 103, 108, 117, 129, 134, 137, 138, 139, 141], "excluded_lines": []}, "colossalai/auto_parallel/meta_profiler/meta_registry/embedding.py": {"executed_lines": [], "summary": {"covered_lines": 0, "num_statements": 23, "percent_covered": 0.0, "percent_covered_display": "0", "missing_lines": 23, "excluded_lines": 0}, "missing_lines": [1, 3, 5, 6, 7, 9, 11, 14, 15, 21, 22, 23, 26, 27, 31, 38, 41, 43, 45, 48, 49, 50, 52], "excluded_lines": []}, "colossalai/auto_parallel/meta_profiler/meta_registry/linear.py": {"executed_lines": [], "summary": {"covered_lines": 0, "num_statements": 113, "percent_covered": 0.0, "percent_covered_display": "0", "missing_lines": 113, "excluded_lines": 0}, "missing_lines": [1, 2, 4, 6, 7, 8, 10, 12, 15, 16, 17, 61, 63, 64, 65, 66, 68, 71, 73, 75, 77, 79, 80, 81, 82, 84, 86, 88, 94, 97, 104, 112, 120, 128, 133, 141, 144, 150, 158, 166, 174, 179, 182, 183, 184, 186, 189, 190, 220, 221, 224, 226, 227, 229, 230, 232, 237, 242, 249, 250, 252, 254, 256, 260, 261, 268, 271, 277, 287, 288, 295, 298, 303, 314, 315, 317, 319, 327, 338, 342, 348, 351, 352, 353, 354, 355, 356, 358, 361, 362, 363, 364, 365, 366, 368, 372, 381, 395, 396, 400, 401, 404, 409, 414, 422, 425, 432, 435, 442, 445, 446, 447, 449], "excluded_lines": []}, "colossalai/auto_parallel/meta_profiler/meta_registry/non_spmd.py": {"executed_lines": [], "summary": {"covered_lines": 0, "num_statements": 15, "percent_covered": 0.0, "percent_covered_display": "0", "missing_lines": 15, "excluded_lines": 0}, "missing_lines": [1, 2, 4, 6, 8, 10, 13, 14, 15, 16, 17, 24, 25, 26, 27], "excluded_lines": []}, "colossalai/auto_parallel/meta_profiler/meta_registry/norm.py": {"executed_lines": [], "summary": {"covered_lines": 0, "num_statements": 56, "percent_covered": 0.0, "percent_covered_display": "0", "missing_lines": 56, "excluded_lines": 0}, "missing_lines": [1, 3, 5, 6, 7, 9, 11, 14, 15, 16, 17, 40, 41, 42, 43, 44, 45, 46, 52, 53, 59, 70, 73, 74, 75, 80, 89, 97, 102, 105, 106, 107, 109, 112, 113, 120, 121, 122, 123, 124, 125, 128, 129, 130, 131, 134, 135, 136, 140, 147, 154, 161, 164, 165, 166, 168], "excluded_lines": []}, "colossalai/auto_parallel/meta_profiler/meta_registry/pooling.py": {"executed_lines": [], "summary": {"covered_lines": 0, "num_statements": 51, "percent_covered": 0.0, "percent_covered_display": "0", "missing_lines": 51, "excluded_lines": 0}, "missing_lines": [1, 3, 5, 6, 7, 9, 11, 14, 15, 16, 17, 33, 34, 35, 38, 39, 42, 43, 50, 51, 52, 55, 56, 59, 61, 64, 65, 66, 68, 71, 72, 73, 74, 91, 92, 95, 96, 99, 100, 103, 110, 111, 112, 117, 120, 126, 128, 131, 132, 133, 135], "excluded_lines": []}, "colossalai/auto_parallel/meta_profiler/meta_registry/tensor.py": {"executed_lines": [], "summary": {"covered_lines": 0, "num_statements": 24, "percent_covered": 0.0, "percent_covered_display": "0", "missing_lines": 24, "excluded_lines": 0}, "missing_lines": [1, 3, 5, 6, 8, 10, 13, 24, 30, 33, 37, 39, 46, 53, 56, 57, 58, 60, 63, 65, 67, 72, 77, 92], "excluded_lines": []}, "colossalai/auto_parallel/meta_profiler/meta_registry/where.py": {"executed_lines": [], "summary": {"covered_lines": 0, "num_statements": 25, "percent_covered": 0.0, "percent_covered_display": "0", "missing_lines": 25, "excluded_lines": 0}, "missing_lines": [1, 3, 5, 6, 7, 9, 11, 14, 15, 22, 25, 28, 29, 30, 31, 32, 34, 41, 42, 51, 58, 61, 62, 63, 65], "excluded_lines": []}, "colossalai/auto_parallel/meta_profiler/registry.py": {"executed_lines": [], "summary": {"covered_lines": 0, "num_statements": 20, "percent_covered": 0.0, "percent_covered_display": "0", "missing_lines": 20, "excluded_lines": 0}, "missing_lines": [1, 4, 5, 6, 7, 9, 10, 11, 13, 14, 16, 17, 19, 21, 22, 23, 24, 26, 27, 30], "excluded_lines": []}, "colossalai/auto_parallel/meta_profiler/shard_metainfo.py": {"executed_lines": [], "summary": {"covered_lines": 0, "num_statements": 63, "percent_covered": 0.0, "percent_covered_display": "0", "missing_lines": 63, "excluded_lines": 0}, "missing_lines": [1, 3, 5, 6, 8, 9, 11, 14, 20, 22, 25, 28, 31, 34, 37, 40, 43, 44, 46, 47, 48, 50, 51, 52, 54, 55, 56, 57, 58, 60, 61, 62, 63, 64, 66, 71, 72, 78, 79, 80, 81, 82, 83, 84, 85, 87, 89, 91, 95, 98, 100, 103, 106, 109, 112, 115, 116, 117, 118, 120, 123, 126, 127], "excluded_lines": []}, "colossalai/auto_parallel/offload/__init__.py": {"executed_lines": [], "summary": {"covered_lines": 0, "num_statements": 0, "percent_covered": 100.0, "percent_covered_display": "100", "missing_lines": 0, "excluded_lines": 0}, "missing_lines": [], "excluded_lines": []}, "colossalai/auto_parallel/offload/amp_optimizer.py": {"executed_lines": [], "summary": {"covered_lines": 0, "num_statements": 99, "percent_covered": 0.0, "percent_covered_display": "0", "missing_lines": 99, "excluded_lines": 0}, "missing_lines": [1, 2, 4, 5, 7, 8, 9, 10, 12, 13, 14, 17, 18, 19, 22, 40, 54, 56, 57, 58, 59, 61, 62, 63, 65, 67, 68, 70, 73, 82, 85, 87, 88, 89, 90, 91, 93, 94, 95, 97, 98, 99, 100, 101, 102, 103, 105, 107, 108, 110, 111, 113, 114, 115, 117, 119, 120, 122, 124, 125, 126, 128, 129, 130, 132, 134, 136, 137, 138, 139, 140, 141, 142, 143, 147, 148, 150, 151, 152, 153, 155, 156, 158, 159, 160, 161, 163, 164, 165, 167, 168, 169, 170, 171, 172, 175, 176, 178, 182], "excluded_lines": []}, "colossalai/auto_parallel/offload/base_offload_module.py": {"executed_lines": [], "summary": {"covered_lines": 0, "num_statements": 71, "percent_covered": 0.0, "percent_covered_display": "0", "missing_lines": 71, "excluded_lines": 0}, "missing_lines": [1, 2, 4, 5, 7, 8, 10, 11, 14, 24, 25, 26, 27, 28, 30, 32, 34, 35, 36, 37, 39, 40, 41, 43, 44, 46, 47, 48, 49, 51, 52, 53, 54, 55, 56, 58, 59, 60, 62, 63, 64, 66, 67, 69, 70, 72, 73, 74, 75, 76, 77, 78, 79, 80, 81, 82, 83, 84, 86, 87, 88, 90, 91, 93, 94, 96, 97, 99, 100, 102, 105], "excluded_lines": []}, "colossalai/auto_parallel/offload/mem_optimize.py": {"executed_lines": [], "summary": {"covered_lines": 0, "num_statements": 36, "percent_covered": 0.0, "percent_covered_display": "0", "missing_lines": 36, "excluded_lines": 0}, "missing_lines": [1, 3, 4, 5, 6, 8, 9, 11, 12, 13, 14, 17, 20, 21, 22, 23, 24, 25, 26, 27, 28, 30, 31, 32, 34, 35, 36, 37, 41, 42, 43, 44, 46, 48, 49, 50], "excluded_lines": []}, "colossalai/auto_parallel/offload/region.py": {"executed_lines": [], "summary": {"covered_lines": 0, "num_statements": 82, "percent_covered": 0.0, "percent_covered_display": "0", "missing_lines": 82, "excluded_lines": 0}, "missing_lines": [1, 3, 4, 6, 7, 10, 18, 19, 20, 21, 22, 24, 25, 26, 27, 28, 29, 30, 32, 33, 34, 35, 36, 38, 40, 41, 45, 47, 48, 52, 54, 59, 60, 61, 62, 63, 64, 65, 66, 67, 69, 70, 71, 72, 74, 83, 84, 85, 86, 87, 88, 90, 92, 97, 98, 99, 100, 101, 103, 105, 106, 110, 119, 120, 121, 123, 125, 129, 130, 131, 132, 133, 134, 136, 137, 138, 139, 141, 143, 144, 145, 146], "excluded_lines": []}, "colossalai/auto_parallel/offload/region_manager.py": {"executed_lines": [], "summary": {"covered_lines": 0, "num_statements": 283, "percent_covered": 0.0, "percent_covered_display": "0", "missing_lines": 283, "excluded_lines": 0}, "missing_lines": [1, 3, 4, 6, 7, 8, 9, 12, 23, 24, 25, 26, 27, 28, 29, 30, 31, 32, 33, 34, 35, 37, 38, 40, 42, 51, 53, 54, 55, 57, 59, 60, 62, 63, 65, 66, 67, 68, 69, 70, 71, 72, 74, 75, 76, 78, 79, 81, 82, 83, 84, 86, 87, 89, 90, 91, 92, 94, 96, 97, 99, 100, 101, 102, 104, 118, 119, 120, 122, 123, 124, 125, 126, 127, 128, 129, 130, 131, 132, 133, 135, 136, 139, 144, 156, 157, 158, 160, 161, 162, 163, 164, 165, 166, 167, 168, 169, 171, 173, 188, 192, 193, 194, 195, 196, 197, 198, 199, 200, 202, 204, 205, 206, 208, 209, 210, 211, 212, 213, 215, 217, 222, 224, 225, 226, 227, 228, 230, 231, 233, 234, 235, 236, 237, 239, 241, 246, 247, 248, 249, 250, 251, 254, 255, 256, 259, 260, 261, 262, 263, 264, 265, 266, 267, 268, 269, 271, 285, 287, 297, 298, 300, 302, 312, 313, 314, 315, 316, 317, 318, 320, 330, 331, 332, 333, 334, 335, 336, 340, 342, 344, 354, 356, 357, 358, 359, 360, 361, 363, 365, 366, 367, 368, 372, 374, 375, 379, 381, 383, 384, 387, 388, 389, 390, 393, 394, 396, 398, 399, 401, 403, 404, 405, 407, 409, 410, 411, 412, 413, 414, 415, 417, 418, 419, 420, 421, 422, 423, 424, 425, 426, 428, 429, 430, 431, 435, 436, 437, 438, 441, 444, 446, 449, 454, 455, 458, 459, 461, 462, 464, 466, 467, 469, 470, 471, 472, 473, 474, 475, 476, 478, 480, 481, 482, 484, 485, 486, 487, 488, 490, 491, 492, 493, 494, 496, 498, 499, 500, 502, 509, 511, 512, 513], "excluded_lines": []}, "colossalai/auto_parallel/offload/runtime.py": {"executed_lines": [], "summary": {"covered_lines": 0, "num_statements": 146, "percent_covered": 0.0, "percent_covered_display": "0", "missing_lines": 146, "excluded_lines": 0}, "missing_lines": [1, 3, 4, 6, 7, 10, 22, 23, 24, 25, 26, 27, 28, 29, 31, 32, 33, 34, 35, 37, 39, 40, 41, 42, 43, 44, 45, 47, 50, 62, 63, 64, 66, 67, 68, 69, 70, 72, 73, 74, 75, 76, 77, 78, 79, 81, 82, 83, 85, 87, 88, 89, 90, 91, 92, 93, 94, 95, 97, 99, 100, 101, 102, 103, 104, 105, 106, 108, 109, 110, 111, 114, 125, 126, 127, 130, 141, 142, 143, 146, 147, 148, 149, 150, 151, 152, 153, 154, 156, 158, 159, 160, 162, 163, 166, 170, 171, 173, 175, 176, 177, 180, 181, 183, 185, 186, 188, 189, 190, 193, 195, 197, 200, 204, 207, 208, 209, 210, 211, 214, 215, 217, 219, 220, 221, 222, 223, 224, 227, 228, 230, 232, 233, 234, 235, 237, 238, 239, 244, 246, 248, 249, 250, 251, 254, 256], "excluded_lines": []}, "colossalai/auto_parallel/offload/solver.py": {"executed_lines": [], "summary": {"covered_lines": 0, "num_statements": 259, "percent_covered": 0.0, "percent_covered_display": "0", "missing_lines": 259, "excluded_lines": 0}, "missing_lines": [1, 2, 3, 5, 6, 7, 8, 9, 11, 12, 14, 16, 17, 18, 21, 26, 27, 29, 31, 32, 33, 34, 35, 36, 37, 39, 42, 53, 54, 56, 57, 58, 60, 65, 66, 68, 69, 70, 72, 73, 74, 76, 77, 78, 80, 94, 96, 97, 99, 111, 112, 113, 114, 116, 121, 122, 124, 133, 134, 135, 136, 137, 138, 140, 148, 149, 150, 151, 153, 154, 155, 156, 157, 158, 159, 160, 162, 164, 170, 171, 172, 174, 175, 176, 179, 180, 181, 182, 183, 184, 185, 187, 188, 190, 191, 197, 199, 200, 203, 204, 205, 207, 208, 210, 215, 216, 217, 219, 228, 229, 230, 231, 232, 236, 237, 238, 239, 240, 241, 242, 244, 245, 246, 247, 249, 254, 259, 260, 261, 263, 265, 266, 267, 269, 272, 273, 275, 287, 288, 290, 292, 293, 294, 296, 299, 300, 301, 303, 305, 306, 308, 310, 315, 316, 317, 318, 320, 329, 331, 332, 333, 334, 335, 339, 340, 341, 342, 345, 346, 347, 349, 351, 352, 353, 354, 355, 356, 358, 359, 360, 361, 363, 364, 365, 366, 368, 369, 371, 373, 374, 376, 381, 383, 389, 390, 391, 393, 394, 396, 397, 399, 402, 403, 404, 406, 408, 414, 415, 416, 418, 419, 421, 424, 425, 427, 429, 435, 437, 438, 439, 440, 441, 442, 444, 445, 446, 447, 448, 450, 452, 453, 454, 455, 456, 458, 459, 461, 462, 463, 465, 467, 468, 470, 472, 481, 482, 484, 485, 487, 490, 491, 493, 494, 495, 496, 497, 499, 500, 501], "excluded_lines": []}, "colossalai/auto_parallel/offload/training_simulator.py": {"executed_lines": [], "summary": {"covered_lines": 0, "num_statements": 228, "percent_covered": 0.0, "percent_covered_display": "0", "missing_lines": 228, "excluded_lines": 0}, "missing_lines": [1, 2, 3, 4, 6, 8, 9, 12, 13, 14, 15, 18, 29, 30, 31, 33, 34, 35, 37, 38, 41, 43, 44, 46, 47, 48, 50, 51, 52, 54, 55, 56, 58, 70, 71, 72, 75, 76, 77, 79, 80, 82, 83, 86, 87, 88, 90, 95, 96, 98, 99, 101, 107, 108, 110, 111, 112, 113, 114, 116, 117, 119, 125, 126, 129, 131, 133, 135, 136, 137, 138, 141, 142, 144, 147, 148, 149, 150, 151, 152, 154, 155, 162, 163, 164, 165, 166, 167, 170, 171, 172, 174, 176, 178, 180, 182, 184, 186, 188, 191, 192, 194, 197, 202, 203, 205, 213, 214, 215, 216, 217, 218, 219, 220, 222, 223, 224, 227, 228, 229, 230, 232, 234, 239, 240, 241, 242, 243, 245, 246, 248, 253, 254, 255, 256, 258, 259, 260, 261, 262, 265, 266, 267, 269, 274, 275, 276, 277, 278, 280, 286, 287, 290, 291, 292, 295, 297, 303, 304, 305, 307, 308, 309, 312, 313, 314, 315, 317, 318, 319, 321, 322, 324, 325, 327, 328, 330, 336, 337, 338, 341, 342, 345, 348, 349, 351, 352, 353, 354, 355, 356, 358, 359, 361, 366, 367, 369, 370, 373, 374, 375, 378, 379, 380, 383, 384, 385, 386, 389, 391, 393, 395, 396, 397, 398, 401, 403, 405, 408, 409, 410, 411, 412, 413, 415, 416, 423, 424], "excluded_lines": []}, "colossalai/auto_parallel/offload/util.py": {"executed_lines": [], "summary": {"covered_lines": 0, "num_statements": 58, "percent_covered": 0.0, "percent_covered_display": "0", "missing_lines": 58, "excluded_lines": 0}, "missing_lines": [1, 2, 4, 6, 7, 9, 12, 13, 14, 15, 16, 19, 24, 25, 27, 28, 30, 31, 33, 34, 37, 38, 39, 40, 41, 42, 43, 46, 47, 48, 50, 51, 52, 53, 55, 56, 57, 58, 59, 61, 63, 66, 67, 68, 69, 70, 71, 73, 76, 77, 80, 81, 84, 85, 90, 91, 96, 97], "excluded_lines": []}, "colossalai/auto_parallel/passes/__init__.py": {"executed_lines": [], "summary": {"covered_lines": 0, "num_statements": 0, "percent_covered": 100.0, "percent_covered_display": "100", "missing_lines": 0, "excluded_lines": 0}, "missing_lines": [], "excluded_lines": []}, "colossalai/auto_parallel/passes/comm_metainfo_pass.py": {"executed_lines": [], "summary": {"covered_lines": 0, "num_statements": 60, "percent_covered": 0.0, "percent_covered_display": "0", "missing_lines": 60, "excluded_lines": 0}, "missing_lines": [1, 3, 4, 5, 7, 8, 9, 10, 11, 12, 14, 17, 21, 25, 28, 30, 31, 33, 34, 35, 36, 37, 39, 42, 51, 52, 54, 55, 56, 58, 61, 67, 68, 69, 74, 77, 79, 81, 82, 84, 85, 86, 87, 89, 90, 96, 97, 98, 99, 102, 106, 108, 111, 117, 118, 119, 120, 121, 123, 124], "excluded_lines": []}, "colossalai/auto_parallel/passes/constants.py": {"executed_lines": [], "summary": {"covered_lines": 0, "num_statements": 4, "percent_covered": 0.0, "percent_covered_display": "0", "missing_lines": 4, "excluded_lines": 0}, "missing_lines": [1, 3, 5, 13], "excluded_lines": []}, "colossalai/auto_parallel/passes/meta_info_prop.py": {"executed_lines": [], "summary": {"covered_lines": 0, "num_statements": 94, "percent_covered": 0.0, "percent_covered_display": "0", "missing_lines": 94, "excluded_lines": 0}, "missing_lines": [1, 2, 3, 5, 6, 7, 8, 10, 11, 12, 13, 16, 17, 18, 19, 22, 23, 24, 25, 26, 35, 39, 40, 41, 42, 44, 48, 49, 50, 51, 52, 54, 58, 60, 62, 63, 67, 68, 69, 70, 72, 73, 77, 78, 80, 81, 85, 86, 87, 88, 89, 90, 91, 93, 94, 98, 99, 100, 104, 105, 106, 108, 112, 113, 115, 116, 117, 118, 119, 120, 123, 125, 127, 130, 131, 134, 135, 136, 139, 140, 143, 144, 147, 148, 149, 152, 153, 154, 155, 156, 161, 162, 163, 165], "excluded_lines": []}, "colossalai/auto_parallel/passes/runtime_apply_pass.py": {"executed_lines": [], "summary": {"covered_lines": 0, "num_statements": 146, "percent_covered": 0.0, "percent_covered_display": "0", "missing_lines": 146, "excluded_lines": 0}, "missing_lines": [1, 3, 4, 6, 7, 8, 9, 10, 12, 15, 20, 21, 22, 25, 32, 33, 36, 41, 42, 45, 49, 50, 51, 53, 54, 55, 56, 59, 65, 66, 67, 68, 69, 70, 71, 72, 73, 74, 75, 76, 77, 78, 79, 80, 82, 85, 89, 90, 92, 94, 95, 96, 98, 99, 100, 103, 104, 107, 108, 109, 110, 111, 118, 121, 122, 123, 124, 129, 130, 135, 136, 138, 140, 141, 142, 143, 145, 146, 148, 151, 155, 156, 158, 160, 161, 162, 164, 165, 166, 167, 168, 169, 170, 171, 172, 174, 175, 176, 182, 184, 185, 186, 189, 190, 191, 193, 194, 195, 200, 201, 202, 203, 204, 205, 207, 209, 210, 211, 213, 214, 215, 216, 222, 225, 229, 230, 232, 233, 234, 236, 237, 238, 239, 240, 241, 242, 243, 244, 245, 246, 247, 249, 252, 256, 257, 259], "excluded_lines": []}, "colossalai/auto_parallel/passes/runtime_preparation_pass.py": {"executed_lines": [], "summary": {"covered_lines": 0, "num_statements": 294, "percent_covered": 0.0, "percent_covered_display": "0", "missing_lines": 294, "excluded_lines": 0}, "missing_lines": [1, 2, 4, 5, 7, 8, 9, 10, 11, 12, 13, 14, 16, 18, 21, 31, 32, 33, 34, 35, 36, 37, 40, 41, 42, 43, 44, 45, 46, 47, 49, 52, 59, 61, 62, 65, 66, 67, 69, 70, 71, 76, 77, 80, 82, 83, 84, 85, 86, 87, 89, 90, 91, 92, 96, 97, 98, 99, 100, 101, 102, 103, 104, 105, 106, 108, 109, 110, 111, 112, 113, 115, 116, 117, 118, 121, 122, 123, 124, 125, 126, 127, 128, 131, 138, 139, 140, 143, 144, 145, 147, 157, 158, 159, 160, 161, 162, 164, 171, 172, 174, 175, 181, 182, 183, 184, 185, 186, 188, 190, 191, 192, 194, 195, 197, 202, 203, 204, 205, 206, 207, 208, 209, 210, 211, 212, 213, 214, 215, 217, 219, 221, 222, 226, 227, 229, 232, 233, 238, 240, 241, 257, 258, 259, 260, 262, 263, 264, 265, 267, 268, 269, 270, 271, 272, 274, 275, 277, 280, 284, 285, 287, 292, 293, 294, 295, 296, 297, 298, 302, 303, 304, 305, 306, 308, 309, 310, 316, 317, 318, 319, 320, 322, 324, 327, 328, 330, 331, 333, 334, 335, 336, 338, 339, 340, 341, 342, 345, 346, 349, 351, 353, 354, 356, 358, 360, 361, 362, 363, 364, 366, 368, 369, 370, 372, 374, 375, 377, 378, 379, 381, 384, 389, 390, 392, 394, 395, 397, 398, 404, 405, 410, 411, 413, 414, 416, 418, 419, 420, 421, 422, 424, 426, 428, 430, 432, 433, 434, 438, 445, 447, 448, 449, 451, 452, 453, 454, 455, 456, 458, 459, 461, 463, 464, 465, 466, 467, 468, 470, 471, 473, 474, 475, 476, 477, 478, 479, 481, 482, 483, 484, 486, 487, 489, 490, 491, 493, 496, 502, 509, 512, 513, 516, 518], "excluded_lines": []}, "colossalai/auto_parallel/pipeline_shard/__init__.py": {"executed_lines": [], "summary": {"covered_lines": 0, "num_statements": 0, "percent_covered": 100.0, "percent_covered_display": "100", "missing_lines": 0, "excluded_lines": 0}, "missing_lines": [], "excluded_lines": []}, "colossalai/auto_parallel/tensor_shard/__init__.py": {"executed_lines": [1], "summary": {"covered_lines": 0, "num_statements": 0, "percent_covered": 100.0, "percent_covered_display": "100", "missing_lines": 0, "excluded_lines": 0}, "missing_lines": [], "excluded_lines": []}, "colossalai/auto_parallel/tensor_shard/constants.py": {"executed_lines": [1, 3, 5, 24, 25, 36, 42, 50, 57, 73, 81, 89, 90, 91, 92, 93, 94, 95, 125], "summary": {"covered_lines": 19, "num_statements": 19, "percent_covered": 100.0, "percent_covered_display": "100", "missing_lines": 0, "excluded_lines": 0}, "missing_lines": [], "excluded_lines": []}, "colossalai/auto_parallel/tensor_shard/initialize.py": {"executed_lines": [], "summary": {"covered_lines": 0, "num_statements": 120, "percent_covered": 0.0, "percent_covered_display": "0", "missing_lines": 120, "excluded_lines": 0}, "missing_lines": [1, 3, 4, 5, 6, 8, 9, 10, 11, 12, 13, 14, 15, 16, 17, 18, 19, 22, 28, 42, 43, 44, 45, 46, 48, 49, 58, 65, 73, 81, 82, 83, 84, 85, 86, 88, 90, 91, 92, 93, 95, 97, 98, 99, 100, 101, 102, 103, 104, 106, 108, 111, 112, 114, 117, 126, 127, 128, 129, 130, 132, 135, 149, 152, 153, 154, 155, 157, 160, 182, 183, 185, 186, 187, 189, 191, 192, 194, 196, 198, 199, 200, 203, 205, 206, 209, 211, 218, 221, 261, 263, 264, 265, 267, 268, 270, 277, 278, 280, 281, 282, 284, 288, 290, 291, 292, 293, 294, 295, 297, 300, 349, 352, 353, 355, 369, 370, 371, 373, 374], "excluded_lines": []}, "colossalai/auto_parallel/tensor_shard/node_handler/__init__.py": {"executed_lines": [], "summary": {"covered_lines": 0, "num_statements": 26, "percent_covered": 0.0, "percent_covered_display": "0", "missing_lines": 26, "excluded_lines": 0}, "missing_lines": [1, 2, 3, 4, 5, 6, 7, 8, 9, 10, 11, 12, 13, 14, 15, 16, 17, 18, 19, 20, 21, 22, 23, 24, 25, 27], "excluded_lines": []}, "colossalai/auto_parallel/tensor_shard/node_handler/addmm_handler.py": {"executed_lines": [], "summary": {"covered_lines": 0, "num_statements": 44, "percent_covered": 0.0, "percent_covered_display": "0", "missing_lines": 44, "excluded_lines": 0}, "missing_lines": [1, 3, 5, 6, 7, 8, 9, 11, 14, 15, 16, 23, 24, 25, 27, 28, 30, 32, 33, 38, 39, 43, 44, 45, 53, 55, 62, 64, 65, 66, 67, 70, 72, 74, 76, 77, 78, 79, 80, 83, 85, 86, 89, 91], "excluded_lines": []}, "colossalai/auto_parallel/tensor_shard/node_handler/batch_norm_handler.py": {"executed_lines": [], "summary": {"covered_lines": 0, "num_statements": 28, "percent_covered": 0.0, "percent_covered_display": "0", "missing_lines": 28, "excluded_lines": 0}, "missing_lines": [1, 3, 5, 6, 7, 8, 10, 13, 14, 15, 16, 21, 22, 23, 24, 25, 27, 30, 33, 39, 41, 48, 55, 62, 71, 72, 75, 76], "excluded_lines": []}, "colossalai/auto_parallel/tensor_shard/node_handler/binary_elementwise_handler.py": {"executed_lines": [], "summary": {"covered_lines": 0, "num_statements": 62, "percent_covered": 0.0, "percent_covered_display": "0", "missing_lines": 62, "excluded_lines": 0}, "missing_lines": [1, 3, 4, 6, 8, 9, 10, 11, 12, 14, 17, 18, 24, 25, 27, 28, 29, 31, 33, 34, 35, 36, 38, 39, 40, 41, 47, 48, 49, 51, 53, 54, 55, 58, 60, 66, 72, 75, 76, 77, 78, 80, 81, 83, 84, 85, 86, 87, 89, 91, 93, 94, 96, 101, 102, 103, 104, 108, 109, 110, 113, 115], "excluded_lines": []}, "colossalai/auto_parallel/tensor_shard/node_handler/bmm_handler.py": {"executed_lines": [], "summary": {"covered_lines": 0, "num_statements": 55, "percent_covered": 0.0, "percent_covered_display": "0", "missing_lines": 55, "excluded_lines": 0}, "missing_lines": [1, 3, 5, 6, 7, 8, 9, 11, 14, 20, 25, 30, 31, 33, 35, 36, 42, 43, 46, 47, 48, 55, 56, 57, 59, 60, 61, 62, 63, 66, 67, 68, 77, 78, 79, 81, 82, 83, 84, 86, 87, 88, 90, 92, 94, 95, 96, 97, 98, 99, 102, 104, 105, 108, 110], "excluded_lines": []}, "colossalai/auto_parallel/tensor_shard/node_handler/conv_handler.py": {"executed_lines": [], "summary": {"covered_lines": 0, "num_statements": 65, "percent_covered": 0.0, "percent_covered_display": "0", "missing_lines": 65, "excluded_lines": 0}, "missing_lines": [1, 3, 4, 6, 7, 8, 9, 10, 12, 15, 16, 17, 18, 23, 24, 25, 26, 27, 29, 32, 35, 36, 40, 46, 48, 50, 51, 54, 55, 57, 61, 62, 63, 64, 67, 68, 69, 70, 75, 76, 77, 78, 79, 81, 84, 89, 90, 92, 94, 95, 99, 105, 107, 109, 111, 112, 114, 115, 118, 119, 121, 125, 126, 127, 128], "excluded_lines": []}, "colossalai/auto_parallel/tensor_shard/node_handler/default_reshape_handler.py": {"executed_lines": [], "summary": {"covered_lines": 0, "num_statements": 38, "percent_covered": 0.0, "percent_covered_display": "0", "missing_lines": 38, "excluded_lines": 0}, "missing_lines": [1, 3, 5, 6, 7, 8, 10, 13, 14, 15, 16, 21, 22, 23, 24, 25, 27, 34, 35, 37, 38, 39, 40, 41, 42, 43, 45, 50, 51, 53, 55, 56, 57, 61, 62, 63, 67, 69], "excluded_lines": []}, "colossalai/auto_parallel/tensor_shard/node_handler/embedding_handler.py": {"executed_lines": [], "summary": {"covered_lines": 0, "num_statements": 89, "percent_covered": 0.0, "percent_covered_display": "0", "missing_lines": 89, "excluded_lines": 0}, "missing_lines": [1, 3, 4, 6, 7, 8, 10, 11, 12, 13, 15, 18, 31, 34, 35, 36, 37, 40, 41, 44, 49, 53, 54, 55, 56, 57, 58, 60, 67, 68, 70, 72, 79, 80, 82, 83, 90, 91, 92, 95, 99, 100, 102, 104, 110, 112, 115, 116, 121, 122, 123, 124, 125, 127, 132, 133, 134, 141, 150, 151, 152, 159, 161, 163, 170, 173, 176, 177, 182, 183, 184, 185, 186, 188, 193, 194, 195, 203, 204, 206, 208, 217, 218, 219, 226, 228, 230, 237, 240], "excluded_lines": []}, "colossalai/auto_parallel/tensor_shard/node_handler/getattr_handler.py": {"executed_lines": [], "summary": {"covered_lines": 0, "num_statements": 15, "percent_covered": 0.0, "percent_covered_display": "0", "missing_lines": 15, "excluded_lines": 0}, "missing_lines": [1, 3, 4, 5, 7, 10, 15, 16, 17, 18, 19, 21, 30, 32, 34], "excluded_lines": []}, "colossalai/auto_parallel/tensor_shard/node_handler/getitem_handler.py": {"executed_lines": [], "summary": {"covered_lines": 0, "num_statements": 23, "percent_covered": 0.0, "percent_covered_display": "0", "missing_lines": 23, "excluded_lines": 0}, "missing_lines": [1, 2, 4, 6, 7, 8, 9, 11, 14, 15, 20, 21, 22, 23, 24, 26, 28, 30, 33, 36, 37, 39, 41], "excluded_lines": []}, "colossalai/auto_parallel/tensor_shard/node_handler/layer_norm_handler.py": {"executed_lines": [], "summary": {"covered_lines": 0, "num_statements": 23, "percent_covered": 0.0, "percent_covered_display": "0", "missing_lines": 23, "excluded_lines": 0}, "missing_lines": [1, 3, 5, 6, 7, 8, 10, 13, 14, 19, 20, 21, 22, 23, 25, 28, 31, 37, 39, 41, 42, 45, 46], "excluded_lines": []}, "colossalai/auto_parallel/tensor_shard/node_handler/linear_handler.py": {"executed_lines": [], "summary": {"covered_lines": 0, "num_statements": 117, "percent_covered": 0.0, "percent_covered_display": "0", "missing_lines": 117, "excluded_lines": 0}, "missing_lines": [1, 3, 4, 6, 7, 8, 10, 11, 12, 13, 15, 18, 30, 31, 32, 35, 36, 37, 40, 55, 58, 59, 60, 61, 64, 65, 66, 67, 69, 70, 72, 74, 75, 77, 80, 86, 90, 91, 92, 93, 94, 95, 97, 98, 100, 106, 107, 109, 115, 116, 117, 118, 125, 126, 127, 130, 131, 132, 139, 140, 141, 147, 148, 151, 152, 157, 158, 159, 160, 168, 170, 173, 174, 175, 181, 187, 188, 189, 196, 198, 199, 202, 203, 205, 212, 217, 220, 223, 224, 229, 230, 231, 232, 235, 237, 240, 241, 242, 250, 251, 253, 255, 261, 262, 263, 270, 272, 274, 275, 277, 278, 281, 283, 285, 287, 293, 296], "excluded_lines": []}, "colossalai/auto_parallel/tensor_shard/node_handler/matmul_handler.py": {"executed_lines": [], "summary": {"covered_lines": 0, "num_statements": 266, "percent_covered": 0.0, "percent_covered_display": "0", "missing_lines": 266, "excluded_lines": 0}, "missing_lines": [1, 2, 3, 4, 5, 6, 8, 10, 15, 17, 18, 19, 20, 21, 30, 41, 42, 43, 44, 47, 55, 56, 57, 58, 59, 60, 61, 62, 64, 67, 70, 76, 77, 78, 80, 81, 82, 85, 90, 92, 94, 95, 96, 97, 99, 102, 103, 104, 105, 108, 109, 110, 111, 113, 114, 115, 117, 118, 119, 120, 121, 124, 127, 128, 129, 130, 133, 135, 138, 141, 142, 143, 146, 147, 148, 149, 150, 151, 153, 154, 155, 156, 159, 164, 165, 167, 168, 171, 172, 175, 178, 181, 182, 183, 184, 187, 188, 189, 191, 192, 194, 196, 198, 199, 200, 201, 203, 204, 209, 210, 213, 215, 217, 222, 225, 226, 227, 228, 229, 230, 231, 232, 233, 236, 241, 242, 244, 245, 246, 249, 250, 253, 254, 255, 256, 257, 258, 259, 260, 262, 264, 268, 269, 270, 271, 274, 275, 276, 277, 280, 281, 282, 285, 286, 288, 291, 292, 294, 295, 296, 297, 298, 299, 300, 301, 302, 305, 317, 319, 320, 322, 323, 324, 326, 329, 330, 331, 338, 339, 342, 343, 344, 346, 347, 348, 350, 354, 356, 358, 359, 360, 361, 362, 363, 364, 365, 366, 367, 368, 371, 373, 374, 380, 381, 382, 384, 386, 387, 389, 390, 392, 393, 396, 402, 408, 415, 416, 418, 422, 424, 430, 431, 432, 434, 435, 437, 441, 443, 444, 445, 446, 448, 449, 450, 451, 452, 455, 456, 457, 460, 461, 464, 465, 466, 467, 468, 469, 472, 477, 479, 480, 481, 483, 485, 486, 487, 488, 489, 490, 491, 492, 494, 497, 498, 499, 500], "excluded_lines": []}, "colossalai/auto_parallel/tensor_shard/node_handler/node_handler.py": {"executed_lines": [], "summary": {"covered_lines": 0, "num_statements": 162, "percent_covered": 0.0, "percent_covered_display": "0", "missing_lines": 162, "excluded_lines": 0}, "missing_lines": [1, 2, 4, 5, 7, 8, 9, 16, 17, 18, 19, 21, 24, 34, 42, 43, 44, 45, 46, 47, 48, 50, 55, 56, 58, 59, 64, 65, 66, 68, 69, 72, 75, 76, 81, 82, 84, 92, 93, 94, 95, 96, 97, 98, 102, 107, 112, 114, 119, 120, 121, 122, 125, 128, 129, 130, 131, 132, 137, 138, 139, 140, 141, 143, 148, 149, 151, 152, 153, 154, 155, 156, 158, 160, 162, 166, 167, 168, 172, 173, 175, 176, 177, 179, 183, 184, 185, 187, 190, 191, 192, 193, 195, 196, 197, 198, 199, 200, 201, 202, 203, 204, 206, 207, 208, 209, 210, 211, 212, 213, 214, 216, 217, 219, 221, 224, 226, 227, 232, 233, 255, 263, 268, 269, 273, 274, 275, 276, 277, 278, 279, 282, 285, 286, 288, 291, 292, 293, 296, 299, 300, 301, 303, 304, 305, 306, 307, 310, 318, 323, 324, 328, 329, 330, 331, 332, 333, 334, 337, 340, 341, 343], "excluded_lines": []}, "colossalai/auto_parallel/tensor_shard/node_handler/normal_pooling_handler.py": {"executed_lines": [], "summary": {"covered_lines": 0, "num_statements": 25, "percent_covered": 0.0, "percent_covered_display": "0", "missing_lines": 25, "excluded_lines": 0}, "missing_lines": [1, 3, 5, 6, 7, 8, 10, 13, 14, 15, 16, 17, 18, 19, 24, 25, 26, 27, 28, 30, 33, 36, 37, 39, 41], "excluded_lines": []}, "colossalai/auto_parallel/tensor_shard/node_handler/output_handler.py": {"executed_lines": [], "summary": {"covered_lines": 0, "num_statements": 33, "percent_covered": 0.0, "percent_covered_display": "0", "missing_lines": 33, "excluded_lines": 0}, "missing_lines": [1, 3, 5, 7, 8, 9, 11, 14, 19, 22, 23, 25, 26, 27, 28, 29, 31, 34, 35, 36, 37, 38, 39, 40, 41, 43, 44, 45, 47, 49, 50, 52, 53], "excluded_lines": []}, "colossalai/auto_parallel/tensor_shard/node_handler/permute_handler.py": {"executed_lines": [], "summary": {"covered_lines": 0, "num_statements": 44, "percent_covered": 0.0, "percent_covered_display": "0", "missing_lines": 44, "excluded_lines": 0}, "missing_lines": [1, 3, 5, 6, 7, 8, 10, 13, 14, 15, 20, 21, 22, 23, 24, 26, 28, 29, 31, 33, 34, 36, 37, 39, 40, 41, 42, 44, 45, 48, 49, 50, 51, 53, 56, 58, 59, 61, 62, 64, 66, 67, 69, 75], "excluded_lines": []}, "colossalai/auto_parallel/tensor_shard/node_handler/placeholder_handler.py": {"executed_lines": [], "summary": {"covered_lines": 0, "num_statements": 20, "percent_covered": 0.0, "percent_covered_display": "0", "missing_lines": 20, "excluded_lines": 0}, "missing_lines": [1, 3, 5, 7, 8, 9, 11, 14, 19, 22, 23, 25, 26, 27, 28, 31, 33, 36, 38, 40], "excluded_lines": []}, "colossalai/auto_parallel/tensor_shard/node_handler/registry.py": {"executed_lines": [], "summary": {"covered_lines": 0, "num_statements": 19, "percent_covered": 0.0, "percent_covered_display": "0", "missing_lines": 19, "excluded_lines": 0}, "missing_lines": [1, 2, 3, 4, 6, 7, 8, 10, 11, 13, 14, 16, 18, 19, 20, 21, 23, 24, 27], "excluded_lines": []}, "colossalai/auto_parallel/tensor_shard/node_handler/softmax_handler.py": {"executed_lines": [], "summary": {"covered_lines": 0, "num_statements": 30, "percent_covered": 0.0, "percent_covered_display": "0", "missing_lines": 30, "excluded_lines": 0}, "missing_lines": [1, 3, 5, 6, 7, 8, 10, 13, 14, 15, 21, 22, 23, 24, 25, 27, 29, 30, 32, 34, 35, 37, 39, 41, 42, 44, 46, 47, 49, 55], "excluded_lines": []}, "colossalai/auto_parallel/tensor_shard/node_handler/split_handler.py": {"executed_lines": [], "summary": {"covered_lines": 0, "num_statements": 36, "percent_covered": 0.0, "percent_covered_display": "0", "missing_lines": 36, "excluded_lines": 0}, "missing_lines": [1, 3, 5, 6, 7, 8, 10, 13, 14, 15, 20, 21, 22, 23, 24, 26, 28, 29, 31, 33, 34, 35, 36, 38, 40, 41, 43, 45, 47, 48, 50, 51, 53, 54, 56, 62], "excluded_lines": []}, "colossalai/auto_parallel/tensor_shard/node_handler/strategy/__init__.py": {"executed_lines": [], "summary": {"covered_lines": 0, "num_statements": 19, "percent_covered": 0.0, "percent_covered_display": "0", "missing_lines": 19, "excluded_lines": 0}, "missing_lines": [1, 2, 3, 4, 5, 6, 7, 8, 14, 15, 16, 17, 24, 25, 26, 27, 28, 29, 31], "excluded_lines": []}, "colossalai/auto_parallel/tensor_shard/node_handler/strategy/batch_norm_generator.py": {"executed_lines": [], "summary": {"covered_lines": 0, "num_statements": 115, "percent_covered": 0.0, "percent_covered_display": "0", "missing_lines": 115, "excluded_lines": 0}, "missing_lines": [1, 2, 3, 4, 6, 12, 13, 15, 17, 20, 32, 39, 40, 46, 56, 57, 58, 60, 61, 62, 63, 64, 65, 66, 67, 68, 69, 70, 71, 73, 74, 82, 83, 84, 86, 87, 90, 93, 94, 95, 99, 102, 103, 106, 111, 112, 114, 115, 116, 117, 125, 126, 128, 130, 132, 138, 139, 140, 141, 149, 150, 152, 154, 156, 162, 163, 164, 165, 173, 174, 176, 178, 180, 186, 187, 188, 189, 197, 198, 200, 206, 215, 217, 223, 224, 225, 226, 234, 235, 237, 243, 252, 254, 260, 261, 262, 263, 283, 284, 288, 294, 303, 305, 311, 316, 318, 319, 322, 325, 334, 335, 338, 339, 342, 344], "excluded_lines": []}, "colossalai/auto_parallel/tensor_shard/node_handler/strategy/binary_elementwise_generator.py": {"executed_lines": [], "summary": {"covered_lines": 0, "num_statements": 58, "percent_covered": 0.0, "percent_covered_display": "0", "missing_lines": 58, "excluded_lines": 0}, "missing_lines": [1, 2, 3, 5, 7, 8, 13, 15, 17, 20, 28, 29, 32, 33, 34, 36, 37, 42, 43, 44, 47, 49, 51, 57, 58, 59, 60, 61, 62, 63, 64, 66, 67, 69, 70, 73, 74, 77, 78, 79, 80, 83, 86, 89, 90, 94, 95, 96, 99, 100, 101, 106, 107, 108, 109, 111, 112, 113], "excluded_lines": []}, "colossalai/auto_parallel/tensor_shard/node_handler/strategy/conv_strategy_generator.py": {"executed_lines": [], "summary": {"covered_lines": 0, "num_statements": 205, "percent_covered": 0.0, "percent_covered_display": "0", "missing_lines": 205, "excluded_lines": 0}, "missing_lines": [1, 2, 3, 4, 6, 12, 13, 15, 18, 24, 31, 32, 38, 48, 49, 50, 51, 53, 55, 56, 57, 58, 59, 60, 61, 62, 63, 65, 67, 68, 69, 70, 71, 72, 73, 75, 76, 78, 79, 85, 86, 87, 89, 90, 93, 94, 95, 99, 100, 101, 104, 107, 108, 110, 111, 112, 114, 119, 120, 122, 125, 132, 134, 135, 143, 151, 153, 154, 155, 162, 169, 171, 177, 178, 179, 181, 188, 189, 191, 193, 194, 195, 203, 211, 213, 214, 215, 222, 229, 231, 237, 238, 239, 241, 251, 252, 254, 257, 264, 266, 267, 275, 282, 283, 284, 285, 292, 299, 301, 307, 308, 309, 311, 324, 325, 329, 332, 338, 346, 348, 354, 355, 356, 358, 368, 369, 371, 374, 381, 383, 389, 390, 391, 393, 403, 404, 408, 411, 419, 421, 427, 428, 429, 431, 437, 438, 440, 442, 446, 447, 448, 450, 460, 461, 463, 465, 466, 467, 474, 482, 484, 485, 486, 493, 500, 502, 508, 509, 510, 511, 521, 522, 524, 527, 534, 536, 542, 543, 544, 545, 555, 556, 560, 563, 571, 573, 579, 580, 582, 583, 586, 587, 590, 591, 594, 595, 598, 599, 602, 603, 606, 609, 612, 615, 617], "excluded_lines": []}, "colossalai/auto_parallel/tensor_shard/node_handler/strategy/embedding_generator.py": {"executed_lines": [], "summary": {"covered_lines": 0, "num_statements": 106, "percent_covered": 0.0, "percent_covered_display": "0", "missing_lines": 106, "excluded_lines": 0}, "missing_lines": [1, 2, 3, 4, 6, 12, 13, 15, 18, 24, 25, 27, 35, 36, 37, 39, 40, 41, 43, 45, 46, 47, 49, 51, 52, 54, 55, 61, 62, 65, 66, 67, 71, 72, 73, 76, 79, 80, 82, 83, 84, 86, 92, 94, 98, 99, 100, 102, 110, 112, 113, 114, 122, 130, 132, 138, 139, 140, 142, 155, 158, 165, 167, 168, 176, 184, 186, 192, 193, 194, 196, 204, 207, 209, 210, 218, 226, 228, 234, 235, 236, 238, 248, 251, 259, 261, 267, 268, 269, 271, 281, 284, 292, 294, 300, 301, 304, 307, 308, 311, 312, 315, 318, 319, 322, 324], "excluded_lines": []}, "colossalai/auto_parallel/tensor_shard/node_handler/strategy/getattr_generator.py": {"executed_lines": [], "summary": {"covered_lines": 0, "num_statements": 45, "percent_covered": 0.0, "percent_covered_display": "0", "missing_lines": 45, "excluded_lines": 0}, "missing_lines": [1, 3, 4, 9, 11, 13, 16, 21, 22, 24, 25, 26, 28, 32, 36, 37, 39, 42, 43, 44, 46, 47, 49, 50, 53, 54, 57, 58, 59, 60, 63, 66, 69, 70, 72, 73, 74, 77, 78, 83, 84, 85, 87, 89, 90], "excluded_lines": []}, "colossalai/auto_parallel/tensor_shard/node_handler/strategy/getitem_generator.py": {"executed_lines": [], "summary": {"covered_lines": 0, "num_statements": 92, "percent_covered": 0.0, "percent_covered_display": "0", "missing_lines": 92, "excluded_lines": 0}, "missing_lines": [1, 2, 4, 5, 6, 8, 10, 13, 24, 25, 27, 28, 29, 31, 35, 40, 41, 44, 45, 46, 50, 51, 52, 55, 58, 59, 62, 67, 68, 69, 70, 71, 72, 73, 74, 75, 79, 80, 81, 82, 85, 86, 87, 91, 92, 93, 94, 96, 97, 98, 99, 101, 102, 103, 105, 106, 107, 108, 109, 111, 115, 117, 119, 124, 125, 126, 127, 129, 130, 131, 132, 134, 137, 142, 143, 144, 146, 148, 149, 150, 151, 152, 155, 156, 157, 158, 159, 160, 161, 163, 169, 171], "excluded_lines": []}, "colossalai/auto_parallel/tensor_shard/node_handler/strategy/layer_norm_generator.py": {"executed_lines": [], "summary": {"covered_lines": 0, "num_statements": 99, "percent_covered": 0.0, "percent_covered_display": "0", "missing_lines": 99, "excluded_lines": 0}, "missing_lines": [1, 2, 3, 4, 6, 12, 17, 19, 21, 24, 30, 31, 33, 42, 43, 44, 46, 48, 49, 50, 51, 52, 55, 56, 57, 58, 59, 60, 61, 62, 64, 68, 74, 75, 76, 78, 79, 82, 83, 84, 88, 89, 90, 93, 96, 97, 99, 100, 101, 106, 107, 109, 111, 112, 113, 114, 116, 117, 118, 120, 126, 128, 129, 135, 137, 143, 145, 146, 147, 148, 149, 150, 151, 153, 154, 155, 156, 157, 158, 159, 161, 162, 163, 164, 169, 170, 172, 174, 176, 182, 186, 187, 188, 190, 193, 194, 197, 200, 202], "excluded_lines": []}, "colossalai/auto_parallel/tensor_shard/node_handler/strategy/matmul_strategy_generator.py": {"executed_lines": [], "summary": {"covered_lines": 0, "num_statements": 387, "percent_covered": 0.0, "percent_covered_display": "0", "missing_lines": 387, "excluded_lines": 0}, "missing_lines": [1, 2, 3, 5, 6, 12, 13, 15, 18, 24, 25, 31, 32, 33, 37, 38, 39, 43, 44, 47, 50, 51, 54, 55, 56, 57, 58, 60, 61, 62, 63, 64, 67, 69, 70, 71, 72, 73, 74, 75, 81, 82, 83, 86, 87, 90, 96, 97, 103, 104, 108, 112, 113, 115, 118, 119, 120, 121, 122, 124, 125, 126, 127, 128, 131, 133, 134, 135, 136, 138, 139, 140, 141, 145, 146, 147, 150, 156, 157, 158, 161, 162, 163, 170, 177, 179, 180, 181, 188, 195, 197, 203, 204, 207, 210, 211, 213, 216, 217, 224, 225, 226, 228, 233, 234, 235, 236, 237, 239, 240, 241, 244, 246, 247, 250, 252, 254, 255, 258, 261, 264, 265, 268, 269, 272, 273, 275, 277, 278, 281, 282, 285, 286, 289, 291, 293, 294, 296, 297, 298, 299, 300, 301, 302, 303, 305, 307, 308, 310, 311, 319, 320, 321, 322, 324, 326, 329, 330, 338, 339, 346, 354, 355, 359, 360, 361, 368, 375, 377, 383, 384, 386, 389, 398, 399, 400, 401, 403, 405, 408, 410, 417, 418, 425, 433, 434, 438, 439, 440, 447, 454, 456, 462, 463, 464, 467, 477, 480, 481, 487, 494, 495, 496, 502, 503, 504, 507, 515, 518, 519, 526, 527, 533, 534, 535, 538, 546, 549, 550, 558, 559, 565, 566, 567, 569, 578, 579, 580, 581, 583, 585, 588, 589, 590, 597, 604, 608, 609, 610, 617, 624, 625, 631, 632, 633, 636, 645, 648, 649, 655, 657, 663, 664, 665, 668, 677, 680, 681, 688, 690, 696, 697, 698, 701, 710, 713, 715, 721, 722, 723, 726, 727, 728, 729, 731, 732, 733, 736, 751, 752, 753, 755, 757, 760, 761, 762, 763, 764, 765, 767, 768, 769, 770, 772, 773, 774, 776, 777, 780, 781, 784, 786, 787, 788, 791, 792, 793, 794, 797, 798, 799, 806, 807, 813, 814, 815, 816, 822, 823, 824, 827, 828, 829, 836, 838, 844, 845, 846, 847, 853, 854, 855, 858, 859, 866, 868, 869, 876, 878, 880, 886, 887, 888, 889, 895, 896, 897, 900, 901, 908, 910, 911, 917, 919, 921, 927, 928, 929, 930, 938, 939, 940, 943, 944, 950, 952, 953, 960, 962, 968, 969, 970, 971, 972, 974, 979, 980, 982, 983, 988, 989, 993, 994, 998, 999, 1002, 1004], "excluded_lines": []}, "colossalai/auto_parallel/tensor_shard/node_handler/strategy/normal_pooling_generator.py": {"executed_lines": [], "summary": {"covered_lines": 0, "num_statements": 58, "percent_covered": 0.0, "percent_covered_display": "0", "missing_lines": 58, "excluded_lines": 0}, "missing_lines": [1, 2, 3, 4, 6, 7, 13, 16, 23, 30, 31, 37, 47, 48, 50, 51, 52, 53, 54, 55, 57, 58, 60, 62, 63, 65, 66, 71, 72, 75, 76, 80, 81, 84, 85, 86, 88, 89, 90, 92, 94, 97, 99, 105, 107, 108, 109, 110, 111, 113, 115, 117, 118, 120, 121, 122, 123, 125], "excluded_lines": []}, "colossalai/auto_parallel/tensor_shard/node_handler/strategy/output_generator.py": {"executed_lines": [], "summary": {"covered_lines": 0, "num_statements": 62, "percent_covered": 0.0, "percent_covered_display": "0", "missing_lines": 62, "excluded_lines": 0}, "missing_lines": [1, 3, 5, 11, 13, 15, 18, 23, 30, 31, 33, 34, 36, 37, 38, 40, 44, 46, 49, 50, 51, 53, 57, 58, 59, 60, 61, 62, 64, 65, 66, 68, 69, 71, 73, 75, 76, 78, 80, 85, 87, 92, 93, 94, 95, 99, 102, 103, 104, 106, 107, 109, 111, 116, 118, 119, 120, 121, 122, 123, 124, 126], "excluded_lines": []}, "colossalai/auto_parallel/tensor_shard/node_handler/strategy/placeholder_generator.py": {"executed_lines": [], "summary": {"covered_lines": 0, "num_statements": 46, "percent_covered": 0.0, "percent_covered_display": "0", "missing_lines": 46, "excluded_lines": 0}, "missing_lines": [1, 3, 9, 11, 13, 16, 21, 24, 25, 27, 28, 30, 31, 32, 34, 38, 42, 43, 45, 48, 49, 50, 52, 56, 59, 60, 62, 64, 70, 72, 76, 79, 80, 82, 84, 90, 92, 93, 94, 95, 96, 97, 99, 102, 103, 105], "excluded_lines": []}, "colossalai/auto_parallel/tensor_shard/node_handler/strategy/reshape_generator.py": {"executed_lines": [], "summary": {"covered_lines": 0, "num_statements": 179, "percent_covered": 0.0, "percent_covered_display": "0", "missing_lines": 179, "excluded_lines": 0}, "missing_lines": [1, 2, 4, 5, 12, 17, 18, 20, 23, 28, 29, 31, 32, 33, 35, 39, 44, 45, 48, 49, 50, 54, 55, 56, 59, 62, 63, 65, 66, 69, 74, 75, 76, 77, 78, 79, 81, 82, 84, 86, 87, 89, 90, 94, 96, 100, 105, 106, 108, 111, 112, 113, 115, 116, 118, 119, 127, 129, 131, 132, 133, 136, 137, 140, 142, 143, 145, 150, 152, 155, 160, 161, 162, 163, 164, 165, 167, 168, 169, 170, 171, 172, 174, 178, 183, 185, 190, 192, 195, 200, 201, 202, 203, 204, 205, 206, 207, 209, 210, 211, 212, 213, 214, 215, 216, 218, 220, 224, 229, 231, 236, 238, 241, 246, 247, 248, 249, 250, 251, 252, 253, 254, 256, 257, 259, 262, 263, 267, 271, 274, 276, 277, 278, 286, 288, 290, 292, 294, 295, 296, 299, 301, 302, 304, 309, 311, 314, 320, 321, 327, 328, 329, 330, 331, 332, 333, 334, 335, 339, 343, 345, 346, 347, 349, 350, 351, 358, 359, 361, 362, 363, 366, 367, 370, 372, 373, 374, 379, 381], "excluded_lines": []}, "colossalai/auto_parallel/tensor_shard/node_handler/strategy/softmax_generator.py": {"executed_lines": [], "summary": {"covered_lines": 0, "num_statements": 50, "percent_covered": 0.0, "percent_covered_display": "0", "missing_lines": 50, "excluded_lines": 0}, "missing_lines": [1, 2, 3, 4, 6, 7, 9, 12, 17, 18, 20, 24, 25, 26, 27, 29, 30, 31, 32, 33, 35, 39, 44, 45, 48, 49, 50, 54, 55, 56, 59, 62, 63, 65, 66, 67, 68, 69, 70, 71, 72, 74, 75, 77, 78, 82, 86, 88, 93, 95], "excluded_lines": []}, "colossalai/auto_parallel/tensor_shard/node_handler/strategy/strategy_generator.py": {"executed_lines": [], "summary": {"covered_lines": 0, "num_statements": 134, "percent_covered": 0.0, "percent_covered_display": "0", "missing_lines": 134, "excluded_lines": 0}, "missing_lines": [1, 2, 3, 4, 6, 7, 9, 17, 18, 19, 20, 23, 30, 31, 32, 35, 37, 38, 42, 44, 45, 46, 48, 49, 50, 52, 65, 66, 67, 69, 81, 82, 83, 84, 86, 92, 93, 94, 95, 100, 101, 102, 103, 106, 109, 111, 113, 114, 115, 117, 121, 122, 123, 124, 125, 127, 136, 140, 152, 163, 168, 170, 171, 172, 173, 174, 175, 176, 177, 178, 182, 183, 184, 185, 188, 189, 190, 191, 192, 193, 194, 195, 197, 200, 201, 203, 204, 209, 210, 215, 223, 225, 226, 227, 228, 230, 231, 232, 233, 235, 236, 239, 240, 241, 242, 243, 246, 247, 250, 251, 254, 256, 258, 262, 267, 273, 274, 275, 276, 278, 280, 281, 282, 284, 285, 292, 299, 302, 303, 304, 307, 312, 315, 316], "excluded_lines": []}, "colossalai/auto_parallel/tensor_shard/node_handler/strategy/sum_generator.py": {"executed_lines": [], "summary": {"covered_lines": 0, "num_statements": 54, "percent_covered": 0.0, "percent_covered_display": "0", "missing_lines": 54, "excluded_lines": 0}, "missing_lines": [1, 2, 3, 4, 6, 7, 9, 12, 17, 18, 20, 21, 22, 23, 24, 26, 30, 32, 36, 41, 42, 45, 46, 47, 51, 52, 53, 56, 59, 60, 62, 63, 64, 65, 66, 67, 68, 69, 73, 74, 75, 76, 77, 78, 79, 81, 83, 84, 86, 90, 94, 96, 101, 103], "excluded_lines": []}, "colossalai/auto_parallel/tensor_shard/node_handler/strategy/tensor_constructor_generator.py": {"executed_lines": [], "summary": {"covered_lines": 0, "num_statements": 28, "percent_covered": 0.0, "percent_covered_display": "0", "missing_lines": 28, "excluded_lines": 0}, "missing_lines": [1, 3, 5, 7, 10, 16, 17, 19, 20, 21, 23, 27, 31, 32, 33, 36, 39, 40, 41, 43, 44, 45, 48, 49, 51, 53, 58, 60], "excluded_lines": []}, "colossalai/auto_parallel/tensor_shard/node_handler/strategy/unary_elementwise_generator.py": {"executed_lines": [], "summary": {"covered_lines": 0, "num_statements": 38, "percent_covered": 0.0, "percent_covered_display": "0", "missing_lines": 38, "excluded_lines": 0}, "missing_lines": [1, 2, 4, 6, 8, 11, 16, 17, 19, 20, 21, 23, 27, 32, 33, 36, 37, 38, 42, 43, 44, 47, 50, 51, 53, 54, 58, 59, 60, 61, 62, 63, 64, 68, 72, 73, 78, 80], "excluded_lines": []}, "colossalai/auto_parallel/tensor_shard/node_handler/strategy/where_generator.py": {"executed_lines": [], "summary": {"covered_lines": 0, "num_statements": 46, "percent_covered": 0.0, "percent_covered_display": "0", "missing_lines": 46, "excluded_lines": 0}, "missing_lines": [1, 2, 4, 5, 11, 13, 16, 21, 22, 24, 25, 26, 28, 32, 39, 40, 43, 44, 48, 49, 52, 53, 54, 56, 57, 58, 65, 67, 68, 70, 76, 78, 79, 80, 81, 82, 84, 86, 88, 92, 94, 95, 96, 97, 98, 100], "excluded_lines": []}, "colossalai/auto_parallel/tensor_shard/node_handler/sum_handler.py": {"executed_lines": [], "summary": {"covered_lines": 0, "num_statements": 46, "percent_covered": 0.0, "percent_covered_display": "0", "missing_lines": 46, "excluded_lines": 0}, "missing_lines": [1, 3, 5, 6, 7, 8, 10, 13, 14, 15, 20, 21, 22, 23, 24, 26, 28, 29, 31, 33, 34, 36, 37, 39, 41, 42, 45, 46, 47, 48, 57, 58, 59, 60, 62, 63, 64, 65, 66, 67, 69, 70, 72, 73, 75, 81], "excluded_lines": []}, "colossalai/auto_parallel/tensor_shard/node_handler/tensor_constructor_handler.py": {"executed_lines": [], "summary": {"covered_lines": 0, "num_statements": 20, "percent_covered": 0.0, "percent_covered_display": "0", "missing_lines": 20, "excluded_lines": 0}, "missing_lines": [1, 3, 5, 6, 7, 8, 9, 11, 14, 15, 20, 21, 22, 23, 24, 26, 27, 28, 30, 32], "excluded_lines": []}, "colossalai/auto_parallel/tensor_shard/node_handler/transpose_handler.py": {"executed_lines": [], "summary": {"covered_lines": 0, "num_statements": 36, "percent_covered": 0.0, "percent_covered_display": "0", "missing_lines": 36, "excluded_lines": 0}, "missing_lines": [1, 3, 5, 6, 7, 8, 10, 13, 14, 15, 20, 21, 22, 23, 24, 26, 28, 29, 31, 33, 34, 36, 38, 39, 40, 41, 43, 45, 46, 48, 49, 51, 55, 56, 58, 64], "excluded_lines": []}, "colossalai/auto_parallel/tensor_shard/node_handler/unary_elementwise_handler.py": {"executed_lines": [], "summary": {"covered_lines": 0, "num_statements": 27, "percent_covered": 0.0, "percent_covered_display": "0", "missing_lines": 27, "excluded_lines": 0}, "missing_lines": [1, 3, 5, 6, 7, 8, 10, 13, 14, 15, 16, 17, 18, 19, 20, 21, 22, 27, 28, 29, 30, 31, 33, 36, 39, 41, 43], "excluded_lines": []}, "colossalai/auto_parallel/tensor_shard/node_handler/view_handler.py": {"executed_lines": [], "summary": {"covered_lines": 0, "num_statements": 28, "percent_covered": 0.0, "percent_covered_display": "0", "missing_lines": 28, "excluded_lines": 0}, "missing_lines": [1, 3, 5, 6, 7, 8, 10, 13, 14, 15, 16, 21, 22, 23, 24, 25, 27, 32, 33, 35, 37, 38, 40, 41, 43, 44, 46, 52], "excluded_lines": []}, "colossalai/auto_parallel/tensor_shard/node_handler/where_handler.py": {"executed_lines": [], "summary": {"covered_lines": 0, "num_statements": 42, "percent_covered": 0.0, "percent_covered_display": "0", "missing_lines": 42, "excluded_lines": 0}, "missing_lines": [1, 2, 4, 6, 7, 8, 9, 10, 12, 15, 16, 21, 22, 23, 24, 25, 27, 30, 33, 36, 39, 40, 46, 47, 48, 49, 53, 55, 56, 57, 58, 60, 61, 62, 63, 64, 65, 66, 69, 70, 71, 72], "excluded_lines": []}, "colossalai/auto_parallel/tensor_shard/options.py": {"executed_lines": [], "summary": {"covered_lines": 0, "num_statements": 20, "percent_covered": 0.0, "percent_covered_display": "0", "missing_lines": 20, "excluded_lines": 0}, "missing_lines": [1, 2, 4, 7, 12, 13, 14, 17, 30, 31, 32, 33, 36, 41, 42, 45, 46, 51, 52, 53], "excluded_lines": []}, "colossalai/auto_parallel/tensor_shard/sharding_strategy.py": {"executed_lines": [1, 2, 3, 4, 6, 7, 9, 10, 12, 20, 23, 24, 28, 29, 30, 31, 32, 35, 36, 37, 47, 48, 49, 50, 52, 72, 75, 78, 82, 83, 84, 93, 94, 95, 98, 99, 100, 110, 111, 112, 113, 116, 117, 127, 128, 129, 130, 133, 134, 135, 145, 146, 147, 148, 151, 152, 153, 165, 166, 167, 168, 169, 170, 171, 173, 174, 180, 181, 184, 185, 188, 189, 192, 196, 202, 208, 237, 238, 246, 254], "summary": {"covered_lines": 72, "num_statements": 136, "percent_covered": 52.94117647058823, "percent_covered_display": "53", "missing_lines": 64, "excluded_lines": 0}, "missing_lines": [54, 56, 60, 61, 62, 63, 64, 65, 66, 68, 70, 73, 76, 79, 175, 176, 177, 178, 182, 186, 190, 193, 194, 197, 198, 199, 200, 203, 204, 205, 206, 209, 210, 212, 217, 221, 222, 223, 224, 226, 247, 248, 251, 252, 255, 256, 257, 258, 259, 260, 263, 264, 266, 268, 269, 275, 276, 278, 280, 281, 282, 283, 284, 285], "excluded_lines": []}, "colossalai/auto_parallel/tensor_shard/solver/__init__.py": {"executed_lines": [], "summary": {"covered_lines": 0, "num_statements": 5, "percent_covered": 0.0, "percent_covered_display": "0", "missing_lines": 5, "excluded_lines": 0}, "missing_lines": [1, 2, 3, 4, 6], "excluded_lines": []}, "colossalai/auto_parallel/tensor_shard/solver/cost_graph.py": {"executed_lines": [], "summary": {"covered_lines": 0, "num_statements": 131, "percent_covered": 0.0, "percent_covered_display": "0", "missing_lines": 131, "excluded_lines": 0}, "missing_lines": [1, 3, 6, 20, 21, 22, 24, 26, 27, 28, 29, 30, 32, 33, 34, 35, 36, 37, 38, 39, 41, 46, 47, 48, 49, 51, 52, 53, 54, 55, 56, 57, 58, 59, 60, 61, 63, 64, 65, 66, 68, 72, 73, 74, 75, 76, 77, 78, 80, 81, 82, 83, 84, 85, 87, 88, 90, 91, 95, 96, 98, 99, 101, 124, 125, 126, 127, 128, 129, 130, 131, 133, 134, 135, 136, 137, 140, 141, 142, 143, 144, 145, 146, 148, 149, 150, 151, 154, 155, 156, 157, 158, 159, 160, 161, 162, 163, 164, 165, 169, 170, 173, 174, 175, 176, 177, 178, 179, 180, 182, 183, 184, 185, 186, 187, 188, 190, 191, 192, 193, 195, 196, 197, 198, 199, 200, 201, 202, 203, 204, 205], "excluded_lines": []}, "colossalai/auto_parallel/tensor_shard/solver/graph_analysis.py": {"executed_lines": [], "summary": {"covered_lines": 0, "num_statements": 91, "percent_covered": 0.0, "percent_covered_display": "0", "missing_lines": 91, "excluded_lines": 0}, "missing_lines": [1, 2, 4, 5, 6, 8, 10, 13, 14, 19, 20, 21, 24, 29, 33, 34, 35, 36, 38, 39, 40, 41, 42, 44, 48, 49, 50, 51, 54, 55, 60, 61, 62, 63, 66, 67, 68, 69, 71, 72, 76, 78, 79, 83, 85, 90, 91, 98, 99, 100, 102, 108, 109, 111, 112, 113, 115, 116, 117, 120, 121, 122, 123, 124, 125, 128, 129, 130, 131, 132, 133, 134, 135, 136, 142, 149, 150, 151, 152, 153, 154, 155, 156, 157, 158, 159, 160, 162, 164, 166, 167], "excluded_lines": []}, "colossalai/auto_parallel/tensor_shard/solver/solver.py": {"executed_lines": [], "summary": {"covered_lines": 0, "num_statements": 274, "percent_covered": 0.0, "percent_covered_display": "0", "missing_lines": 274, "excluded_lines": 0}, "missing_lines": [5, 6, 7, 8, 10, 11, 12, 14, 16, 17, 18, 20, 21, 22, 23, 24, 26, 29, 30, 53, 54, 55, 56, 57, 58, 59, 60, 61, 62, 63, 64, 66, 70, 71, 73, 75, 76, 78, 84, 85, 87, 88, 89, 90, 91, 92, 93, 95, 96, 97, 98, 99, 101, 105, 106, 109, 110, 111, 112, 115, 116, 117, 118, 119, 120, 121, 122, 123, 124, 127, 128, 129, 130, 131, 132, 133, 134, 135, 137, 138, 139, 140, 141, 144, 147, 148, 151, 152, 153, 154, 155, 156, 157, 158, 159, 160, 162, 163, 164, 166, 168, 169, 171, 174, 175, 179, 180, 181, 182, 184, 185, 187, 188, 189, 192, 194, 211, 232, 234, 235, 236, 238, 242, 243, 244, 245, 246, 247, 249, 250, 253, 254, 256, 257, 258, 259, 260, 261, 263, 264, 266, 267, 268, 269, 289, 291, 292, 293, 294, 295, 296, 297, 298, 299, 300, 301, 302, 303, 310, 311, 312, 313, 314, 315, 316, 318, 319, 320, 322, 324, 325, 327, 328, 330, 331, 336, 337, 338, 339, 340, 341, 342, 343, 345, 346, 348, 349, 350, 351, 352, 353, 358, 359, 360, 361, 362, 363, 364, 367, 371, 372, 373, 374, 376, 381, 382, 383, 385, 394, 395, 396, 402, 403, 404, 405, 406, 407, 408, 409, 413, 414, 415, 418, 421, 422, 423, 426, 427, 428, 429, 451, 452, 453, 457, 459, 461, 462, 463, 464, 465, 466, 468, 469, 474, 475, 476, 478, 479, 480, 481, 482, 483, 484, 485, 486, 488, 490, 492, 493, 495, 497, 502, 503, 504, 506, 508, 509, 512, 513, 514, 515, 516, 517, 519], "excluded_lines": []}, "colossalai/auto_parallel/tensor_shard/solver/strategies_constructor.py": {"executed_lines": [], "summary": {"covered_lines": 0, "num_statements": 109, "percent_covered": 0.0, "percent_covered_display": "0", "missing_lines": 109, "excluded_lines": 0}, "missing_lines": [1, 2, 4, 10, 11, 12, 14, 16, 19, 29, 30, 31, 32, 
[...]
missing_lines": [12, 23, 26, 27, 31, 41, 42, 45, 46, 48, 52, 55, 56, 57, 58, 60, 61, 71, 81, 82, 85, 86, 89, 90, 91, 93, 94, 95, 97, 100, 101, 102, 104, 105, 117, 119, 120, 123, 178, 179, 180, 187, 189, 190, 193, 217, 218, 220, 227, 229, 230, 233, 234, 235, 243, 246, 247, 248, 256, 259, 260, 261, 262, 263, 266, 267, 268, 269, 270, 273, 274, 275], "excluded_lines": []}, "tests/test_shardformer/test_model/test_shard_sam.py": {"executed_lines": [1, 2, 4, 5, 6, 13], "summary": {"covered_lines": 6, "num_statements": 39, "percent_covered": 15.384615384615385, "percent_covered_display": "15", "missing_lines": 33, "excluded_lines": 0}, "missing_lines": [14, 17, 19, 22, 25, 26, 28, 34, 35, 38, 39, 40, 41, 44, 45, 46, 47, 48, 49, 50, 53, 55, 58, 59, 60, 61, 64, 65, 66, 67, 68, 71, 72], "excluded_lines": []}, "tests/test_shardformer/test_model/test_shard_t5.py": {"executed_lines": [1, 2, 4, 5, 6, 7, 8, 9], "summary": {"covered_lines": 8, "num_statements": 79, "percent_covered": 10.126582278481013, "percent_covered_display": "10", "missing_lines": 71, "excluded_lines": 0}, "missing_lines": [10, 22, 23, 27, 37, 38, 41, 42, 44, 47, 48, 49, 51, 52, 53, 56, 59, 60, 63, 64, 65, 67, 69, 70, 72, 75, 77, 79, 80, 81, 93, 95, 98, 158, 159, 160, 162, 170, 171, 173, 175, 176, 177, 180, 206, 207, 209, 216, 218, 219, 222, 223, 224, 232, 235, 236, 237, 245, 248, 249, 250, 251, 252, 255, 256, 257, 258, 259, 262, 263, 264], "excluded_lines": []}, "tests/test_shardformer/test_model/test_shard_vit.py": {"executed_lines": [1, 2, 4, 5, 6, 7, 8, 9], "summary": {"covered_lines": 8, "num_statements": 79, "percent_covered": 10.126582278481013, "percent_covered_display": "10", "missing_lines": 71, "excluded_lines": 0}, "missing_lines": [10, 22, 23, 27, 31, 32, 35, 36, 39, 40, 43, 44, 45, 46, 48, 49, 52, 55, 56, 59, 60, 63, 64, 65, 67, 69, 70, 71, 74, 75, 76, 78, 79, 84, 86, 90, 133, 136, 137, 138, 140, 141, 142, 145, 159, 160, 162, 163, 165, 166, 169, 170, 171, 172, 175, 176, 177, 178, 181, 182, 183, 184, 185, 188, 189, 190, 191, 192, 195, 196, 197], "excluded_lines": []}, "tests/test_shardformer/test_model/test_shard_whisper.py": {"executed_lines": [1, 2, 4, 5, 6, 7, 8, 9], "summary": {"covered_lines": 8, "num_statements": 88, "percent_covered": 9.090909090909092, "percent_covered_display": "9", "missing_lines": 80, "excluded_lines": 0}, "missing_lines": [10, 21, 23, 27, 31, 32, 35, 36, 37, 39, 40, 43, 44, 45, 47, 51, 57, 58, 59, 61, 63, 64, 67, 70, 71, 74, 75, 78, 79, 80, 82, 84, 85, 87, 90, 91, 93, 94, 95, 98, 103, 105, 110, 150, 151, 152, 153, 154, 155, 157, 158, 159, 162, 187, 188, 190, 191, 193, 194, 197, 198, 199, 200, 203, 204, 205, 206, 209, 210, 211, 212, 213, 216, 217, 218, 219, 220, 223, 224, 225], "excluded_lines": []}, "tests/test_shardformer/test_shard_utils.py": {"executed_lines": [1, 2, 4, 7, 8, 14], "summary": {"covered_lines": 6, "num_statements": 21, "percent_covered": 28.571428571428573, "percent_covered_display": "29", "missing_lines": 15, "excluded_lines": 0}, "missing_lines": [9, 10, 11, 15, 16, 17, 18, 19, 20, 21, 22, 23, 24, 25, 26], "excluded_lines": []}, "tests/test_shardformer/test_with_torch_ddp.py": {"executed_lines": [1, 3, 4, 5, 6, 8, 9, 10, 11, 12, 13, 14], "summary": {"covered_lines": 12, "num_statements": 52, "percent_covered": 23.076923076923077, "percent_covered_display": "23", "missing_lines": 40, "excluded_lines": 0}, "missing_lines": [17, 18, 19, 25, 26, 27, 28, 30, 32, 33, 35, 37, 38, 40, 42, 43, 45, 47, 49, 50, 51, 54, 57, 58, 61, 64, 65, 68, 69, 72, 73, 74, 75, 78, 79, 80, 81, 82, 85, 86], "excluded_lines": []}, "tests/test_smoothquant/test_llama_attention.py": {"executed_lines": [1, 2, 3, 5, 6, 9, 10, 11, 13, 14, 17, 18, 19, 22], "summary": {"covered_lines": 14, "num_statements": 90, "percent_covered": 15.555555555555555, "percent_covered_display": "16", "missing_lines": 76, "excluded_lines": 0}, "missing_lines": [8, 16, 24, 26, 27, 30, 34, 35, 36, 37, 38, 39, 40, 41, 42, 43, 44, 45, 46, 47, 49, 52, 56, 57, 58, 59, 60, 61, 63, 65, 66, 67, 68, 69, 71, 73, 75, 77, 78, 80, 81, 82, 83, 84, 86, 87, 88, 90, 91, 92, 93, 94, 95, 96, 98, 99, 100, 101, 102, 104, 105, 106, 108, 109, 110, 112, 113, 115, 123, 124, 126, 127, 128, 130, 135, 136], "excluded_lines": []}, "tests/test_smoothquant/test_llama_mlp.py": {"executed_lines": [1, 3, 4, 5, 7, 8, 12, 13, 14, 17, 18, 21, 22, 23, 26], "summary": {"covered_lines": 15, "num_statements": 46, "percent_covered": 32.608695652173914, "percent_covered_display": "33", "missing_lines": 31, "excluded_lines": 0}, "missing_lines": [10, 11, 20, 29, 30, 31, 32, 33, 35, 37, 38, 40, 42, 45, 49, 50, 51, 53, 55, 57, 60, 64, 66, 73, 74, 75, 76, 78, 80, 83, 84], "excluded_lines": []}, "tests/test_smoothquant/test_smoothquant_linear.py": {"executed_lines": [1, 3, 4, 6, 7, 11, 12, 13, 16, 20, 38], "summary": {"covered_lines": 11, "num_statements": 25, "percent_covered": 44.0, "percent_covered_display": "44", "missing_lines": 14, "excluded_lines": 0}, "missing_lines": [9, 10, 21, 22, 23, 25, 26, 27, 29, 30, 32, 33, 35, 39], "excluded_lines": []}, "tests/test_smoothquant/test_sq_rotary_embedding.py": {"executed_lines": [4, 5, 6, 8, 9, 12, 13, 14, 16], "summary": {"covered_lines": 9, "num_statements": 40, "percent_covered": 22.5, "percent_covered_display": "22", "missing_lines": 31, "excluded_lines": 0}, "missing_lines": [11, 19, 20, 21, 22, 23, 24, 25, 26, 27, 30, 33, 34, 35, 36, 37, 39, 40, 41, 42, 43, 45, 47, 48, 50, 51, 53, 54, 55, 58, 59], "excluded_lines": []}, "tests/test_tensor/test_comm_spec_apply.py": {"executed_lines": [1, 2, 3, 5, 6, 7, 8, 9, 10, 13, 40, 66, 111, 138, 156, 179, 207, 208, 209, 214], "summary": {"covered_lines": 20, "num_statements": 96, "percent_covered": 20.833333333333332, "percent_covered_display": "21", "missing_lines": 76, "excluded_lines": 0}, "missing_lines": [15, 16, 18, 21, 24, 29, 32, 35, 37, 42, 43, 46, 49, 54, 57, 58, 60, 61, 62, 63, 68, 69, 70, 73, 74, 75, 76, 79, 81, 86, 87, 92, 95, 100, 103, 106, 108, 113, 117, 120, 121, 124, 126, 130, 132, 133, 135, 140, 142, 144, 148, 150, 151, 153, 158, 164, 166, 170, 173, 174, 176, 180, 181, 183, 184, 186, 189, 191, 194, 197, 200, 201, 204, 210, 211, 215], "excluded_lines": []}, "tests/test_tensor/test_dtensor/test_comm_spec.py": {"executed_lines": [1, 2, 3, 5, 6, 7, 8, 9, 12, 31, 51, 92, 113, 125, 153, 154, 155, 160], "summary": {"covered_lines": 18, "num_statements": 77, "percent_covered": 23.376623376623378, "percent_covered_display": "23", "missing_lines": 59, "excluded_lines": 0}, "missing_lines": [14, 15, 17, 20, 23, 26, 28, 33, 34, 37, 40, 43, 45, 46, 47, 48, 53, 54, 55, 58, 59, 60, 61, 64, 66, 71, 72, 77, 80, 87, 89, 94, 98, 101, 102, 105, 107, 108, 110, 115, 117, 119, 120, 122, 126, 127, 129, 130, 132, 135, 137, 140, 143, 146, 149, 150, 156, 157, 161], "excluded_lines": []}, "tests/test_tensor/test_dtensor/test_dtensor.py": {"executed_lines": [1, 3, 4, 5, 6, 7, 10, 11, 16, 22, 80, 81, 86], "summary": {"covered_lines": 13, "num_statements": 65, "percent_covered": 20.0, "percent_covered_display": "20", "missing_lines": 52, "excluded_lines": 0}, "missing_lines": [12, 13, 14, 17, 18, 19, 23, 24, 25, 26, 27, 29, 30, 31, 33, 34, 36, 37, 38, 39, 41, 42, 43, 45, 46, 47, 48, 50, 52, 53, 55, 56, 57, 58, 59, 60, 61, 62, 64, 66, 68, 69, 70, 71, 72, 73, 74, 75, 77, 82, 83, 87], "excluded_lines": []}, "tests/test_tensor/test_dtensor/test_dtensor_sharding_spec.py": {"executed_lines": [1, 2, 4, 7, 34], "summary": {"covered_lines": 5, "num_statements": 20, "percent_covered": 25.0, "percent_covered_display": "25", "missing_lines": 15, "excluded_lines": 0}, "missing_lines": [8, 9, 12, 13, 15, 18, 19, 21, 22, 24, 25, 26, 27, 29, 35], "excluded_lines": []}, "tests/test_tensor/test_dtensor/test_layout_converter.py": {"executed_lines": [1, 3, 4, 6, 7, 8, 9, 10, 11, 12, 13, 15, 16, 17, 18, 21, 83, 142, 174, 175, 176, 183], "summary": {"covered_lines": 22, "num_statements": 93, "percent_covered": 23.655913978494624, "percent_covered_display": "24", "missing_lines": 71, "excluded_lines": 0}, "missing_lines": [22, 23, 26, 28, 32, 33, 35, 37, 40, 44, 48, 49, 51, 53, 56, 59, 63, 67, 68, 70, 72, 75, 78, 84, 85, 86, 87, 88, 93, 94, 99, 100, 102, 105, 106, 110, 111, 112, 115, 116, 117, 118, 121, 122, 123, 126, 127, 128, 131, 136, 138, 139, 143, 144, 146, 147, 148, 153, 154, 159, 160, 162, 165, 168, 170, 171, 177, 178, 179, 180, 184], "excluded_lines": []}, "tests/test_tensor/test_mix_gather.py": {"executed_lines": [1, 2, 3, 5, 6, 7, 8, 9, 10, 11, 14, 48, 90, 124, 166, 193, 231, 259, 297, 326, 327, 328, 333], "summary": {"covered_lines": 23, "num_statements": 150, "percent_covered": 15.333333333333334, "percent_covered_display": "15", "missing_lines": 127, "excluded_lines": 0}, "missing_lines": [15, 16, 17, 18, 19, 20, 21, 22, 23, 24, 28, 33, 35, 43, 45, 49, 50, 52, 54, 55, 56, 57, 58, 65, 68, 72, 74, 78, 81, 85, 87, 91, 92, 93, 94, 95, 96, 97, 98, 99, 100, 104, 109, 111, 119, 121, 125, 126, 128, 129, 130, 131, 132, 136, 141, 144, 148, 150, 154, 157, 161, 163, 167, 168, 169, 170, 171, 172, 174, 178, 180, 188, 190, 194, 195, 197, 198, 200, 205, 208, 212, 214, 219, 222, 226, 228, 232, 234, 235, 236, 237, 238, 240, 244, 246, 254, 256, 260, 261, 263, 264, 266, 271, 274, 278, 280, 285, 288, 292, 294, 298, 299, 301, 302, 304, 307, 309, 311, 313, 315, 317, 319, 321, 323, 329, 330, 334], "excluded_lines": []}, "tests/test_tensor/test_padded_tensor.py": {"executed_lines": [1, 3, 4, 5, 6, 7, 8, 11, 39, 40, 45], "summary": {"covered_lines": 11, "num_statements": 33, "percent_covered": 33.333333333333336, "percent_covered_display": "33", "missing_lines": 22, "excluded_lines": 0}, "missing_lines": [12, 13, 14, 16, 17, 18, 20, 21, 23, 24, 25, 27, 28, 29, 31, 32, 33, 35, 36, 41, 42, 46], "excluded_lines": []}, "tests/test_tensor/test_shape_consistency.py": {"executed_lines": [1, 3, 4, 5, 7, 8, 13, 14, 15, 18, 94, 140], "summary": {"covered_lines": 12, "num_statements": 50, "percent_covered": 24.0, "percent_covered_display": "24", "missing_lines": 38, "excluded_lines": 0}, "missing_lines": [19, 23, 30, 34, 37, 41, 45, 53, 57, 60, 63, 67, 71, 79, 83, 86, 89, 95, 96, 101, 106, 108, 112, 113, 116, 117, 118, 121, 122, 123, 124, 127, 128, 129, 131, 134, 141, 142], "excluded_lines": []}, "tests/test_tensor/test_shape_consistency_apply.py": {"executed_lines": [1, 2, 4, 5, 6, 7, 8, 9, 12, 68, 69, 70, 75], "summary": {"covered_lines": 13, "num_statements": 43, "percent_covered": 30.232558139534884, "percent_covered_display": "30", "missing_lines": 30, "excluded_lines": 0}, "missing_lines": [13, 14, 16, 17, 20, 21, 22, 23, 24, 29, 34, 36, 37, 38, 41, 42, 43, 44, 47, 49, 54, 55, 60, 62, 63, 64, 65, 71, 72, 76], "excluded_lines": []}, "tests/test_tensor/test_sharding_spec.py": {"executed_lines": [1, 3, 4, 7, 24], "summary": {"covered_lines": 5, "num_statements": 13, "percent_covered": 38.46153846153846, "percent_covered_display": "38", "missing_lines": 8, "excluded_lines": 0}, "missing_lines": [8, 9, 14, 15, 16, 20, 21, 25], "excluded_lines": []}, "tests/test_zero/test_gemini/test_chunk_mgrv2.py": {"executed_lines": [1, 2, 3, 5, 6, 7, 8, 10, 11, 12, 15, 16, 17, 51, 56, 57, 58, 59, 63], "summary": {"covered_lines": 19, "num_statements": 47, "percent_covered": 40.42553191489362, "percent_covered_display": "40", "missing_lines": 28, "excluded_lines": 0}, "missing_lines": [18, 19, 21, 22, 23, 25, 26, 27, 28, 29, 30, 32, 34, 35, 36, 37, 39, 40, 42, 43, 45, 46, 47, 48, 52, 53, 60, 64], "excluded_lines": []}, "tests/test_zero/test_gemini/test_chunkv2.py": {"executed_lines": [1, 2, 3, 4, 6, 7, 8, 9, 10, 11, 14, 20, 26, 34, 35, 36, 37, 110, 115, 116, 117, 118, 122], "summary": {"covered_lines": 23, "num_statements": 87, "percent_covered": 26.436781609195403, "percent_covered_display": "26", "missing_lines": 64, "excluded_lines": 0}, "missing_lines": [15, 16, 17, 21, 22, 23, 27, 28, 30, 31, 38, 39, 40, 50, 51, 53, 54, 55, 56, 58, 59, 60, 61, 62, 63, 65, 66, 67, 68, 69, 71, 72, 73, 75, 76, 77, 79, 80, 81, 82, 84, 85, 86, 87, 88, 90, 91, 92, 93, 95, 96, 97, 98, 100, 101, 102, 103, 105, 106, 107, 111, 112, 119, 123], "excluded_lines": []}, "tests/test_zero/test_gemini/test_fwd_bwd.py": {"executed_lines": [1, 2, 3, 4, 5, 7, 8, 9, 10, 11, 12, 13, 14, 15], "summary": {"covered_lines": 14, "num_statements": 76, "percent_covered": 18.42105263157895, "percent_covered_display": "18", "missing_lines": 62, "excluded_lines": 0}, "missing_lines": [17, 25, 26, 27, 28, 29, 30, 31, 32, 34, 35, 38, 39, 40, 41, 42, 43, 50, 51, 55, 56, 58, 59, 60, 61, 63, 64, 65, 67, 68, 69, 70, 71, 74, 75, 77, 78, 79, 80, 81, 83, 85, 86, 88, 89, 92, 93, 94, 95, 97, 99, 102, 103, 104, 105, 108, 109, 110, 111, 112, 115, 116], "excluded_lines": []}, "tests/test_zero/test_gemini/test_gemini_use_rmt.py": {"executed_lines": [1, 2, 3, 5, 6, 7, 8, 9, 10, 11], "summary": {"covered_lines": 10, "num_statements": 67, "percent_covered": 14.925373134328359, "percent_covered_display": "15", "missing_lines": 57, "excluded_lines": 0}, "missing_lines": [16, 17, 18, 19, 20, 21, 22, 24, 25, 26, 28, 30, 31, 32, 33, 34, 35, 36, 37, 38, 40, 41, 42, 43, 44, 46, 47, 48, 49, 50, 52, 53, 54, 55, 56, 60, 61, 62, 66, 67, 68, 70, 71, 73, 77, 82, 83, 84, 85, 88, 89, 90, 91, 92, 93, 96, 97], "excluded_lines": []}, "tests/test_zero/test_gemini/test_grad_accum.py": {"executed_lines": [1, 2, 3, 4], "summary": {"covered_lines": 4, "num_statements": 99, "percent_covered": 4.040404040404041, "percent_covered_display": "4", "missing_lines": 95, "excluded_lines": 0}, "missing_lines": [5, 6, 8, 9, 10, 11, 12, 13, 14, 15, 17, 25, 26, 27, 28, 31, 32, 33, 34, 35, 36, 39, 40, 43, 44, 45, 48, 49, 50, 51, 52, 53, 56, 57, 61, 62, 64, 65, 66, 67, 69, 70, 71, 73, 74, 75, 76, 77, 86, 87, 89, 92, 95, 96, 97, 99, 100, 101, 102, 103, 104, 106, 107, 108, 109, 110, 112, 113, 114, 115, 117, 119, 121, 122, 123, 124, 125, 128, 129, 131, 132, 133, 134, 136, 137, 140, 141, 142, 143, 146, 147, 148, 149, 152, 153], "excluded_lines": []}, "tests/test_zero/test_gemini/test_grad_clip.py": {"executed_lines": [1, 2, 3, 4, 5, 7, 8, 9, 10, 11, 12, 13, 14], "summary": {"covered_lines": 13, "num_statements": 75, "percent_covered": 17.333333333333332, "percent_covered_display": "17", "missing_lines": 62, "excluded_lines": 0}, "missing_lines": [16, 39, 40, 41, 43, 45, 46, 47, 49, 52, 53, 54, 55, 56, 57, 61, 62, 63, 64, 65, 67, 69, 70, 72, 73, 74, 75, 76, 77, 79, 81, 90, 91, 93, 94, 96, 97, 98, 99, 100, 101, 103, 104, 106, 107, 109, 111, 112, 113, 115, 116, 119, 120, 121, 122, 125, 126, 127, 128, 129, 132, 133], "excluded_lines": []}, "tests/test_zero/test_gemini/test_inference.py": {"executed_lines": [1, 3, 4, 5, 6, 7, 9, 10, 11, 12, 13, 14, 15, 16, 17], "summary": {"covered_lines": 15, "num_statements": 88, "percent_covered": 17.045454545454547, "percent_covered_display": "17", "missing_lines": 73, "excluded_lines": 0}, "missing_lines": [19, 27, 28, 29, 31, 33, 34, 35, 37, 40, 41, 42, 43, 44, 45, 46, 49, 50, 53, 56, 57, 58, 59, 60, 61, 63, 64, 65, 66, 67, 68, 69, 71, 72, 74, 75, 76, 78, 79, 81, 82, 84, 85, 86, 87, 88, 89, 90, 91, 92, 93, 94, 96, 97, 98, 99, 100, 101, 102, 104, 105, 106, 109, 110, 111, 112, 115, 116, 117, 118, 119, 122, 123], "excluded_lines": []}, "tests/test_zero/test_gemini/test_optim.py": {"executed_lines": [1, 2, 3, 4, 5, 7, 8, 9, 10, 11, 12, 13, 14, 15], "summary": {"covered_lines": 14, "num_statements": 116, "percent_covered": 12.068965517241379, "percent_covered_display": "12", "missing_lines": 102, "excluded_lines": 0}, "missing_lines": [17, 33, 35, 43, 48, 49, 50, 52, 54, 55, 56, 57, 58, 59, 60, 61, 63, 72, 73, 74, 75, 76, 77, 78, 82, 84, 85, 86, 87, 89, 91, 92, 94, 95, 96, 97, 98, 102, 103, 105, 106, 108, 109, 110, 111, 112, 113, 114, 115, 116, 118, 119, 121, 122, 124, 125, 127, 128, 131, 132, 133, 134, 135, 136, 140, 141, 142, 143, 144, 146, 148, 149, 151, 159, 160, 162, 163, 165, 167, 168, 169, 170, 172, 174, 175, 177, 178, 179, 180, 182, 185, 186, 187, 188, 189, 192, 193, 194, 195, 196, 199, 200], "excluded_lines": []}, "tests/test_zero/test_gemini/test_runtime_mem_tracer.py": {"executed_lines": [1, 3, 4, 5, 7, 8, 9], "summary": {"covered_lines": 7, "num_statements": 38, "percent_covered": 18.42105263157895, "percent_covered_display": "18", "missing_lines": 31, "excluded_lines": 0}, "missing_lines": [12, 13, 14, 15, 17, 18, 22, 24, 25, 27, 28, 29, 30, 31, 33, 35, 36, 38, 39, 40, 41, 43, 44, 45, 46, 47, 48, 49, 50, 53, 54], "excluded_lines": []}, "tests/test_zero/test_gemini/test_search.py": {"executed_lines": [1, 2, 4, 5, 6, 7, 8], "summary": {"covered_lines": 7, "num_statements": 33, "percent_covered": 21.21212121212121, "percent_covered_display": "21", "missing_lines": 26, "excluded_lines": 0}, "missing_lines": [11, 12, 17, 18, 22, 23, 24, 27, 28, 30, 34, 35, 44, 45, 46, 49, 50, 51, 52, 55, 56, 57, 58, 59, 62, 63], "excluded_lines": []}, "tests/test_zero/test_gemini/test_zeroddp_state_dict.py": {"executed_lines": [1, 2, 3, 5, 6, 7, 8, 9, 10], "summary": {"covered_lines": 9, "num_statements": 63, "percent_covered": 14.285714285714286, "percent_covered_display": "14", "missing_lines": 54, "excluded_lines": 0}, "missing_lines": [12, 20, 21, 22, 23, 24, 27, 28, 29, 30, 31, 32, 33, 35, 37, 39, 40, 41, 43, 44, 45, 46, 47, 48, 50, 51, 53, 54, 55, 56, 59, 60, 62, 63, 64, 65, 68, 70, 71, 72, 73, 74, 75, 78, 79, 80, 81, 84, 85, 86, 87, 88, 91, 92], "excluded_lines": []}, "tests/test_zero/test_gemini/test_zerooptim_state_dict.py": {"executed_lines": [1, 2, 3, 5, 6, 7, 8, 9, 10, 11], "summary": {"covered_lines": 10, "num_statements": 58, "percent_covered": 17.24137931034483, "percent_covered_display": "17", "missing_lines": 48, "excluded_lines": 0}, "missing_lines": [13, 21, 22, 23, 24, 25, 29, 31, 33, 34, 35, 36, 38, 40, 41, 43, 44, 45, 46, 48, 49, 50, 51, 52, 53, 55, 56, 57, 58, 60, 61, 62, 63, 64, 65, 67, 70, 71, 72, 73, 76, 77, 78, 79, 80, 81, 84, 85], "excluded_lines": []}, "tests/test_zero/test_low_level/test_grad_acc.py": {"executed_lines": [1, 3, 4, 5, 6, 7, 9, 10, 11, 12, 13, 14, 17, 18, 23, 29, 72, 132, 140, 141, 145], "summary": {"covered_lines": 21, "num_statements": 89, "percent_covered": 23.59550561797753, "percent_covered_display": "24", "missing_lines": 68, "excluded_lines": 0}, "missing_lines": [19, 20, 21, 24, 25, 26, 30, 31, 32, 34, 35, 37, 38, 39, 42, 46, 47, 48, 50, 52, 53, 54, 57, 58, 60, 61, 64, 65, 68, 69, 73, 74, 75, 78, 79, 81, 82, 83, 86, 91, 95, 98, 99, 100, 102, 104, 105, 106, 109, 110, 111, 112, 114, 116, 117, 119, 120, 122, 123, 124, 127, 129, 133, 135, 136, 137, 142, 146], "excluded_lines": []}, "tests/test_zero/test_low_level/test_zero1_2.py": {"executed_lines": [1, 3, 4, 5, 6, 7, 9, 10, 11, 12, 15, 16, 22, 28, 44, 54, 108, 109, 110, 180, 187, 188, 189, 193], "summary": {"covered_lines": 24, "num_statements": 102, "percent_covered": 23.529411764705884, "percent_covered_display": "24", "missing_lines": 78, "excluded_lines": 0}, "missing_lines": [17, 18, 19, 20, 23, 24, 25, 29, 30, 31, 32, 33, 34, 35, 36, 38, 39, 41, 45, 46, 47, 48, 49, 50, 51, 65, 66, 69, 70, 73, 74, 75, 78, 82, 83, 85, 86, 87, 90, 91, 94, 95, 96, 97, 100, 101, 104, 105, 119, 120, 123, 124, 126, 129, 134, 142, 144, 146, 149, 152, 153, 156, 159, 162, 163, 164, 165, 166, 167, 170, 173, 176, 177, 181, 183, 184, 190, 194], "excluded_lines": []}, "tests/test_zero/test_low_level/test_zero_ckpt.py": {"executed_lines": [1, 3, 4, 5, 6, 7, 9, 10, 11, 12, 15, 16, 21, 27, 43, 105, 111, 112, 113, 117], "summary": {"covered_lines": 20, "num_statements": 68, "percent_covered": 29.41176470588235, "percent_covered_display": "29", "missing_lines": 48, "excluded_lines": 0}, "missing_lines": [17, 18, 19, 22, 23, 24, 28, 29, 30, 31, 32, 33, 34, 35, 37, 38, 40, 48, 49, 52, 53, 55, 58, 62, 66, 68, 70, 73, 74, 77, 78, 81, 82, 84, 85, 88, 89, 90, 93, 96, 97, 100, 101, 102, 106, 108, 114, 118], "excluded_lines": []}}, "totals": {"covered_lines": 8761, "num_statements": 73691, "percent_covered": 11.888833100378609, "percent_covered_display": "12", "missing_lines": 64930, "excluded_lines": 0}}