{"meta": {"format": 2, "version": "7.4.4", "timestamp": "2024-04-28T17:43:17.296073", "branch_coverage": false, "show_contexts": false}, "files": {"scripts/__init__.py": {"executed_lines": [], "summary": {"covered_lines": 0, "num_statements": 0, "percent_covered": 100.0, "percent_covered_display": "100", "missing_lines": 0, "excluded_lines": 0}, "missing_lines": [], "excluded_lines": []}, "scripts/change_naming_configs_and_checkpoints.py": {"executed_lines": [], "summary": {"covered_lines": 0, "num_statements": 53, "percent_covered": 0.0, "percent_covered_display": "0", "missing_lines": 53, "excluded_lines": 0}, "missing_lines": [15, 17, 18, 19, 21, 22, 24, 27, 28, 29, 32, 33, 35, 43, 45, 47, 60, 67, 69, 70, 71, 73, 74, 75, 77, 78, 80, 81, 83, 84, 86, 88, 89, 90, 91, 92, 94, 95, 97, 98, 100, 101, 102, 103, 104, 105, 106, 107, 108, 109, 110, 112, 113], "excluded_lines": []}, "scripts/conversion_ldm_uncond.py": {"executed_lines": [], "summary": {"covered_lines": 0, "num_statements": 34, "percent_covered": 0.0, "percent_covered_display": "0", "missing_lines": 34, "excluded_lines": 0}, "missing_lines": [1, 3, 4, 6, 9, 10, 11, 12, 15, 16, 17, 18, 19, 22, 23, 24, 25, 26, 28, 29, 31, 32, 34, 35, 37, 45, 46, 49, 50, 51, 52, 53, 54, 56], "excluded_lines": []}, "scripts/convert_amused.py": {"executed_lines": [], "summary": {"covered_lines": 0, "num_statements": 280, "percent_covered": 0.0, "percent_covered_display": "0", "missing_lines": 280, "excluded_lines": 0}, "missing_lines": [1, 2, 3, 5, 6, 7, 8, 9, 11, 12, 13, 14, 15, 18, 19, 20, 22, 23, 24, 27, 28, 29, 31, 34, 35, 36, 37, 38, 39, 41, 42, 44, 45, 46, 48, 51, 53, 55, 57, 58, 60, 62, 64, 65, 67, 69, 71, 75, 78, 80, 81, 82, 84, 85, 87, 95, 97, 98, 100, 103, 105, 107, 108, 109, 111, 112, 114, 115, 118, 119, 120, 122, 124, 131, 132, 133, 135, 137, 138, 140, 142, 144, 145, 147, 148, 151, 155, 158, 161, 164, 168, 171, 175, 178, 181, 184, 188, 191, 195, 196, 197, 198, 200, 202, 203, 204, 206, 207, 209, 211, 212, 215, 218, 221, 224, 227, 231, 234, 237, 240, 243, 247, 250, 253, 256, 259, 263, 266, 269, 272, 275, 278, 282, 285, 288, 291, 294, 298, 301, 304, 307, 310, 314, 315, 316, 317, 319, 320, 321, 323, 325, 326, 327, 328, 330, 331, 333, 337, 338, 339, 340, 341, 343, 346, 347, 374, 378, 380, 382, 383, 385, 386, 387, 388, 389, 391, 392, 393, 394, 395, 396, 397, 398, 399, 400, 401, 402, 403, 404, 405, 406, 407, 408, 409, 410, 411, 412, 413, 414, 415, 416, 417, 418, 419, 420, 421, 422, 423, 424, 425, 426, 427, 428, 429, 430, 431, 432, 433, 435, 436, 437, 438, 439, 441, 442, 443, 444, 448, 450, 452, 453, 455, 456, 457, 459, 460, 463, 464, 466, 467, 470, 471, 473, 476, 479, 480, 481, 482, 483, 484, 485, 486, 488, 489, 490, 492, 493, 494, 495, 496, 497, 498, 499, 501, 502, 503, 505, 506, 507, 509, 510, 511, 512, 513, 514, 515, 516, 517, 522, 523], "excluded_lines": []}, "scripts/convert_animatediff_motion_lora_to_diffusers.py": {"executed_lines": [], "summary": {"covered_lines": 0, "num_statements": 27, "percent_covered": 0.0, "percent_covered_display": "0", "missing_lines": 27, "excluded_lines": 0}, "missing_lines": [1, 3, 4, 7, 8, 9, 10, 11, 14, 23, 26, 27, 28, 29, 31, 34, 35, 37, 39, 40, 42, 45, 46, 47, 48, 49, 51], "excluded_lines": []}, "scripts/convert_animatediff_motion_module_to_diffusers.py": {"executed_lines": [], "summary": {"covered_lines": 0, "num_statements": 29, "percent_covered": 0.0, "percent_covered_display": "0", "missing_lines": 29, "excluded_lines": 0}, "missing_lines": [1, 3, 5, 8, 9, 10, 11, 12, 15, 24, 27, 28, 29, 30, 31, 32, 33, 35, 38, 39, 41, 42, 43, 45, 46, 50, 51, 53, 54], "excluded_lines": []}, "scripts/convert_asymmetric_vqgan_to_diffusers.py": {"executed_lines": [], "summary": {"covered_lines": 0, "num_statements": 52, "percent_covered": 0.0, "percent_covered_display": "0", "missing_lines": 52, "excluded_lines": 0}, "missing_lines": [1, 2, 3, 4, 6, 8, 11, 37, 64, 65, 66, 67, 68, 83, 84, 105, 106, 107, 108, 110, 112, 113, 118, 120, 123, 126, 127, 128, 129, 130, 131, 132, 133, 134, 135, 136, 137, 138, 141, 142, 143, 144, 151, 158, 165, 172, 174, 175, 177, 182, 183, 184], "excluded_lines": []}, "scripts/convert_blipdiffusion_to_diffusers.py": {"executed_lines": [], "summary": {"covered_lines": 0, "num_statements": 134, "percent_covered": 0.0, "percent_covered_display": "0", "missing_lines": 134, "excluded_lines": 0}, "missing_lines": [5, 6, 7, 9, 10, 11, 12, 14, 19, 20, 21, 22, 25, 42, 45, 46, 47, 50, 51, 52, 59, 66, 69, 72, 75, 76, 77, 78, 79, 80, 81, 82, 83, 86, 87, 88, 95, 98, 101, 104, 111, 114, 117, 120, 127, 134, 137, 138, 139, 140, 141, 144, 147, 150, 151, 152, 153, 158, 164, 171, 178, 185, 193, 198, 203, 206, 207, 209, 210, 211, 212, 213, 216, 219, 222, 225, 226, 227, 228, 230, 233, 234, 236, 243, 250, 253, 254, 256, 257, 263, 264, 266, 269, 270, 271, 272, 273, 274, 277, 278, 281, 282, 284, 285, 287, 289, 290, 293, 294, 295, 296, 297, 299, 302, 303, 304, 306, 307, 309, 310, 311, 312, 319, 320, 321, 330, 333, 334, 335, 338, 339, 340, 341, 343], "excluded_lines": []}, "scripts/convert_consistency_decoder.py": {"executed_lines": [], "summary": {"covered_lines": 0, "num_statements": 651, "percent_covered": 0.0, "percent_covered_display": "0", "missing_lines": 651, "excluded_lines": 0}, "missing_lines": [1, 2, 3, 4, 5, 7, 8, 9, 10, 11, 12, 14, 15, 16, 17, 20, 21, 22, 23, 26, 28, 29, 30, 33, 35, 36, 37, 38, 39, 40, 43, 44, 45, 47, 48, 50, 51, 53, 54, 55, 57, 59, 60, 67, 68, 69, 70, 72, 73, 75, 76, 78, 81, 82, 83, 84, 88, 89, 90, 91, 92, 93, 94, 95, 96, 97, 98, 99, 100, 102, 103, 104, 105, 106, 107, 108, 110, 111, 112, 114, 115, 116, 117, 119, 120, 122, 123, 125, 126, 128, 129, 135, 136, 142, 148, 149, 150, 151, 152, 154, 155, 159, 161, 163, 165, 166, 167, 169, 171, 172, 173, 177, 178, 181, 182, 183, 185, 186, 187, 188, 189, 192, 193, 194, 196, 197, 198, 206, 207, 208, 209, 210, 213, 214, 215, 216, 217, 218, 220, 221, 222, 223, 224, 227, 228, 229, 230, 232, 233, 236, 237, 238, 239, 240, 242, 243, 246, 247, 248, 249, 251, 252, 254, 255, 257, 258, 260, 261, 262, 263, 264, 265, 267, 268, 270, 272, 276, 277, 278, 279, 281, 282, 283, 285, 287, 288, 290, 291, 292, 293, 295, 296, 298, 299, 301, 303, 307, 308, 309, 310, 312, 313, 314, 316, 318, 319, 321, 322, 323, 324, 326, 327, 328, 329, 331, 333, 336, 337, 338, 339, 340, 342, 350, 358, 366, 373, 382, 389, 398, 407, 416, 424, 433, 435, 436, 438, 440, 441, 443, 445, 447, 448, 449, 450, 451, 452, 454, 455, 456, 457, 459, 460, 462, 463, 464, 466, 467, 468, 469, 470, 471, 472, 473, 475, 476, 477, 478, 480, 483, 484, 485, 486, 487, 488, 489, 490, 491, 492, 493, 494, 495, 496, 497, 498, 499, 500, 503, 504, 505, 506, 510, 511, 514, 517, 518, 524, 526, 528, 529, 532, 533, 536, 537, 542, 544, 546, 547, 549, 550, 551, 552, 553, 554, 555, 556, 557, 558, 559, 561, 562, 563, 564, 565, 566, 567, 568, 569, 570, 572, 574, 584, 586, 588, 589, 591, 592, 593, 594, 595, 596, 597, 598, 599, 600, 601, 603, 604, 605, 607, 608, 609, 610, 611, 612, 613, 614, 615, 616, 618, 620, 630, 632, 634, 635, 637, 638, 639, 640, 641, 642, 643, 644, 645, 646, 647, 649, 650, 651, 653, 654, 655, 656, 657, 658, 659, 660, 661, 662, 664, 666, 676, 678, 680, 681, 683, 684, 685, 686, 687, 688, 689, 690, 691, 692, 693, 695, 697, 707, 710, 712, 713, 715, 716, 717, 718, 719, 720, 721, 722, 723, 724, 725, 727, 729, 738, 740, 742, 743, 745, 746, 747, 748, 749, 750, 751, 752, 753, 754, 755, 756, 757, 759, 760, 761, 762, 763, 764, 765, 766, 767, 768, 770, 772, 783, 785, 787, 788, 790, 791, 792, 793, 794, 795, 796, 797, 798, 799, 800, 801, 802, 804, 805, 806, 807, 808, 809, 810, 811, 812, 813, 815, 817, 828, 830, 832, 833, 835, 836, 837, 838, 839, 840, 841, 842, 843, 844, 845, 846, 847, 849, 850, 851, 852, 853, 854, 855, 856, 857, 858, 860, 862, 873, 875, 877, 878, 880, 881, 882, 883, 884, 885, 886, 887, 888, 889, 890, 891, 892, 894, 896, 907, 909, 911, 912, 914, 915, 917, 919, 921, 922, 923, 924, 926, 928, 929, 930, 931, 932, 933, 934, 935, 938, 940, 941, 943, 945, 946, 948, 955, 956, 958, 959, 960, 962, 963, 965, 967, 968, 970, 972, 973, 974, 976, 977, 978, 979, 981, 983, 984, 985, 986, 988, 989, 991, 992, 993, 995, 996, 997, 998, 1000, 1002, 1003, 1004, 1005, 1007, 1008, 1010, 1012, 1013, 1015, 1017, 1019, 1044, 1047, 1048, 1049, 1052, 1053, 1054, 1055, 1056, 1057, 1058, 1059, 1060, 1061, 1062, 1063, 1064, 1065, 1067, 1069, 1071, 1073, 1075, 1076, 1078, 1080, 1082, 1085, 1086, 1087, 1090, 1093, 1094, 1101, 1102, 1103, 1105, 1107, 1111, 1112, 1113, 1114, 1117, 1119, 1122, 1124, 1127, 1128], "excluded_lines": []}, "scripts/convert_consistency_to_diffusers.py": {"executed_lines": [], "summary": {"covered_lines": 0, "num_statements": 161, "percent_covered": 0.0, "percent_covered_display": "0", "missing_lines": 161, "excluded_lines": 0}, "missing_lines": [1, 2, 4, 6, 13, 35, 61, 90, 96, 102, 109, 113, 114, 115, 116, 117, 118, 120, 123, 124, 125, 126, 127, 128, 129, 130, 131, 132, 133, 135, 136, 137, 139, 142, 143, 144, 146, 147, 149, 150, 151, 152, 153, 154, 156, 159, 161, 164, 165, 166, 168, 169, 170, 171, 173, 174, 176, 177, 179, 180, 181, 182, 183, 184, 186, 187, 188, 189, 190, 191, 192, 193, 194, 195, 197, 198, 199, 200, 201, 202, 203, 204, 205, 208, 210, 211, 212, 213, 214, 216, 219, 220, 221, 222, 223, 224, 225, 226, 227, 229, 230, 232, 233, 234, 235, 236, 237, 238, 240, 241, 242, 243, 244, 245, 246, 247, 248, 249, 250, 251, 254, 256, 257, 258, 259, 261, 262, 263, 264, 266, 269, 270, 272, 273, 276, 278, 279, 281, 282, 285, 286, 287, 288, 289, 290, 292, 294, 295, 297, 299, 300, 303, 304, 305, 306, 307, 308, 310, 312, 314, 315], "excluded_lines": []}, "scripts/convert_dance_diffusion_to_diffusers.py": {"executed_lines": [], "summary": {"covered_lines": 0, "num_statements": 174, "percent_covered": 0.0, "percent_covered_display": "0", "missing_lines": 174, "excluded_lines": 0}, "missing_lines": [2, 3, 4, 5, 7, 8, 9, 10, 11, 13, 16, 50, 53, 56, 57, 58, 59, 62, 63, 66, 67, 68, 70, 71, 72, 75, 76, 77, 79, 80, 81, 82, 84, 87, 95, 103, 117, 126, 134, 141, 142, 143, 146, 147, 149, 152, 153, 154, 155, 156, 157, 158, 161, 162, 164, 165, 167, 168, 169, 170, 171, 172, 174, 175, 176, 178, 179, 182, 183, 184, 186, 187, 189, 190, 191, 192, 193, 194, 195, 196, 197, 198, 199, 200, 202, 203, 205, 207, 208, 209, 210, 211, 213, 214, 216, 217, 220, 221, 222, 223, 225, 227, 230, 231, 233, 235, 238, 239, 240, 242, 245, 248, 249, 250, 251, 252, 254, 255, 258, 259, 261, 262, 263, 266, 268, 269, 271, 272, 273, 274, 276, 277, 279, 280, 281, 282, 283, 285, 286, 288, 289, 291, 292, 295, 296, 298, 300, 302, 303, 305, 307, 308, 310, 311, 313, 315, 316, 318, 319, 321, 322, 324, 325, 327, 328, 330, 332, 335, 336, 338, 339, 342, 343, 345], "excluded_lines": []}, "scripts/convert_ddpm_original_checkpoint_to_diffusers.py": {"executed_lines": [], "summary": {"covered_lines": 0, "num_statements": 230, "percent_covered": 0.0, "percent_covered_display": "0", "missing_lines": 230, "excluded_lines": 0}, "missing_lines": [1, 2, 4, 6, 9, 13, 14, 16, 19, 20, 21, 22, 23, 24, 25, 26, 28, 30, 32, 35, 36, 37, 38, 41, 42, 43, 44, 45, 47, 48, 50, 51, 53, 56, 59, 61, 62, 63, 65, 66, 67, 69, 71, 73, 74, 76, 77, 78, 80, 81, 83, 84, 86, 87, 89, 90, 91, 93, 94, 96, 99, 103, 105, 106, 107, 108, 110, 111, 113, 114, 115, 116, 118, 119, 123, 124, 126, 127, 129, 130, 133, 137, 138, 141, 146, 147, 148, 149, 151, 152, 155, 160, 161, 162, 163, 165, 166, 167, 170, 171, 178, 179, 186, 187, 194, 195, 197, 198, 201, 203, 204, 207, 211, 212, 213, 214, 215, 217, 218, 221, 225, 226, 227, 228, 229, 231, 232, 235, 239, 241, 242, 244, 245, 246, 247, 249, 250, 252, 253, 254, 255, 257, 258, 262, 263, 265, 266, 268, 269, 272, 276, 277, 280, 285, 286, 287, 288, 290, 291, 294, 299, 300, 301, 302, 304, 305, 306, 309, 310, 317, 318, 325, 326, 333, 334, 336, 337, 340, 344, 345, 348, 352, 353, 354, 355, 356, 358, 359, 362, 366, 367, 368, 369, 370, 372, 373, 374, 375, 376, 377, 378, 380, 383, 384, 386, 390, 398, 400, 401, 403, 404, 407, 408, 409, 411, 413, 414, 416, 417, 418, 419, 420, 421, 422, 423, 425, 426, 428, 430, 431], "excluded_lines": []}, "scripts/convert_diffusers_sdxl_lora_to_webui.py": {"executed_lines": [], "summary": {"covered_lines": 0, "num_statements": 18, "percent_covered": 0.0, "percent_covered_display": "0", "missing_lines": 18, "excluded_lines": 0}, "missing_lines": [20, 21, 23, 25, 28, 29, 30, 31, 33, 34, 35, 36, 39, 40, 41, 47, 54, 56], "excluded_lines": []}, "scripts/convert_diffusers_to_original_sdxl.py": {"executed_lines": [], "summary": {"covered_lines": 0, "num_statements": 183, "percent_covered": 0.0, "percent_covered_display": "0", "missing_lines": 183, "excluded_lines": 0}, "missing_lines": [5, 6, 7, 9, 10, 17, 36, 46, 49, 52, 54, 55, 56, 58, 59, 60, 61, 63, 65, 66, 67, 69, 71, 72, 73, 75, 77, 78, 79, 82, 83, 84, 85, 87, 88, 89, 90, 91, 92, 93, 96, 100, 101, 102, 103, 104, 105, 106, 107, 108, 109, 110, 111, 112, 113, 120, 127, 129, 130, 131, 132, 134, 135, 136, 137, 139, 140, 141, 145, 146, 147, 148, 151, 152, 153, 154, 157, 168, 170, 171, 173, 176, 177, 178, 179, 180, 181, 182, 183, 184, 185, 186, 187, 188, 189, 190, 191, 192, 193, 194, 202, 214, 215, 218, 221, 222, 223, 224, 225, 226, 231, 232, 233, 234, 235, 236, 238, 243, 244, 245, 246, 247, 248, 250, 251, 253, 254, 255, 256, 257, 259, 260, 261, 262, 263, 265, 268, 269, 272, 273, 275, 276, 277, 278, 282, 284, 286, 289, 290, 291, 292, 295, 296, 298, 299, 301, 302, 304, 305, 307, 308, 310, 311, 313, 314, 316, 317, 320, 321, 324, 325, 328, 329, 332, 333, 336, 341, 343, 344, 346, 347, 349, 350], "excluded_lines": []}, "scripts/convert_diffusers_to_original_stable_diffusion.py": {"executed_lines": [], "summary": {"covered_lines": 0, "num_statements": 189, "percent_covered": 0.0, "percent_covered_display": "0", "missing_lines": 189, "excluded_lines": 0}, "missing_lines": [5, 6, 7, 9, 10, 17, 31, 41, 44, 47, 49, 50, 51, 53, 55, 56, 57, 59, 61, 62, 63, 65, 67, 68, 69, 71, 73, 74, 75, 78, 79, 80, 82, 83, 84, 86, 87, 88, 89, 92, 96, 97, 98, 99, 100, 101, 102, 103, 104, 105, 106, 107, 108, 109, 116, 123, 125, 126, 127, 128, 130, 131, 132, 133, 135, 136, 137, 141, 142, 143, 144, 147, 148, 149, 150, 153, 163, 171, 173, 174, 176, 179, 180, 181, 182, 183, 184, 185, 186, 187, 188, 189, 190, 191, 192, 193, 194, 195, 196, 197, 198, 199, 200, 201, 202, 203, 204, 205, 206, 214, 226, 227, 230, 233, 234, 235, 236, 237, 238, 243, 244, 245, 246, 247, 248, 250, 255, 256, 257, 258, 259, 260, 262, 263, 265, 266, 267, 268, 269, 271, 272, 273, 274, 275, 277, 280, 281, 284, 285, 287, 288, 289, 290, 294, 296, 298, 301, 302, 303, 306, 307, 309, 310, 312, 313, 315, 316, 318, 319, 321, 322, 325, 326, 329, 330, 333, 335, 337, 338, 339, 341, 342, 345, 346, 347, 349, 350, 352, 353], "excluded_lines": []}, "scripts/convert_dit_to_diffusers.py": {"executed_lines": [], "summary": {"covered_lines": 0, "num_statements": 80, "percent_covered": 0.0, "percent_covered_display": "0", "missing_lines": 80, "excluded_lines": 0}, "missing_lines": [1, 2, 4, 5, 7, 10, 13, 17, 18, 19, 20, 21, 22, 23, 26, 27, 29, 30, 31, 32, 34, 35, 38, 41, 44, 47, 51, 54, 58, 59, 61, 62, 63, 64, 65, 66, 68, 71, 73, 74, 75, 76, 78, 79, 80, 81, 82, 83, 84, 85, 86, 87, 89, 90, 91, 92, 93, 95, 96, 97, 98, 100, 101, 102, 103, 106, 120, 122, 129, 131, 133, 134, 137, 138, 140, 147, 154, 157, 161, 162], "excluded_lines": []}, "scripts/convert_gligen_to_diffusers.py": {"executed_lines": [], "summary": {"covered_lines": 0, "num_statements": 295, "percent_covered": 0.0, "percent_covered_display": "0", "missing_lines": 295, "excluded_lines": 0}, "missing_lines": [1, 2, 4, 5, 6, 13, 20, 34, 35, 36, 38, 40, 42, 43, 45, 47, 48, 49, 50, 51, 53, 54, 55, 56, 57, 58, 59, 60, 61, 62, 63, 64, 65, 67, 68, 70, 72, 73, 75, 77, 79, 82, 83, 84, 85, 86, 87, 88, 90, 92, 93, 94, 95, 96, 97, 99, 100, 101, 102, 103, 104, 106, 107, 108, 109, 112, 113, 118, 119, 123, 124, 126, 127, 130, 134, 135, 136, 138, 139, 140, 141, 143, 144, 145, 147, 148, 149, 150, 151, 153, 154, 155, 159, 160, 163, 167, 168, 169, 171, 172, 173, 174, 176, 177, 178, 180, 181, 182, 183, 184, 186, 187, 188, 189, 190, 191, 192, 193, 194, 195, 197, 200, 201, 202, 203, 205, 207, 208, 209, 213, 214, 215, 216, 218, 219, 223, 224, 226, 228, 229, 230, 231, 233, 234, 236, 237, 238, 239, 242, 243, 249, 250, 256, 257, 262, 263, 264, 266, 269, 271, 272, 275, 279, 280, 281, 285, 286, 287, 288, 292, 293, 294, 296, 297, 299, 300, 302, 303, 304, 308, 309, 310, 311, 312, 314, 315, 316, 317, 319, 321, 322, 323, 325, 326, 328, 329, 333, 334, 335, 336, 339, 344, 345, 347, 348, 349, 353, 357, 358, 359, 360, 362, 364, 365, 366, 368, 371, 372, 373, 375, 376, 377, 379, 390, 393, 394, 395, 397, 399, 400, 401, 402, 403, 404, 405, 407, 408, 409, 410, 411, 413, 415, 416, 419, 420, 421, 423, 435, 438, 447, 448, 449, 451, 453, 454, 456, 458, 460, 461, 463, 464, 465, 467, 479, 480, 482, 486, 489, 490, 492, 493, 496, 497, 499, 500, 501, 503, 514, 515, 525, 528, 529, 531, 534, 541, 547, 556, 563, 564, 565, 567, 569, 578, 579, 581], "excluded_lines": []}, "scripts/convert_i2vgen_to_diffusers.py": {"executed_lines": [], "summary": {"covered_lines": 0, "num_statements": 246, "percent_covered": 0.0, "percent_covered_display": "0", "missing_lines": 246, "excluded_lines": 0}, "missing_lines": [15, 17, 19, 20, 22, 25, 28, 37, 40, 41, 42, 43, 45, 47, 49, 50, 52, 53, 54, 56, 57, 60, 61, 63, 64, 65, 68, 69, 70, 71, 72, 73, 74, 76, 79, 83, 84, 85, 86, 88, 91, 95, 96, 98, 101, 105, 106, 107, 109, 112, 116, 117, 118, 119, 121, 122, 124, 125, 127, 129, 130, 132, 135, 141, 142, 144, 147, 148, 149, 153, 154, 155, 156, 158, 159, 164, 165, 167, 169, 170, 171, 172, 174, 180, 181, 182, 185, 188, 191, 196, 197, 198, 199, 200, 201, 204, 209, 212, 215, 218, 222, 223, 225, 226, 227, 228, 229, 230, 232, 234, 235, 237, 238, 239, 240, 242, 243, 244, 245, 248, 249, 255, 256, 262, 263, 268, 269, 270, 272, 275, 276, 278, 279, 282, 286, 287, 288, 292, 293, 294, 298, 302, 303, 304, 305, 309, 310, 311, 315, 319, 320, 321, 322, 323, 324, 326, 327, 328, 332, 333, 334, 338, 339, 340, 344, 345, 346, 350, 351, 352, 356, 357, 358, 362, 363, 364, 365, 366, 368, 369, 370, 371, 373, 375, 376, 377, 378, 380, 381, 383, 384, 388, 389, 390, 394, 398, 399, 400, 401, 404, 409, 410, 412, 413, 414, 418, 422, 423, 424, 428, 432, 433, 434, 435, 436, 438, 439, 440, 441, 442, 443, 445, 448, 449, 451, 454, 455, 456, 459, 460, 461, 463, 465, 466, 468, 470, 473, 476, 477, 480, 481, 484, 485, 489, 500, 510], "excluded_lines": []}, "scripts/convert_if.py": {"executed_lines": [], "summary": {"covered_lines": 0, "num_statements": 642, "percent_covered": 0.0, "percent_covered_display": "0", "missing_lines": 642, "excluded_lines": 0}, "missing_lines": [1, 2, 3, 5, 6, 7, 8, 9, 11, 12, 15, 16, 18, 20, 22, 24, 26, 30, 38, 46, 48, 50, 52, 55, 56, 57, 59, 60, 62, 63, 65, 66, 68, 69, 72, 73, 75, 84, 94, 97, 98, 99, 100, 101, 102, 103, 104, 105, 107, 109, 111, 115, 124, 135, 138, 139, 140, 142, 144, 146, 147, 149, 153, 155, 158, 159, 163, 165, 166, 167, 169, 170, 171, 173, 174, 178, 180, 181, 182, 184, 185, 186, 188, 189, 193, 194, 196, 197, 198, 202, 203, 205, 207, 210, 211, 212, 214, 215, 217, 218, 220, 221, 222, 223, 224, 226, 228, 230, 231, 233, 234, 235, 236, 237, 238, 240, 241, 242, 244, 246, 251, 253, 254, 256, 258, 259, 260, 261, 262, 263, 265, 269, 289, 290, 292, 293, 295, 298, 302, 304, 305, 306, 307, 309, 311, 312, 313, 314, 315, 316, 318, 320, 321, 323, 324, 325, 326, 329, 330, 336, 337, 343, 344, 349, 350, 351, 353, 356, 358, 359, 362, 366, 369, 370, 376, 378, 380, 384, 385, 386, 388, 396, 397, 398, 406, 407, 408, 410, 411, 413, 414, 416, 417, 419, 427, 428, 429, 433, 434, 435, 436, 437, 439, 440, 441, 442, 444, 450, 451, 452, 454, 456, 458, 462, 463, 464, 465, 468, 473, 474, 476, 477, 478, 480, 488, 489, 493, 497, 498, 499, 500, 501, 505, 506, 507, 508, 510, 512, 513, 514, 516, 517, 518, 520, 523, 524, 525, 526, 527, 528, 530, 531, 533, 534, 536, 539, 543, 544, 546, 549, 553, 554, 555, 556, 558, 559, 561, 562, 564, 566, 568, 571, 575, 576, 577, 579, 580, 582, 583, 585, 586, 588, 589, 591, 592, 594, 596, 598, 601, 602, 603, 605, 607, 609, 611, 618, 619, 620, 621, 623, 624, 625, 626, 627, 628, 629, 631, 632, 634, 636, 643, 644, 645, 646, 649, 656, 658, 659, 662, 663, 664, 666, 667, 668, 671, 672, 674, 678, 679, 680, 682, 684, 685, 687, 688, 690, 691, 692, 694, 695, 696, 698, 700, 703, 704, 705, 706, 707, 708, 710, 712, 718, 719, 721, 722, 724, 725, 728, 729, 730, 731, 733, 734, 735, 736, 737, 746, 747, 751, 753, 755, 757, 759, 762, 764, 765, 767, 768, 770, 771, 773, 775, 778, 779, 780, 782, 783, 785, 786, 788, 789, 790, 791, 792, 794, 796, 798, 799, 801, 802, 803, 804, 805, 806, 808, 809, 810, 812, 813, 818, 820, 821, 823, 824, 826, 827, 828, 829, 830, 832, 836, 854, 855, 857, 860, 864, 866, 867, 868, 869, 871, 873, 874, 875, 876, 877, 878, 880, 882, 883, 884, 886, 887, 893, 894, 895, 896, 897, 899, 900, 902, 903, 904, 905, 908, 909, 915, 916, 922, 923, 927, 928, 929, 930, 933, 935, 936, 937, 938, 939, 941, 942, 943, 945, 948, 950, 951, 954, 958, 960, 961, 964, 966, 968, 972, 973, 974, 976, 984, 985, 986, 994, 995, 996, 998, 999, 1001, 1002, 1004, 1005, 1007, 1015, 1016, 1017, 1020, 1021, 1022, 1024, 1025, 1026, 1027, 1028, 1030, 1031, 1032, 1034, 1035, 1037, 1038, 1039, 1040, 1042, 1048, 1049, 1051, 1052, 1053, 1055, 1057, 1059, 1061, 1065, 1066, 1067, 1068, 1071, 1076, 1077, 1079, 1080, 1081, 1083, 1091, 1092, 1096, 1100, 1101, 1102, 1103, 1104, 1105, 1109, 1110, 1111, 1112, 1114, 1116, 1119, 1120, 1121, 1123, 1124, 1125, 1127, 1129, 1131, 1134, 1135, 1138, 1139, 1140, 1142, 1143, 1144, 1145, 1146, 1147, 1148, 1151, 1154, 1155, 1156, 1157, 1158, 1159, 1160, 1161, 1162, 1163, 1164, 1165, 1166, 1169, 1170, 1173, 1176, 1177, 1178, 1179, 1182, 1183, 1184, 1185, 1186, 1188, 1189, 1191, 1192, 1193, 1195, 1197, 1198, 1199, 1200, 1201, 1202, 1204, 1206, 1207, 1209, 1210, 1211, 1212, 1216, 1217, 1219, 1220, 1224, 1226, 1227, 1229, 1230, 1231, 1233, 1234, 1235, 1237, 1238, 1245, 1246, 1249, 1250], "excluded_lines": []}, "scripts/convert_k_upscaler_to_diffusers.py": {"executed_lines": [], "summary": {"covered_lines": 0, "num_statements": 100, "percent_covered": 0.0, "percent_covered_display": "0", "missing_lines": 100, "excluded_lines": 0}, "missing_lines": [1, 3, 4, 5, 7, 10, 13, 14, 29, 30, 36, 39, 40, 41, 42, 62, 65, 68, 69, 71, 112, 115, 116, 117, 119, 121, 122, 123, 124, 126, 128, 130, 131, 132, 134, 140, 141, 142, 143, 144, 145, 146, 147, 152, 154, 163, 164, 172, 175, 176, 179, 187, 199, 200, 203, 204, 207, 214, 217, 218, 219, 221, 223, 226, 228, 229, 231, 232, 233, 234, 235, 236, 237, 238, 239, 241, 242, 243, 244, 246, 266, 269, 270, 272, 273, 276, 277, 279, 280, 281, 283, 284, 286, 287, 288, 291, 292, 294, 295, 297], "excluded_lines": []}, "scripts/convert_kakao_brain_unclip_to_diffusers.py": {"executed_lines": [], "summary": {"covered_lines": 0, "num_statements": 336, "percent_covered": 0.0, "percent_covered_display": "0", "missing_lines": 336, "excluded_lines": 0}, "missing_lines": [1, 2, 4, 5, 6, 8, 9, 10, 11, 14, 39, 42, 45, 46, 48, 51, 52, 55, 63, 71, 79, 87, 90, 93, 101, 102, 103, 106, 107, 108, 118, 119, 120, 127, 137, 147, 155, 163, 164, 165, 167, 169, 172, 175, 178, 185, 197, 204, 207, 208, 217, 225, 229, 255, 256, 258, 261, 262, 264, 265, 267, 268, 272, 274, 275, 284, 286, 290, 301, 303, 304, 313, 315, 319, 320, 322, 330, 333, 335, 337, 339, 343, 344, 368, 375, 377, 399, 400, 402, 405, 406, 408, 410, 411, 415, 417, 418, 427, 429, 431, 442, 444, 445, 454, 456, 460, 461, 463, 470, 472, 494, 495, 497, 500, 501, 503, 505, 506, 510, 512, 513, 522, 524, 526, 537, 539, 540, 549, 551, 555, 556, 558, 568, 569, 571, 580, 584, 585, 587, 594, 598, 599, 601, 608, 612, 613, 615, 622, 626, 629, 631, 632, 634, 636, 638, 639, 641, 642, 644, 646, 647, 649, 651, 654, 656, 662, 663, 664, 666, 667, 668, 670, 679, 681, 685, 686, 690, 692, 700, 704, 705, 713, 717, 725, 729, 732, 734, 735, 737, 739, 741, 742, 744, 745, 747, 749, 751, 752, 754, 756, 758, 761, 765, 768, 769, 771, 777, 778, 779, 781, 782, 783, 785, 794, 796, 799, 800, 813, 815, 816, 823, 826, 827, 830, 838, 845, 857, 864, 874, 883, 887, 888, 889, 891, 893, 894, 896, 897, 899, 900, 901, 902, 904, 905, 906, 908, 910, 919, 920, 922, 925, 927, 929, 931, 937, 939, 942, 943, 945, 946, 948, 950, 952, 956, 957, 959, 961, 963, 966, 967, 969, 970, 972, 974, 984, 986, 988, 992, 994, 996, 998, 1001, 1002, 1004, 1005, 1009, 1011, 1016, 1018, 1022, 1024, 1026, 1028, 1030, 1033, 1034, 1035, 1036, 1037, 1038, 1040, 1043, 1044, 1046, 1048, 1056, 1064, 1072, 1076, 1084, 1092, 1094, 1096, 1098, 1099, 1101, 1102, 1104, 1106, 1108, 1112, 1119, 1125, 1131, 1133, 1145, 1147, 1148, 1149, 1150, 1151, 1152, 1153, 1154, 1155, 1159], "excluded_lines": []}, "scripts/convert_kandinsky3_unet.py": {"executed_lines": [], "summary": {"covered_lines": 0, "num_statements": 40, "percent_covered": 0.0, "percent_covered_display": "0", "missing_lines": 40, "excluded_lines": 0}, "missing_lines": [2, 3, 5, 7, 10, 28, 36, 47, 48, 49, 50, 51, 53, 54, 55, 56, 58, 59, 60, 62, 64, 65, 67, 68, 70, 72, 75, 77, 80, 83, 85, 86, 88, 89, 92, 93, 94, 95, 97, 98], "excluded_lines": []}, "scripts/convert_kandinsky_to_diffusers.py": {"executed_lines": [], "summary": {"covered_lines": 0, "num_statements": 384, "percent_covered": 0.0, "percent_covered_display": "0", "missing_lines": 384, "excluded_lines": 0}, "missing_lines": [1, 2, 3, 5, 6, 8, 9, 10, 13, 37, 40, 43, 44, 46, 49, 50, 53, 61, 69, 77, 85, 88, 91, 99, 100, 101, 104, 105, 106, 116, 117, 118, 125, 135, 145, 153, 161, 162, 163, 165, 167, 170, 173, 176, 183, 195, 202, 205, 206, 215, 225, 281, 282, 284, 287, 288, 290, 292, 293, 294, 295, 299, 301, 302, 310, 312, 316, 326, 328, 329, 337, 339, 343, 344, 346, 356, 412, 413, 415, 418, 419, 421, 423, 424, 425, 426, 430, 432, 433, 441, 443, 447, 457, 459, 460, 468, 470, 474, 475, 477, 487, 488, 490, 499, 503, 504, 506, 513, 516, 517, 519, 530, 533, 534, 536, 545, 549, 550, 552, 559, 563, 564, 566, 573, 577, 580, 582, 583, 585, 587, 589, 590, 592, 593, 595, 597, 598, 600, 602, 605, 607, 613, 614, 615, 617, 618, 619, 621, 630, 632, 636, 637, 641, 643, 651, 655, 656, 664, 668, 676, 680, 683, 685, 686, 688, 690, 692, 693, 695, 696, 698, 700, 702, 703, 705, 707, 709, 712, 716, 719, 720, 722, 728, 729, 730, 732, 733, 734, 736, 745, 747, 750, 751, 764, 766, 767, 774, 777, 778, 781, 789, 796, 808, 815, 825, 834, 838, 839, 840, 842, 844, 845, 847, 848, 850, 851, 852, 853, 855, 856, 857, 859, 861, 867, 868, 870, 872, 874, 876, 880, 881, 883, 885, 887, 890, 891, 893, 895, 897, 899, 901, 903, 905, 908, 909, 911, 915, 917, 921, 923, 925, 927, 932, 946, 947, 948, 951, 952, 955, 963, 964, 965, 968, 969, 970, 972, 982, 985, 986, 987, 996, 997, 998, 999, 1000, 1013, 1014, 1015, 1023, 1024, 1027, 1029, 1031, 1037, 1048, 1051, 1052, 1055, 1064, 1066, 1068, 1069, 1072, 1073, 1074, 1076, 1085, 1088, 1089, 1090, 1099, 1100, 1101, 1102, 1103, 1116, 1117, 1118, 1126, 1127, 1130, 1132, 1134, 1140, 1155, 1158, 1159, 1174, 1175, 1182, 1185, 1186, 1209, 1210, 1217, 1220, 1221, 1240, 1241, 1272, 1273, 1274, 1278, 1286, 1289, 1297, 1299, 1302, 1303, 1305, 1307, 1309, 1311, 1313, 1315, 1317, 1320, 1321, 1322, 1323, 1324, 1325, 1327, 1328, 1331, 1332, 1334, 1336, 1343, 1350, 1357, 1364, 1371, 1379, 1387, 1389, 1391, 1393, 1394, 1396, 1397, 1398, 1399, 1400, 1401, 1402, 1403, 1404, 1405, 1406, 1407, 1408, 1409, 1411], "excluded_lines": []}, "scripts/convert_ldm_original_checkpoint_to_diffusers.py": {"executed_lines": [], "summary": {"covered_lines": 0, "num_statements": 159, "percent_covered": 0.0, "percent_covered_display": "0", "missing_lines": 159, "excluded_lines": 0}, "missing_lines": [15, 17, 18, 20, 22, 25, 29, 30, 32, 35, 39, 40, 41, 42, 44, 45, 47, 48, 50, 52, 54, 57, 61, 62, 63, 65, 66, 68, 69, 71, 73, 75, 78, 88, 91, 92, 93, 94, 96, 98, 100, 101, 103, 104, 105, 107, 108, 111, 112, 115, 116, 117, 119, 120, 121, 124, 125, 127, 130, 134, 136, 137, 138, 139, 141, 142, 144, 145, 146, 147, 150, 151, 157, 158, 164, 165, 170, 171, 172, 174, 175, 177, 178, 181, 184, 186, 187, 188, 189, 193, 194, 195, 199, 211, 220, 221, 222, 224, 225, 227, 228, 230, 231, 243, 247, 248, 249, 250, 251, 253, 254, 255, 256, 258, 260, 261, 262, 264, 265, 267, 268, 270, 271, 272, 275, 280, 281, 283, 284, 285, 289, 301, 310, 311, 312, 313, 315, 317, 320, 321, 323, 327, 335, 337, 339, 341, 342, 344, 346, 347, 349, 350, 352, 353, 354, 356, 357, 358, 359], "excluded_lines": []}, "scripts/convert_lora_safetensor_to_diffusers.py": {"executed_lines": [], "summary": {"covered_lines": 0, "num_statements": 65, "percent_covered": 0.0, "percent_covered_display": "0", "missing_lines": 65, "excluded_lines": 0}, "missing_lines": [16, 18, 20, 21, 23, 26, 28, 31, 33, 36, 41, 42, 44, 45, 46, 48, 49, 52, 53, 54, 55, 56, 57, 58, 59, 60, 61, 62, 64, 66, 67, 68, 69, 71, 72, 75, 76, 77, 78, 80, 81, 82, 85, 86, 88, 91, 92, 94, 97, 100, 101, 104, 110, 111, 114, 116, 118, 119, 120, 121, 122, 123, 125, 127, 128], "excluded_lines": []}, "scripts/convert_models_diffuser_to_diffusers.py": {"executed_lines": [], "summary": {"covered_lines": 0, "num_statements": 46, "percent_covered": 0.0, "percent_covered_display": "0", "missing_lines": 46, "excluded_lines": 0}, "missing_lines": [1, 2, 4, 6, 9, 10, 12, 15, 16, 17, 18, 19, 21, 22, 23, 24, 25, 26, 27, 46, 47, 48, 49, 50, 51, 52, 54, 55, 56, 59, 60, 80, 81, 82, 83, 84, 86, 87, 88, 90, 92, 93, 94, 97, 98, 100], "excluded_lines": []}, "scripts/convert_ms_text_to_video_to_diffusers.py": {"executed_lines": [], "summary": {"covered_lines": 0, "num_statements": 214, "percent_covered": 0.0, "percent_covered_display": "0", "missing_lines": 214, "excluded_lines": 0}, "missing_lines": [15, 17, 19, 21, 24, 33, 36, 37, 38, 39, 41, 43, 45, 46, 48, 49, 50, 52, 53, 56, 57, 59, 60, 61, 64, 65, 66, 67, 68, 69, 70, 72, 75, 79, 80, 81, 91, 93, 96, 100, 101, 103, 106, 110, 111, 112, 114, 117, 121, 122, 123, 124, 126, 127, 129, 130, 132, 134, 135, 137, 140, 146, 147, 149, 152, 153, 154, 158, 159, 160, 161, 163, 164, 169, 170, 172, 174, 175, 176, 177, 179, 181, 182, 183, 184, 185, 186, 188, 190, 191, 193, 194, 195, 196, 198, 199, 200, 201, 204, 205, 211, 212, 218, 219, 224, 225, 226, 228, 231, 232, 234, 235, 238, 242, 243, 244, 248, 249, 250, 254, 258, 259, 260, 261, 265, 266, 267, 271, 275, 276, 277, 278, 279, 280, 282, 283, 284, 288, 289, 290, 294, 295, 296, 300, 301, 302, 306, 307, 308, 312, 313, 314, 318, 319, 320, 321, 322, 324, 325, 326, 327, 329, 331, 332, 333, 334, 336, 337, 339, 340, 344, 345, 346, 350, 354, 355, 356, 357, 360, 365, 366, 368, 369, 370, 374, 378, 379, 380, 384, 388, 389, 390, 391, 392, 394, 395, 396, 397, 398, 399, 401, 404, 405, 407, 410, 411, 413, 414, 416, 418, 419, 421, 424, 426], "excluded_lines": []}, "scripts/convert_music_spectrogram_to_diffusers.py": {"executed_lines": [], "summary": {"covered_lines": 0, "num_statements": 98, "percent_covered": 0.0, "percent_covered_display": "0", "missing_lines": 98, "excluded_lines": 0}, "missing_lines": [2, 3, 5, 6, 7, 8, 9, 10, 12, 13, 16, 19, 20, 21, 24, 25, 26, 30, 31, 32, 33, 34, 36, 38, 39, 40, 42, 43, 46, 47, 49, 53, 54, 55, 57, 58, 59, 60, 61, 65, 66, 67, 68, 70, 72, 75, 76, 77, 79, 83, 87, 88, 89, 93, 97, 98, 99, 100, 101, 103, 104, 105, 106, 107, 108, 112, 113, 116, 117, 118, 120, 122, 124, 127, 128, 129, 131, 138, 139, 140, 142, 144, 156, 168, 180, 181, 182, 184, 186, 193, 194, 197, 198, 200, 201, 204, 211, 213], "excluded_lines": []}, "scripts/convert_ncsnpp_original_checkpoint_to_diffusers.py": {"executed_lines": [], "summary": {"covered_lines": 0, "num_statements": 108, "percent_covered": 0.0, "percent_covered_display": "0", "missing_lines": 108, "excluded_lines": 0}, "missing_lines": [15, 17, 18, 20, 22, 25, 29, 30, 31, 32, 33, 35, 36, 38, 39, 41, 42, 43, 44, 46, 48, 49, 50, 51, 53, 54, 55, 57, 58, 60, 61, 63, 64, 65, 66, 67, 69, 70, 71, 72, 74, 75, 77, 78, 79, 81, 82, 83, 84, 85, 86, 87, 88, 90, 91, 92, 93, 94, 95, 97, 98, 99, 100, 101, 102, 104, 105, 106, 107, 108, 109, 110, 113, 115, 116, 117, 118, 119, 120, 121, 122, 123, 125, 126, 127, 128, 129, 131, 134, 135, 137, 145, 153, 161, 163, 165, 166, 168, 173, 174, 176, 177, 179, 180, 182, 183, 184, 185], "excluded_lines": []}, "scripts/convert_original_audioldm2_to_diffusers.py": {"executed_lines": [], "summary": {"covered_lines": 0, "num_statements": 475, "percent_covered": 0.0, "percent_covered_display": "0", "missing_lines": 475, "excluded_lines": 0}, "missing_lines": [15, 17, 18, 19, 21, 22, 23, 36, 49, 50, 54, 58, 59, 61, 65, 69, 70, 71, 72, 74, 75, 77, 78, 80, 82, 84, 88, 92, 93, 94, 96, 97, 99, 101, 105, 109, 110, 111, 121, 123, 126, 130, 131, 132, 134, 135, 137, 138, 140, 141, 143, 144, 146, 147, 149, 151, 153, 156, 165, 168, 169, 170, 171, 173, 175, 177, 178, 180, 181, 182, 184, 185, 188, 189, 191, 192, 193, 196, 197, 199, 202, 203, 204, 205, 206, 207, 208, 209, 212, 216, 217, 219, 221, 222, 223, 224, 225, 226, 227, 229, 230, 231, 232, 233, 235, 237, 238, 240, 242, 254, 258, 263, 264, 266, 267, 268, 270, 272, 283, 287, 288, 294, 297, 303, 304, 306, 308, 309, 310, 314, 315, 316, 317, 319, 320, 326, 327, 328, 330, 332, 333, 334, 335, 337, 338, 340, 341, 342, 343, 346, 347, 353, 354, 360, 361, 367, 368, 370, 372, 374, 375, 377, 378, 379, 381, 384, 386, 387, 390, 394, 395, 396, 400, 401, 402, 409, 413, 414, 416, 417, 418, 422, 423, 424, 428, 429, 430, 431, 432, 436, 437, 438, 439, 440, 442, 443, 444, 445, 447, 449, 450, 451, 453, 455, 456, 460, 461, 462, 463, 466, 470, 471, 474, 475, 477, 478, 479, 486, 490, 491, 492, 493, 495, 497, 500, 502, 503, 504, 505, 506, 507, 509, 511, 512, 513, 514, 515, 516, 518, 519, 520, 521, 522, 523, 525, 526, 527, 528, 531, 532, 537, 538, 542, 543, 545, 546, 549, 553, 554, 555, 557, 558, 559, 560, 562, 563, 564, 566, 567, 568, 569, 570, 572, 573, 574, 578, 579, 582, 586, 587, 588, 590, 591, 592, 593, 595, 596, 597, 599, 600, 601, 602, 603, 604, 607, 620, 630, 633, 638, 639, 640, 641, 642, 643, 645, 647, 648, 650, 652, 653, 654, 657, 658, 659, 661, 663, 665, 666, 667, 670, 672, 674, 676, 677, 679, 680, 681, 683, 684, 685, 686, 687, 689, 692, 696, 698, 711, 714, 719, 720, 721, 722, 723, 725, 728, 733, 736, 737, 738, 740, 742, 743, 745, 748, 749, 750, 752, 753, 755, 756, 758, 759, 761, 762, 764, 768, 831, 880, 881, 882, 884, 886, 887, 888, 889, 891, 892, 893, 895, 897, 898, 900, 901, 903, 905, 906, 908, 909, 911, 912, 914, 918, 919, 921, 922, 924, 925, 926, 928, 939, 941, 942, 943, 944, 945, 946, 947, 948, 949, 950, 951, 952, 953, 954, 955, 956, 958, 961, 962, 964, 968, 971, 972, 974, 975, 978, 979, 987, 988, 990, 991, 993, 995, 997, 998, 1000, 1001, 1004, 1005, 1006, 1008, 1009, 1012, 1013, 1015, 1017, 1018, 1019, 1022, 1023, 1024, 1028, 1029, 1032, 1034, 1035, 1038, 1052, 1055, 1056, 1058, 1061, 1067, 1075, 1082, 1088, 1094, 1100, 1109, 1114, 1119, 1120, 1121, 1123, 1135], "excluded_lines": []}, "scripts/convert_original_audioldm_to_diffusers.py": {"executed_lines": [], "summary": {"covered_lines": 0, "num_statements": 439, "percent_covered": 0.0, "percent_covered_display": "0", "missing_lines": 439, "excluded_lines": 0}, "missing_lines": [15, 17, 18, 20, 21, 22, 30, 45, 49, 50, 52, 56, 60, 61, 62, 63, 65, 66, 68, 69, 71, 73, 75, 79, 83, 84, 85, 87, 88, 90, 92, 96, 100, 101, 102, 112, 114, 118, 122, 123, 124, 126, 127, 129, 130, 132, 133, 135, 136, 138, 139, 141, 143, 145, 149, 158, 161, 162, 163, 164, 166, 168, 170, 171, 173, 174, 175, 177, 178, 181, 182, 185, 186, 187, 189, 190, 191, 194, 195, 197, 201, 202, 203, 204, 205, 206, 207, 208, 209, 210, 213, 217, 218, 220, 222, 223, 224, 225, 226, 227, 228, 230, 231, 232, 233, 234, 236, 238, 242, 243, 246, 248, 262, 266, 271, 272, 274, 275, 276, 278, 280, 291, 295, 296, 302, 306, 313, 314, 316, 318, 319, 320, 324, 325, 326, 327, 329, 330, 335, 336, 337, 339, 341, 342, 343, 344, 346, 347, 349, 350, 352, 353, 354, 355, 358, 359, 365, 366, 372, 373, 378, 379, 380, 382, 385, 387, 388, 391, 395, 396, 397, 401, 402, 403, 404, 408, 409, 410, 412, 413, 415, 416, 418, 419, 420, 424, 425, 426, 427, 428, 430, 431, 432, 433, 435, 437, 438, 439, 441, 442, 444, 445, 449, 450, 451, 452, 455, 460, 461, 463, 464, 465, 469, 473, 474, 475, 476, 478, 480, 484, 486, 487, 488, 489, 490, 491, 493, 495, 496, 497, 498, 499, 500, 502, 503, 504, 505, 506, 507, 509, 510, 511, 512, 515, 516, 521, 522, 526, 527, 529, 530, 533, 537, 538, 539, 541, 542, 543, 544, 546, 547, 548, 550, 551, 552, 553, 554, 556, 557, 558, 562, 563, 566, 570, 571, 572, 574, 575, 576, 577, 579, 580, 581, 583, 584, 585, 586, 587, 588, 591, 603, 605, 608, 613, 614, 615, 616, 617, 618, 620, 622, 623, 625, 627, 628, 631, 632, 633, 635, 637, 639, 640, 641, 644, 646, 648, 650, 651, 653, 654, 655, 657, 658, 659, 661, 663, 666, 670, 672, 685, 688, 693, 694, 695, 696, 697, 698, 701, 702, 703, 705, 707, 708, 710, 714, 768, 820, 821, 823, 824, 825, 826, 828, 829, 830, 832, 834, 835, 837, 838, 840, 842, 843, 845, 846, 848, 849, 851, 855, 856, 858, 859, 861, 862, 864, 865, 866, 868, 879, 881, 882, 883, 884, 885, 886, 887, 888, 889, 890, 891, 892, 893, 894, 895, 896, 898, 901, 902, 904, 908, 911, 912, 914, 915, 919, 920, 922, 923, 925, 927, 929, 930, 932, 933, 936, 937, 938, 940, 941, 944, 953, 956, 957, 959, 962, 968, 974, 981, 988, 994, 1000, 1006, 1015, 1020, 1025, 1026, 1027, 1029, 1042], "excluded_lines": []}, "scripts/convert_original_controlnet_to_diffusers.py": {"executed_lines": [], "summary": {"covered_lines": 0, "num_statements": 26, "percent_covered": 0.0, "percent_covered_display": "0", "missing_lines": 26, "excluded_lines": 0}, "missing_lines": [15, 17, 19, 22, 23, 25, 28, 34, 40, 49, 58, 66, 71, 76, 77, 80, 81, 82, 83, 84, 86, 88, 92, 94, 96, 109], "excluded_lines": []}, "scripts/convert_original_musicldm_to_diffusers.py": {"executed_lines": [], "summary": {"covered_lines": 0, "num_statements": 441, "percent_covered": 0.0, "percent_covered_display": "0", "missing_lines": 441, "excluded_lines": 0}, "missing_lines": [15, 17, 18, 20, 21, 22, 31, 46, 50, 51, 53, 57, 61, 62, 63, 64, 66, 67, 69, 70, 72, 74, 76, 80, 84, 85, 86, 88, 89, 91, 93, 97, 101, 102, 103, 113, 115, 118, 122, 123, 124, 126, 127, 129, 130, 132, 133, 135, 136, 138, 139, 141, 143, 145, 149, 158, 161, 162, 163, 164, 166, 168, 170, 171, 173, 174, 175, 177, 178, 181, 182, 185, 186, 187, 189, 190, 191, 194, 195, 197, 200, 201, 202, 203, 204, 205, 206, 207, 210, 214, 215, 217, 219, 220, 221, 222, 223, 224, 225, 227, 228, 229, 230, 231, 233, 235, 239, 240, 243, 245, 259, 263, 268, 269, 271, 272, 273, 275, 277, 288, 292, 293, 299, 302, 309, 310, 312, 314, 315, 316, 320, 321, 322, 323, 325, 326, 331, 332, 333, 335, 337, 338, 339, 340, 342, 343, 345, 346, 348, 349, 350, 351, 354, 355, 361, 362, 368, 369, 374, 375, 376, 378, 381, 383, 384, 387, 391, 392, 393, 397, 398, 399, 400, 404, 405, 406, 408, 409, 411, 412, 414, 415, 416, 420, 421, 422, 423, 424, 426, 427, 428, 429, 431, 433, 434, 435, 437, 438, 440, 441, 445, 446, 447, 448, 451, 456, 457, 459, 460, 461, 465, 469, 470, 471, 472, 474, 476, 480, 482, 483, 484, 485, 486, 487, 489, 491, 492, 493, 494, 495, 496, 498, 499, 500, 501, 502, 503, 505, 506, 507, 508, 511, 512, 517, 518, 522, 523, 525, 526, 529, 533, 534, 535, 537, 538, 539, 540, 542, 543, 544, 546, 547, 548, 549, 550, 552, 553, 554, 558, 559, 562, 566, 567, 568, 570, 571, 572, 573, 575, 576, 577, 579, 580, 581, 582, 583, 584, 587, 600, 610, 613, 618, 619, 620, 621, 622, 623, 625, 627, 628, 630, 632, 633, 634, 637, 638, 639, 641, 643, 645, 646, 647, 650, 652, 654, 656, 657, 659, 660, 661, 663, 664, 665, 666, 667, 669, 672, 676, 678, 691, 694, 699, 700, 701, 702, 703, 704, 707, 708, 709, 711, 713, 714, 716, 720, 774, 825, 826, 828, 829, 830, 831, 833, 834, 835, 837, 839, 840, 842, 843, 845, 847, 848, 850, 851, 853, 854, 856, 860, 861, 863, 864, 866, 867, 869, 870, 871, 873, 884, 886, 887, 888, 889, 890, 891, 892, 893, 894, 895, 896, 897, 898, 899, 900, 901, 903, 906, 907, 909, 913, 916, 917, 919, 920, 924, 925, 932, 933, 935, 936, 938, 940, 942, 943, 945, 946, 949, 950, 951, 953, 954, 957, 967, 970, 971, 973, 976, 982, 988, 995, 1002, 1008, 1014, 1020, 1029, 1034, 1039, 1040, 1041, 1043, 1056], "excluded_lines": []}, "scripts/convert_original_stable_diffusion_to_diffusers.py": {"executed_lines": [], "summary": {"covered_lines": 0, "num_statements": 40, "percent_covered": 0.0, "percent_covered_display": "0", "missing_lines": 40, "excluded_lines": 0}, "missing_lines": [15, 17, 18, 20, 22, 25, 26, 28, 32, 38, 44, 50, 56, 65, 74, 83, 92, 100, 105, 110, 111, 112, 119, 126, 132, 135, 136, 143, 151, 153, 154, 155, 156, 158, 160, 181, 182, 184, 186, 188], "excluded_lines": []}, "scripts/convert_original_t2i_adapter.py": {"executed_lines": [], "summary": {"covered_lines": 0, "num_statements": 38, "percent_covered": 0.0, "percent_covered_display": "0", "missing_lines": 38, "excluded_lines": 0}, "missing_lines": [15, 19, 21, 23, 26, 27, 29, 32, 35, 38, 41, 43, 94, 96, 98, 100, 103, 104, 106, 108, 215, 217, 219, 221, 224, 225, 227, 230, 233, 238, 240, 241, 243, 244, 246, 247, 248, 250], "excluded_lines": []}, "scripts/convert_pixart_alpha_to_diffusers.py": {"executed_lines": [], "summary": {"covered_lines": 0, "num_statements": 87, "percent_covered": 0.0, "percent_covered_display": "0", "missing_lines": 87, "excluded_lines": 0}, "missing_lines": [1, 2, 4, 5, 7, 10, 12, 15, 16, 17, 18, 21, 22, 25, 26, 27, 28, 31, 34, 35, 38, 40, 42, 45, 48, 51, 55, 58, 61, 64, 68, 69, 71, 73, 80, 81, 82, 83, 84, 85, 86, 87, 89, 92, 97, 100, 103, 106, 111, 112, 113, 114, 116, 117, 118, 119, 120, 121, 123, 126, 131, 132, 133, 136, 153, 155, 156, 157, 158, 160, 161, 163, 164, 166, 168, 170, 171, 173, 177, 180, 181, 183, 186, 194, 195, 197, 198], "excluded_lines": []}, "scripts/convert_pixart_sigma_to_diffusers.py": {"executed_lines": [], "summary": {"covered_lines": 0, "num_statements": 98, "percent_covered": 0.0, "percent_covered_display": "0", "missing_lines": 98, "excluded_lines": 0}, "missing_lines": [1, 2, 4, 5, 7, 10, 12, 15, 16, 17, 18, 21, 22, 25, 26, 27, 28, 31, 34, 35, 38, 40, 42, 45, 48, 51, 55, 58, 61, 64, 68, 69, 71, 73, 79, 80, 81, 82, 83, 84, 85, 86, 88, 91, 94, 95, 98, 101, 104, 109, 112, 115, 118, 123, 124, 125, 126, 128, 129, 130, 131, 132, 133, 135, 138, 143, 144, 145, 148, 167, 169, 170, 171, 172, 173, 174, 175, 176, 178, 179, 181, 182, 185, 187, 189, 190, 194, 198, 201, 202, 204, 207, 208, 211, 219, 220, 222, 223], "excluded_lines": []}, "scripts/convert_shap_e_to_diffusers.py": {"executed_lines": [], "summary": {"covered_lines": 0, "num_statements": 185, "percent_covered": 0.0, "percent_covered_display": "0", "missing_lines": 185, "excluded_lines": 0}, "missing_lines": [1, 2, 4, 5, 7, 8, 11, 33, 35, 52, 53, 55, 58, 59, 62, 70, 78, 86, 94, 97, 105, 106, 107, 110, 111, 112, 122, 123, 124, 131, 141, 151, 159, 166, 169, 172, 175, 182, 194, 201, 204, 205, 214, 223, 226, 244, 245, 247, 250, 251, 254, 262, 270, 278, 286, 294, 299, 307, 308, 309, 312, 313, 314, 324, 325, 326, 333, 343, 353, 361, 368, 378, 830, 831, 832, 834, 849, 850, 851, 852, 853, 854, 857, 860, 861, 863, 866, 868, 871, 872, 873, 877, 884, 886, 888, 889, 891, 898, 899, 900, 902, 904, 905, 907, 908, 910, 911, 912, 913, 915, 916, 917, 919, 921, 930, 931, 933, 935, 937, 939, 941, 943, 945, 948, 949, 951, 952, 954, 956, 958, 960, 962, 964, 967, 968, 970, 972, 974, 978, 980, 982, 984, 988, 991, 992, 993, 994, 995, 996, 998, 999, 1000, 1001, 1004, 1005, 1006, 1007, 1008, 1009, 1011, 1014, 1015, 1017, 1019, 1027, 1035, 1043, 1051, 1059, 1061, 1063, 1065, 1066, 1068, 1069, 1070, 1071, 1072, 1073, 1074, 1075, 1076, 1077, 1078, 1080], "excluded_lines": []}, "scripts/convert_stable_cascade.py": {"executed_lines": [], "summary": {"covered_lines": 0, "num_statements": 74, "percent_covered": 0.0, "percent_covered_display": "0", "missing_lines": 74, "excluded_lines": 0}, "missing_lines": [2, 3, 5, 6, 7, 15, 21, 22, 23, 24, 25, 28, 29, 31, 32, 33, 34, 35, 36, 37, 38, 41, 47, 53, 54, 55, 57, 59, 60, 61, 62, 64, 66, 67, 68, 70, 73, 74, 77, 78, 79, 82, 85, 86, 89, 90, 92, 94, 95, 97, 99, 101, 102, 128, 129, 131, 134, 142, 146, 148, 149, 151, 153, 154, 155, 183, 184, 186, 189, 192, 195, 199, 201, 216], "excluded_lines": []}, "scripts/convert_stable_cascade_lite.py": {"executed_lines": [], "summary": {"covered_lines": 0, "num_statements": 74, "percent_covered": 0.0, "percent_covered_display": "0", "missing_lines": 74, "excluded_lines": 0}, "missing_lines": [2, 3, 5, 6, 7, 15, 21, 22, 23, 24, 25, 28, 29, 31, 32, 33, 36, 39, 40, 41, 42, 48, 54, 60, 61, 62, 64, 66, 67, 68, 69, 71, 73, 74, 75, 77, 80, 81, 84, 85, 86, 89, 92, 93, 95, 97, 99, 101, 102, 104, 106, 107, 108, 135, 136, 138, 141, 149, 153, 155, 156, 158, 160, 162, 163, 191, 192, 194, 197, 200, 203, 207, 209, 224], "excluded_lines": []}, "scripts/convert_stable_diffusion_checkpoint_to_onnx.py": {"executed_lines": [], "summary": {"covered_lines": 0, "num_statements": 78, "percent_covered": 0.0, "percent_covered_display": "0", "missing_lines": 78, "excluded_lines": 0}, "missing_lines": [15, 16, 17, 18, 20, 21, 22, 23, 25, 28, 31, 41, 44, 45, 58, 70, 71, 72, 73, 74, 75, 76, 78, 79, 80, 83, 84, 85, 92, 104, 107, 108, 109, 110, 129, 130, 131, 133, 134, 136, 144, 147, 148, 149, 151, 152, 168, 169, 170, 172, 173, 187, 190, 191, 192, 193, 194, 195, 215, 216, 217, 219, 220, 222, 234, 235, 237, 238, 239, 240, 243, 244, 246, 253, 255, 261, 263, 265], "excluded_lines": []}, "scripts/convert_stable_diffusion_controlnet_to_onnx.py": {"executed_lines": [], "summary": {"covered_lines": 0, "num_statements": 172, "percent_covered": 0.0, "percent_covered_display": "0", "missing_lines": 172, "excluded_lines": 0}, "missing_lines": [1, 2, 3, 4, 6, 7, 8, 9, 10, 11, 12, 14, 18, 19, 22, 23, 26, 27, 28, 29, 31, 32, 33, 37, 38, 39, 40, 42, 43, 44, 45, 46, 48, 49, 50, 51, 52, 54, 55, 56, 57, 59, 61, 62, 63, 66, 67, 68, 69, 70, 71, 72, 75, 76, 77, 80, 81, 86, 87, 88, 90, 98, 101, 111, 112, 114, 118, 120, 128, 131, 132, 137, 138, 139, 141, 151, 152, 155, 166, 167, 169, 173, 175, 184, 187, 197, 200, 201, 202, 215, 227, 228, 262, 263, 264, 265, 266, 268, 271, 272, 273, 274, 275, 276, 278, 279, 280, 282, 283, 287, 291, 292, 293, 294, 297, 298, 299, 306, 318, 321, 322, 323, 324, 325, 326, 327, 328, 330, 362, 363, 365, 366, 368, 369, 371, 379, 381, 382, 383, 384, 385, 386, 388, 414, 415, 417, 418, 420, 421, 423, 431, 434, 435, 436, 438, 439, 452, 453, 455, 456, 469, 471, 474, 475, 477, 479, 486, 493, 495, 501, 503, 505], "excluded_lines": []}, "scripts/convert_stable_diffusion_controlnet_to_tensorrt.py": {"executed_lines": [], "summary": {"covered_lines": 0, "num_statements": 62, "percent_covered": 0.0, "percent_covered_display": "0", "missing_lines": 62, "excluded_lines": 0}, "missing_lines": [1, 2, 4, 7, 37, 38, 39, 40, 41, 42, 43, 45, 46, 48, 49, 50, 51, 52, 53, 54, 56, 57, 58, 60, 61, 62, 64, 65, 67, 68, 69, 70, 71, 72, 74, 76, 77, 78, 79, 80, 81, 83, 84, 85, 86, 87, 89, 90, 91, 92, 94, 97, 98, 101, 102, 104, 106, 113, 115, 117, 119, 121], "excluded_lines": []}, "scripts/convert_svd_to_diffusers.py": {"executed_lines": [], "summary": {"covered_lines": 0, "num_statements": 368, "percent_covered": 0.0, "percent_covered_display": "0", "missing_lines": 368, "excluded_lines": 0}, "missing_lines": [1, 4, 5, 7, 10, 14, 15, 17, 18, 20, 22, 24, 26, 27, 28, 29, 34, 35, 36, 38, 39, 40, 45, 46, 48, 49, 55, 57, 59, 60, 63, 65, 66, 67, 69, 70, 71, 72, 73, 75, 76, 80, 81, 82, 83, 84, 86, 102, 103, 105, 106, 108, 109, 111, 112, 114, 117, 132, 135, 136, 137, 138, 140, 142, 144, 145, 147, 148, 149, 151, 152, 154, 156, 157, 160, 161, 164, 165, 166, 168, 169, 170, 172, 173, 176, 177, 178, 179, 180, 181, 183, 186, 190, 191, 192, 201, 203, 204, 205, 206, 208, 210, 213, 217, 218, 220, 223, 227, 228, 229, 230, 232, 233, 235, 236, 238, 240, 242, 244, 247, 254, 255, 258, 259, 261, 264, 265, 266, 270, 271, 272, 273, 275, 276, 281, 282, 283, 285, 287, 288, 289, 290, 292, 294, 295, 296, 297, 298, 299, 301, 304, 305, 306, 307, 309, 310, 312, 313, 314, 315, 318, 319, 325, 326, 332, 333, 338, 339, 340, 342, 352, 354, 356, 357, 360, 364, 365, 369, 373, 374, 378, 383, 384, 388, 389, 390, 392, 396, 397, 398, 400, 401, 403, 407, 408, 409, 413, 414, 415, 419, 420, 421, 425, 428, 432, 433, 434, 438, 439, 440, 441, 442, 444, 445, 446, 447, 449, 451, 452, 460, 462, 463, 467, 471, 472, 476, 480, 481, 485, 486, 487, 488, 491, 496, 497, 499, 500, 501, 503, 507, 511, 514, 516, 517, 518, 522, 524, 527, 529, 530, 531, 535, 537, 541, 544, 545, 546, 547, 548, 549, 550, 551, 552, 553, 556, 560, 561, 562, 565, 566, 568, 569, 571, 573, 576, 577, 579, 580, 582, 584, 586, 588, 590, 593, 597, 598, 599, 601, 602, 604, 605, 607, 608, 610, 611, 613, 614, 616, 618, 620, 623, 625, 626, 627, 628, 629, 630, 632, 634, 635, 636, 637, 638, 639, 641, 642, 643, 644, 645, 646, 647, 648, 656, 657, 662, 663, 667, 668, 670, 671, 674, 678, 679, 680, 682, 683, 684, 685, 687, 688, 689, 691, 692, 693, 694, 695, 697, 698, 700, 704, 705, 708, 712, 713, 714, 716, 717, 718, 719, 721, 722, 723, 725, 726, 727, 728, 729, 730], "excluded_lines": []}, "scripts/convert_tiny_autoencoder_to_diffusers.py": {"executed_lines": [], "summary": {"covered_lines": 0, "num_statements": 26, "percent_covered": 0.0, "percent_covered_display": "0", "missing_lines": 26, "excluded_lines": 0}, "missing_lines": [1, 3, 5, 8, 26, 27, 29, 30, 37, 44, 47, 49, 50, 51, 53, 54, 55, 58, 59, 62, 63, 64, 65, 69, 70, 71], "excluded_lines": []}, "scripts/convert_unclip_txt2img_to_image_variation.py": {"executed_lines": [], "summary": {"covered_lines": 0, "num_statements": 13, "percent_covered": 0.0, "percent_covered_display": "0", "missing_lines": 13, "excluded_lines": 0}, "missing_lines": [1, 3, 5, 8, 9, 11, 13, 21, 23, 25, 26, 28, 41], "excluded_lines": []}, "scripts/convert_unidiffuser_to_diffusers.py": {"executed_lines": [], "summary": {"covered_lines": 0, "num_statements": 319, "percent_covered": 0.0, "percent_covered_display": "0", "missing_lines": 319, "excluded_lines": 0}, "missing_lines": [3, 4, 6, 7, 17, 26, 37, 41, 42, 44, 48, 52, 53, 54, 56, 57, 59, 61, 65, 69, 70, 71, 73, 74, 76, 77, 79, 80, 82, 83, 85, 86, 88, 90, 92, 96, 97, 98, 99, 100, 101, 102, 103, 104, 105, 110, 124, 127, 128, 129, 130, 132, 134, 136, 137, 139, 140, 141, 143, 144, 147, 148, 151, 152, 153, 155, 156, 157, 160, 161, 162, 163, 164, 165, 167, 170, 172, 173, 174, 175, 177, 181, 184, 186, 187, 188, 189, 191, 196, 197, 198, 201, 203, 204, 205, 206, 208, 212, 216, 217, 227, 230, 231, 256, 259, 260, 277, 282, 283, 293, 296, 297, 322, 326, 327, 344, 348, 353, 355, 357, 358, 359, 360, 361, 362, 364, 365, 366, 367, 368, 369, 371, 372, 373, 374, 377, 378, 383, 384, 388, 389, 391, 392, 395, 399, 400, 401, 409, 410, 411, 412, 414, 415, 416, 424, 425, 426, 427, 434, 436, 437, 438, 442, 443, 446, 450, 451, 452, 460, 461, 462, 463, 465, 466, 467, 475, 476, 477, 478, 485, 487, 488, 489, 490, 491, 493, 496, 507, 508, 509, 510, 511, 512, 515, 518, 519, 520, 521, 522, 523, 525, 526, 527, 528, 529, 530, 531, 532, 533, 534, 536, 539, 544, 546, 549, 550, 551, 552, 553, 554, 556, 559, 560, 561, 565, 566, 569, 570, 572, 573, 574, 575, 576, 577, 580, 581, 582, 586, 589, 590, 591, 593, 594, 595, 596, 597, 599, 602, 607, 608, 610, 611, 612, 613, 615, 617, 620, 621, 622, 623, 626, 627, 628, 629, 631, 632, 633, 634, 635, 637, 640, 641, 643, 650, 653, 660, 667, 676, 682, 688, 691, 692, 693, 694, 697, 698, 699, 700, 703, 704, 705, 706, 709, 710, 717, 719, 720, 731, 732, 735, 736, 749, 750, 753, 754, 755, 756, 757, 758, 759, 761, 762, 765, 766, 767, 768, 770, 775, 786], "excluded_lines": []}, "scripts/convert_vae_diff_to_onnx.py": {"executed_lines": [], "summary": {"covered_lines": 0, "num_statements": 36, "percent_covered": 0.0, "percent_covered_display": "0", "missing_lines": 36, "excluded_lines": 0}, "missing_lines": [15, 16, 18, 19, 20, 22, 25, 28, 38, 41, 42, 55, 67, 68, 69, 70, 71, 72, 73, 75, 76, 79, 80, 82, 83, 97, 100, 101, 103, 110, 111, 117, 119, 120, 121, 122], "excluded_lines": []}, "scripts/convert_vae_pt_to_diffusers.py": {"executed_lines": [], "summary": {"covered_lines": 0, "num_statements": 96, "percent_covered": 0.0, "percent_covered_display": "0", "missing_lines": 96, "excluded_lines": 0}, "missing_lines": [1, 2, 4, 5, 6, 8, 9, 18, 19, 21, 23, 24, 25, 26, 27, 28, 30, 31, 32, 33, 34, 35, 37, 38, 39, 40, 43, 44, 49, 50, 54, 55, 57, 58, 61, 65, 66, 67, 69, 70, 71, 72, 74, 75, 76, 78, 79, 80, 81, 82, 84, 85, 86, 90, 91, 94, 98, 99, 100, 102, 103, 104, 105, 107, 108, 109, 111, 112, 113, 114, 115, 116, 119, 124, 127, 129, 130, 131, 132, 133, 135, 136, 137, 138, 140, 143, 144, 146, 147, 148, 151, 152, 154, 155, 157, 159], "excluded_lines": []}, "scripts/convert_versatile_diffusion_to_diffusers.py": {"executed_lines": [], "summary": {"covered_lines": 0, "num_statements": 365, "percent_covered": 0.0, "percent_covered_display": "0", "missing_lines": 365, "excluded_lines": 0}, "missing_lines": [15, 17, 18, 20, 21, 28, 39, 42, 51, 65, 80, 96, 100, 101, 103, 106, 110, 111, 112, 113, 115, 116, 118, 119, 121, 123, 125, 128, 132, 133, 134, 136, 137, 139, 141, 144, 148, 149, 150, 160, 162, 165, 169, 170, 171, 173, 174, 176, 177, 179, 180, 182, 183, 185, 186, 188, 190, 192, 195, 205, 208, 209, 210, 211, 213, 215, 217, 218, 220, 221, 222, 224, 225, 228, 229, 232, 233, 234, 236, 237, 238, 241, 242, 243, 244, 247, 248, 249, 250, 251, 252, 253, 254, 255, 256, 259, 264, 266, 267, 268, 269, 270, 271, 272, 274, 275, 276, 277, 278, 280, 281, 283, 295, 298, 303, 305, 306, 307, 308, 309, 310, 311, 313, 314, 315, 316, 317, 319, 320, 322, 334, 337, 342, 343, 344, 346, 356, 359, 360, 366, 369, 375, 376, 379, 380, 381, 382, 386, 387, 388, 389, 391, 396, 397, 398, 400, 402, 403, 404, 405, 407, 408, 410, 411, 412, 413, 416, 417, 423, 424, 430, 431, 436, 437, 438, 440, 443, 445, 446, 449, 452, 454, 455, 456, 457, 460, 464, 465, 466, 470, 471, 472, 473, 477, 478, 479, 481, 482, 484, 485, 487, 488, 489, 493, 494, 495, 496, 497, 499, 500, 501, 502, 504, 506, 507, 508, 510, 512, 513, 517, 518, 519, 522, 526, 527, 528, 530, 531, 532, 533, 536, 540, 541, 542, 544, 545, 546, 547, 550, 554, 555, 556, 560, 564, 565, 566, 567, 569, 571, 574, 576, 577, 578, 579, 581, 583, 584, 585, 586, 587, 588, 590, 591, 592, 593, 594, 595, 597, 598, 599, 600, 603, 604, 609, 610, 614, 615, 617, 618, 621, 625, 626, 627, 629, 630, 631, 632, 634, 635, 636, 638, 639, 640, 641, 642, 644, 645, 646, 650, 651, 654, 658, 659, 660, 662, 663, 664, 665, 667, 668, 669, 671, 672, 673, 674, 675, 676, 679, 680, 682, 685, 688, 691, 697, 706, 708, 710, 712, 713, 714, 715, 716, 724, 725, 726, 727, 728, 729, 732, 733, 736, 737, 746, 749, 751, 752, 753, 756, 757, 760, 761, 764, 765, 768, 769, 770, 771, 773, 774, 776, 777, 778, 779, 781, 791], "excluded_lines": []}, "scripts/convert_vq_diffusion_to_diffusers.py": {"executed_lines": [], "summary": {"covered_lines": 0, "num_statements": 291, "percent_covered": 0.0, "percent_covered_display": "0", "missing_lines": 291, "excluded_lines": 0}, "missing_lines": [35, 36, 38, 39, 40, 41, 42, 44, 45, 50, 53, 54, 58, 60, 61, 63, 64, 66, 67, 69, 70, 71, 75, 76, 78, 79, 81, 84, 86, 88, 101, 104, 105, 106, 107, 109, 110, 112, 113, 114, 116, 118, 120, 122, 125, 126, 127, 128, 130, 131, 133, 134, 135, 137, 139, 141, 143, 146, 147, 148, 149, 150, 151, 153, 154, 157, 158, 159, 160, 161, 163, 164, 172, 173, 175, 179, 187, 190, 198, 200, 203, 204, 207, 215, 216, 217, 220, 221, 222, 224, 234, 237, 238, 239, 248, 249, 250, 251, 252, 265, 266, 267, 275, 276, 279, 281, 283, 289, 300, 303, 304, 307, 316, 318, 320, 321, 324, 325, 326, 328, 337, 340, 341, 342, 351, 352, 353, 354, 355, 368, 369, 370, 378, 379, 382, 384, 386, 392, 403, 406, 407, 422, 423, 430, 433, 434, 459, 460, 461, 464, 467, 470, 473, 477, 478, 479, 481, 483, 489, 490, 492, 493, 495, 498, 500, 501, 503, 504, 505, 507, 521, 522, 530, 531, 533, 535, 536, 539, 554, 555, 556, 559, 560, 562, 569, 570, 572, 579, 580, 582, 589, 590, 592, 599, 600, 602, 610, 611, 613, 623, 624, 626, 633, 634, 636, 643, 646, 647, 654, 655, 671, 672, 683, 686, 687, 689, 694, 695, 697, 705, 713, 717, 725, 727, 737, 747, 749, 751, 753, 757, 759, 760, 762, 763, 765, 767, 768, 769, 770, 771, 773, 779, 784, 786, 787, 788, 790, 792, 793, 794, 795, 796, 798, 802, 804, 805, 807, 809, 811, 812, 816, 825, 827, 828, 830, 834, 835, 836, 837, 838, 840, 846, 848, 854, 856, 858, 860, 866, 872, 881, 882, 888, 892, 893, 894, 895, 896, 904, 906, 914, 916], "excluded_lines": []}, "scripts/convert_wuerstchen.py": {"executed_lines": [], "summary": {"covered_lines": 0, "num_statements": 70, "percent_covered": 0.0, "percent_covered_display": "0", "missing_lines": 70, "excluded_lines": 0}, "missing_lines": [2, 4, 5, 6, 8, 14, 17, 18, 20, 21, 22, 24, 25, 26, 27, 30, 31, 34, 35, 37, 38, 39, 40, 41, 42, 43, 44, 45, 46, 47, 48, 49, 50, 51, 52, 53, 54, 55, 57, 58, 59, 62, 63, 64, 65, 66, 67, 68, 69, 70, 71, 72, 73, 74, 75, 76, 77, 78, 79, 80, 82, 83, 84, 87, 90, 94, 96, 99, 102, 115], "excluded_lines": []}, "scripts/generate_logits.py": {"executed_lines": [], "summary": {"covered_lines": 0, "num_statements": 37, "percent_covered": 0.0, "percent_covered_display": "0", "missing_lines": 37, "excluded_lines": 0}, "missing_lines": [1, 3, 4, 6, 9, 11, 13, 19, 25, 31, 37, 43, 49, 55, 61, 66, 72, 78, 84, 90, 96, 104, 105, 106, 107, 109, 111, 112, 114, 116, 117, 119, 120, 121, 122, 124, 127], "excluded_lines": []}, "scripts/log_reports.py": {"executed_lines": [], "summary": {"covered_lines": 0, "num_statements": 73, "percent_covered": 0.0, "percent_covered_display": "0", "missing_lines": 73, "excluded_lines": 0}, "missing_lines": [1, 2, 3, 4, 5, 7, 8, 11, 13, 14, 17, 18, 19, 21, 23, 24, 26, 28, 29, 30, 31, 32, 33, 34, 35, 36, 37, 38, 39, 40, 41, 42, 44, 45, 46, 47, 48, 49, 50, 55, 64, 65, 74, 75, 76, 77, 78, 80, 81, 82, 83, 84, 91, 93, 94, 95, 97, 99, 100, 101, 103, 104, 108, 109, 118, 120, 129, 131, 133, 134, 137, 138, 139], "excluded_lines": []}, "setup.py": {"executed_lines": [], "summary": {"covered_lines": 0, "num_statements": 36, "percent_covered": 0.0, "percent_covered_display": "0", "missing_lines": 36, "excluded_lines": 0}, "missing_lines": [15, 86, 87, 88, 90, 96, 146, 165, 166, 169, 175, 176, 185, 186, 188, 189, 191, 192, 193, 202, 203, 204, 205, 208, 209, 210, 211, 212, 231, 233, 234, 236, 238, 242, 253, 255], "excluded_lines": []}, "src/diffusers/__init__.py": {"executed_lines": [1, 3, 5, 28, 53, 54, 55, 56, 57, 59, 66, 67, 75, 106, 115, 137, 172, 174, 175, 185, 187, 188, 189, 190, 191, 193, 200, 201, 211, 328, 329, 330, 331, 332, 334, 341, 342, 343, 344, 345, 347, 363, 364, 365, 366, 367, 369, 376, 377, 378, 379, 380, 382, 390, 391, 402, 403, 404, 405, 406, 407, 422, 423, 434, 444, 445, 446, 447, 448, 450, 458, 789, 791], "summary": {"covered_lines": 73, "num_statements": 182, "percent_covered": 40.10989010989011, "percent_covered_display": "40", "missing_lines": 109, "excluded_lines": 0}, "missing_lines": [64, 68, 69, 70, 72, 176, 177, 178, 180, 198, 202, 203, 204, 206, 339, 352, 374, 388, 392, 393, 394, 396, 424, 425, 426, 428, 456, 459, 461, 462, 463, 464, 465, 467, 469, 470, 471, 472, 473, 475, 502, 511, 534, 567, 569, 570, 571, 572, 573, 575, 577, 578, 579, 580, 581, 583, 585, 586, 587, 588, 589, 591, 704, 705, 706, 707, 708, 710, 712, 713, 714, 715, 716, 718, 727, 728, 729, 730, 731, 733, 735, 736, 737, 738, 739, 741, 743, 744, 745, 746, 747, 749, 750, 751, 752, 753, 754, 766, 767, 768, 769, 770, 772, 780, 781, 782, 783, 784, 786], "excluded_lines": []}, "src/diffusers/configuration_utils.py": {"executed_lines": [16, 18, 19, 20, 21, 22, 23, 24, 25, 26, 27, 29, 30, 31, 37, 39, 40, 50, 52, 55, 56, 64, 67, 70, 73, 76, 81, 87, 88, 104, 105, 106, 108, 110, 127, 145, 187, 188, 277, 278, 286, 287, 288, 452, 453, 456, 457, 552, 553, 558, 561, 562, 571, 597, 609, 618, 619, 656, 659, 660, 662, 663, 703, 704], "summary": {"covered_lines": 63, "num_statements": 290, "percent_covered": 21.724137931034484, "percent_covered_display": "22", "missing_lines": 227, "excluded_lines": 0}, "missing_lines": [57, 59, 60, 62, 65, 68, 71, 74, 77, 78, 79, 82, 83, 84, 111, 112, 116, 118, 119, 121, 122, 123, 125, 135, 136, 138, 139, 140, 141, 143, 160, 161, 163, 166, 168, 169, 171, 172, 173, 174, 175, 176, 177, 179, 224, 225, 227, 228, 231, 232, 233, 234, 239, 240, 245, 246, 248, 251, 252, 255, 256, 257, 260, 264, 265, 267, 270, 272, 273, 275, 279, 283, 284, 342, 343, 344, 345, 346, 347, 348, 349, 350, 351, 353, 354, 356, 358, 359, 364, 365, 366, 367, 369, 370, 373, 375, 379, 381, 394, 395, 400, 401, 406, 407, 410, 411, 415, 416, 423, 424, 431, 433, 435, 436, 437, 439, 440, 442, 444, 445, 447, 448, 450, 454, 459, 460, 463, 466, 467, 469, 470, 472, 473, 474, 478, 479, 482, 484, 485, 487, 489, 490, 491, 492, 493, 494, 497, 498, 503, 504, 505, 506, 507, 512, 515, 516, 519, 520, 522, 524, 525, 527, 530, 531, 538, 539, 540, 545, 548, 550, 554, 555, 556, 559, 569, 579, 580, 581, 583, 584, 585, 586, 587, 588, 590, 592, 593, 595, 605, 606, 621, 622, 623, 624, 629, 631, 632, 633, 636, 637, 640, 649, 650, 652, 653, 654, 664, 665, 671, 674, 675, 676, 678, 679, 680, 681, 683, 686, 688, 689, 692, 693, 694, 697, 698, 700, 701], "excluded_lines": []}, "src/diffusers/dependency_versions_check.py": {"executed_lines": [15, 16, 25, 26, 27, 28, 33, 34], "summary": {"covered_lines": 8, "num_statements": 9, "percent_covered": 88.88888888888889, "percent_covered_display": "89", "missing_lines": 1, "excluded_lines": 0}, "missing_lines": [30], "excluded_lines": []}, "src/diffusers/dependency_versions_table.py": {"executed_lines": [4], "summary": {"covered_lines": 1, "num_statements": 1, "percent_covered": 100.0, "percent_covered_display": "100", "missing_lines": 0, "excluded_lines": 0}, "missing_lines": [], "excluded_lines": []}, "src/diffusers/image_processor.py": {"executed_lines": [15, 16, 17, 19, 20, 21, 22, 23, 25, 26, 29, 38, 41, 42, 63, 65, 66, 85, 86, 101, 102, 113, 114, 124, 125, 132, 133, 139, 140, 146, 147, 155, 156, 164, 165, 173, 174, 263, 308, 334, 390, 407, 450, 563, 618, 654, 655, 669, 671, 672, 681, 682, 697, 698, 709, 710, 720, 740, 795, 895, 896, 915, 917, 918, 936, 937, 999, 1000, 1021, 1022, 1040, 1041, 1048, 1049], "summary": {"covered_lines": 70, "num_statements": 420, "percent_covered": 16.666666666666668, "percent_covered_display": "17", "missing_lines": 350, "excluded_lines": 0}, "missing_lines": [76, 77, 78, 90, 91, 92, 93, 95, 97, 99, 106, 107, 108, 109, 111, 118, 119, 121, 122, 129, 130, 137, 144, 151, 153, 160, 162, 169, 171, 191, 192, 195, 196, 197, 198, 199, 200, 202, 203, 204, 205, 206, 208, 209, 210, 211, 212, 214, 215, 216, 217, 218, 221, 229, 230, 232, 233, 234, 235, 236, 237, 238, 239, 240, 241, 242, 243, 244, 245, 247, 248, 249, 250, 251, 252, 253, 254, 255, 256, 257, 258, 259, 261, 279, 280, 282, 283, 285, 286, 287, 289, 290, 291, 292, 293, 297, 298, 299, 300, 301, 306, 323, 324, 326, 327, 329, 330, 331, 332, 364, 365, 366, 367, 368, 369, 370, 371, 372, 374, 376, 377, 381, 382, 383, 387, 388, 402, 403, 405, 428, 429, 430, 431, 432, 434, 436, 437, 438, 439, 440, 442, 444, 448, 481, 484, 485, 491, 496, 497, 499, 501, 502, 503, 504, 508, 509, 510, 511, 512, 513, 514, 515, 516, 517, 518, 519, 521, 522, 524, 526, 527, 528, 530, 531, 533, 534, 536, 538, 539, 541, 542, 543, 546, 547, 548, 553, 555, 556, 558, 559, 561, 585, 586, 589, 590, 594, 595, 597, 598, 600, 601, 603, 607, 608, 610, 612, 613, 615, 616, 629, 631, 632, 634, 635, 636, 638, 639, 640, 641, 642, 643, 644, 645, 647, 648, 649, 651, 679, 686, 687, 688, 689, 691, 693, 695, 702, 703, 705, 706, 707, 718, 724, 725, 726, 727, 728, 729, 732, 733, 734, 736, 738, 762, 763, 766, 767, 771, 772, 774, 775, 777, 781, 783, 784, 785, 787, 788, 790, 791, 793, 806, 809, 810, 812, 813, 814, 815, 816, 820, 821, 822, 825, 826, 827, 828, 829, 830, 832, 833, 835, 836, 837, 838, 839, 840, 842, 843, 844, 845, 846, 848, 849, 875, 876, 877, 882, 884, 885, 886, 888, 889, 890, 892, 927, 957, 958, 959, 960, 961, 962, 964, 967, 968, 970, 972, 975, 976, 981, 983, 984, 989, 992, 996, 1031, 1043, 1044, 1045, 1046, 1050, 1053, 1054, 1055, 1056, 1059, 1064, 1065, 1066, 1067, 1068, 1070], "excluded_lines": []}, "src/diffusers/loaders/__init__.py": {"executed_lines": [1, 3, 4, 7, 31, 33, 54, 56, 57, 59, 60, 61, 62, 63, 64, 65, 66, 68, 71, 86, 88], "summary": {"covered_lines": 21, "num_statements": 54, "percent_covered": 38.888888888888886, "percent_covered_display": "39", "missing_lines": 33, "excluded_lines": 0}, "missing_lines": [8, 13, 15, 16, 17, 19, 20, 22, 23, 25, 26, 28, 34, 39, 41, 43, 44, 45, 46, 47, 49, 51, 72, 73, 74, 75, 76, 78, 79, 80, 81, 82, 84], "excluded_lines": []}, "src/diffusers/loaders/autoencoder.py": {"executed_lines": [15, 17, 23, 24, 28, 29, 30], "summary": {"covered_lines": 6, "num_statements": 28, "percent_covered": 21.428571428571427, "percent_covered_display": "21", "missing_lines": 22, "excluded_lines": 0}, "missing_lines": [100, 101, 102, 103, 104, 105, 106, 107, 108, 109, 111, 113, 114, 118, 119, 132, 133, 134, 142, 143, 144, 146], "excluded_lines": []}, "src/diffusers/loaders/controlnet.py": {"executed_lines": [15, 17, 23, 24, 28, 29, 30], "summary": {"covered_lines": 6, "num_statements": 28, "percent_covered": 21.428571428571427, "percent_covered_display": "21", "missing_lines": 22, "excluded_lines": 0}, "missing_lines": [90, 91, 92, 93, 94, 95, 96, 97, 98, 99, 101, 102, 103, 107, 108, 121, 122, 124, 132, 133, 134, 136], "excluded_lines": []}, "src/diffusers/loaders/ip_adapter.py": {"executed_lines": [15, 16, 18, 19, 20, 21, 23, 24, 32, 35, 36, 41, 48, 51, 52, 54, 55, 248, 300], "summary": {"covered_lines": 18, "num_statements": 119, "percent_covered": 15.126050420168067, "percent_covered_display": "15", "missing_lines": 101, "excluded_lines": 0}, "missing_lines": [116, 117, 119, 120, 121, 122, 124, 125, 126, 127, 129, 130, 132, 133, 136, 137, 138, 139, 140, 141, 142, 143, 145, 146, 147, 154, 155, 160, 164, 165, 168, 169, 182, 183, 184, 185, 186, 187, 188, 189, 191, 193, 195, 196, 197, 199, 202, 203, 204, 205, 206, 207, 209, 211, 216, 218, 222, 228, 229, 230, 233, 234, 236, 237, 238, 239, 242, 243, 244, 245, 246, 278, 279, 280, 281, 283, 284, 285, 286, 290, 291, 292, 293, 294, 295, 296, 298, 313, 314, 315, 319, 320, 321, 322, 325, 326, 329, 330, 331, 334, 339], "excluded_lines": []}, "src/diffusers/loaders/lora.py": {"executed_lines": [14, 15, 16, 17, 18, 20, 21, 22, 23, 24, 25, 26, 28, 29, 30, 48, 51, 52, 54, 56, 57, 59, 61, 62, 63, 65, 66, 68, 71, 72, 77, 78, 79, 80, 82, 144, 145, 146, 309, 310, 350, 351, 381, 382, 498, 499, 623, 624, 713, 714, 719, 734, 735, 799, 800, 833, 865, 947, 985, 1032, 1049, 1065, 1140, 1154, 1168, 1192, 1224, 1247, 1301, 1302, 1305, 1382, 1383, 1444], "summary": {"covered_lines": 72, "num_statements": 546, "percent_covered": 13.186813186813186, "percent_covered_display": "13", "missing_lines": 474, "excluded_lines": 0}, "missing_lines": [108, 109, 112, 113, 116, 118, 119, 120, 122, 124, 132, 209, 210, 211, 212, 213, 214, 215, 216, 217, 218, 219, 221, 222, 223, 224, 226, 231, 232, 234, 237, 241, 242, 247, 260, 261, 262, 263, 265, 266, 268, 269, 270, 273, 286, 288, 290, 292, 302, 304, 305, 307, 313, 314, 316, 318, 319, 320, 321, 325, 326, 327, 328, 333, 334, 338, 339, 340, 341, 343, 344, 347, 348, 363, 364, 366, 367, 368, 369, 370, 371, 372, 374, 377, 379, 406, 407, 409, 411, 415, 417, 419, 421, 422, 424, 425, 426, 433, 434, 435, 437, 438, 439, 443, 445, 448, 450, 451, 452, 453, 455, 456, 457, 458, 459, 463, 464, 465, 468, 469, 473, 475, 476, 478, 480, 481, 482, 488, 489, 490, 491, 494, 535, 536, 538, 540, 545, 546, 549, 551, 552, 556, 557, 558, 559, 562, 564, 565, 566, 568, 569, 570, 571, 572, 574, 575, 577, 578, 581, 585, 586, 587, 588, 589, 593, 594, 595, 598, 599, 601, 605, 612, 614, 617, 618, 619, 620, 648, 650, 652, 654, 655, 659, 660, 661, 665, 666, 667, 671, 672, 673, 674, 676, 677, 678, 679, 683, 684, 687, 688, 692, 694, 695, 697, 699, 700, 701, 707, 708, 709, 710, 717, 720, 721, 722, 724, 725, 726, 728, 729, 730, 731, 732, 768, 770, 771, 772, 773, 775, 776, 780, 781, 783, 784, 786, 787, 790, 808, 809, 810, 812, 813, 815, 816, 819, 821, 823, 824, 825, 827, 829, 830, 831, 845, 847, 848, 849, 854, 855, 856, 858, 859, 860, 863, 907, 909, 910, 911, 912, 916, 917, 918, 920, 921, 923, 924, 925, 926, 930, 931, 932, 933, 934, 939, 941, 942, 943, 944, 945, 964, 966, 967, 968, 969, 970, 972, 973, 974, 975, 977, 978, 979, 980, 981, 983, 1003, 1004, 1006, 1009, 1010, 1012, 1013, 1019, 1021, 1023, 1024, 1025, 1026, 1027, 1030, 1041, 1042, 1044, 1045, 1046, 1047, 1058, 1059, 1060, 1061, 1062, 1063, 1070, 1072, 1075, 1076, 1078, 1079, 1084, 1086, 1087, 1090, 1095, 1096, 1097, 1098, 1099, 1101, 1102, 1106, 1107, 1112, 1116, 1117, 1122, 1123, 1124, 1126, 1127, 1128, 1130, 1132, 1135, 1136, 1137, 1138, 1141, 1142, 1145, 1146, 1149, 1150, 1151, 1152, 1155, 1156, 1159, 1160, 1163, 1164, 1165, 1166, 1175, 1176, 1178, 1179, 1182, 1183, 1185, 1187, 1188, 1189, 1190, 1208, 1209, 1213, 1215, 1216, 1217, 1218, 1219, 1220, 1222, 1228, 1229, 1233, 1235, 1236, 1238, 1239, 1241, 1242, 1243, 1245, 1258, 1259, 1261, 1264, 1265, 1266, 1267, 1268, 1269, 1271, 1272, 1277, 1278, 1279, 1281, 1282, 1284, 1286, 1287, 1288, 1289, 1290, 1292, 1296, 1334, 1335, 1342, 1343, 1346, 1351, 1352, 1353, 1355, 1358, 1359, 1360, 1370, 1371, 1372, 1416, 1418, 1419, 1420, 1421, 1423, 1424, 1428, 1429, 1431, 1432, 1433, 1435, 1445, 1447, 1448, 1449, 1451, 1452, 1453, 1454], "excluded_lines": []}, "src/diffusers/loaders/lora_conversion_utils.py": {"executed_lines": [15, 17, 20, 23, 126], "summary": {"covered_lines": 5, "num_statements": 179, "percent_covered": 2.793296089385475, "percent_covered_display": "3", "missing_lines": 174, "excluded_lines": 0}, "missing_lines": [25, 26, 29, 30, 31, 32, 33, 35, 36, 39, 40, 43, 45, 46, 47, 49, 50, 51, 52, 53, 54, 55, 57, 59, 63, 67, 73, 74, 75, 77, 78, 79, 80, 81, 86, 88, 89, 90, 91, 92, 93, 94, 95, 97, 99, 100, 103, 105, 106, 107, 109, 110, 111, 112, 113, 118, 120, 121, 123, 127, 128, 129, 130, 131, 132, 133, 135, 136, 137, 142, 143, 144, 145, 146, 148, 149, 151, 152, 154, 156, 157, 159, 160, 161, 163, 165, 166, 167, 168, 169, 170, 171, 172, 175, 176, 177, 178, 179, 180, 181, 182, 183, 184, 185, 188, 189, 190, 191, 194, 195, 196, 197, 198, 199, 200, 201, 202, 203, 204, 205, 207, 208, 210, 211, 212, 216, 217, 218, 220, 222, 223, 224, 225, 226, 227, 228, 229, 230, 231, 232, 234, 235, 236, 239, 240, 241, 242, 244, 245, 247, 248, 251, 252, 255, 256, 261, 262, 263, 264, 265, 266, 268, 269, 270, 272, 273, 275, 276, 277, 278, 283, 284, 286, 287], "excluded_lines": []}, "src/diffusers/loaders/peft.py": {"executed_lines": [15, 17, 20, 21, 34, 36, 74, 123, 145, 168], "summary": {"covered_lines": 9, "num_statements": 69, "percent_covered": 13.043478260869565, "percent_covered_display": "13", "missing_lines": 60, "excluded_lines": 0}, "missing_lines": [51, 53, 54, 56, 58, 59, 60, 61, 63, 64, 70, 71, 72, 85, 87, 88, 90, 91, 93, 94, 95, 100, 102, 104, 105, 106, 107, 109, 110, 115, 116, 118, 119, 130, 132, 133, 135, 137, 138, 139, 140, 143, 153, 155, 156, 158, 160, 161, 162, 163, 166, 175, 177, 178, 180, 181, 183, 185, 186, 187], "excluded_lines": []}, "src/diffusers/loaders/single_file.py": {"executed_lines": [15, 17, 18, 28, 31, 37, 38, 41, 134, 154, 155, 159, 160, 161], "summary": {"covered_lines": 13, "num_statements": 85, "percent_covered": 15.294117647058824, "percent_covered_display": "15", "missing_lines": 72, "excluded_lines": 0}, "missing_lines": [54, 55, 57, 58, 59, 61, 71, 73, 74, 75, 84, 86, 87, 88, 90, 99, 101, 102, 109, 111, 112, 113, 115, 119, 120, 122, 123, 124, 128, 129, 131, 140, 141, 142, 143, 144, 151, 246, 247, 248, 249, 250, 251, 252, 253, 254, 256, 258, 271, 273, 279, 280, 281, 283, 284, 285, 289, 290, 291, 292, 294, 307, 308, 309, 311, 314, 315, 317, 318, 320, 321, 323], "excluded_lines": []}, "src/diffusers/loaders/single_file_utils.py": {"executed_lines": [15, 17, 18, 19, 20, 21, 23, 24, 26, 27, 38, 39, 42, 43, 50, 51, 53, 55, 57, 66, 72, 87, 95, 151, 167, 260, 261, 262, 263, 264, 265, 266, 268, 285, 288, 304, 331, 365, 389, 415, 447, 451, 481, 493, 595, 618, 651, 666, 672, 836, 964, 1002, 1008, 1034, 1134, 1179, 1273, 1334, 1394, 1510], "summary": {"covered_lines": 60, "num_statements": 704, "percent_covered": 8.522727272727273, "percent_covered_display": "9", "missing_lines": 644, "excluded_lines": 0}, "missing_lines": [96, 98, 99, 100, 101, 102, 103, 104, 105, 106, 107, 108, 109, 110, 111, 112, 113, 114, 115, 116, 118, 120, 121, 122, 123, 124, 125, 126, 127, 128, 129, 130, 131, 132, 133, 134, 135, 136, 137, 139, 140, 141, 142, 143, 144, 146, 148, 152, 153, 155, 156, 157, 158, 159, 160, 161, 162, 164, 289, 290, 291, 292, 293, 294, 295, 296, 298, 299, 301, 316, 326, 328, 341, 342, 344, 345, 356, 359, 360, 362, 366, 367, 369, 370, 372, 373, 375, 376, 378, 379, 382, 384, 386, 390, 391, 392, 393, 395, 397, 398, 400, 401, 402, 404, 405, 408, 410, 412, 416, 417, 419, 423, 428, 429, 431, 432, 433, 434, 435, 436, 438, 440, 442, 444, 448, 452, 453, 455, 456, 458, 459, 460, 462, 463, 464, 466, 472, 473, 476, 477, 482, 483, 484, 485, 486, 487, 488, 489, 490, 497, 501, 503, 505, 506, 508, 509, 510, 511, 512, 513, 514, 516, 517, 518, 519, 520, 522, 523, 529, 531, 533, 534, 537, 539, 540, 541, 543, 544, 545, 546, 547, 549, 550, 556, 557, 558, 560, 561, 563, 564, 565, 567, 583, 584, 586, 587, 589, 590, 592, 596, 597, 599, 615, 622, 623, 624, 625, 626, 627, 628, 630, 631, 632, 634, 645, 646, 648, 652, 653, 661, 662, 663, 667, 668, 669, 677, 678, 679, 682, 683, 684, 688, 689, 690, 691, 693, 694, 698, 699, 700, 702, 703, 704, 705, 706, 707, 709, 710, 711, 712, 714, 715, 716, 717, 720, 721, 722, 725, 726, 732, 733, 739, 740, 746, 747, 748, 750, 753, 760, 761, 764, 768, 769, 770, 778, 779, 780, 782, 785, 788, 793, 794, 795, 797, 800, 807, 810, 811, 818, 819, 822, 825, 826, 829, 833, 842, 843, 846, 847, 848, 849, 850, 851, 853, 854, 855, 856, 857, 858, 861, 864, 870, 871, 872, 874, 877, 884, 885, 888, 892, 893, 894, 902, 903, 904, 907, 910, 914, 915, 916, 917, 919, 925, 931, 939, 940, 943, 948, 950, 951, 952, 954, 957, 961, 968, 970, 972, 973, 975, 977, 978, 979, 981, 982, 985, 986, 987, 989, 990, 994, 996, 997, 999, 1003, 1004, 1005, 1009, 1010, 1023, 1026, 1028, 1029, 1030, 1031, 1037, 1038, 1039, 1040, 1041, 1042, 1044, 1045, 1046, 1047, 1048, 1049, 1052, 1053, 1057, 1058, 1059, 1065, 1066, 1069, 1073, 1074, 1075, 1076, 1077, 1084, 1085, 1090, 1091, 1095, 1096, 1097, 1100, 1106, 1107, 1110, 1114, 1115, 1116, 1117, 1118, 1125, 1126, 1129, 1131, 1135, 1136, 1137, 1138, 1142, 1143, 1144, 1146, 1147, 1149, 1151, 1152, 1153, 1154, 1155, 1157, 1158, 1159, 1160, 1161, 1163, 1164, 1168, 1169, 1171, 1173, 1174, 1176, 1188, 1189, 1190, 1191, 1195, 1196, 1197, 1199, 1200, 1201, 1204, 1206, 1207, 1209, 1210, 1211, 1212, 1213, 1214, 1215, 1216, 1217, 1219, 1221, 1222, 1223, 1225, 1226, 1228, 1229, 1230, 1231, 1235, 1236, 1238, 1239, 1240, 1242, 1243, 1244, 1245, 1246, 1248, 1250, 1251, 1252, 1253, 1254, 1256, 1257, 1262, 1263, 1265, 1267, 1268, 1270, 1284, 1286, 1287, 1293, 1295, 1296, 1299, 1301, 1304, 1305, 1306, 1307, 1309, 1310, 1312, 1313, 1315, 1316, 1317, 1318, 1319, 1321, 1322, 1326, 1328, 1329, 1331, 1344, 1346, 1349, 1351, 1352, 1355, 1359, 1360, 1362, 1369, 1370, 1372, 1373, 1375, 1376, 1377, 1378, 1379, 1381, 1382, 1386, 1388, 1389, 1391, 1401, 1403, 1404, 1405, 1407, 1408, 1411, 1414, 1415, 1419, 1421, 1422, 1423, 1424, 1430, 1432, 1433, 1437, 1439, 1440, 1441, 1442, 1444, 1445, 1446, 1455, 1456, 1461, 1468, 1469, 1470, 1471, 1472, 1476, 1477, 1481, 1482, 1483, 1484, 1485, 1486, 1495, 1496, 1500, 1507, 1518, 1519, 1521, 1523, 1524, 1526, 1530, 1533, 1536, 1538, 1540, 1541, 1542, 1543, 1545, 1546, 1547, 1548, 1549, 1550, 1551, 1553, 1554, 1555, 1557, 1558, 1560, 1561, 1563, 1564, 1566, 1567, 1569, 1570, 1572, 1573, 1575, 1576, 1593, 1596, 1598, 1599, 1600, 1604, 1609], "excluded_lines": []}, "src/diffusers/loaders/textual_inversion.py": {"executed_lines": [14, 16, 17, 18, 19, 21, 22, 25, 26, 28, 29, 31, 33, 34, 37, 38, 113, 114, 118, 145, 175, 198, 199, 239, 240, 266, 267, 458], "summary": {"covered_lines": 27, "num_statements": 212, "percent_covered": 12.735849056603774, "percent_covered_display": "13", "missing_lines": 185, "excluded_lines": 0}, "missing_lines": [39, 40, 41, 42, 43, 44, 45, 46, 47, 48, 50, 51, 52, 53, 55, 59, 60, 61, 63, 66, 69, 70, 83, 84, 85, 86, 88, 90, 91, 104, 106, 108, 110, 133, 134, 136, 138, 140, 141, 143, 161, 162, 163, 164, 165, 166, 167, 168, 169, 171, 173, 176, 177, 182, 183, 188, 189, 194, 195, 196, 200, 201, 202, 203, 204, 205, 208, 209, 210, 212, 213, 215, 216, 218, 224, 225, 227, 229, 230, 234, 235, 237, 241, 242, 244, 245, 246, 247, 248, 249, 250, 252, 256, 257, 258, 259, 261, 262, 264, 373, 374, 377, 382, 383, 384, 387, 390, 393, 394, 395, 396, 397, 403, 406, 409, 410, 411, 420, 421, 422, 423, 424, 425, 426, 427, 430, 433, 434, 437, 438, 441, 443, 444, 445, 446, 448, 451, 452, 453, 454, 522, 523, 526, 527, 529, 530, 531, 532, 533, 534, 535, 537, 538, 539, 541, 542, 543, 544, 545, 547, 550, 551, 552, 555, 556, 557, 558, 559, 560, 561, 562, 563, 566, 567, 568, 569, 570, 571, 572, 573, 574, 575, 576, 577, 578], "excluded_lines": []}, "src/diffusers/loaders/unet.py": {"executed_lines": [14, 15, 16, 17, 18, 19, 20, 22, 23, 24, 25, 26, 28, 36, 37, 47, 52, 53, 56, 57, 58, 60, 63, 64, 66, 67, 69, 70, 73, 74, 78, 79, 81, 82, 386, 413, 516, 521, 554, 557, 567, 622, 645, 668, 704, 889, 983, 1006, 1060, 1061, 1065, 1066, 1067], "summary": {"covered_lines": 51, "num_statements": 493, "percent_covered": 10.344827586206897, "percent_covered_display": "10", "missing_lines": 442, "excluded_lines": 0}, "missing_lines": [147, 148, 150, 151, 152, 153, 154, 155, 156, 157, 158, 159, 160, 163, 165, 167, 169, 171, 172, 173, 175, 180, 181, 183, 186, 187, 200, 201, 202, 203, 205, 206, 207, 220, 222, 225, 227, 228, 230, 232, 234, 235, 236, 238, 239, 241, 242, 243, 244, 245, 248, 249, 250, 251, 252, 254, 255, 256, 260, 261, 265, 266, 267, 268, 272, 274, 275, 276, 277, 279, 280, 281, 290, 291, 292, 293, 300, 302, 303, 305, 306, 307, 308, 310, 312, 313, 314, 315, 316, 317, 319, 320, 322, 323, 325, 326, 327, 331, 332, 333, 334, 340, 341, 344, 346, 353, 354, 357, 358, 359, 360, 361, 362, 364, 367, 370, 371, 374, 375, 377, 380, 381, 382, 383, 387, 390, 392, 393, 394, 395, 396, 397, 400, 402, 403, 404, 405, 407, 409, 410, 411, 454, 460, 461, 462, 464, 465, 467, 468, 471, 473, 475, 482, 483, 497, 498, 499, 500, 502, 503, 505, 506, 507, 509, 512, 513, 514, 517, 518, 519, 522, 523, 524, 526, 527, 533, 535, 537, 538, 539, 543, 544, 545, 546, 547, 552, 555, 558, 559, 560, 562, 564, 565, 598, 599, 601, 605, 606, 608, 609, 615, 618, 620, 641, 642, 643, 664, 665, 666, 691, 692, 694, 695, 697, 698, 701, 702, 705, 706, 707, 710, 711, 718, 719, 724, 725, 726, 728, 730, 731, 732, 734, 735, 741, 742, 743, 745, 747, 748, 750, 751, 755, 756, 757, 758, 759, 761, 763, 764, 765, 766, 767, 769, 770, 778, 779, 780, 781, 782, 783, 784, 785, 786, 787, 788, 789, 790, 791, 792, 793, 794, 795, 796, 797, 798, 799, 800, 802, 803, 804, 805, 806, 807, 808, 809, 810, 811, 812, 813, 814, 815, 816, 817, 818, 819, 821, 823, 825, 826, 827, 828, 829, 830, 832, 833, 840, 841, 842, 843, 847, 848, 849, 850, 851, 853, 854, 862, 863, 864, 865, 866, 867, 869, 870, 871, 872, 873, 874, 875, 876, 877, 878, 880, 882, 883, 885, 887, 890, 897, 898, 899, 902, 903, 910, 911, 917, 918, 919, 920, 921, 922, 923, 924, 925, 926, 927, 928, 929, 931, 932, 935, 938, 941, 942, 943, 945, 946, 948, 949, 951, 952, 954, 957, 959, 960, 967, 968, 969, 970, 972, 973, 975, 976, 977, 979, 981, 984, 985, 988, 990, 991, 994, 995, 996, 999, 1001, 1002, 1004, 1007, 1008, 1009, 1010, 1011, 1012, 1013, 1020, 1027, 1034, 1041, 1044, 1047, 1050, 1057, 1108, 1109, 1110, 1112, 1113, 1114, 1115, 1116, 1117, 1118, 1119, 1120, 1122, 1133, 1134, 1135, 1137, 1139, 1140, 1141, 1143, 1144, 1145, 1146, 1147, 1152, 1154, 1155, 1157], "excluded_lines": []}, "src/diffusers/loaders/unet_loader_utils.py": {"executed_lines": [14, 15, 17, 20, 24, 27, 41, 64], "summary": {"covered_lines": 8, "n
[...]
2, 123, 125, 126, 128, 129, 130, 131, 134, 135, 137, 138, 140, 141, 143, 144, 146, 147, 148, 150, 151, 152, 153, 154, 155, 156, 165, 166, 167, 170, 171, 172, 173, 174, 175, 176, 177, 178, 180, 186, 192, 196, 197, 198, 200, 201, 202, 204, 205, 206, 208, 209, 210, 212, 214, 215, 216, 217, 219, 220, 222, 223, 224, 227, 228, 229, 231, 232, 233, 235, 236, 238, 239, 241, 242, 243, 245, 247, 248, 249, 251, 253, 254, 255, 256, 258, 259, 261, 262], "excluded_lines": []}, "tests/schedulers/test_scheduler_edm_euler.py": {"executed_lines": [], "summary": {"covered_lines": 0, "num_statements": 130, "percent_covered": 0.0, "percent_covered_display": "0", "missing_lines": 130, "excluded_lines": 0}, "missing_lines": [1, 2, 3, 4, 6, 8, 10, 13, 14, 15, 17, 18, 24, 25, 27, 28, 29, 31, 32, 33, 35, 36, 37, 38, 40, 42, 43, 45, 46, 48, 50, 51, 53, 54, 56, 57, 59, 60, 61, 62, 64, 66, 67, 69, 70, 72, 74, 75, 77, 78, 80, 81, 84, 85, 86, 88, 89, 90, 92, 93, 95, 96, 97, 99, 100, 101, 103, 105, 106, 108, 109, 111, 112, 113, 115, 116, 117, 119, 122, 123, 125, 126, 128, 130, 131, 133, 134, 135, 137, 138, 140, 141, 144, 145, 146, 147, 149, 150, 151, 152, 153, 154, 155, 156, 157, 159, 171, 172, 174, 176, 177, 178, 180, 181, 183, 184, 185, 188, 189, 190, 192, 194, 195, 198, 199, 200, 202, 204, 205, 206], "excluded_lines": []}, "tests/schedulers/test_scheduler_euler.py": {"executed_lines": [], "summary": {"covered_lines": 0, "num_statements": 126, "percent_covered": 0.0, "percent_covered_display": "0", "missing_lines": 126, "excluded_lines": 0}, "missing_lines": [1, 3, 4, 6, 9, 10, 11, 13, 14, 21, 22, 24, 25, 26, 28, 29, 30, 32, 33, 34, 36, 37, 38, 40, 41, 42, 43, 45, 46, 48, 49, 50, 52, 53, 54, 55, 57, 59, 61, 62, 63, 65, 66, 68, 70, 71, 73, 74, 76, 77, 79, 80, 81, 82, 84, 86, 88, 89, 90, 92, 93, 95, 97, 98, 100, 101, 103, 104, 106, 107, 108, 109, 111, 113, 115, 116, 117, 119, 120, 122, 124, 125, 127, 128, 130, 131, 133, 134, 135, 136, 138, 140, 142, 143, 144, 146, 147, 149, 151, 152, 154, 155, 157, 158, 160, 161, 162, 163, 165, 167, 169, 170, 173, 174, 175, 176, 177, 179, 180, 182, 184, 185, 187, 188, 190, 191], "excluded_lines": []}, "tests/schedulers/test_scheduler_euler_ancestral.py": {"executed_lines": [], "summary": {"covered_lines": 0, "num_statements": 102, "percent_covered": 0.0, "percent_covered_display": "0", "missing_lines": 102, "excluded_lines": 0}, "missing_lines": [1, 3, 4, 6, 9, 10, 11, 13, 14, 21, 22, 24, 25, 26, 28, 29, 30, 32, 33, 34, 36, 37, 38, 40, 41, 42, 44, 45, 46, 47, 49, 51, 53, 54, 55, 57, 58, 60, 62, 63, 65, 66, 68, 69, 71, 72, 73, 74, 76, 78, 80, 81, 82, 84, 85, 87, 89, 90, 92, 93, 95, 96, 98, 99, 100, 101, 103, 104, 106, 107, 108, 110, 111, 113, 115, 116, 118, 119, 121, 122, 124, 125, 126, 127, 129, 131, 133, 135, 136, 139, 140, 141, 142, 144, 145, 147, 149, 150, 152, 153, 155, 156], "excluded_lines": []}, "tests/schedulers/test_scheduler_flax.py": {"executed_lines": [], "summary": {"covered_lines": 0, "num_statements": 608, "percent_covered": 0.0, "percent_covered_display": "0", "missing_lines": 608, "excluded_lines": 0}, "missing_lines": [15, 16, 17, 18, 20, 21, 22, 25, 26, 27, 28, 30, 33, 34, 35, 36, 38, 39, 40, 41, 42, 43, 45, 46, 48, 50, 51, 52, 53, 54, 55, 57, 58, 59, 60, 61, 63, 64, 66, 67, 68, 70, 72, 73, 75, 77, 78, 79, 81, 82, 83, 85, 86, 87, 89, 90, 91, 92, 93, 95, 96, 98, 100, 101, 102, 104, 106, 107, 108, 110, 111, 112, 114, 115, 116, 118, 119, 120, 121, 122, 124, 125, 127, 129, 130, 132, 134, 135, 136, 138, 139, 140, 142, 143, 144, 146, 147, 148, 149, 150, 152, 153, 155, 157, 158, 160, 162, 163, 164, 165, 167, 168, 170, 171, 172, 173, 175, 176, 178, 179, 181, 182, 183, 185, 186, 187, 188, 189, 190, 191, 192, 193, 195, 205, 206, 208, 209, 210, 211, 213, 214, 216, 217, 218, 219, 221, 223, 224, 225, 226, 228, 230, 232, 233, 234, 235, 237, 238, 245, 246, 254, 255, 256, 258, 259, 268, 269, 271, 272, 273, 275, 276, 277, 279, 280, 281, 283, 284, 285, 287, 288, 289, 291, 292, 293, 295, 296, 297, 298, 299, 301, 302, 303, 305, 306, 307, 308, 309, 311, 313, 314, 315, 317, 319, 322, 323, 324, 325, 332, 334, 335, 337, 338, 339, 341, 342, 345, 346, 347, 348, 350, 351, 358, 359, 361, 362, 363, 364, 365, 366, 368, 370, 371, 373, 375, 376, 377, 378, 379, 380, 382, 384, 385, 387, 389, 390, 391, 393, 394, 395, 397, 398, 399, 401, 402, 403, 404, 405, 407, 408, 410, 412, 413, 415, 417, 418, 419, 421, 422, 423, 425, 426, 427, 429, 430, 431, 432, 433, 435, 436, 438, 440, 441, 442, 444, 446, 447, 448, 450, 451, 452, 454, 455, 456, 458, 459, 460, 461, 462, 464, 465, 467, 469, 470, 471, 473, 474, 475, 476, 477, 478, 479, 480, 481, 483, 493, 494, 496, 497, 498, 499, 501, 502, 504, 505, 506, 507, 509, 511, 512, 513, 514, 516, 518, 520, 521, 523, 525, 526, 527, 528, 530, 531, 533, 534, 535, 536, 538, 539, 541, 542, 544, 545, 546, 548, 549, 550, 552, 553, 554, 555, 556, 557, 559, 560, 561, 563, 564, 565, 567, 568, 569, 571, 572, 573, 575, 576, 577, 578, 579, 581, 582, 583, 584, 585, 586, 588, 589, 591, 592, 594, 595, 597, 599, 600, 601, 603, 604, 605, 607, 608, 610, 612, 613, 614, 616, 617, 622, 623, 625, 626, 627, 630, 631, 632, 633, 635, 636, 643, 644, 646, 647, 648, 649, 650, 651, 653, 654, 655, 656, 657, 659, 661, 662, 663, 664, 666, 668, 669, 671, 673, 674, 676, 678, 679, 681, 682, 683, 685, 686, 687, 688, 689, 690, 691, 692, 693, 695, 705, 706, 708, 709, 710, 711, 713, 714, 716, 717, 718, 719, 721, 723, 724, 725, 726, 728, 730, 732, 733, 734, 735, 736, 737, 739, 740, 741, 742, 743, 746, 748, 749, 750, 752, 755, 757, 758, 760, 762, 763, 765, 767, 768, 769, 770, 771, 773, 774, 775, 776, 778, 779, 780, 782, 783, 784, 786, 788, 789, 791, 793, 794, 795, 796, 798, 799, 801, 802, 803, 804, 807, 808, 810, 811, 813, 814, 816, 817, 819, 820, 822, 823, 824, 826, 827, 828, 830, 831, 832, 833, 834, 835, 840, 841, 842, 844, 845, 846, 848, 849, 850, 852, 853, 854, 856, 858, 860, 861, 862, 864, 865, 866, 868, 871, 872, 874, 875, 876, 877, 878, 879, 881, 883, 884, 885, 886, 888, 889, 890, 892, 893, 895, 897, 898, 899, 901, 902, 903, 905, 906, 908, 910, 911, 912, 914, 915, 916, 918, 919], "excluded_lines": []}, "tests/schedulers/test_scheduler_heun.py": {"executed_lines": [], "summary": {"covered_lines": 0, "num_statements": 126, "percent_covered": 0.0, "percent_covered_display": "0", "missing_lines": 126, "excluded_lines": 0}, "missing_lines": [1, 3, 4, 6, 9, 10, 11, 13, 14, 21, 22, 24, 25, 26, 28, 29, 30, 32, 33, 34, 36, 37, 38, 40, 41, 42, 44, 45, 46, 47, 49, 51, 52, 53, 55, 56, 58, 60, 61, 63, 64, 66, 67, 68, 71, 72, 74, 75, 76, 77, 79, 81, 82, 83, 85, 86, 88, 90, 91, 93, 94, 96, 97, 98, 101, 102, 104, 105, 106, 107, 109, 111, 112, 114, 115, 117, 119, 120, 122, 123, 125, 127, 128, 129, 131, 134, 135, 137, 138, 139, 140, 142, 144, 145, 146, 148, 149, 151, 153, 154, 156, 157, 159, 160, 162, 163, 164, 165, 167, 169, 170, 171, 173, 174, 175, 176, 177, 179, 180, 182, 184, 185, 187, 188, 190, 191], "excluded_lines": []}, "tests/schedulers/test_scheduler_ipndm.py": {"executed_lines": [], "summary": {"covered_lines": 0, "num_statements": 111, "percent_covered": 0.0, "percent_covered_display": "0", "missing_lines": 111, "excluded_lines": 0}, "missing_lines": [1, 3, 5, 7, 10, 11, 12, 14, 15, 16, 17, 19, 20, 21, 22, 23, 24, 26, 27, 28, 29, 31, 33, 34, 36, 37, 38, 39, 41, 43, 44, 46, 48, 49, 51, 53, 54, 56, 57, 58, 59, 60, 61, 63, 64, 65, 66, 69, 71, 72, 74, 75, 76, 78, 81, 83, 84, 86, 88, 89, 91, 93, 94, 95, 96, 98, 99, 100, 101, 103, 104, 105, 107, 109, 110, 111, 113, 115, 116, 118, 120, 121, 122, 124, 125, 127, 128, 129, 130, 133, 134, 136, 137, 139, 140, 142, 143, 145, 146, 148, 149, 151, 152, 153, 155, 156, 157, 159, 160, 161, 163], "excluded_lines": []}, "tests/schedulers/test_scheduler_kdpm2_ancestral.py": {"executed_lines": [], "summary": {"covered_lines": 0, "num_statements": 106, "percent_covered": 0.0, "percent_covered_display": "0", "missing_lines": 106, "excluded_lines": 0}, "missing_lines": [1, 3, 4, 6, 9, 10, 11, 13, 14, 21, 22, 24, 25, 26, 28, 29, 30, 32, 33, 34, 36, 37, 38, 39, 40, 41, 43, 45, 47, 48, 49, 51, 52, 54, 56, 57, 59, 60, 62, 63, 65, 66, 67, 69, 70, 71, 72, 73, 74, 76, 78, 79, 80, 82, 84, 85, 87, 89, 90, 92, 93, 95, 96, 98, 99, 100, 101, 102, 103, 105, 106, 108, 109, 111, 112, 114, 116, 117, 119, 120, 122, 123, 125, 126, 127, 128, 129, 130, 132, 134, 136, 137, 140, 141, 142, 143, 144, 146, 147, 149, 151, 152, 154, 155, 157, 158], "excluded_lines": []}, "tests/schedulers/test_scheduler_kdpm2_discrete.py": {"executed_lines": [], "summary": {"covered_lines": 0, "num_statements": 110, "percent_covered": 0.0, "percent_covered_display": "0", "missing_lines": 110, "excluded_lines": 0}, "missing_lines": [1, 3, 4, 6, 9, 10, 11, 13, 14, 21, 22, 24, 25, 26, 28, 29, 30, 32, 33, 34, 36, 37, 38, 40, 41, 42, 43, 45, 47, 48, 49, 51, 52, 54, 56, 57, 59, 60, 62, 63, 64, 67, 68, 70, 71, 72, 73, 74, 75, 77, 79, 80, 81, 83, 84, 86, 88, 89, 91, 92, 94, 95, 96, 99, 100, 102, 103, 104, 105, 106, 107, 109, 111, 112, 114, 115, 117, 119, 120, 122, 123, 125, 127, 128, 131, 132, 134, 135, 136, 137, 138, 139, 141, 143, 144, 145, 148, 149, 150, 151, 152, 154, 155, 157, 159, 160, 162, 163, 165, 166], "excluded_lines": []}, "tests/schedulers/test_scheduler_lcm.py": {"executed_lines": [], "summary": {"covered_lines": 0, "num_statements": 189, "percent_covered": 0.0, "percent_covered_display": "0", "missing_lines": 189, "excluded_lines": 0}, "missing_lines": [1, 2, 4, 6, 7, 9, 12, 13, 14, 16, 17, 25, 26, 28, 29, 30, 31, 33, 34, 36, 37, 38, 40, 41, 43, 45, 46, 47, 49, 50, 51, 53, 54, 55, 57, 58, 59, 61, 62, 63, 64, 65, 72, 74, 75, 77, 78, 80, 81, 82, 83, 85, 87, 88, 92, 93, 94, 95, 96, 98, 99, 100, 102, 103, 104, 105, 108, 109, 110, 112, 113, 115, 116, 118, 119, 121, 122, 123, 125, 126, 128, 129, 131, 132, 134, 137, 138, 139, 141, 142, 143, 145, 146, 148, 150, 151, 153, 154, 156, 157, 160, 161, 162, 163, 165, 166, 167, 168, 169, 170, 171, 172, 173, 175, 187, 188, 190, 192, 193, 194, 196, 197, 199, 200, 201, 203, 204, 205, 207, 209, 210, 211, 212, 214, 215, 216, 218, 220, 221, 222, 224, 226, 227, 229, 230, 233, 234, 236, 237, 239, 240, 243, 244, 246, 247, 248, 249, 251, 253, 255, 257, 258, 259, 261, 263, 264, 266, 268, 269, 270, 271, 273, 275, 276, 278, 279, 280, 281, 283, 284, 286, 287, 289, 290, 291, 292, 294, 296, 300], "excluded_lines": []}, "tests/schedulers/test_scheduler_lms.py": {"executed_lines": [], "summary": {"covered_lines": 0, "num_statements": 112, "percent_covered": 0.0, "percent_covered_display": "0", "missing_lines": 112, "excluded_lines": 0}, "missing_lines": [1, 3, 4, 6, 9, 10, 11, 13, 14, 21, 22, 24, 25, 26, 28, 29, 30, 32, 33, 34, 36, 37, 38, 40, 41, 42, 44, 45, 46, 47, 49, 51, 52, 54, 55, 57, 59, 60, 62, 63, 65, 66, 68, 69, 70, 71, 73, 75, 76, 78, 79, 81, 83, 84, 86, 87, 89, 90, 92, 93, 94, 95, 97, 99, 100, 101, 103, 104, 106, 108, 109, 111, 112, 114, 115, 117, 118, 119, 120, 122, 124, 125, 126, 128, 129, 131, 133, 134, 136, 137, 139, 140, 142, 143, 144, 145, 147, 149, 150, 153, 154, 155, 156, 158, 159, 161, 163, 164, 166, 167, 169, 170], "excluded_lines": []}, "tests/schedulers/test_scheduler_pndm.py": {"executed_lines": [], "summary": {"covered_lines": 0, "num_statements": 160, "percent_covered": 0.0, "percent_covered_display": "0", "missing_lines": 160, "excluded_lines": 0}, "missing_lines": [1, 3, 5, 7, 10, 11, 12, 14, 15, 22, 23, 25, 26, 27, 28, 29, 30, 32, 33, 34, 35, 37, 39, 40, 41, 42, 44, 46, 47, 49, 51, 52, 54, 56, 57, 59, 60, 61, 62, 63, 64, 66, 67, 68, 69, 72, 74, 75, 76, 78, 81, 83, 84, 86, 88, 89, 91, 93, 94, 95, 96, 98, 99, 100, 101, 103, 104, 105, 107, 108, 109, 111, 113, 114, 116, 118, 119, 120, 122, 123, 125, 126, 127, 128, 131, 132, 134, 135, 137, 138, 140, 141, 143, 144, 146, 147, 148, 150, 151, 152, 154, 155, 156, 157, 158, 165, 166, 167, 169, 170, 171, 173, 174, 175, 177, 178, 179, 181, 182, 183, 185, 187, 189, 190, 191, 193, 194, 196, 199, 200, 202, 203, 204, 205, 206, 208, 210, 211, 212, 213, 215, 216, 218, 219, 220, 221, 223, 224, 226, 228, 229, 230, 232, 233, 235, 237, 238, 239, 241, 242], "excluded_lines": []}, "tests/schedulers/test_scheduler_sasolver.py": {"executed_lines": [], "summary": {"covered_lines": 0, "num_statements": 136, "percent_covered": 0.0, "percent_covered_display": "0", "missing_lines": 136, "excluded_lines": 0}, "missing_lines": [1, 3, 4, 6, 9, 10, 11, 12, 13, 15, 16, 23, 24, 26, 27, 29, 31, 32, 33, 35, 36, 38, 39, 40, 41, 44, 45, 52, 53, 55, 56, 58, 59, 61, 62, 63, 65, 66, 67, 69, 70, 71, 73, 74, 75, 77, 78, 79, 80, 82, 84, 85, 86, 87, 89, 90, 92, 94, 95, 97, 98, 100, 101, 102, 103, 104, 105, 107, 109, 110, 111, 112, 114, 116, 117, 118, 119, 121, 122, 124, 126, 127, 129, 130, 132, 133, 134, 135, 136, 137, 139, 141, 142, 143, 144, 146, 148, 149, 150, 152, 153, 155, 157, 158, 160, 161, 163, 164, 165, 166, 167, 168, 170, 172, 173, 174, 175, 177, 179, 180, 181, 182, 184, 185, 187, 189, 190, 192, 193, 195, 196, 197, 198, 199, 200, 202], "excluded_lines": []}, "tests/schedulers/test_scheduler_score_sde_ve.py": {"executed_lines": [], "summary": {"covered_lines": 0, "num_statements": 119, "percent_covered": 0.0, "percent_covered_display": "0", "missing_lines": 119, "excluded_lines": 0}, "missing_lines": [1, 2, 4, 5, 7, 10, 12, 13, 15, 16, 17, 18, 19, 20, 22, 24, 26, 27, 28, 29, 30, 31, 33, 34, 35, 36, 37, 39, 41, 42, 43, 45, 47, 48, 56, 57, 59, 60, 62, 63, 64, 66, 67, 69, 70, 71, 73, 76, 80, 82, 83, 87, 89, 90, 91, 93, 94, 95, 97, 98, 100, 101, 102, 104, 107, 111, 113, 114, 118, 120, 121, 122, 124, 125, 126, 128, 129, 130, 132, 133, 135, 136, 137, 139, 141, 142, 144, 145, 146, 148, 149, 151, 152, 153, 154, 156, 157, 159, 160, 162, 163, 165, 166, 168, 169, 171, 173, 174, 175, 177, 178, 180, 181, 182, 183, 185, 186, 188, 189], "excluded_lines": []}, "tests/schedulers/test_scheduler_tcd.py": {"executed_lines": [], "summary": {"covered_lines": 0, "num_statements": 115, "percent_covered": 0.0, "percent_covered_display": "0", "missing_lines": 115, "excluded_lines": 0}, "missing_lines": [1, 3, 5, 8, 9, 10, 12, 13, 21, 22, 24, 25, 26, 28, 29, 30, 31, 33, 34, 36, 37, 38, 40, 41, 43, 45, 46, 47, 49, 50, 51, 53, 54, 55, 57, 58, 59, 61, 62, 63, 64, 65, 72, 74, 75, 77, 78, 80, 81, 82, 83, 85, 87, 88, 90, 91, 92, 93, 95, 97, 98, 99, 100, 102, 103, 104, 106, 108, 109, 111, 112, 114, 115, 117, 118, 120, 121, 123, 124, 126, 127, 128, 129, 131, 133, 135, 137, 138, 139, 141, 143, 144, 146, 148, 149, 150, 151, 153, 155, 156, 158, 159, 160, 161, 163, 164, 166, 167, 169, 170, 171, 172, 174, 176, 180], "excluded_lines": []}, "tests/schedulers/test_scheduler_unclip.py": {"executed_lines": [], "summary": {"covered_lines": 0, "num_statements": 85, "percent_covered": 0.0, "percent_covered_display": "0", "missing_lines": 85, "excluded_lines": 0}, "missing_lines": [1, 3, 5, 9, 10, 12, 13, 21, 22, 24, 25, 26, 28, 29, 30, 32, 33, 34, 36, 37, 38, 40, 41, 42, 44, 45, 46, 47, 48, 50, 52, 53, 54, 55, 57, 58, 59, 61, 62, 63, 64, 66, 68, 69, 70, 72, 73, 74, 75, 77, 79, 80, 81, 83, 85, 88, 90, 92, 93, 95, 96, 98, 99, 100, 101, 103, 105, 107, 108, 109, 111, 113, 115, 116, 118, 121, 125, 127, 128, 130, 131, 133, 134, 136, 137], "excluded_lines": []}, "tests/schedulers/test_scheduler_unipc.py": {"executed_lines": [], "summary": {"covered_lines": 0, "num_statements": 256, "percent_covered": 0.0, "percent_covered_display": "0", "missing_lines": 256, "excluded_lines": 0}, "missing_lines": [1, 3, 5, 12, 15, 16, 17, 19, 20, 30, 31, 33, 34, 35, 36, 37, 38, 40, 41, 42, 43, 45, 47, 48, 49, 50, 52, 54, 55, 56, 57, 58, 60, 62, 63, 64, 65, 66, 67, 69, 70, 71, 72, 75, 77, 78, 79, 81, 84, 86, 87, 89, 91, 92, 93, 94, 95, 97, 98, 99, 101, 102, 103, 104, 106, 107, 108, 110, 112, 113, 115, 117, 118, 119, 121, 122, 124, 125, 126, 127, 130, 131, 133, 134, 136, 137, 139, 140, 142, 145, 146, 147, 149, 151, 152, 153, 154, 156, 157, 159, 161, 162, 163, 165, 166, 167, 168, 169, 170, 171, 179, 180, 181, 183, 184, 185, 187, 188, 189, 190, 191, 196, 201, 203, 204, 205, 207, 208, 209, 211, 212, 213, 215, 217, 218, 219, 221, 223, 224, 225, 227, 229, 230, 231, 233, 235, 236, 237, 238, 239, 240, 247, 249, 250, 251, 252, 254, 255, 256, 258, 260, 261, 262, 263, 265, 266, 268, 269, 270, 273, 274, 275, 277, 278, 279, 281, 282, 284, 285, 288, 289, 290, 291, 292, 293, 295, 297, 299, 300, 301, 302, 303, 305, 306, 307, 308, 309, 311, 313, 314, 315, 316, 317, 319, 320, 321, 322, 323, 325, 327, 330, 331, 332, 334, 336, 337, 338, 339, 341, 342, 344, 346, 347, 348, 350, 352, 353, 354, 356, 358, 359, 360, 362, 364, 365, 366, 368, 370, 371, 372, 373, 375, 376, 378, 379, 380, 383, 384, 385, 387, 388, 389, 391, 392, 394, 395], "excluded_lines": []}, "tests/schedulers/test_scheduler_vq_diffusion.py": {"executed_lines": [], "summary": {"covered_lines": 0, "num_statements": 37, "percent_covered": 0.0, "percent_covered_display": "0", "missing_lines": 37, "excluded_lines": 0}, "missing_lines": [1, 2, 4, 6, 9, 10, 12, 13, 18, 19, 21, 22, 23, 24, 26, 28, 30, 31, 32, 34, 35, 36, 37, 38, 39, 41, 43, 44, 45, 47, 48, 49, 51, 52, 53, 55, 56], "excluded_lines": []}, "tests/schedulers/test_schedulers.py": {"executed_lines": [], "summary": {"covered_lines": 0, "num_statements": 517, "percent_covered": 0.0, "percent_covered_display": "0", "missing_lines": 517, "excluded_lines": 0}, "missing_lines": [15, 16, 17, 18, 19, 20, 21, 23, 24, 25, 27, 28, 41, 42, 43, 44, 46, 49, 52, 55, 56, 58, 59, 67, 70, 71, 73, 74, 82, 85, 86, 88, 89, 98, 101, 102, 103, 106, 107, 109, 110, 111, 112, 113, 116, 117, 118, 120, 121, 123, 124, 125, 127, 128, 129, 131, 132, 133, 135, 136, 142, 144, 145, 146, 148, 151, 152, 153, 155, 156, 159, 160, 161, 162, 164, 165, 167, 168, 169, 171, 173, 180, 181, 182, 183, 185, 188, 189, 190, 191, 192, 194, 195, 197, 198, 199, 201, 202, 203, 205, 206, 207, 209, 210, 211, 213, 214, 215, 217, 218, 221, 224, 227, 228, 231, 232, 235, 236, 239, 240, 242, 243, 246, 248, 249, 252, 253, 256, 257, 258, 260, 261, 262, 264, 265, 266, 267, 269, 270, 271, 273, 274, 275, 276, 280, 282, 286, 287, 288, 289, 291, 292, 293, 295, 296, 297, 299, 304, 305, 306, 310, 312, 314, 315, 316, 317, 318, 319, 321, 323, 325, 326, 327, 328, 329, 330, 332, 333, 334, 335, 336, 338, 340, 341, 342, 343, 344, 345, 347, 348, 349, 350, 351, 353, 355, 356, 358, 359, 361, 362, 364, 366, 368, 370, 371, 373, 374, 376, 378, 379, 381, 382, 384, 386, 387, 389, 390, 392, 393, 394, 395, 396, 398, 399, 401, 402, 403, 405, 406, 407, 408, 409, 412, 414, 415, 416, 417, 418, 421, 422, 423, 425, 426, 427, 429, 431, 432, 433, 435, 436, 438, 439, 440, 442, 443, 445, 446, 447, 448, 449, 451, 452, 454, 455, 456, 458, 459, 460, 461, 462, 464, 465, 466, 468, 469, 470, 472, 474, 475, 477, 479, 480, 481, 482, 484, 485, 487, 489, 491, 492, 493, 494, 495, 497, 498, 500, 501, 502, 504, 505, 506, 507, 508, 510, 511, 512, 514, 515, 516, 518, 520, 521, 522, 524, 526, 528, 529, 530, 532, 534, 535, 538, 541, 542, 544, 545, 546, 548, 550, 551, 552, 555, 556, 558, 560, 561, 563, 565, 566, 568, 569, 570, 571, 573, 574, 576, 577, 578, 579, 580, 582, 583, 585, 586, 587, 588, 590, 591, 593, 594, 596, 597, 598, 599, 601, 602, 603, 604, 605, 606, 607, 608, 609, 611, 623, 624, 626, 627, 628, 630, 631, 632, 634, 635, 637, 639, 641, 642, 643, 644, 645, 647, 648, 650, 651, 652, 653, 656, 657, 658, 660, 661, 662, 663, 666, 667, 668, 670, 672, 673, 674, 675, 677, 678, 682, 689, 694, 695, 696, 698, 699, 700, 701, 703, 704, 706, 707, 708, 709, 710, 711, 712, 714, 715, 717, 718, 719, 720, 722, 723, 725, 726, 727, 728, 730, 731, 732, 733, 735, 736, 743, 744, 751, 752, 753, 754, 756, 757, 759, 760, 761, 763, 765, 766, 767, 768, 771, 772, 774, 776, 777, 778, 779, 780, 783, 785, 787, 788, 789, 790, 791, 793, 795, 798, 799, 801, 802, 804, 805, 807, 810, 811, 812, 813, 814, 816, 817, 824, 825, 827, 830, 833, 834, 836, 838, 841, 843, 844, 851, 852, 854, 857, 860, 861, 863, 865, 868], "excluded_lines": []}}, "totals": {"covered_lines": 10958, "num_statements": 101302, "percent_covered": 10.817160569386587, "percent_covered_display": "11", "missing_lines": 90344, "excluded_lines": 0}}